[INFO    ] 2017-11-16T17:23:48.979816618Z: Running Test linuxkit.build.outputs.iso-efi in /tmp/with_clonebb58b89/test/cases/000_build/000_outputs/002_iso-efi
[INFO    ] 2017-11-16T17:23:48.979951128Z: Running command: [/bin/sh -x /tmp/with_clonebb58b89/test/cases/000_build/000_outputs/002_iso-efi/test.sh]
[STDERR  ] 2017-11-16T17:23:48.980502649Z: + set -e
[STDERR  ] 2017-11-16T17:23:48.980564766Z: + . /tmp/with_clonebb58b89/test/cases/_lib/lib.sh
[STDERR  ] 2017-11-16T17:23:48.980580755Z: + [ -f src/github.com/linuxkit/rtf/lib/lib.sh ]
[STDERR  ] 2017-11-16T17:23:48.980596248Z: + LINUXKIT_TMPDIR=/tmp/with_clonebb58b89/test/cases/_tmp
[STDERR  ] 2017-11-16T17:23:48.980611351Z: + [ -f /tmp/with_clonebb58b89/test/cases/_tmp/env.sh ]
[STDERR  ] 2017-11-16T17:23:48.980626875Z: + . /tmp/with_clonebb58b89/test/cases/_tmp/env.sh
[STDERR  ] 2017-11-16T17:23:48.980641861Z: + export LINUXKIT_EXAMPLES_DIR=/tmp/with_clonebb58b89/test/cases/../../examples
[STDERR  ] 2017-11-16T17:23:48.98065892Z: + export LINUXKIT_BLUEPRINTS_DIR=/tmp/with_clonebb58b89/test/cases/../../blueprints
[STDERR  ] 2017-11-16T17:23:48.980678597Z: + RT_CANCEL=253
[STDERR  ] 2017-11-16T17:23:48.980692149Z: + NAME=check
[STDERR  ] 2017-11-16T17:23:48.980706951Z: + trap clean_up EXIT
[STDERR  ] 2017-11-16T17:23:48.98072113Z: + moby build -format iso-efi -name check ../test.yml
[STDERR  ] 2017-11-16T17:23:48.991042337Z: Extract kernel image: linuxkit/kernel:4.9.61
[STDERR  ] 2017-11-16T17:23:57.369933112Z: Add init containers:
[STDERR  ] 2017-11-16T17:23:57.37000025Z: Process init image: linuxkit/init:42a92119e1ca10380e0d33e26c0cbcf85b9b3558
[STDERR  ] 2017-11-16T17:23:59.75074945Z: Process init image: linuxkit/runc:1b0741d07949c0acc444cd6a04ee7f833443579d
[STDERR  ] 2017-11-16T17:24:02.217145508Z: Add onboot containers:
[STDERR  ] 2017-11-16T17:24:02.21722883Z:   Create OCI config for linuxkit/dhcpcd:48831507404049660b960e4055f544917d90378e
[STDERR  ] 2017-11-16T17:24:04.066604914Z: Create outputs:
[STDERR  ] 2017-11-16T17:24:04.066657511Z:   check-efi.iso
[STDERR  ] 2017-11-16T17:24:19.904616919Z: + [ -f check-efi.iso ]
[STDERR  ] 2017-11-16T17:24:19.904687197Z: + exit 0
[STDERR  ] 2017-11-16T17:24:19.90471209Z: + clean_up
[STDERR  ] 2017-11-16T17:24:19.904723618Z: + rm -f check-efi.iso
[PASS    ] linuxkit.build.outputs.iso-efi 30.96s
