[INFO    ] 2019-05-31T07:15:56.682284653Z: Running Test linuxkit.build.formats.raw_bios in /tmp/build/test/cases/000_build/000_formats/008_raw_bios
[INFO    ] 2019-05-31T07:15:56.682460811Z: Running command: [/bin/sh -x /tmp/build/test/cases/000_build/000_formats/008_raw_bios/test.sh]
[STDERR  ] 2019-05-31T07:15:56.683282176Z: + set -e
[STDERR  ] 2019-05-31T07:15:56.683377016Z: + . /tmp/build/test/cases/_lib/lib.sh
[STDERR  ] 2019-05-31T07:15:56.683392800Z: + [ -f src/github.com/linuxkit/rtf/lib/lib.sh ]
[STDERR  ] 2019-05-31T07:15:56.683406971Z: + LINUXKIT_TMPDIR=/tmp/build/test/cases/_tmp
[STDERR  ] 2019-05-31T07:15:56.683430318Z: + [ -f /tmp/build/test/cases/_tmp/env.sh ]
[STDERR  ] 2019-05-31T07:15:56.683443234Z: + . /tmp/build/test/cases/_tmp/env.sh
[STDERR  ] 2019-05-31T07:15:56.683458175Z: + export LINUXKIT_EXAMPLES_DIR=/tmp/build/test/cases/../../examples
[STDERR  ] 2019-05-31T07:15:56.683479938Z: + RT_CANCEL=253
[STDERR  ] 2019-05-31T07:15:56.683493571Z: + NAME=check
[STDERR  ] 2019-05-31T07:15:56.683508508Z: + trap clean_up EXIT
[STDERR  ] 2019-05-31T07:15:56.683523183Z: + linuxkit build -format raw-bios -name check ../test.yml
[STDERR  ] 2019-05-31T07:15:56.718530854Z: Extract kernel image: linuxkit/kernel:4.19.46
[STDERR  ] 2019-05-31T07:15:58.643121557Z: Add init containers:
[STDERR  ] 2019-05-31T07:15:58.643187090Z: Process init image: linuxkit/init:v0.7
[STDERR  ] 2019-05-31T07:15:59.823059750Z: Process init image: linuxkit/runc:v0.7
[STDERR  ] 2019-05-31T07:16:00.946032507Z: Add onboot containers:
[STDERR  ] 2019-05-31T07:16:00.946105526Z:   Create OCI config for linuxkit/dhcpcd:v0.7
[STDERR  ] 2019-05-31T07:16:02.115991069Z: Create outputs:
[STDERR  ] 2019-05-31T07:16:07.996230440Z:   check-bios.img
[STDERR  ] 2019-05-31T07:16:22.692679998Z: + [ -f check-bios.img ]
[STDERR  ] 2019-05-31T07:16:22.692758055Z: + exit 0
[STDERR  ] 2019-05-31T07:16:22.692813018Z: + clean_up
[STDERR  ] 2019-05-31T07:16:22.692828565Z: + rm -f check-bios.img
[PASS    ] linuxkit.build.formats.raw_bios 26.02s
