[INFO    ] 2018-10-16T09:11:52.722528203Z: Running Test linuxkit.build.examples.minimal in /tmp/build/test/cases/000_build/100_examples/000_minimal
[INFO    ] 2018-10-16T09:11:52.722667210Z: Running command: [/bin/sh -x /tmp/build/test/cases/000_build/100_examples/000_minimal/test.sh]
[STDERR  ] 2018-10-16T09:11:52.723318634Z: + set -e
[STDERR  ] 2018-10-16T09:11:52.723371816Z: + . /tmp/build/test/cases/_lib/lib.sh
[STDERR  ] 2018-10-16T09:11:52.723387431Z: + [ -f src/github.com/linuxkit/rtf/lib/lib.sh ]
[STDERR  ] 2018-10-16T09:11:52.723400238Z: + LINUXKIT_TMPDIR=/tmp/build/test/cases/_tmp
[STDERR  ] 2018-10-16T09:11:52.723416971Z: + [ -f /tmp/build/test/cases/_tmp/env.sh ]
[STDERR  ] 2018-10-16T09:11:52.723430926Z: + . /tmp/build/test/cases/_tmp/env.sh
[STDERR  ] 2018-10-16T09:11:52.723453102Z: + export LINUXKIT_EXAMPLES_DIR=/tmp/build/test/cases/../../examples
[STDERR  ] 2018-10-16T09:11:52.723466301Z: + RT_CANCEL=253
[STDERR  ] 2018-10-16T09:11:52.723480097Z: + NAME=minimal
[STDERR  ] 2018-10-16T09:11:52.723496280Z: + trap clean_up EXIT
[STDERR  ] 2018-10-16T09:11:52.723510948Z: + linuxkit build /tmp/build/test/cases/../../examples/minimal.yml
[STDERR  ] 2018-10-16T09:11:52.770012143Z: Extract kernel image: linuxkit/kernel:4.14.74
[STDERR  ] 2018-10-16T09:11:54.481861880Z: Add init containers:
[STDERR  ] 2018-10-16T09:11:54.481936039Z: Process init image: linuxkit/init:6eb0158059b056a1567236280880cb87f03ff008
[STDERR  ] 2018-10-16T09:11:55.659179909Z: Process init image: linuxkit/runc:6cf26a0403376de3b5396cb676b88eea4f37aff8
[STDERR  ] 2018-10-16T09:11:56.807243374Z: Process init image: linuxkit/containerd:d955db7cd28dbd7be8a17d7063cc6b7f1bf91f0a
[STDERR  ] 2018-10-16T09:11:58.053752841Z: Add onboot containers:
[STDERR  ] 2018-10-16T09:11:58.053815526Z:   Create OCI config for linuxkit/dhcpcd:v0.6
[STDERR  ] 2018-10-16T09:11:59.215322226Z: Add service containers:
[STDERR  ] 2018-10-16T09:11:59.215408865Z:   Create OCI config for linuxkit/getty:v0.6
[STDERR  ] 2018-10-16T09:12:01.690569529Z: Pull image: docker.io/linuxkit/getty:v0.6@sha256:5967ab9eb544886546bc13faf380e0f605d148b0d90a9138921f885e4e5cce95
[STDERR  ] 2018-10-16T09:12:04.903499732Z: Create outputs:
[STDERR  ] 2018-10-16T09:12:13.571640053Z:   minimal-kernel minimal-initrd.img minimal-cmdline
[STDERR  ] 2018-10-16T09:12:13.650955188Z: + exit 0
[STDERR  ] 2018-10-16T09:12:13.651049832Z: + clean_up
[STDERR  ] 2018-10-16T09:12:13.651075025Z: + rm -f minimal-cmdline minimal-initrd.img minimal-kernel
[PASS    ] linuxkit.build.examples.minimal 20.94s
