[INFO    ] 2018-12-22T22:04:35.419358009Z: Running Test linuxkit.build.formats.vmdk in /tmp/build/test/cases/000_build/000_formats/007_vmdk
[INFO    ] 2018-12-22T22:04:35.419516576Z: Running command: [/bin/sh -x /tmp/build/test/cases/000_build/000_formats/007_vmdk/test.sh]
[STDERR  ] 2018-12-22T22:04:35.420329864Z: + set -e
[STDERR  ] 2018-12-22T22:04:35.420401831Z: + . /tmp/build/test/cases/_lib/lib.sh
[STDERR  ] 2018-12-22T22:04:35.420417210Z: + [ -f src/github.com/linuxkit/rtf/lib/lib.sh ]
[STDERR  ] 2018-12-22T22:04:35.420430871Z: + LINUXKIT_TMPDIR=/tmp/build/test/cases/_tmp
[STDERR  ] 2018-12-22T22:04:35.420451114Z: + [ -f /tmp/build/test/cases/_tmp/env.sh ]
[STDERR  ] 2018-12-22T22:04:35.420465639Z: + . /tmp/build/test/cases/_tmp/env.sh
[STDERR  ] 2018-12-22T22:04:35.420481231Z: + export LINUXKIT_EXAMPLES_DIR=/tmp/build/test/cases/../../examples
[STDERR  ] 2018-12-22T22:04:35.420495222Z: + RT_CANCEL=253
[STDERR  ] 2018-12-22T22:04:35.420507826Z: + NAME=check
[STDERR  ] 2018-12-22T22:04:35.420529739Z: + trap clean_up EXIT
[STDERR  ] 2018-12-22T22:04:35.420542417Z: + linuxkit build -format vmdk -name check ../test.yml
[STDERR  ] 2018-12-22T22:04:35.448969268Z: Extract kernel image: linuxkit/kernel:4.14.89
[STDERR  ] 2018-12-22T22:04:37.286091241Z: Add init containers:
[STDERR  ] 2018-12-22T22:04:37.286162308Z: Process init image: linuxkit/init:c563953a2277eb73a89d89f70e4b6dcdcfebc2d1
[STDERR  ] 2018-12-22T22:04:38.442786583Z: Process init image: linuxkit/runc:83d0edb4552b1a5df1f0976f05f442829eac38fe
[STDERR  ] 2018-12-22T22:04:39.551885502Z: Add onboot containers:
[STDERR  ] 2018-12-22T22:04:39.551969712Z:   Create OCI config for linuxkit/dhcpcd:v0.6
[STDERR  ] 2018-12-22T22:04:40.660037470Z: Create outputs:
[STDERR  ] 2018-12-22T22:04:45.744107316Z:   check.vmdk
[STDERR  ] 2018-12-22T22:05:27.112957567Z: + [ -f check.vmdk ]
[STDERR  ] 2018-12-22T22:05:27.113028190Z: + exit 0
[STDERR  ] 2018-12-22T22:05:27.113051868Z: + clean_up
[STDERR  ] 2018-12-22T22:05:27.113064413Z: + rm -f check.vmdk
[PASS    ] linuxkit.build.formats.vmdk 51.70s
