[INFO    ] 2017-11-03T15:24:27.326545608Z: Running Test linuxkit.platforms.qemu.run_aws in /tmp/build/test/cases/010_platforms/000_qemu/050_run_aws
[INFO    ] 2017-11-03T15:24:27.326630652Z: Running command: [/bin/sh -x /tmp/build/test/cases/010_platforms/000_qemu/050_run_aws/test.sh]
[STDERR  ] 2017-11-03T15:24:27.356352773Z: + set -e
[STDERR  ] 2017-11-03T15:24:27.356431349Z: + . /tmp/build/test/cases/_lib/lib.sh
[STDERR  ] 2017-11-03T15:24:27.356442951Z: + [ -f src/github.com/linuxkit/rtf/lib/lib.sh ]
[STDERR  ] 2017-11-03T15:24:27.356456354Z: + LINUXKIT_TMPDIR=/tmp/build/test/cases/_tmp
[STDERR  ] 2017-11-03T15:24:27.356466596Z: + [ -f /tmp/build/test/cases/_tmp/env.sh ]
[STDERR  ] 2017-11-03T15:24:27.356476317Z: + . /tmp/build/test/cases/_tmp/env.sh
[STDERR  ] 2017-11-03T15:24:27.356487015Z: + export LINUXKIT_EXAMPLES_DIR=/tmp/build/test/cases/../../examples
[STDERR  ] 2017-11-03T15:24:27.356498176Z: + export LINUXKIT_BLUEPRINTS_DIR=/tmp/build/test/cases/../../blueprints
[STDERR  ] 2017-11-03T15:24:27.35650872Z: + RT_CANCEL=253
[STDERR  ] 2017-11-03T15:24:27.35651863Z: + NAME=qemu-raw
[STDERR  ] 2017-11-03T15:24:27.356528627Z: + trap clean_up EXIT
[STDERR  ] 2017-11-03T15:24:27.356538823Z: + moby build -format aws -name qemu-raw test.yml
[STDERR  ] 2017-11-03T15:24:27.370063473Z: Extract kernel image: linuxkit/kernel:4.9.59
[STDERR  ] 2017-11-03T15:24:29.462503549Z: Add init containers:
[STDERR  ] 2017-11-03T15:24:29.462597396Z: Process init image: linuxkit/init:42a92119e1ca10380e0d33e26c0cbcf85b9b3558
[STDERR  ] 2017-11-03T15:24:30.833188007Z: Process init image: linuxkit/runc:817fdc592eac6cb7804fa1721a43a7f6e23fb50f
[STDERR  ] 2017-11-03T15:24:32.121811393Z: Add onboot containers:
[STDERR  ] 2017-11-03T15:24:32.121876159Z:   Create OCI config for linuxkit/poweroff:280bd01daa8776fbe1f4d912977f1886b8374834
[STDERR  ] 2017-11-03T15:24:33.258622897Z: time="2017-11-03T15:24:33Z" level=warning msg="certificate with CN Rolf Neugebauer is near expiry" 
[STDERR  ] 2017-11-03T15:24:33.260138717Z: time="2017-11-03T15:24:33Z" level=warning msg="certificate with CN Rolf Neugebauer is near expiry" 
[STDERR  ] 2017-11-03T15:24:33.411806698Z: Create outputs:
[STDERR  ] 2017-11-03T15:24:33.411880797Z:   qemu-raw.raw
[STDERR  ] 2017-11-03T15:25:55.640585387Z: + [ -f qemu-raw.raw ]
[STDERR  ] 2017-11-03T15:25:55.640818087Z: + + linuxkitgrep run -q Welcome to LinuxKit
[STDERR  ] 2017-11-03T15:25:55.640845837Z:  qemu qemu-raw.raw
[STDERR  ] 2017-11-03T15:25:55.65903426Z: Unable to find qemu-system-x86_64 within the $PATH. Using a container
[STDERR  ] 2017-11-03T15:25:55.659195111Z: Using existing disk [qemu-raw.raw] format 
[STDERR  ] 2017-11-03T15:25:56.110929948Z: WARNING: Image format was not specified for 'qemu-raw.raw' and probing guessed raw.
[STDERR  ] 2017-11-03T15:25:56.111022873Z:          Automatically detecting the format is dangerous for raw images, write operations on block 0 will be restricted.
[STDERR  ] 2017-11-03T15:25:56.111035915Z:          Specify the 'raw' format explicitly to remove the restrictions.
[STDERR  ] 2017-11-03T15:26:16.730092037Z: write /dev/stdout: broken pipe
[STDERR  ] 2017-11-03T15:26:16.731380641Z: time="2017-11-03T15:26:16Z" level=fatal msg="exit status 1" 
[STDERR  ] 2017-11-03T15:26:16.734105454Z: + exit 0
[STDERR  ] 2017-11-03T15:26:16.734134578Z: + clean_up
[STDERR  ] 2017-11-03T15:26:16.734145412Z: + rm -rf qemu-raw.raw qemu-raw.raw-state
[PASS    ] linuxkit.platforms.qemu.run_aws 109.41s
