[INFO    ] 2017-12-13T14:43:25.435354263Z: Running Test linuxkit.build.examples.sshd in /tmp/build/test/cases/000_build/100_examples/020_sshd
[INFO    ] 2017-12-13T14:43:25.435490073Z: Running command: [/bin/sh -x /tmp/build/test/cases/000_build/100_examples/020_sshd/test.sh]
[STDERR  ] 2017-12-13T14:43:25.436231958Z: + set -e
[STDERR  ] 2017-12-13T14:43:25.436288473Z: + . /tmp/build/test/cases/_lib/lib.sh
[STDERR  ] 2017-12-13T14:43:25.436300033Z: + [ -f src/github.com/linuxkit/rtf/lib/lib.sh ]
[STDERR  ] 2017-12-13T14:43:25.43630973Z: + LINUXKIT_TMPDIR=/tmp/build/test/cases/_tmp
[STDERR  ] 2017-12-13T14:43:25.436319207Z: + [ -f /tmp/build/test/cases/_tmp/env.sh ]
[STDERR  ] 2017-12-13T14:43:25.436329659Z: + . /tmp/build/test/cases/_tmp/env.sh
[STDERR  ] 2017-12-13T14:43:25.436338946Z: + export LINUXKIT_EXAMPLES_DIR=/tmp/build/test/cases/../../examples
[STDERR  ] 2017-12-13T14:43:25.436348608Z: + export LINUXKIT_BLUEPRINTS_DIR=/tmp/build/test/cases/../../blueprints
[STDERR  ] 2017-12-13T14:43:25.436357829Z: + RT_CANCEL=253
[STDERR  ] 2017-12-13T14:43:25.43636685Z: + NAME=sshd
[STDERR  ] 2017-12-13T14:43:25.436379194Z: + trap clean_up EXIT
[STDERR  ] 2017-12-13T14:43:25.436387975Z: + linuxkit build /tmp/build/test/cases/../../examples/sshd.yml
[STDERR  ] 2017-12-13T14:43:25.484659076Z: Extract kernel image: linuxkit/kernel:4.9.68
[STDERR  ] 2017-12-13T14:43:26.639380188Z: time="2017-12-13T14:43:26Z" level=warning msg="certificate with CN Justin Cormack is near expiry" 
[STDERR  ] 2017-12-13T14:43:26.639441585Z: time="2017-12-13T14:43:26Z" level=warning msg="certificate with CN  is near expiry" 
[STDERR  ] 2017-12-13T14:43:26.639474556Z: time="2017-12-13T14:43:26Z" level=warning msg="certificate with CN  is near expiry" 
[STDERR  ] 2017-12-13T14:43:26.677015631Z: time="2017-12-13T14:43:26Z" level=warning msg="certificate with CN Justin Cormack is near expiry" 
[STDERR  ] 2017-12-13T14:43:27.016317571Z: Add init containers:
[STDERR  ] 2017-12-13T14:43:27.016374447Z: Process init image: linuxkit/init:9250948d0de494df8a811edb3242b4584057cfe4
[STDERR  ] 2017-12-13T14:43:28.083527357Z: time="2017-12-13T14:43:28Z" level=warning msg="certificate with CN Justin Cormack is near expiry" 
[STDERR  ] 2017-12-13T14:43:28.083658795Z: time="2017-12-13T14:43:28Z" level=warning msg="certificate with CN  is near expiry" 
[STDERR  ] 2017-12-13T14:43:28.083763525Z: time="2017-12-13T14:43:28Z" level=warning msg="certificate with CN  is near expiry" 
[STDERR  ] 2017-12-13T14:43:28.087433049Z: time="2017-12-13T14:43:28Z" level=warning msg="certificate with CN Justin Cormack is near expiry" 
[STDERR  ] 2017-12-13T14:43:28.088868334Z: time="2017-12-13T14:43:28Z" level=warning msg="certificate with CN  is near expiry" 
[STDERR  ] 2017-12-13T14:43:28.252197508Z: Process init image: linuxkit/runc:abc3f292653e64a2fd488e9675ace19a55ec7023
[STDERR  ] 2017-12-13T14:43:29.290676325Z: time="2017-12-13T14:43:29Z" level=warning msg="certificate with CN Justin Cormack is near expiry" 
[STDERR  ] 2017-12-13T14:43:29.29080298Z: time="2017-12-13T14:43:29Z" level=warning msg="certificate with CN  is near expiry" 
[STDERR  ] 2017-12-13T14:43:29.290892752Z: time="2017-12-13T14:43:29Z" level=warning msg="certificate with CN  is near expiry" 
[STDERR  ] 2017-12-13T14:43:29.292965072Z: time="2017-12-13T14:43:29Z" level=warning msg="certificate with CN Justin Cormack is near expiry" 
[STDERR  ] 2017-12-13T14:43:29.294353514Z: time="2017-12-13T14:43:29Z" level=warning msg="certificate with CN  is near expiry" 
[STDERR  ] 2017-12-13T14:43:29.428377398Z: Process init image: linuxkit/containerd:e58a382c33bb509ba3e0e8170dfaa5a100504c5b
[STDERR  ] 2017-12-13T14:43:30.466111309Z: time="2017-12-13T14:43:30Z" level=warning msg="certificate with CN  is near expiry" 
[STDERR  ] 2017-12-13T14:43:30.466171126Z: time="2017-12-13T14:43:30Z" level=warning msg="certificate with CN  is near expiry" 
[STDERR  ] 2017-12-13T14:43:30.46642282Z: time="2017-12-13T14:43:30Z" level=warning msg="certificate with CN Justin Cormack is near expiry" 
[STDERR  ] 2017-12-13T14:43:30.466574043Z: time="2017-12-13T14:43:30Z" level=warning msg="certificate with CN  is near expiry" 
[STDERR  ] 2017-12-13T14:43:30.469542309Z: time="2017-12-13T14:43:30Z" level=warning msg="certificate with CN Justin Cormack is near expiry" 
[STDERR  ] 2017-12-13T14:43:30.471213468Z: time="2017-12-13T14:43:30Z" level=warning msg="certificate with CN  is near expiry" 
[STDERR  ] 2017-12-13T14:43:30.636474881Z: Process init image: linuxkit/ca-certificates:de21b84d9b055ad9dcecc57965b654a7a24ef8e0
[STDERR  ] 2017-12-13T14:43:31.667117255Z: time="2017-12-13T14:43:31Z" level=warning msg="certificate with CN Justin Cormack is near expiry" 
[STDERR  ] 2017-12-13T14:43:31.667232918Z: time="2017-12-13T14:43:31Z" level=warning msg="certificate with CN  is near expiry" 
[STDERR  ] 2017-12-13T14:43:31.668366198Z: time="2017-12-13T14:43:31Z" level=warning msg="certificate with CN Justin Cormack is near expiry" 
[STDERR  ] 2017-12-13T14:43:31.669438147Z: time="2017-12-13T14:43:31Z" level=warning msg="certificate with CN  is near expiry" 
[STDERR  ] 2017-12-13T14:43:31.792803213Z: Add onboot containers:
[STDERR  ] 2017-12-13T14:43:31.792860786Z:   Create OCI config for linuxkit/sysctl:ce3bde5118a41092f1b7048c85d14fb35237ed45
[STDERR  ] 2017-12-13T14:43:32.829989614Z: time="2017-12-13T14:43:32Z" level=warning msg="certificate with CN Justin Cormack is near expiry" 
[STDERR  ] 2017-12-13T14:43:32.830091776Z: time="2017-12-13T14:43:32Z" level=warning msg="certificate with CN  is near expiry" 
[STDERR  ] 2017-12-13T14:43:32.830165316Z: time="2017-12-13T14:43:32Z" level=warning msg="certificate with CN  is near expiry" 
[STDERR  ] 2017-12-13T14:43:32.831603307Z: time="2017-12-13T14:43:32Z" level=warning msg="certificate with CN Justin Cormack is near expiry" 
[STDERR  ] 2017-12-13T14:43:32.832318687Z: time="2017-12-13T14:43:32Z" level=warning msg="certificate with CN  is near expiry" 
[STDERR  ] 2017-12-13T14:43:32.98099602Z:   Create OCI config for linuxkit/rngd:94e01a4b16fadb053455cdc2269c4eb0b39199cd
[STDERR  ] 2017-12-13T14:43:34.015280554Z: time="2017-12-13T14:43:34Z" level=warning msg="certificate with CN Justin Cormack is near expiry" 
[STDERR  ] 2017-12-13T14:43:34.015341017Z: time="2017-12-13T14:43:34Z" level=warning msg="certificate with CN  is near expiry" 
[STDERR  ] 2017-12-13T14:43:34.015444162Z: time="2017-12-13T14:43:34Z" level=warning msg="certificate with CN  is near expiry" 
[STDERR  ] 2017-12-13T14:43:34.01898607Z: time="2017-12-13T14:43:34Z" level=warning msg="certificate with CN Justin Cormack is near expiry" 
[STDERR  ] 2017-12-13T14:43:34.020480463Z: time="2017-12-13T14:43:34Z" level=warning msg="certificate with CN  is near expiry" 
[STDERR  ] 2017-12-13T14:43:34.149210322Z: Add service containers:
[STDERR  ] 2017-12-13T14:43:34.149256795Z:   Create OCI config for linuxkit/getty:22e27189b6b354e1d5d38fc0536a5af3f2adb79f
[STDERR  ] 2017-12-13T14:43:35.18680273Z: time="2017-12-13T14:43:35Z" level=warning msg="certificate with CN  is near expiry" 
[STDERR  ] 2017-12-13T14:43:35.186859118Z: time="2017-12-13T14:43:35Z" level=warning msg="certificate with CN Justin Cormack is near expiry" 
[STDERR  ] 2017-12-13T14:43:35.187018598Z: time="2017-12-13T14:43:35Z" level=warning msg="certificate with CN  is near expiry" 
[STDERR  ] 2017-12-13T14:43:35.191622065Z: time="2017-12-13T14:43:35Z" level=warning msg="certificate with CN  is near expiry" 
[STDERR  ] 2017-12-13T14:43:35.193774612Z: time="2017-12-13T14:43:35Z" level=warning msg="certificate with CN Justin Cormack is near expiry" 
[STDERR  ] 2017-12-13T14:43:35.195253957Z: time="2017-12-13T14:43:35Z" level=warning msg="certificate with CN  is near expiry" 
[STDERR  ] 2017-12-13T14:43:35.590410774Z:   Create OCI config for linuxkit/rngd:94e01a4b16fadb053455cdc2269c4eb0b39199cd
[STDERR  ] 2017-12-13T14:43:36.633805311Z: time="2017-12-13T14:43:36Z" level=warning msg="certificate with CN Justin Cormack is near expiry" 
[STDERR  ] 2017-12-13T14:43:36.633879472Z: time="2017-12-13T14:43:36Z" level=warning msg="certificate with CN  is near expiry" 
[STDERR  ] 2017-12-13T14:43:36.633999852Z: time="2017-12-13T14:43:36Z" level=warning msg="certificate with CN  is near expiry" 
[STDERR  ] 2017-12-13T14:43:36.637692554Z: time="2017-12-13T14:43:36Z" level=warning msg="certificate with CN Justin Cormack is near expiry" 
[STDERR  ] 2017-12-13T14:43:36.638648282Z: time="2017-12-13T14:43:36Z" level=warning msg="certificate with CN  is near expiry" 
[STDERR  ] 2017-12-13T14:43:36.766802676Z:   Create OCI config for linuxkit/dhcpcd:0d59a6cc03412289ef4313f2491ec666c1715cc9
[STDERR  ] 2017-12-13T14:43:37.792095776Z: time="2017-12-13T14:43:37Z" level=warning msg="certificate with CN  is near expiry" 
[STDERR  ] 2017-12-13T14:43:37.792283894Z: time="2017-12-13T14:43:37Z" level=warning msg="certificate with CN  is near expiry" 
[STDERR  ] 2017-12-13T14:43:37.792628505Z: time="2017-12-13T14:43:37Z" level=warning msg="certificate with CN Justin Cormack is near expiry" 
[STDERR  ] 2017-12-13T14:43:37.794222986Z: time="2017-12-13T14:43:37Z" level=warning msg="certificate with CN Justin Cormack is near expiry" 
[STDERR  ] 2017-12-13T14:43:37.794749268Z: time="2017-12-13T14:43:37Z" level=warning msg="certificate with CN  is near expiry" 
[STDERR  ] 2017-12-13T14:43:37.9405027Z:   Create OCI config for linuxkit/sshd:ac5e8364e2e9aa8717a3295c51eb60b8c57373d5
[STDERR  ] 2017-12-13T14:43:39.711534307Z: time="2017-12-13T14:43:39Z" level=warning msg="certificate with CN Rolf Neugebauer is near expiry" 
[STDERR  ] 2017-12-13T14:43:39.711603277Z: time="2017-12-13T14:43:39Z" level=warning msg="certificate with CN  is near expiry" 
[STDERR  ] 2017-12-13T14:43:39.711775604Z: time="2017-12-13T14:43:39Z" level=warning msg="certificate with CN  is near expiry" 
[STDERR  ] 2017-12-13T14:43:39.71218881Z: time="2017-12-13T14:43:39Z" level=warning msg="certificate with CN Justin Cormack is near expiry" 
[STDERR  ] 2017-12-13T14:43:39.804013188Z: time="2017-12-13T14:43:39Z" level=warning msg="certificate with CN Justin Cormack is near expiry" 
[STDERR  ] 2017-12-13T14:43:39.979238464Z: time="2017-12-13T14:43:39Z" level=warning msg="certificate with CN Rolf Neugebauer is near expiry" 
[STDERR  ] 2017-12-13T14:43:40.067600941Z: time="2017-12-13T14:43:40Z" level=warning msg="certificate with CN  is near expiry" 
[STDERR  ] 2017-12-13T14:43:40.15578796Z: time="2017-12-13T14:43:40Z" level=warning msg="certificate with CN  is near expiry" 
[STDERR  ] 2017-12-13T14:43:40.16629284Z: Pull image: docker.io/linuxkit/sshd:ac5e8364e2e9aa8717a3295c51eb60b8c57373d5@sha256:cb105e4347885c73c693fdb039f0a369d1bd7d8d700da3e731ec0cfeab048ae5
[STDERR  ] 2017-12-13T14:43:43.838662645Z: Add files:
[STDERR  ] 2017-12-13T14:43:43.838737008Z:   root/.ssh/authorized_keys
[STDERR  ] 2017-12-13T14:43:43.838807762Z: Create outputs:
[STDERR  ] 2017-12-13T14:43:51.75887952Z:   sshd-kernel sshd-initrd.img sshd-cmdline
[STDERR  ] 2017-12-13T14:43:51.836659767Z: + exit 0
[STDERR  ] 2017-12-13T14:43:51.836724283Z: + clean_up
[STDERR  ] 2017-12-13T14:43:51.836736995Z: + rm -f sshd-cmdline sshd-initrd.img sshd-kernel
[PASS    ] linuxkit.build.examples.sshd 26.41s
