[INFO    ] 2017-05-26T22:57:56.867618551Z: Running Test linuxkit.platforms.qemu.run_efi in /tmp/build/test/cases/010_platforms/000_qemu/020_run_efi
[INFO    ] 2017-05-26T22:57:56.867688074Z: Running command: [/bin/sh -x /tmp/build/test/cases/010_platforms/000_qemu/020_run_efi/test.sh]
[STDERR  ] 2017-05-26T22:57:56.868443378Z: + set -e
[STDERR  ] 2017-05-26T22:57:56.868483155Z: + . /tmp/build/test/cases/_lib/lib.sh
[STDERR  ] 2017-05-26T22:57:56.868529396Z: + [ -f src/github.com/linuxkit/rtf/lib/lib.sh ]
[STDERR  ] 2017-05-26T22:57:56.868570115Z: + LINUXKIT_TMPDIR=/tmp/build/test/cases/_tmp
[STDERR  ] 2017-05-26T22:57:56.868607205Z: + [ -f /tmp/build/test/cases/_tmp/env.sh ]
[STDERR  ] 2017-05-26T22:57:56.868626074Z: + . /tmp/build/test/cases/_tmp/env.sh
[STDERR  ] 2017-05-26T22:57:56.868679403Z: + export LINUXKIT_EXAMPLES_DIR=/tmp/build/test/cases/../../examples
[STDERR  ] 2017-05-26T22:57:56.868697854Z: + RT_CANCEL=253
[STDERR  ] 2017-05-26T22:57:56.868716543Z: + NAME=qemu-efi
[STDERR  ] 2017-05-26T22:57:56.86876467Z: + trap clean_up EXIT
[STDERR  ] 2017-05-26T22:57:56.868792742Z: + command -v qemu-system-x86_64
[STDERR  ] 2017-05-26T22:57:56.868866617Z: + moby build -output iso-efi -name qemu-efi test.yml
[STDERR  ] 2017-05-26T22:57:56.917549215Z: Pull kernel image: linuxkit/kernel:4.9.x
[STDERR  ] 2017-05-26T22:57:59.652190253Z: Extract kernel image: linuxkit/kernel:4.9.x
[STDERR  ] 2017-05-26T22:57:59.652212623Z: Pull image: linuxkit/kernel:4.9.x
[STDERR  ] 2017-05-26T22:58:02.425998308Z: Add init containers:
[STDERR  ] 2017-05-26T22:58:02.426071816Z: Process init image: linuxkit/init:4fc8aa82ab34d62d510575c8fbe0c58b7ba9c480
[STDERR  ] 2017-05-26T22:58:02.42611375Z: Pull image: linuxkit/init:4fc8aa82ab34d62d510575c8fbe0c58b7ba9c480
[STDERR  ] 2017-05-26T22:58:05.294538476Z: Process init image: linuxkit/runc:3a4e6cbf15470f62501b019b55e1caac5ee7689f
[STDERR  ] 2017-05-26T22:58:05.294576907Z: Pull image: linuxkit/runc:3a4e6cbf15470f62501b019b55e1caac5ee7689f
[STDERR  ] 2017-05-26T22:58:08.064195522Z: Pull image: linuxkit/runc:3a4e6cbf15470f62501b019b55e1caac5ee7689f
[STDERR  ] 2017-05-26T22:58:10.223671946Z: time="2017-05-26T22:58:10Z" level=fatal msg="Failed to build init tarball from linuxkit/runc:3a4e6cbf15470f62501b019b55e1caac5ee7689f: Failed to docker create image linuxkit/runc:3a4e6cbf15470f62501b019b55e1caac5ee7689f: Error: No such image: linuxkit/runc:3a4e6cbf15470f62501b019b55e1caac5ee7689f" 
[STDERR  ] 2017-05-26T22:58:10.241745683Z: + clean_up
[STDERR  ] 2017-05-26T22:58:10.241755967Z: + rm -rf qemu-efi*
[FAIL    ] linuxkit.platforms.qemu.run_efi 13.37s
