[INFO    ] 2017-10-30T11:06:50.583210645Z: Running Test linuxkit.build.examples.tpm in /tmp/build/test/cases/000_build/100_examples/060_tpm
[INFO    ] 2017-10-30T11:06:50.583321958Z: Running command: [/bin/sh -x /tmp/build/test/cases/000_build/100_examples/060_tpm/test.sh]
[STDERR  ] 2017-10-30T11:06:50.583986241Z: + set -e
[STDERR  ] 2017-10-30T11:06:50.584130574Z: + . /tmp/build/test/cases/_lib/lib.sh
[STDERR  ] 2017-10-30T11:06:50.584151916Z: + [ -f src/github.com/linuxkit/rtf/lib/lib.sh ]
[STDERR  ] 2017-10-30T11:06:50.58416286Z: + LINUXKIT_TMPDIR=/tmp/build/test/cases/_tmp
[STDERR  ] 2017-10-30T11:06:50.584174066Z: + [ -f /tmp/build/test/cases/_tmp/env.sh ]
[STDERR  ] 2017-10-30T11:06:50.584184762Z: + . /tmp/build/test/cases/_tmp/env.sh
[STDERR  ] 2017-10-30T11:06:50.584197135Z: + export LINUXKIT_EXAMPLES_DIR=/tmp/build/test/cases/../../examples
[STDERR  ] 2017-10-30T11:06:50.584207973Z: + export LINUXKIT_BLUEPRINTS_DIR=/tmp/build/test/cases/../../blueprints
[STDERR  ] 2017-10-30T11:06:50.584217662Z: + RT_CANCEL=253
[STDERR  ] 2017-10-30T11:06:50.584226181Z: + NAME=tpm
[STDERR  ] 2017-10-30T11:06:50.584234694Z: + trap clean_up EXIT
[STDERR  ] 2017-10-30T11:06:50.584243301Z: + moby build /tmp/build/test/cases/../../examples/tpm.yml
[STDERR  ] 2017-10-30T11:06:50.611496473Z: Extract kernel image: linuxkit/kernel:4.9.38
[STDERR  ] 2017-10-30T11:06:51.858681969Z: Pull image: docker.io/linuxkit/kernel:4.9.38@sha256:bac72b069e1e48061fc1342dfc0f8342a63403a7e5adddd84ae50279fdd98057
[STDERR  ] 2017-10-30T11:07:07.529056594Z: Add init containers:
[STDERR  ] 2017-10-30T11:07:12.86868879Z: Add onboot containers:
[STDERR  ] 2017-10-30T11:07:12.868750605Z:   Create OCI config for linuxkit/sysctl:1644bf07edbcaf5ce0bb764fa925b544183547f9
[STDERR  ] 2017-10-30T11:07:14.094843626Z:   Create OCI config for linuxkit/dhcpcd:aa685261ceb2557990dcfe9dd8824c6b9ec416e2
[STDERR  ] 2017-10-30T11:07:15.37748267Z: Add service containers:
[STDERR  ] 2017-10-30T11:07:15.377537545Z:   Create OCI config for linuxkit/getty:7abaf7b276c59f80891d92e9279e3e3ee8e2f512
[STDERR  ] 2017-10-30T11:07:16.841772889Z:   Create OCI config for linuxkit/tss:2c29b212733e90fbbd7aeaf032cadc044dbc7fe4
[STDERR  ] 2017-10-30T11:07:18.246750181Z: time="2017-10-30T11:07:18Z" level=warning msg="certificate with CN Rolf Neugebauer is near expiry" 
[STDERR  ] 2017-10-30T11:07:18.505492247Z: time="2017-10-30T11:07:18Z" level=warning msg="certificate with CN Rolf Neugebauer is near expiry" 
[STDERR  ] 2017-10-30T11:07:18.529239782Z: Pull image: docker.io/linuxkit/tss:2c29b212733e90fbbd7aeaf032cadc044dbc7fe4@sha256:e54f4eb59c60b617865569bafd797433516fcb4cba5c5662d7d905af9cd99ce3
[STDERR  ] 2017-10-30T11:07:24.556260038Z:   Create OCI config for linuxkit/rngd:45ed7759dd927f4cce3863073ea2e0da1d52a427
[STDERR  ] 2017-10-30T11:07:25.725282224Z: Add files:
[STDERR  ] 2017-10-30T11:07:25.725328996Z:   etc/getty.shadow
[STDERR  ] 2017-10-30T11:07:25.725336696Z: Create outputs:
[STDERR  ] 2017-10-30T11:07:35.209079983Z:   tpm-kernel tpm-initrd.img tpm-cmdline
[STDERR  ] 2017-10-30T11:07:35.305126027Z: + exit 0
[STDERR  ] 2017-10-30T11:07:35.30517897Z: + clean_up
[STDERR  ] 2017-10-30T11:07:35.305192293Z: + rm -f tpm-cmdline tpm-initrd.img tpm-kernel
[PASS    ] linuxkit.build.examples.tpm 44.73s
