[INFO    ] 2017-06-01T11:30:00.031155442Z: Running Test linuxkit.build.examples.swap in /tmp/build/test/cases/000_build/100_examples/040_swap
[INFO    ] 2017-06-01T11:30:00.031245181Z: Running command: [/bin/sh -x /tmp/build/test/cases/000_build/100_examples/040_swap/test.sh]
[STDERR  ] 2017-06-01T11:30:00.032083138Z: + set -e
[STDERR  ] 2017-06-01T11:30:00.03211993Z: + . /tmp/build/test/cases/_lib/lib.sh
[STDERR  ] 2017-06-01T11:30:00.032159729Z: + [ -f src/github.com/linuxkit/rtf/lib/lib.sh ]
[STDERR  ] 2017-06-01T11:30:00.032198606Z: + LINUXKIT_TMPDIR=/tmp/build/test/cases/_tmp
[STDERR  ] 2017-06-01T11:30:00.032222558Z: + [ -f /tmp/build/test/cases/_tmp/env.sh ]
[STDERR  ] 2017-06-01T11:30:00.032259317Z: + . /tmp/build/test/cases/_tmp/env.sh
[STDERR  ] 2017-06-01T11:30:00.032294716Z: + export LINUXKIT_EXAMPLES_DIR=/tmp/build/test/cases/../../examples
[STDERR  ] 2017-06-01T11:30:00.03231493Z: + RT_CANCEL=253
[STDERR  ] 2017-06-01T11:30:00.032332852Z: + IMAGE_NAME=swap
[STDERR  ] 2017-06-01T11:30:00.032366826Z: + trap clean_up EXIT
[STDERR  ] 2017-06-01T11:30:00.032387737Z: + moby build /tmp/build/test/cases/../../examples/swap.yml
[STDERR  ] 2017-06-01T11:30:00.068517514Z: Pull kernel image: linuxkit/kernel:4.9.x
[STDERR  ] 2017-06-01T11:30:03.255543696Z: Extract kernel image: linuxkit/kernel:4.9.x
[STDERR  ] 2017-06-01T11:30:03.255596799Z: Pull image: linuxkit/kernel:4.9.x
[STDERR  ] 2017-06-01T11:30:07.401816501Z: Add init containers:
[STDERR  ] 2017-06-01T11:30:07.401855235Z: Process init image: linuxkit/init:1b8a7e394d2ec2f1fdb4d67645829d1b5bdca037
[STDERR  ] 2017-06-01T11:30:07.401872984Z: Pull image: linuxkit/init:1b8a7e394d2ec2f1fdb4d67645829d1b5bdca037
[STDERR  ] 2017-06-01T11:30:10.280084911Z: Process init image: linuxkit/runc:3a4e6cbf15470f62501b019b55e1caac5ee7689f
[STDERR  ] 2017-06-01T11:30:10.280112657Z: Pull image: linuxkit/runc:3a4e6cbf15470f62501b019b55e1caac5ee7689f
[STDERR  ] 2017-06-01T11:30:13.269400753Z: Process init image: linuxkit/containerd:b1766e4c4c09f63ac4925a6e4612852a93f7e73b
[STDERR  ] 2017-06-01T11:30:13.26948115Z: Pull image: linuxkit/containerd:b1766e4c4c09f63ac4925a6e4612852a93f7e73b
[STDERR  ] 2017-06-01T11:30:16.809424553Z: Process init image: linuxkit/ca-certificates:eabc5a6e59f05aa91529d80e9a595b85b046f935
[STDERR  ] 2017-06-01T11:30:16.809462127Z: Pull image: linuxkit/ca-certificates:eabc5a6e59f05aa91529d80e9a595b85b046f935
[STDERR  ] 2017-06-01T11:30:20.803935224Z: Add onboot containers:
[STDERR  ] 2017-06-01T11:30:20.803946979Z:   Create OCI config for linuxkit/sysctl:3aa6bc663c2849ef239be7d941d3eaf3e6fcc018
[STDERR  ] 2017-06-01T11:30:20.806834374Z: Pull image: linuxkit/sysctl:3aa6bc663c2849ef239be7d941d3eaf3e6fcc018
[STDERR  ] 2017-06-01T11:30:24.163116052Z:   Create OCI config for linuxkit/dhcpcd:7d2b8aaaf20c24ad7d11a5ea2ea5b4a80dc966f1
[STDERR  ] 2017-06-01T11:30:24.165119408Z: Pull image: linuxkit/dhcpcd:7d2b8aaaf20c24ad7d11a5ea2ea5b4a80dc966f1
[STDERR  ] 2017-06-01T11:30:27.029152244Z:   Create OCI config for linuxkit/format:180cb2dc1de5e60373385080f8148abf10a3afac
[STDERR  ] 2017-06-01T11:30:27.031068596Z: Pull image: linuxkit/format:180cb2dc1de5e60373385080f8148abf10a3afac
[STDERR  ] 2017-06-01T11:30:29.975093368Z:   Create OCI config for linuxkit/mount:ff5338822f20375b8913f5a80f9ed4f6ea9a592b
[STDERR  ] 2017-06-01T11:30:29.977348611Z: Pull image: linuxkit/mount:ff5338822f20375b8913f5a80f9ed4f6ea9a592b
[STDERR  ] 2017-06-01T11:30:32.93595305Z:   Create OCI config for linuxkit/swap:e36b5e794256c2a56c000035f73a4d46f7ffb3e6
[STDERR  ] 2017-06-01T11:30:35.391586133Z: Pull image: linuxkit/swap:e36b5e794256c2a56c000035f73a4d46f7ffb3e6
[STDERR  ] 2017-06-01T11:30:38.593871963Z: Add service containers:
[STDERR  ] 2017-06-01T11:30:38.593903244Z:   Create OCI config for linuxkit/rngd:1fa4de44c961bb5075647181891a3e7e7ba51c31
[STDERR  ] 2017-06-01T11:30:38.597609738Z: Pull image: linuxkit/rngd:1fa4de44c961bb5075647181891a3e7e7ba51c31
[STDERR  ] 2017-06-01T11:30:41.395654618Z:   Create OCI config for nginx:alpine
[STDERR  ] 2017-06-01T11:30:44.248543501Z: Create outputs:
[STDERR  ] 2017-06-01T11:30:53.401627766Z:   swap-kernel swap-initrd.img swap-cmdline
[STDERR  ] 2017-06-01T11:30:53.488009033Z: + exit 0
[STDERR  ] 2017-06-01T11:30:53.488020412Z: + clean_up
[STDERR  ] 2017-06-01T11:30:53.488027182Z: + rm -rf swap-cmdline swap-initrd.img swap-kernel
[PASS    ] linuxkit.build.examples.swap 53.46s
