[INFO    ] 2017-07-31T15:41:54.302442222Z: Running Test linuxkit.platforms.qemu.run_raw in /tmp/build/test/cases/010_platforms/000_qemu/040_run_raw
[INFO    ] 2017-07-31T15:41:54.302566574Z: Running command: [/bin/sh -x /tmp/build/test/cases/010_platforms/000_qemu/040_run_raw/test.sh]
[STDERR  ] 2017-07-31T15:41:54.303634545Z: + set -e
[STDERR  ] 2017-07-31T15:41:54.303707426Z: + . /tmp/build/test/cases/_lib/lib.sh
[STDERR  ] 2017-07-31T15:41:54.303723279Z: + [ -f src/github.com/linuxkit/rtf/lib/lib.sh ]
[STDERR  ] 2017-07-31T15:41:54.303733296Z: + LINUXKIT_TMPDIR=/tmp/build/test/cases/_tmp
[STDERR  ] 2017-07-31T15:41:54.303743418Z: + [ -f /tmp/build/test/cases/_tmp/env.sh ]
[STDERR  ] 2017-07-31T15:41:54.303753796Z: + . /tmp/build/test/cases/_tmp/env.sh
[STDERR  ] 2017-07-31T15:41:54.303770076Z: + export LINUXKIT_EXAMPLES_DIR=/tmp/build/test/cases/../../examples
[STDERR  ] 2017-07-31T15:41:54.303782176Z: + export LINUXKIT_BLUEPRINTS_DIR=/tmp/build/test/cases/../../blueprints
[STDERR  ] 2017-07-31T15:41:54.303794856Z: + RT_CANCEL=253
[STDERR  ] 2017-07-31T15:41:54.303804132Z: + NAME=qemu-raw
[STDERR  ] 2017-07-31T15:41:54.303815922Z: + trap clean_up EXIT
[STDERR  ] 2017-07-31T15:41:54.303825532Z: + moby build -output raw -name qemu-raw test.yml
[STDERR  ] 2017-07-31T15:41:54.335884036Z: Extract kernel image: linuxkit/kernel:4.9.40
[STDERR  ] 2017-07-31T15:41:56.187146904Z: Add init containers:
[STDERR  ] 2017-07-31T15:41:56.187209566Z: Process init image: linuxkit/init:4dcee04c04c900a5796dc719f8d16fea7e771059
[STDERR  ] 2017-07-31T15:41:57.433014974Z: Process init image: linuxkit/runc:842318b6ab524783554428c89a27d95af7bd2844
[STDERR  ] 2017-07-31T15:41:58.607666071Z: Add onboot containers:
[STDERR  ] 2017-07-31T15:41:58.607732987Z:   Create OCI config for linuxkit/poweroff:3845c4d64d47a1ea367806be5547e44594b0fa91
[STDERR  ] 2017-07-31T15:41:59.793834014Z: Create outputs:
[STDERR  ] 2017-07-31T15:41:59.793899676Z:   qemu-raw.raw
[STDERR  ] 2017-07-31T15:43:08.961520694Z: main-loop: WARNING: I/O thread spun for 1000 iterations
[STDERR  ] 2017-07-31T15:43:40.698384714Z: + [ -f qemu-raw.raw ]
[STDERR  ] 2017-07-31T15:43:40.698555532Z: + linuxkit run qemu qemu-raw.raw
[STDERR  ] 2017-07-31T15:43:40.698626592Z: + grep -q Welcome to LinuxKit
[STDERR  ] 2017-07-31T15:43:40.714381219Z: Unable to find qemu-system-x86_64 within the $PATH. Using a container
[STDERR  ] 2017-07-31T15:43:40.714425092Z: Using existing disk [qemu-raw.raw] format 
[STDERR  ] 2017-07-31T15:43:41.106893264Z: WARNING: Image format was not specified for 'qemu-raw.raw' and probing guessed raw.
[STDERR  ] 2017-07-31T15:43:41.106948491Z:          Automatically detecting the format is dangerous for raw images, write operations on block 0 will be restricted.
[STDERR  ] 2017-07-31T15:43:41.106968418Z:          Specify the 'raw' format explicitly to remove the restrictions.
[STDERR  ] 2017-07-31T15:43:58.088579826Z: write /dev/stdout: broken pipe
[STDERR  ] 2017-07-31T15:43:58.092709659Z: time="2017-07-31T15:43:58Z" level=fatal msg="exit status 1" 
[STDERR  ] 2017-07-31T15:43:58.092751939Z: + exit 0
[STDERR  ] 2017-07-31T15:43:58.092764384Z: + clean_up
[STDERR  ] 2017-07-31T15:43:58.092775225Z: + rm -rf qemu-raw.raw
[PASS    ] linuxkit.platforms.qemu.run_raw 123.79s
