[INFO    ] 2018-10-02T07:18:48.536400175Z: Running Test linuxkit.build.examples.node_exporter in /tmp/with_clone22c73c15/test/cases/000_build/100_examples/050_node_exporter
[INFO    ] 2018-10-02T07:18:48.536704904Z: Running command: [/bin/sh -x /tmp/with_clone22c73c15/test/cases/000_build/100_examples/050_node_exporter/test.sh]
[STDERR  ] 2018-10-02T07:18:48.537708308Z: + set -e
[STDERR  ] 2018-10-02T07:18:48.537817491Z: + . /tmp/with_clone22c73c15/test/cases/_lib/lib.sh
[STDERR  ] 2018-10-02T07:18:48.537846600Z: + [ -f src/github.com/linuxkit/rtf/lib/lib.sh ]
[STDERR  ] 2018-10-02T07:18:48.537893692Z: + LINUXKIT_TMPDIR=/tmp/with_clone22c73c15/test/cases/_tmp
[STDERR  ] 2018-10-02T07:18:48.537929696Z: + [ -f /tmp/with_clone22c73c15/test/cases/_tmp/env.sh ]
[STDERR  ] 2018-10-02T07:18:48.537963421Z: + . /tmp/with_clone22c73c15/test/cases/_tmp/env.sh
[STDERR  ] 2018-10-02T07:18:48.538008412Z: + export LINUXKIT_EXAMPLES_DIR=/tmp/with_clone22c73c15/test/cases/../../examples
[STDERR  ] 2018-10-02T07:18:48.538060085Z: + RT_CANCEL=253
[STDERR  ] 2018-10-02T07:18:48.538089491Z: + NAME=node_exporter
[STDERR  ] 2018-10-02T07:18:48.538120730Z: + trap clean_up EXIT
[STDERR  ] 2018-10-02T07:18:48.538160802Z: + linuxkit build /tmp/with_clone22c73c15/test/cases/../../examples/node_exporter.yml
[STDERR  ] 2018-10-02T07:18:48.583611548Z: Extract kernel image: linuxkit/kernel:4.14.73
[STDERR  ] 2018-10-02T07:18:53.144251493Z: Add init containers:
[STDERR  ] 2018-10-02T07:18:53.144362991Z: Process init image: linuxkit/init:6eb0158059b056a1567236280880cb87f03ff008
[STDERR  ] 2018-10-02T07:18:54.832287850Z: Process init image: linuxkit/runc:6cf26a0403376de3b5396cb676b88eea4f37aff8
[STDERR  ] 2018-10-02T07:18:56.388172091Z: Process init image: linuxkit/containerd:d955db7cd28dbd7be8a17d7063cc6b7f1bf91f0a
[STDERR  ] 2018-10-02T07:18:58.462238513Z: Add service containers:
[STDERR  ] 2018-10-02T07:18:58.462355996Z:   Create OCI config for linuxkit/getty:v0.6
[STDERR  ] 2018-10-02T07:19:00.385989456Z:   Create OCI config for linuxkit/rngd:v0.6
[STDERR  ] 2018-10-02T07:19:01.958535859Z:   Create OCI config for linuxkit/dhcpcd:v0.6
[STDERR  ] 2018-10-02T07:19:03.532585005Z:   Create OCI config for linuxkit/node_exporter:v0.6
[STDERR  ] 2018-10-02T07:19:05.268493124Z: Create outputs:
[STDERR  ] 2018-10-02T07:19:15.081414394Z:   node_exporter-kernel node_exporter-initrd.img node_exporter-cmdline
[STDERR  ] 2018-10-02T07:19:15.181519418Z: + exit 0
[STDERR  ] 2018-10-02T07:19:15.181652447Z: + clean_up
[STDERR  ] 2018-10-02T07:19:15.181692899Z: + rm -f node_exporter-cmdline node_exporter-initrd.img node_exporter-kernel
[PASS    ] linuxkit.build.examples.node_exporter 26.66s
