[INFO    ] 2017-11-17T17:14:43.278076875Z: Running Test linuxkit.build.outputs.qcow2_bios in /tmp/with_clone33cbd1b4/test/cases/000_build/000_outputs/010_qcow2_bios
[INFO    ] 2017-11-17T17:14:43.278199311Z: Running command: [/bin/sh -x /tmp/with_clone33cbd1b4/test/cases/000_build/000_outputs/010_qcow2_bios/test.sh]
[STDERR  ] 2017-11-17T17:14:43.282526052Z: + set -e
[STDERR  ] 2017-11-17T17:14:43.282800676Z: + . /tmp/with_clone33cbd1b4/test/cases/_lib/lib.sh
[STDERR  ] 2017-11-17T17:14:43.283035993Z: + [ -f src/github.com/linuxkit/rtf/lib/lib.sh ]
[STDERR  ] 2017-11-17T17:14:43.283314038Z: + LINUXKIT_TMPDIR=/tmp/with_clone33cbd1b4/test/cases/_tmp
[STDERR  ] 2017-11-17T17:14:43.283637033Z: + [ -f /tmp/with_clone33cbd1b4/test/cases/_tmp/env.sh ]
[STDERR  ] 2017-11-17T17:14:43.283734479Z: + . /tmp/with_clone33cbd1b4/test/cases/_tmp/env.sh
[STDERR  ] 2017-11-17T17:14:43.283864814Z: + export LINUXKIT_EXAMPLES_DIR=/tmp/with_clone33cbd1b4/test/cases/../../examples
[STDERR  ] 2017-11-17T17:14:43.283995617Z: + export LINUXKIT_BLUEPRINTS_DIR=/tmp/with_clone33cbd1b4/test/cases/../../blueprints
[STDERR  ] 2017-11-17T17:14:43.284142953Z: + RT_CANCEL=253
[STDERR  ] 2017-11-17T17:14:43.284215336Z: + NAME=check
[STDERR  ] 2017-11-17T17:14:43.284343217Z: + trap clean_up EXIT
[STDERR  ] 2017-11-17T17:14:43.284574154Z: + moby build -format qcow2-bios -name check ../test.yml
[STDERR  ] 2017-11-17T17:14:43.31299173Z: Extract kernel image: linuxkit/kernel:4.9.62
[STDERR  ] 2017-11-17T17:14:52.300843656Z: Add init containers:
[STDERR  ] 2017-11-17T17:14:52.301957563Z: Process init image: linuxkit/init:42a92119e1ca10380e0d33e26c0cbcf85b9b3558
[STDERR  ] 2017-11-17T17:14:54.972267543Z: Process init image: linuxkit/runc:1b0741d07949c0acc444cd6a04ee7f833443579d
[STDERR  ] 2017-11-17T17:14:57.066181789Z: Add onboot containers:
[STDERR  ] 2017-11-17T17:14:57.066243153Z:   Create OCI config for linuxkit/dhcpcd:48831507404049660b960e4055f544917d90378e
[STDERR  ] 2017-11-17T17:14:58.872573454Z: Create outputs:
[STDERR  ] 2017-11-17T17:14:58.872647429Z:   check.qcow2
[STDERR  ] 2017-11-17T17:17:29.368839611Z: + [ -f check.qcow2 ]
[STDERR  ] 2017-11-17T17:17:29.368920686Z: + exit 0
[STDERR  ] 2017-11-17T17:17:29.368934444Z: + clean_up
[STDERR  ] 2017-11-17T17:17:29.368946537Z: + rm -f check.qcow2
[PASS    ] linuxkit.build.outputs.qcow2_bios 166.16s
