[INFO    ] 2019-01-13T18:22:43.102549049Z: Running Test linuxkit.build.examples.cadvisor in /tmp/build/test/cases/000_build/100_examples/080_cadvisor
[INFO    ] 2019-01-13T18:22:43.102757355Z: Running command: [/bin/sh -x /tmp/build/test/cases/000_build/100_examples/080_cadvisor/test.sh]
[STDERR  ] 2019-01-13T18:22:43.103755519Z: + set -e
[STDERR  ] 2019-01-13T18:22:43.103829256Z: + . /tmp/build/test/cases/_lib/lib.sh
[STDERR  ] 2019-01-13T18:22:43.103846458Z: + [ -f src/github.com/linuxkit/rtf/lib/lib.sh ]
[STDERR  ] 2019-01-13T18:22:43.103861844Z: + LINUXKIT_TMPDIR=/tmp/build/test/cases/_tmp
[STDERR  ] 2019-01-13T18:22:43.103876033Z: + [ -f /tmp/build/test/cases/_tmp/env.sh ]
[STDERR  ] 2019-01-13T18:22:43.103891487Z: + . /tmp/build/test/cases/_tmp/env.sh
[STDERR  ] 2019-01-13T18:22:43.103904759Z: + export LINUXKIT_EXAMPLES_DIR=/tmp/build/test/cases/../../examples
[STDERR  ] 2019-01-13T18:22:43.103932630Z: + RT_CANCEL=253
[STDERR  ] 2019-01-13T18:22:43.103957365Z: + NAME=cadvisor
[STDERR  ] 2019-01-13T18:22:43.103972301Z: + trap clean_up EXIT
[STDERR  ] 2019-01-13T18:22:43.103985960Z: + linuxkit build /tmp/build/test/cases/../../examples/cadvisor.yml
[STDERR  ] 2019-01-13T18:22:43.135804966Z: Extract kernel image: linuxkit/kernel:4.14.88
[STDERR  ] 2019-01-13T18:22:45.018212769Z: Add init containers:
[STDERR  ] 2019-01-13T18:22:45.018293575Z: Process init image: linuxkit/init:c563953a2277eb73a89d89f70e4b6dcdcfebc2d1
[STDERR  ] 2019-01-13T18:22:46.180167806Z: Process init image: linuxkit/runc:83d0edb4552b1a5df1f0976f05f442829eac38fe
[STDERR  ] 2019-01-13T18:22:47.310559588Z: Process init image: linuxkit/containerd:326b096cd5fbab0f864e52721d036cade67599d6
[STDERR  ] 2019-01-13T18:22:48.505312137Z: Process init image: linuxkit/ca-certificates:v0.6
[STDERR  ] 2019-01-13T18:22:49.649607490Z: Add onboot containers:
[STDERR  ] 2019-01-13T18:22:49.649682013Z:   Create OCI config for linuxkit/sysctl:v0.6
[STDERR  ] 2019-01-13T18:22:50.769490014Z:   Create OCI config for linuxkit/dhcpcd:v0.6
[STDERR  ] 2019-01-13T18:22:51.896989103Z:   Create OCI config for linuxkit/sysfs:v0.6
[STDERR  ] 2019-01-13T18:22:53.014463588Z:   Create OCI config for linuxkit/format:v0.6
[STDERR  ] 2019-01-13T18:22:54.382107210Z:   Create OCI config for linuxkit/mount:v0.6
[STDERR  ] 2019-01-13T18:22:55.742634989Z: Add service containers:
[STDERR  ] 2019-01-13T18:22:55.742716363Z:   Create OCI config for linuxkit/getty:2eb742cd7a68e14cf50577c02f30147bc406e478
[STDERR  ] 2019-01-13T18:22:57.246733371Z:   Create OCI config for linuxkit/rngd:v0.6
[STDERR  ] 2019-01-13T18:22:58.387032083Z:   Create OCI config for linuxkit/openntpd:v0.6
[STDERR  ] 2019-01-13T18:22:59.552285000Z:   Create OCI config for docker:18.06.0-ce-dind
[STDERR  ] 2019-01-13T18:23:01.167061596Z:   Create OCI config for linuxkit/cadvisor:v0.6
[STDERR  ] 2019-01-13T18:23:03.066978132Z: Pull image: docker.io/linuxkit/cadvisor:v0.6@sha256:992a2e72b53fbfb9a71d9e985cf0d704ff8dfb77d17bdd1f2a10ad0070270587
[STDERR  ] 2019-01-13T18:23:06.470630533Z: Add files:
[STDERR  ] 2019-01-13T18:23:06.470745228Z:   var/lib/docker
[STDERR  ] 2019-01-13T18:23:06.470765484Z:   etc/docker/daemon.json
[STDERR  ] 2019-01-13T18:23:06.470794624Z: Create outputs:
[STDERR  ] 2019-01-13T18:23:28.602122064Z:   cadvisor-kernel cadvisor-initrd.img cadvisor-cmdline
[STDERR  ] 2019-01-13T18:23:28.786957153Z: + exit 0
[STDERR  ] 2019-01-13T18:23:28.787026879Z: + clean_up
[STDERR  ] 2019-01-13T18:23:28.787042130Z: + rm -f cadvisor-cmdline cadvisor-initrd.img cadvisor-kernel
[PASS    ] linuxkit.build.examples.cadvisor 45.71s
