[INFO    ] 2018-10-29T22:31:47.387760968Z: Running Test linuxkit.build.formats.kernel+initrd in /tmp/with_clone1dc83da0/test/cases/000_build/000_formats/000_kernel+initrd
[INFO    ] 2018-10-29T22:31:47.388055579Z: Running command: [/bin/sh -x /tmp/with_clone1dc83da0/test/cases/000_build/000_formats/000_kernel+initrd/test.sh]
[STDERR  ] 2018-10-29T22:31:47.388909073Z: + set -e
[STDERR  ] 2018-10-29T22:31:47.389009960Z: + . /tmp/with_clone1dc83da0/test/cases/_lib/lib.sh
[STDERR  ] 2018-10-29T22:31:47.389032505Z: + [ -f src/github.com/linuxkit/rtf/lib/lib.sh ]
[STDERR  ] 2018-10-29T22:31:47.389119415Z: + LINUXKIT_TMPDIR=/tmp/with_clone1dc83da0/test/cases/_tmp
[STDERR  ] 2018-10-29T22:31:47.389168484Z: + [ -f /tmp/with_clone1dc83da0/test/cases/_tmp/env.sh ]
[STDERR  ] 2018-10-29T22:31:47.389188596Z: + . /tmp/with_clone1dc83da0/test/cases/_tmp/env.sh
[STDERR  ] 2018-10-29T22:31:47.389220496Z: + export LINUXKIT_EXAMPLES_DIR=/tmp/with_clone1dc83da0/test/cases/../../examples
[STDERR  ] 2018-10-29T22:31:47.389269219Z: + RT_CANCEL=253
[STDERR  ] 2018-10-29T22:31:47.389289035Z: + NAME=check
[STDERR  ] 2018-10-29T22:31:47.389308400Z: + trap clean_up EXIT
[STDERR  ] 2018-10-29T22:31:47.389328221Z: + linuxkit build -format kernel+initrd -name check ../test.yml
[STDERR  ] 2018-10-29T22:31:47.435479554Z: Extract kernel image: linuxkit/kernel:4.14.78
[STDERR  ] 2018-10-29T22:31:51.767493287Z: Add init containers:
[STDERR  ] 2018-10-29T22:31:51.767679251Z: Process init image: linuxkit/init:6eb0158059b056a1567236280880cb87f03ff008
[STDERR  ] 2018-10-29T22:31:53.471564640Z: Process init image: linuxkit/runc:6cf26a0403376de3b5396cb676b88eea4f37aff8
[STDERR  ] 2018-10-29T22:31:55.047439232Z: Add onboot containers:
[STDERR  ] 2018-10-29T22:31:55.047549816Z:   Create OCI config for linuxkit/dhcpcd:v0.6
[STDERR  ] 2018-10-29T22:31:56.575925869Z: Create outputs:
[STDERR  ] 2018-10-29T22:32:01.655869092Z:   check-kernel check-initrd.img check-cmdline
[STDERR  ] 2018-10-29T22:32:01.724107725Z: + [ -f check-kernel ]
[STDERR  ] 2018-10-29T22:32:01.724228287Z: + [ -f check-initrd.img ]
[STDERR  ] 2018-10-29T22:32:01.724279244Z: + [ -f check-cmdline ]
[STDERR  ] 2018-10-29T22:32:01.724307089Z: + exit 0
[STDERR  ] 2018-10-29T22:32:01.724336355Z: + clean_up
[STDERR  ] 2018-10-29T22:32:01.724403825Z: + rm -f check-cmdline check-initrd.img check-kernel
[PASS    ] linuxkit.build.formats.kernel+initrd 14.34s
