[INFO    ] 2018-11-15T11:57:18.328869167Z: Running Test linuxkit.platforms.qemu.run_qcow_bios in /tmp/build/test/cases/010_platforms/000_qemu/030_run_qcow_bios
[INFO    ] 2018-11-15T11:57:18.329014379Z: Running command: [/bin/sh -x /tmp/build/test/cases/010_platforms/000_qemu/030_run_qcow_bios/test.sh]
[STDERR  ] 2018-11-15T11:57:18.330757485Z: + set -e
[STDERR  ] 2018-11-15T11:57:18.330833534Z: + . /tmp/build/test/cases/_lib/lib.sh
[STDERR  ] 2018-11-15T11:57:18.330851179Z: + [ -f src/github.com/linuxkit/rtf/lib/lib.sh ]
[STDERR  ] 2018-11-15T11:57:18.330900397Z: + LINUXKIT_TMPDIR=/tmp/build/test/cases/_tmp
[STDERR  ] 2018-11-15T11:57:18.330911393Z: + [ -f /tmp/build/test/cases/_tmp/env.sh ]
[STDERR  ] 2018-11-15T11:57:18.330925760Z: + . /tmp/build/test/cases/_tmp/env.sh
[STDERR  ] 2018-11-15T11:57:18.330935324Z: + export LINUXKIT_EXAMPLES_DIR=/tmp/build/test/cases/../../examples
[STDERR  ] 2018-11-15T11:57:18.330948365Z: + RT_CANCEL=253
[STDERR  ] 2018-11-15T11:57:18.330957808Z: + NAME=qemu-qcow2
[STDERR  ] 2018-11-15T11:57:18.330967832Z: + trap clean_up EXIT
[STDERR  ] 2018-11-15T11:57:18.330977047Z: + linuxkit build -format qcow2-bios -name qemu-qcow2 test.yml
[STDERR  ] 2018-11-15T11:57:18.363510657Z: Building LinuxKit image mkimage to generate output formats
[STDERR  ] 2018-11-15T11:57:18.365219979Z: Extract kernel image: linuxkit/kernel:4.9.39
[STDERR  ] 2018-11-15T11:57:19.998235069Z: Add init containers:
[STDERR  ] 2018-11-15T11:57:19.998311973Z: Process init image: linuxkit/init:c563953a2277eb73a89d89f70e4b6dcdcfebc2d1
[STDERR  ] 2018-11-15T11:57:21.180061136Z: Process init image: linuxkit/runc:83d0edb4552b1a5df1f0976f05f442829eac38fe
[STDERR  ] 2018-11-15T11:57:22.353041438Z: Add onboot containers:
[STDERR  ] 2018-11-15T11:57:22.353117795Z:   Create OCI config for linuxkit/mkimage:v0.6
[STDERR  ] 2018-11-15T11:57:23.809638357Z:   Create OCI config for linuxkit/poweroff:afe8f7dd0d47a7991c54519b0f09124cb8c4e300
[STDERR  ] 2018-11-15T11:57:29.916497711Z: Extract kernel image: linuxkit/kernel:4.14.80
[STDERR  ] 2018-11-15T11:57:31.628939017Z: Add init containers:
[STDERR  ] 2018-11-15T11:57:31.629012391Z: Process init image: linuxkit/init:c563953a2277eb73a89d89f70e4b6dcdcfebc2d1
[STDERR  ] 2018-11-15T11:57:32.856372349Z: Process init image: linuxkit/runc:83d0edb4552b1a5df1f0976f05f442829eac38fe
[STDERR  ] 2018-11-15T11:57:34.037134069Z: Add onboot containers:
[STDERR  ] 2018-11-15T11:57:34.037195735Z:   Create OCI config for linuxkit/poweroff:afe8f7dd0d47a7991c54519b0f09124cb8c4e300
[STDERR  ] 2018-11-15T11:57:35.246982210Z: Create outputs:
[STDERR  ] 2018-11-15T11:57:35.247072245Z:   qemu-qcow2.qcow2
[STDERR  ] 2018-11-15T11:58:23.962781543Z: + [ -f qemu-qcow2.qcow2 ]
[STDERR  ] 2018-11-15T11:58:23.963235040Z: + linuxkit run qemu qemu-qcow2.qcow2
[STDERR  ] 2018-11-15T11:58:23.963569075Z: + grep -q Welcome to LinuxKit
[STDERR  ] 2018-11-15T11:58:23.992944039Z: Using existing disk [qemu-qcow2.qcow2] format 
[STDERR  ] 2018-11-15T11:59:23.110239214Z: + exit 0
[STDERR  ] 2018-11-15T11:59:23.110326949Z: + clean_up
[STDERR  ] 2018-11-15T11:59:23.110340630Z: + rm -rf qemu-qcow2.qcow2 qemu-qcow2.qcow2-state
[PASS    ] linuxkit.platforms.qemu.run_qcow_bios 124.79s
