[INFO    ] 2017-06-08T11:31:50.841659712Z: Running Test linuxkit.platforms.qemu.run_raw in /tmp/build/test/cases/010_platforms/000_qemu/040_run_raw
[INFO    ] 2017-06-08T11:31:50.841729946Z: Running command: [/bin/sh -x /tmp/build/test/cases/010_platforms/000_qemu/040_run_raw/test.sh]
[STDERR  ] 2017-06-08T11:31:50.891802706Z: + set -e
[STDERR  ] 2017-06-08T11:31:50.891815517Z: + . /tmp/build/test/cases/_lib/lib.sh
[STDERR  ] 2017-06-08T11:31:50.891821705Z: + [ -f src/github.com/linuxkit/rtf/lib/lib.sh ]
[STDERR  ] 2017-06-08T11:31:50.891828655Z: + LINUXKIT_TMPDIR=/tmp/build/test/cases/_tmp
[STDERR  ] 2017-06-08T11:31:50.891844512Z: + [ -f /tmp/build/test/cases/_tmp/env.sh ]
[STDERR  ] 2017-06-08T11:31:50.891849922Z: + . /tmp/build/test/cases/_tmp/env.sh
[STDERR  ] 2017-06-08T11:31:50.891859255Z: + export LINUXKIT_EXAMPLES_DIR=/tmp/build/test/cases/../../examples
[STDERR  ] 2017-06-08T11:31:50.891864944Z: + RT_CANCEL=253
[STDERR  ] 2017-06-08T11:31:50.89187014Z: + NAME=qemu-raw
[STDERR  ] 2017-06-08T11:31:50.891875427Z: + trap clean_up EXIT
[STDERR  ] 2017-06-08T11:31:50.891878326Z: + moby build -output raw -name qemu-raw test.yml
[STDERR  ] 2017-06-08T11:31:50.914937381Z: Extract kernel image: linuxkit/kernel:4.9.x
[STDERR  ] 2017-06-08T11:31:52.734582569Z: Add init containers:
[STDERR  ] 2017-06-08T11:31:52.738550547Z: Process init image: linuxkit/init:1b8a7e394d2ec2f1fdb4d67645829d1b5bdca037
[STDERR  ] 2017-06-08T11:31:53.942748426Z: Process init image: linuxkit/runc:3a4e6cbf15470f62501b019b55e1caac5ee7689f
[STDERR  ] 2017-06-08T11:31:55.274568248Z: Process init image: linuxkit/containerd:b50181bc6e0084e5fcd6b6ad3cf433c4f66cae5a
[STDERR  ] 2017-06-08T11:31:56.819011358Z: Add onboot containers:
[STDERR  ] 2017-06-08T11:31:56.819049056Z:   Create OCI config for linuxkit/poweroff:7404cf2295df89ccfa2dda41997a28307a90cf28
[STDERR  ] 2017-06-08T11:31:58.139998234Z: Create outputs:
[STDERR  ] 2017-06-08T11:31:58.140070905Z:   qemu-raw.raw
[STDERR  ] 2017-06-08T11:32:16.265692394Z: main-loop: WARNING: I/O thread spun for 1000 iterations
[STDERR  ] 2017-06-08T11:33:23.145963718Z: + [ -f qemu-raw.raw ]
[STDERR  ] 2017-06-08T11:33:23.146192325Z: + grep -q Welcome to LinuxKit
[STDERR  ] 2017-06-08T11:33:23.147268122Z: + linuxkit run qemu qemu-raw.raw
[STDERR  ] 2017-06-08T11:33:23.16828134Z: Unable to find qemu-system-x86_64 within the $PATH. Using a container
[STDERR  ] 2017-06-08T11:33:23.168397566Z: Using existing disk [qemu-raw.raw] format 
[STDERR  ] 2017-06-08T11:33:23.485700518Z: WARNING: Image format was not specified for 'qemu-raw.raw' and probing guessed raw.
[STDERR  ] 2017-06-08T11:33:23.485721124Z:          Automatically detecting the format is dangerous for raw images, write operations on block 0 will be restricted.
[STDERR  ] 2017-06-08T11:33:23.485728586Z:          Specify the 'raw' format explicitly to remove the restrictions.
[STDERR  ] 2017-06-08T11:33:38.429815128Z: main-loop: WARNING: I/O thread spun for 1000 iterations
[STDERR  ] 2017-06-08T11:33:46.350883717Z: write /dev/stdout: broken pipe
[STDERR  ] 2017-06-08T11:33:46.355345087Z: time="2017-06-08T11:33:46Z" level=fatal msg="exit status 1" 
[STDERR  ] 2017-06-08T11:33:46.355368608Z: + exit 0
[STDERR  ] 2017-06-08T11:33:46.355377849Z: + clean_up
[STDERR  ] 2017-06-08T11:33:46.355388043Z: + rm -rf qemu-raw.raw
[PASS    ] linuxkit.platforms.qemu.run_raw 115.52s
