[INFO    ] 2017-08-17T11:22:57.245109863Z: Running Test linuxkit.build.outputs.iso-bios in /tmp/build/test/cases/000_build/000_outputs/001_iso-bios
[INFO    ] 2017-08-17T11:22:57.24521805Z: Running command: [/bin/sh -x /tmp/build/test/cases/000_build/000_outputs/001_iso-bios/test.sh]
[STDERR  ] 2017-08-17T11:22:57.246075218Z: + set -e
[STDERR  ] 2017-08-17T11:22:57.246132165Z: + . /tmp/build/test/cases/_lib/lib.sh
[STDERR  ] 2017-08-17T11:22:57.24614722Z: + [ -f src/github.com/linuxkit/rtf/lib/lib.sh ]
[STDERR  ] 2017-08-17T11:22:57.2461572Z: + LINUXKIT_TMPDIR=/tmp/build/test/cases/_tmp
[STDERR  ] 2017-08-17T11:22:57.246166716Z: + [ -f /tmp/build/test/cases/_tmp/env.sh ]
[STDERR  ] 2017-08-17T11:22:57.246181339Z: + . /tmp/build/test/cases/_tmp/env.sh
[STDERR  ] 2017-08-17T11:22:57.24619391Z: + export LINUXKIT_EXAMPLES_DIR=/tmp/build/test/cases/../../examples
[STDERR  ] 2017-08-17T11:22:57.246207328Z: + export LINUXKIT_BLUEPRINTS_DIR=/tmp/build/test/cases/../../blueprints
[STDERR  ] 2017-08-17T11:22:57.246218756Z: + RT_CANCEL=253
[STDERR  ] 2017-08-17T11:22:57.246234727Z: + NAME=check
[STDERR  ] 2017-08-17T11:22:57.246244711Z: + trap clean_up EXIT
[STDERR  ] 2017-08-17T11:22:57.246255248Z: + moby build -output iso-bios -name check ../test.yml
[STDERR  ] 2017-08-17T11:22:57.256571772Z: Extract kernel image: linuxkit/kernel:4.9.43
[STDERR  ] 2017-08-17T11:22:59.112046538Z: Add init containers:
[STDERR  ] 2017-08-17T11:22:59.112109502Z: Process init image: linuxkit/init:c7d651da1a5e308c757bc61ce6a41804ea843426
[STDERR  ] 2017-08-17T11:23:00.429353793Z: Process init image: linuxkit/runc:838259153885c0c40460379d6cdb7baebaf3fa36
[STDERR  ] 2017-08-17T11:23:01.713217802Z: Add onboot containers:
[STDERR  ] 2017-08-17T11:23:01.713271103Z:   Create OCI config for linuxkit/dhcpcd:f3f5413abb78fae9020e35bd4788fa93df4530b7
[STDERR  ] 2017-08-17T11:23:03.106633367Z: Create outputs:
[STDERR  ] 2017-08-17T11:23:03.106684848Z:   check.iso
[STDERR  ] 2017-08-17T11:23:28.26081495Z: + [ -f check.iso ]
[STDERR  ] 2017-08-17T11:23:28.260876868Z: + exit 0
[STDERR  ] 2017-08-17T11:23:28.260887659Z: + clean_up
[STDERR  ] 2017-08-17T11:23:28.260898825Z: + find . -depth -iname check* -exec rm -rf {} ;
[STDERR  ] 2017-08-17T11:23:28.272394166Z: + rm -f test.yml
[PASS    ] linuxkit.build.outputs.iso-bios 31.03s
