[INFO    ] 2019-03-03T15:27:58.644233623Z: Running Test linuxkit.kernel.kmod_4.19.x in /tmp/build/test/cases/020_kernel/015_kmod_4.19.x
[INFO    ] 2019-03-03T15:27:58.644395344Z: Running command: [/bin/sh -x /tmp/build/test/cases/020_kernel/015_kmod_4.19.x/test.sh]
[STDERR  ] 2019-03-03T15:27:58.645073878Z: + set -e
[STDERR  ] 2019-03-03T15:27:58.645130000Z: + . /tmp/build/test/cases/_lib/lib.sh
[STDERR  ] 2019-03-03T15:27:58.645156009Z: + [ -f src/github.com/linuxkit/rtf/lib/lib.sh ]
[STDERR  ] 2019-03-03T15:27:58.645176561Z: + LINUXKIT_TMPDIR=/tmp/build/test/cases/_tmp
[STDERR  ] 2019-03-03T15:27:58.645189891Z: + [ -f /tmp/build/test/cases/_tmp/env.sh ]
[STDERR  ] 2019-03-03T15:27:58.645204416Z: + . /tmp/build/test/cases/_tmp/env.sh
[STDERR  ] 2019-03-03T15:27:58.645216924Z: + export LINUXKIT_EXAMPLES_DIR=/tmp/build/test/cases/../../examples
[STDERR  ] 2019-03-03T15:27:58.645229409Z: + RT_CANCEL=253
[STDERR  ] 2019-03-03T15:27:58.645242295Z: + NAME=kmod
[STDERR  ] 2019-03-03T15:27:58.645255389Z: + IMAGE_NAME=kmod-test
[STDERR  ] 2019-03-03T15:27:58.645268595Z: + trap clean_up EXIT
[STDERR  ] 2019-03-03T15:27:58.645281086Z: + docker pull linuxkit/kernel:4.19.26
[STDOUT  ] 2019-03-03T15:27:59.793401783Z: 4.19.26: Pulling from linuxkit/kernel
[STDOUT  ] 2019-03-03T15:28:00.184599187Z: Digest: sha256:dc315deaf00e299b7837afe5a75f8c2ccf045c38b3200493fd2824e97cf7d99f
[STDOUT  ] 2019-03-03T15:28:00.184792231Z: Status: Image is up to date for linuxkit/kernel:4.19.26
[STDERR  ] 2019-03-03T15:28:00.186143922Z: + docker build -t kmod-test .
[STDOUT  ] 2019-03-03T15:28:00.324200666Z: Sending build context to Docker daemon  8.704kB
[STDOUT  ] 2019-03-03T15:28:00.407295939Z: Step 1/12 : FROM linuxkit/kernel:4.19.26 AS ksrc
[STDOUT  ] 2019-03-03T15:28:00.407350081Z:  ---> 4bc60e5f92f5
[STDOUT  ] 2019-03-03T15:28:00.407361191Z: Step 2/12 : FROM linuxkit/alpine:5ce235f4fb55772e7f78871a70bfe26f774fe2b0 AS build
[STDOUT  ] 2019-03-03T15:28:00.407750513Z:  ---> 464cb75731f7
[STDOUT  ] 2019-03-03T15:28:00.407777130Z: Step 3/12 : RUN apk add build-base libelf-dev
[STDOUT  ] 2019-03-03T15:28:00.408082180Z:  ---> Using cache
[STDOUT  ] 2019-03-03T15:28:00.408107133Z:  ---> 259ac2853c97
[STDOUT  ] 2019-03-03T15:28:00.408117913Z: Step 4/12 : COPY --from=ksrc /kernel-dev.tar /
[STDOUT  ] 2019-03-03T15:28:01.614021089Z:  ---> a7f7353cb785
[STDOUT  ] 2019-03-03T15:28:01.614087805Z: Step 5/12 : RUN tar xf kernel-dev.tar
[STDOUT  ] 2019-03-03T15:28:01.675255788Z:  ---> Running in 6ff24e6c1e48
[STDOUT  ] 2019-03-03T15:28:08.838021330Z: Removing intermediate container 6ff24e6c1e48
[STDOUT  ] 2019-03-03T15:28:08.838077001Z:  ---> 284aaf1b98b8
[STDOUT  ] 2019-03-03T15:28:08.838087861Z: Step 6/12 : WORKDIR /kmod
[STDOUT  ] 2019-03-03T15:28:09.093596045Z:  ---> Running in de183b9d7f59
[STDOUT  ] 2019-03-03T15:28:09.236048143Z: Removing intermediate container de183b9d7f59
[STDOUT  ] 2019-03-03T15:28:09.236101234Z:  ---> f2264bd78214
[STDOUT  ] 2019-03-03T15:28:09.236111154Z: Step 7/12 : COPY ./src/* ./
[STDOUT  ] 2019-03-03T15:28:09.501671225Z:  ---> 6b80055e6955
[STDOUT  ] 2019-03-03T15:28:09.501736030Z: Step 8/12 : RUN make all
[STDOUT  ] 2019-03-03T15:28:09.557786765Z:  ---> Running in 9d1934aa7e70
[STDOUT  ] 2019-03-03T15:28:09.847011153Z: make -C /usr/src/linux-headers-4.19.26-linuxkit M=/kmod modules
[STDOUT  ] 2019-03-03T15:28:09.849330322Z: make[1]: Entering directory '/usr/src/linux-headers-4.19.26-linuxkit'
[STDOUT  ] 2019-03-03T15:28:11.093813462Z:   CC [M]  /kmod/hello_world.o
[STDOUT  ] 2019-03-03T15:28:11.099873028Z: [91mcc1: error: cannot load plugin ./scripts/gcc-plugins/structleak_plugin.so
[STDOUT  ] 2019-03-03T15:28:11.099943677Z:    Error relocating ./scripts/gcc-plugins/structleak_plugin.so: _ZN11symtab_node10dump_tableEP8_IO_FILE: symbol not found
[STDOUT  ] 2019-03-03T15:28:11.100028288Z: [0m[91mcc1: error: cannot load plugin ./scripts/gcc-plugins/randomize_layout_plugin.so
[STDOUT  ] 2019-03-03T15:28:11.100045651Z:    Error relocating ./scripts/gcc-plugins/randomize_layout_plugin.so: _Z13size_int_kindl14size_type_kind: symbol not found
[STDOUT  ] 2019-03-03T15:28:11.105605298Z: [0m[91mmake[2]: *** [scripts/Makefile.build:310: /kmod/hello_world.o] Error 1
[STDOUT  ] 2019-03-03T15:28:11.105768594Z: [0m[91mmake[1]: *** [Makefile:1520: _module_/kmod] Error 2
[STDOUT  ] 2019-03-03T15:28:11.105788926Z: [0mmake[1]: Leaving directory '/usr/src/linux-headers-4.19.26-linuxkit'
[STDOUT  ] 2019-03-03T15:28:11.106232090Z: [91mmake: *** [Makefile:4: all] Error 2
[STDERR  ] 2019-03-03T15:28:11.395828870Z: The command '/bin/sh -c make all' returned a non-zero code: 2
[STDERR  ] 2019-03-03T15:28:11.397209428Z: + clean_up
[STDERR  ] 2019-03-03T15:28:11.397293276Z: + docker rmi kmod-test
[STDERR  ] 2019-03-03T15:28:11.463791145Z: Error: No such image: kmod-test
[STDERR  ] 2019-03-03T15:28:11.465041171Z: + true
[STDERR  ] 2019-03-03T15:28:11.465091511Z: + rm -rf kmod-*
[STDOUT  ] 2019-03-03T15:28:11.465904202Z: [0m
[FAIL    ] linuxkit.kernel.kmod_4.19.x 12.82s
