[INFO    ] 2017-06-16T18:13:24.115514338Z: Running Test linuxkit.platforms.qemu.run_iso in /tmp/build/test/cases/010_platforms/000_qemu/010_run_iso
[INFO    ] 2017-06-16T18:13:24.115601551Z: Running command: [/bin/sh -x /tmp/build/test/cases/010_platforms/000_qemu/010_run_iso/test.sh]
[STDERR  ] 2017-06-16T18:13:24.153467401Z: + set -e
[STDERR  ] 2017-06-16T18:13:24.153480511Z: + . /tmp/build/test/cases/_lib/lib.sh
[STDERR  ] 2017-06-16T18:13:24.153486748Z: + [ -f src/github.com/linuxkit/rtf/lib/lib.sh ]
[STDERR  ] 2017-06-16T18:13:24.153496416Z: + LINUXKIT_TMPDIR=/tmp/build/test/cases/_tmp
[STDERR  ] 2017-06-16T18:13:24.153501146Z: + [ -f /tmp/build/test/cases/_tmp/env.sh ]
[STDERR  ] 2017-06-16T18:13:24.153527595Z: + . /tmp/build/test/cases/_tmp/env.sh
[STDERR  ] 2017-06-16T18:13:24.153541621Z: + export LINUXKIT_EXAMPLES_DIR=/tmp/build/test/cases/../../examples
[STDERR  ] 2017-06-16T18:13:24.153546353Z: + RT_CANCEL=253
[STDERR  ] 2017-06-16T18:13:24.153565925Z: + NAME=qemu-iso
[STDERR  ] 2017-06-16T18:13:24.153575866Z: + trap clean_up EXIT
[STDERR  ] 2017-06-16T18:13:24.153587456Z: + moby build -output iso-bios -name qemu-iso test.yml
[STDERR  ] 2017-06-16T18:13:24.17402257Z: Extract kernel image: linuxkit/kernel:4.9.x
[STDERR  ] 2017-06-16T18:13:25.979539271Z: Add init containers:
[STDERR  ] 2017-06-16T18:13:25.982238699Z: Process init image: linuxkit/init:17693d233dd009b2a3a8d23673cb85969e1dce80
[STDERR  ] 2017-06-16T18:13:27.216414776Z: Process init image: linuxkit/runc:3a4e6cbf15470f62501b019b55e1caac5ee7689f
[STDERR  ] 2017-06-16T18:13:28.416064755Z: Process init image: linuxkit/containerd:04880f344709830aa4c938baa765764e644fc973
[STDERR  ] 2017-06-16T18:13:30.12765451Z: Add onboot containers:
[STDERR  ] 2017-06-16T18:13:30.127763074Z:   Create OCI config for linuxkit/poweroff:7404cf2295df89ccfa2dda41997a28307a90cf28
[STDERR  ] 2017-06-16T18:13:31.298309065Z: Create outputs:
[STDERR  ] 2017-06-16T18:13:38.252138049Z:   qemu-iso.iso
[STDERR  ] 2017-06-16T18:13:41.978693112Z: + [ -f qemu-iso.iso ]
[STDERR  ] 2017-06-16T18:13:41.978871286Z: + grep -q Welcome to LinuxKit
[STDERR  ] 2017-06-16T18:13:41.979794821Z: + linuxkit run qemu -iso qemu-iso.iso
[STDERR  ] 2017-06-16T18:13:41.996123553Z: Unable to find qemu-system-x86_64 within the $PATH. Using a container
[STDERR  ] 2017-06-16T18:14:06.764378829Z: write /dev/stdout: broken pipe
[STDERR  ] 2017-06-16T18:14:06.767192823Z: time="2017-06-16T18:14:06Z" level=fatal msg="exit status 1" 
[STDERR  ] 2017-06-16T18:14:06.767201568Z: + exit 0
[STDERR  ] 2017-06-16T18:14:06.76720766Z: + clean_up
[STDERR  ] 2017-06-16T18:14:06.767210635Z: + rm -rf qemu-iso.iso
[PASS    ] linuxkit.platforms.qemu.run_iso 42.65s
