[INFO    ] 2017-08-12T18:42:59.797084124Z: Running Test linuxkit.build.outputs.vmdk in /tmp/build/test/cases/000_build/000_outputs/007_vmdk
[INFO    ] 2017-08-12T18:42:59.797154057Z: Running command: [/bin/sh -x /tmp/build/test/cases/000_build/000_outputs/007_vmdk/test.sh]
[STDERR  ] 2017-08-12T18:42:59.798015464Z: + set -e
[STDERR  ] 2017-08-12T18:42:59.798069052Z: + . /tmp/build/test/cases/_lib/lib.sh
[STDERR  ] 2017-08-12T18:42:59.798079935Z: + [ -f src/github.com/linuxkit/rtf/lib/lib.sh ]
[STDERR  ] 2017-08-12T18:42:59.798086722Z: + LINUXKIT_TMPDIR=/tmp/build/test/cases/_tmp
[STDERR  ] 2017-08-12T18:42:59.798092615Z: + [ -f /tmp/build/test/cases/_tmp/env.sh ]
[STDERR  ] 2017-08-12T18:42:59.798098695Z: + . /tmp/build/test/cases/_tmp/env.sh
[STDERR  ] 2017-08-12T18:42:59.798106992Z: + export LINUXKIT_EXAMPLES_DIR=/tmp/build/test/cases/../../examples
[STDERR  ] 2017-08-12T18:42:59.798120315Z: + export LINUXKIT_BLUEPRINTS_DIR=/tmp/build/test/cases/../../blueprints
[STDERR  ] 2017-08-12T18:42:59.798128426Z: + RT_CANCEL=253
[STDERR  ] 2017-08-12T18:42:59.79813456Z: + NAME=check
[STDERR  ] 2017-08-12T18:42:59.798140915Z: + trap clean_up EXIT
[STDERR  ] 2017-08-12T18:42:59.79814804Z: + moby build -output vmdk -name check ../test.yml
[STDERR  ] 2017-08-12T18:42:59.806111353Z: Extract kernel image: linuxkit/kernel:4.9.41
[STDERR  ] 2017-08-12T18:43:01.460978548Z: Add init containers:
[STDERR  ] 2017-08-12T18:43:01.461025553Z: Process init image: linuxkit/init:c7d651da1a5e308c757bc61ce6a41804ea843426
[STDERR  ] 2017-08-12T18:43:02.973433714Z: Process init image: linuxkit/runc:838259153885c0c40460379d6cdb7baebaf3fa36
[STDERR  ] 2017-08-12T18:43:04.198586826Z: Add onboot containers:
[STDERR  ] 2017-08-12T18:43:04.198634083Z:   Create OCI config for linuxkit/dhcpcd:f3f5413abb78fae9020e35bd4788fa93df4530b7
[STDERR  ] 2017-08-12T18:43:05.437769143Z: Create outputs:
[STDERR  ] 2017-08-12T18:43:08.414344748Z:   check.vmdk
[STDERR  ] 2017-08-12T18:43:45.031138247Z: + [ -f check.vmdk ]
[STDERR  ] 2017-08-12T18:43:45.03121286Z: + exit 0
[STDERR  ] 2017-08-12T18:43:45.03122412Z: + clean_up
[STDERR  ] 2017-08-12T18:43:45.031235903Z: + find . -depth -iname check* -exec rm -rf {} ;
[STDERR  ] 2017-08-12T18:43:45.036743126Z: + rm -f test.yml
[PASS    ] linuxkit.build.outputs.vmdk 45.24s
