[INFO    ] 2018-03-02T14:52:50.448429327Z: Running Test linuxkit.build.formats.iso-efi in /tmp/with_clone13e9517d/test/cases/000_build/000_formats/002_iso-efi
[INFO    ] 2018-03-02T14:52:50.448595476Z: Running command: [/bin/sh -x /tmp/with_clone13e9517d/test/cases/000_build/000_formats/002_iso-efi/test.sh]
[STDERR  ] 2018-03-02T14:52:50.449115790Z: + set -e
[STDERR  ] 2018-03-02T14:52:50.449191859Z: + . /tmp/with_clone13e9517d/test/cases/_lib/lib.sh
[STDERR  ] 2018-03-02T14:52:50.449211776Z: + [ -f src/github.com/linuxkit/rtf/lib/lib.sh ]
[STDERR  ] 2018-03-02T14:52:50.449230329Z: + LINUXKIT_TMPDIR=/tmp/with_clone13e9517d/test/cases/_tmp
[STDERR  ] 2018-03-02T14:52:50.449252465Z: + [ -f /tmp/with_clone13e9517d/test/cases/_tmp/env.sh ]
[STDERR  ] 2018-03-02T14:52:50.449271891Z: + . /tmp/with_clone13e9517d/test/cases/_tmp/env.sh
[STDERR  ] 2018-03-02T14:52:50.449290032Z: + export LINUXKIT_EXAMPLES_DIR=/tmp/with_clone13e9517d/test/cases/../../examples
[STDERR  ] 2018-03-02T14:52:50.449309662Z: + RT_CANCEL=253
[STDERR  ] 2018-03-02T14:52:50.449327325Z: + NAME=check
[STDERR  ] 2018-03-02T14:52:50.449343381Z: + trap clean_up EXIT
[STDERR  ] 2018-03-02T14:52:50.449360698Z: + linuxkit build -format iso-efi -name check ../test.yml
[STDERR  ] 2018-03-02T14:52:50.479585734Z: Extract kernel image: linuxkit/kernel:4.14.23
[STDERR  ] 2018-03-02T14:52:51.513496621Z: time="2018-03-02T14:52:51Z" level=warning msg="certificate with CN Justin Cormack is near expiry"
[STDERR  ] 2018-03-02T14:52:51.513731506Z: time="2018-03-02T14:52:51Z" level=warning msg="certificate with CN  is near expiry"
[STDERR  ] 2018-03-02T14:52:51.513966598Z: time="2018-03-02T14:52:51Z" level=warning msg="certificate with CN  is near expiry"
[STDERR  ] 2018-03-02T14:52:51.514192962Z: time="2018-03-02T14:52:51Z" level=warning msg="certificate with CN avi@atomicinc.com is near expiry"
[STDERR  ] 2018-03-02T14:52:51.515149829Z: time="2018-03-02T14:52:51Z" level=warning msg="certificate with CN Ian Campbell is near expiry"
[STDERR  ] 2018-03-02T14:52:51.570208250Z: time="2018-03-02T14:52:51Z" level=warning msg="certificate with CN Justin Cormack is near expiry"
[STDERR  ] 2018-03-02T14:52:55.053718910Z: Add init containers:
[STDERR  ] 2018-03-02T14:52:55.053894282Z: Process init image: linuxkit/init:b212cfeb4bb6330e0a7547d8010fe2e8489b677a
[STDERR  ] 2018-03-02T14:52:56.063042149Z: time="2018-03-02T14:52:56Z" level=warning msg="certificate with CN avi@atomicinc.com is near expiry"
[STDERR  ] 2018-03-02T14:52:56.063311658Z: time="2018-03-02T14:52:56Z" level=warning msg="certificate with CN Ian Campbell is near expiry"
[STDERR  ] 2018-03-02T14:52:56.063539292Z: time="2018-03-02T14:52:56Z" level=warning msg="certificate with CN Justin Cormack is near expiry"
[STDERR  ] 2018-03-02T14:52:56.063747102Z: time="2018-03-02T14:52:56Z" level=warning msg="certificate with CN  is near expiry"
[STDERR  ] 2018-03-02T14:52:56.063899480Z: time="2018-03-02T14:52:56Z" level=warning msg="certificate with CN  is near expiry"
[STDERR  ] 2018-03-02T14:52:56.068607584Z: time="2018-03-02T14:52:56Z" level=warning msg="certificate with CN Justin Cormack is near expiry"
[STDERR  ] 2018-03-02T14:52:56.070277264Z: time="2018-03-02T14:52:56Z" level=warning msg="certificate with CN  is near expiry"
[STDERR  ] 2018-03-02T14:52:56.070447334Z: time="2018-03-02T14:52:56Z" level=warning msg="certificate with CN Ian Campbell is near expiry"
[STDERR  ] 2018-03-02T14:52:56.072092727Z: time="2018-03-02T14:52:56Z" level=warning msg="certificate with CN  is near expiry"
[STDERR  ] 2018-03-02T14:52:56.072242444Z: time="2018-03-02T14:52:56Z" level=warning msg="certificate with CN avi@atomicinc.com is near expiry"
[STDERR  ] 2018-03-02T14:52:57.100972170Z: Process init image: linuxkit/runc:7c39a68490a12cde830e1922f171c451fb08e731
[STDERR  ] 2018-03-02T14:52:58.140463495Z: time="2018-03-02T14:52:58Z" level=warning msg="certificate with CN  is near expiry"
[STDERR  ] 2018-03-02T14:52:58.140722773Z: time="2018-03-02T14:52:58Z" level=warning msg="certificate with CN  is near expiry"
[STDERR  ] 2018-03-02T14:52:58.140933237Z: time="2018-03-02T14:52:58Z" level=warning msg="certificate with CN avi@atomicinc.com is near expiry"
[STDERR  ] 2018-03-02T14:52:58.141128586Z: time="2018-03-02T14:52:58Z" level=warning msg="certificate with CN Ian Campbell is near expiry"
[STDERR  ] 2018-03-02T14:52:58.141347035Z: time="2018-03-02T14:52:58Z" level=warning msg="certificate with CN Justin Cormack is near expiry"
[STDERR  ] 2018-03-02T14:52:58.143857636Z: time="2018-03-02T14:52:58Z" level=warning msg="certificate with CN Justin Cormack is near expiry"
[STDERR  ] 2018-03-02T14:52:58.145336192Z: time="2018-03-02T14:52:58Z" level=warning msg="certificate with CN  is near expiry"
[STDERR  ] 2018-03-02T14:52:58.145526103Z: time="2018-03-02T14:52:58Z" level=warning msg="certificate with CN Ian Campbell is near expiry"
[STDERR  ] 2018-03-02T14:52:58.907747415Z: Add onboot containers:
[STDERR  ] 2018-03-02T14:52:58.907917601Z:   Create OCI config for linuxkit/dhcpcd:v0.2
[STDERR  ] 2018-03-02T14:52:59.912421003Z: time="2018-03-02T14:52:59Z" level=warning msg="certificate with CN Justin Cormack is near expiry"
[STDERR  ] 2018-03-02T14:52:59.912730910Z: time="2018-03-02T14:52:59Z" level=warning msg="certificate with CN  is near expiry"
[STDERR  ] 2018-03-02T14:52:59.912899840Z: time="2018-03-02T14:52:59Z" level=warning msg="certificate with CN  is near expiry"
[STDERR  ] 2018-03-02T14:52:59.913081722Z: time="2018-03-02T14:52:59Z" level=warning msg="certificate with CN avi@atomicinc.com is near expiry"
[STDERR  ] 2018-03-02T14:52:59.913251846Z: time="2018-03-02T14:52:59Z" level=warning msg="certificate with CN Ian Campbell is near expiry"
[STDERR  ] 2018-03-02T14:52:59.914693211Z: time="2018-03-02T14:52:59Z" level=warning msg="certificate with CN Justin Cormack is near expiry"
[STDERR  ] 2018-03-02T14:52:59.915387857Z: time="2018-03-02T14:52:59Z" level=warning msg="certificate with CN  is near expiry"
[STDERR  ] 2018-03-02T14:52:59.915568551Z: time="2018-03-02T14:52:59Z" level=warning msg="certificate with CN Ian Campbell is near expiry"
[STDERR  ] 2018-03-02T14:53:00.706212246Z: Create outputs:
[STDERR  ] 2018-03-02T14:53:00.706387626Z:   check-efi.iso
[STDERR  ] 2018-03-02T14:53:12.468297009Z: + [ -f check-efi.iso ]
[STDERR  ] 2018-03-02T14:53:12.468376401Z: + exit 0
[STDERR  ] 2018-03-02T14:53:12.468394137Z: + clean_up
[STDERR  ] 2018-03-02T14:53:12.468409453Z: + rm -f check-efi.iso
[PASS    ] linuxkit.build.formats.iso-efi 22.07s
