[INFO    ] 2018-01-12T07:43:05.575864404Z: Running Test linuxkit.build.examples.tpm in /tmp/build/test/cases/000_build/100_examples/060_tpm
[INFO    ] 2018-01-12T07:43:05.576029501Z: Running command: [/bin/sh -x /tmp/build/test/cases/000_build/100_examples/060_tpm/test.sh]
[STDERR  ] 2018-01-12T07:43:05.576773855Z: + set -e
[STDERR  ] 2018-01-12T07:43:05.57682554Z: + . /tmp/build/test/cases/_lib/lib.sh
[STDERR  ] 2018-01-12T07:43:05.576837575Z: + [ -f src/github.com/linuxkit/rtf/lib/lib.sh ]
[STDERR  ] 2018-01-12T07:43:05.576848333Z: + LINUXKIT_TMPDIR=/tmp/build/test/cases/_tmp
[STDERR  ] 2018-01-12T07:43:05.576859689Z: + [ -f /tmp/build/test/cases/_tmp/env.sh ]
[STDERR  ] 2018-01-12T07:43:05.576869588Z: + . /tmp/build/test/cases/_tmp/env.sh
[STDERR  ] 2018-01-12T07:43:05.576879582Z: + export LINUXKIT_EXAMPLES_DIR=/tmp/build/test/cases/../../examples
[STDERR  ] 2018-01-12T07:43:05.576890469Z: + export LINUXKIT_BLUEPRINTS_DIR=/tmp/build/test/cases/../../blueprints
[STDERR  ] 2018-01-12T07:43:05.576901511Z: + RT_CANCEL=253
[STDERR  ] 2018-01-12T07:43:05.576910391Z: + NAME=tpm
[STDERR  ] 2018-01-12T07:43:05.576919662Z: + trap clean_up EXIT
[STDERR  ] 2018-01-12T07:43:05.576928811Z: + linuxkit build /tmp/build/test/cases/../../examples/tpm.yml
[STDERR  ] 2018-01-12T07:43:05.630634862Z: Extract kernel image: linuxkit/kernel:4.9.38
[STDERR  ] 2018-01-12T07:43:06.784350226Z: time="2018-01-12T07:43:06Z" level=warning msg="certificate with CN Justin Cormack is near expiry"
[STDERR  ] 2018-01-12T07:43:06.784566248Z: time="2018-01-12T07:43:06Z" level=warning msg="certificate with CN  is near expiry"
[STDERR  ] 2018-01-12T07:43:06.784668787Z: time="2018-01-12T07:43:06Z" level=warning msg="certificate with CN  is near expiry"
[STDERR  ] 2018-01-12T07:43:06.83014669Z: time="2018-01-12T07:43:06Z" level=warning msg="certificate with CN Justin Cormack is near expiry"
[STDERR  ] 2018-01-12T07:43:06.855586395Z: Pull image: docker.io/linuxkit/kernel:4.9.38@sha256:bac72b069e1e48061fc1342dfc0f8342a63403a7e5adddd84ae50279fdd98057
[STDERR  ] 2018-01-12T07:43:12.361982787Z: Add init containers:
[STDERR  ] 2018-01-12T07:43:12.362050981Z: Process init image: linuxkit/init:5a577d070817b4f17821657823082651baafd4ed
[STDERR  ] 2018-01-12T07:43:13.406442465Z: time="2018-01-12T07:43:13Z" level=warning msg="certificate with CN  is near expiry"
[STDERR  ] 2018-01-12T07:43:13.406705014Z: time="2018-01-12T07:43:13Z" level=warning msg="certificate with CN Justin Cormack is near expiry"
[STDERR  ] 2018-01-12T07:43:13.406860279Z: time="2018-01-12T07:43:13Z" level=warning msg="certificate with CN  is near expiry"
[STDERR  ] 2018-01-12T07:43:13.411041984Z: time="2018-01-12T07:43:13Z" level=warning msg="certificate with CN Justin Cormack is near expiry"
[STDERR  ] 2018-01-12T07:43:13.412842814Z: time="2018-01-12T07:43:13Z" level=warning msg="certificate with CN  is near expiry"
[STDERR  ] 2018-01-12T07:43:13.578503499Z: Process init image: linuxkit/runc:abc3f292653e64a2fd488e9675ace19a55ec7023
[STDERR  ] 2018-01-12T07:43:14.609489441Z: time="2018-01-12T07:43:14Z" level=warning msg="certificate with CN  is near expiry"
[STDERR  ] 2018-01-12T07:43:14.609550552Z: time="2018-01-12T07:43:14Z" level=warning msg="certificate with CN  is near expiry"
[STDERR  ] 2018-01-12T07:43:14.609799741Z: time="2018-01-12T07:43:14Z" level=warning msg="certificate with CN Justin Cormack is near expiry"
[STDERR  ] 2018-01-12T07:43:14.611887022Z: time="2018-01-12T07:43:14Z" level=warning msg="certificate with CN Justin Cormack is near expiry"
[STDERR  ] 2018-01-12T07:43:14.613188837Z: time="2018-01-12T07:43:14Z" level=warning msg="certificate with CN  is near expiry"
[STDERR  ] 2018-01-12T07:43:14.745540107Z: Process init image: linuxkit/containerd:e58a382c33bb509ba3e0e8170dfaa5a100504c5b
[STDERR  ] 2018-01-12T07:43:15.780283332Z: time="2018-01-12T07:43:15Z" level=warning msg="certificate with CN  is near expiry"
[STDERR  ] 2018-01-12T07:43:15.780345049Z: time="2018-01-12T07:43:15Z" level=warning msg="certificate with CN  is near expiry"
[STDERR  ] 2018-01-12T07:43:15.780435641Z: time="2018-01-12T07:43:15Z" level=warning msg="certificate with CN  is near expiry"
[STDERR  ] 2018-01-12T07:43:15.780668668Z: time="2018-01-12T07:43:15Z" level=warning msg="certificate with CN Justin Cormack is near expiry"
[STDERR  ] 2018-01-12T07:43:15.783675196Z: time="2018-01-12T07:43:15Z" level=warning msg="certificate with CN Justin Cormack is near expiry"
[STDERR  ] 2018-01-12T07:43:15.785215135Z: time="2018-01-12T07:43:15Z" level=warning msg="certificate with CN  is near expiry"
[STDERR  ] 2018-01-12T07:43:15.957451372Z: Process init image: linuxkit/ca-certificates:de21b84d9b055ad9dcecc57965b654a7a24ef8e0
[STDERR  ] 2018-01-12T07:43:17.028259471Z: time="2018-01-12T07:43:17Z" level=warning msg="certificate with CN Justin Cormack is near expiry"
[STDERR  ] 2018-01-12T07:43:17.028377897Z: time="2018-01-12T07:43:17Z" level=warning msg="certificate with CN  is near expiry"
[STDERR  ] 2018-01-12T07:43:17.029629015Z: time="2018-01-12T07:43:17Z" level=warning msg="certificate with CN Justin Cormack is near expiry"
[STDERR  ] 2018-01-12T07:43:17.030642093Z: time="2018-01-12T07:43:17Z" level=warning msg="certificate with CN  is near expiry"
[STDERR  ] 2018-01-12T07:43:17.169525486Z: Add onboot containers:
[STDERR  ] 2018-01-12T07:43:17.169576717Z:   Create OCI config for linuxkit/sysctl:4c1ef93bb5eb1a877318db4b2daa6768ed002e21
[STDERR  ] 2018-01-12T07:43:18.207213455Z: time="2018-01-12T07:43:18Z" level=warning msg="certificate with CN  is near expiry"
[STDERR  ] 2018-01-12T07:43:18.207279968Z: time="2018-01-12T07:43:18Z" level=warning msg="certificate with CN  is near expiry"
[STDERR  ] 2018-01-12T07:43:18.207526414Z: time="2018-01-12T07:43:18Z" level=warning msg="certificate with CN Justin Cormack is near expiry"
[STDERR  ] 2018-01-12T07:43:18.208959267Z: time="2018-01-12T07:43:18Z" level=warning msg="certificate with CN Justin Cormack is near expiry"
[STDERR  ] 2018-01-12T07:43:18.209608731Z: time="2018-01-12T07:43:18Z" level=warning msg="certificate with CN  is near expiry"
[STDERR  ] 2018-01-12T07:43:18.345815356Z:   Create OCI config for linuxkit/dhcpcd:0d59a6cc03412289ef4313f2491ec666c1715cc9
[STDERR  ] 2018-01-12T07:43:19.400292435Z: time="2018-01-12T07:43:19Z" level=warning msg="certificate with CN Justin Cormack is near expiry"
[STDERR  ] 2018-01-12T07:43:19.40042811Z: time="2018-01-12T07:43:19Z" level=warning msg="certificate with CN  is near expiry"
[STDERR  ] 2018-01-12T07:43:19.400550299Z: time="2018-01-12T07:43:19Z" level=warning msg="certificate with CN  is near expiry"
[STDERR  ] 2018-01-12T07:43:19.402013631Z: time="2018-01-12T07:43:19Z" level=warning msg="certificate with CN Justin Cormack is near expiry"
[STDERR  ] 2018-01-12T07:43:19.402796176Z: time="2018-01-12T07:43:19Z" level=warning msg="certificate with CN  is near expiry"
[STDERR  ] 2018-01-12T07:43:19.550671533Z: Add service containers:
[STDERR  ] 2018-01-12T07:43:19.55071812Z:   Create OCI config for linuxkit/getty:22e27189b6b354e1d5d38fc0536a5af3f2adb79f
[STDERR  ] 2018-01-12T07:43:20.64790479Z: time="2018-01-12T07:43:20Z" level=warning msg="certificate with CN  is near expiry"
[STDERR  ] 2018-01-12T07:43:20.648134125Z: time="2018-01-12T07:43:20Z" level=warning msg="certificate with CN  is near expiry"
[STDERR  ] 2018-01-12T07:43:20.648239786Z: time="2018-01-12T07:43:20Z" level=warning msg="certificate with CN Justin Cormack is near expiry"
[STDERR  ] 2018-01-12T07:43:20.651078686Z: time="2018-01-12T07:43:20Z" level=warning msg="certificate with CN  is near expiry"
[STDERR  ] 2018-01-12T07:43:20.651947543Z: time="2018-01-12T07:43:20Z" level=warning msg="certificate with CN Justin Cormack is near expiry"
[STDERR  ] 2018-01-12T07:43:20.653480282Z: time="2018-01-12T07:43:20Z" level=warning msg="certificate with CN  is near expiry"
[STDERR  ] 2018-01-12T07:43:21.038882678Z:   Create OCI config for linuxkit/tss:f0ef7a1e58951edff84e77edf22096cda798feb0
[STDERR  ] 2018-01-12T07:43:22.415713642Z: time="2018-01-12T07:43:22Z" level=warning msg="certificate with CN  is near expiry"
[STDERR  ] 2018-01-12T07:43:22.415774546Z: time="2018-01-12T07:43:22Z" level=warning msg="certificate with CN  is near expiry"
[STDERR  ] 2018-01-12T07:43:22.415809828Z: time="2018-01-12T07:43:22Z" level=warning msg="certificate with CN Justin Cormack is near expiry"
[STDERR  ] 2018-01-12T07:43:22.416025756Z: time="2018-01-12T07:43:22Z" level=warning msg="certificate with CN Rolf Neugebauer is near expiry"
[STDERR  ] 2018-01-12T07:43:22.502808098Z: time="2018-01-12T07:43:22Z" level=warning msg="certificate with CN  is near expiry"
[STDERR  ] 2018-01-12T07:43:22.589073095Z: time="2018-01-12T07:43:22Z" level=warning msg="certificate with CN  is near expiry"
[STDERR  ] 2018-01-12T07:43:22.675373135Z: time="2018-01-12T07:43:22Z" level=warning msg="certificate with CN Rolf Neugebauer is near expiry"
[STDERR  ] 2018-01-12T07:43:22.688358546Z: Pull image: docker.io/linuxkit/tss:f0ef7a1e58951edff84e77edf22096cda798feb0@sha256:9ad4545190dfae504bd5069dc4c52c3b6fc506ef2cfe17768c2b75bd0249dec2
[STDERR  ] 2018-01-12T07:43:25.338525808Z:   Create OCI config for linuxkit/rngd:94e01a4b16fadb053455cdc2269c4eb0b39199cd
[STDERR  ] 2018-01-12T07:43:26.368717264Z: time="2018-01-12T07:43:26Z" level=warning msg="certificate with CN Justin Cormack is near expiry"
[STDERR  ] 2018-01-12T07:43:26.368764373Z: time="2018-01-12T07:43:26Z" level=warning msg="certificate with CN  is near expiry"
[STDERR  ] 2018-01-12T07:43:26.368790732Z: time="2018-01-12T07:43:26Z" level=warning msg="certificate with CN  is near expiry"
[STDERR  ] 2018-01-12T07:43:26.370229383Z: time="2018-01-12T07:43:26Z" level=warning msg="certificate with CN Justin Cormack is near expiry"
[STDERR  ] 2018-01-12T07:43:26.370868028Z: time="2018-01-12T07:43:26Z" level=warning msg="certificate with CN  is near expiry"
[STDERR  ] 2018-01-12T07:43:26.495925105Z: Add files:
[STDERR  ] 2018-01-12T07:43:26.495973772Z:   etc/getty.shadow
[STDERR  ] 2018-01-12T07:43:26.495985805Z: Create outputs:
[STDERR  ] 2018-01-12T07:43:33.950065007Z:   tpm-kernel tpm-initrd.img tpm-cmdline
[STDERR  ] 2018-01-12T07:43:34.027447219Z: + exit 0
[STDERR  ] 2018-01-12T07:43:34.027496548Z: + clean_up
[STDERR  ] 2018-01-12T07:43:34.027511065Z: + rm -f tpm-cmdline tpm-initrd.img tpm-kernel
[PASS    ] linuxkit.build.examples.tpm 28.46s
