[INFO    ] 2017-07-24T16:14:12.668435948Z: Running Test linuxkit.build.examples.node_exporter in /tmp/with_clone2110fc1f/test/cases/000_build/100_examples/050_node_exporter
[INFO    ] 2017-07-24T16:14:12.668564321Z: Running command: [/bin/sh -x /tmp/with_clone2110fc1f/test/cases/000_build/100_examples/050_node_exporter/test.sh]
[STDERR  ] 2017-07-24T16:14:12.669987137Z: + set -e
[STDERR  ] 2017-07-24T16:14:12.67008777Z: + . /tmp/with_clone2110fc1f/test/cases/_lib/lib.sh
[STDERR  ] 2017-07-24T16:14:12.670178692Z: + [ -f src/github.com/linuxkit/rtf/lib/lib.sh ]
[STDERR  ] 2017-07-24T16:14:12.67026014Z: + LINUXKIT_TMPDIR=/tmp/with_clone2110fc1f/test/cases/_tmp
[STDERR  ] 2017-07-24T16:14:12.670334706Z: + [ -f /tmp/with_clone2110fc1f/test/cases/_tmp/env.sh ]
[STDERR  ] 2017-07-24T16:14:12.670394693Z: + . /tmp/with_clone2110fc1f/test/cases/_tmp/env.sh
[STDERR  ] 2017-07-24T16:14:12.670459119Z: + export LINUXKIT_EXAMPLES_DIR=/tmp/with_clone2110fc1f/test/cases/../../examples
[STDERR  ] 2017-07-24T16:14:12.670528585Z: + export LINUXKIT_BLUEPRINTS_DIR=/tmp/with_clone2110fc1f/test/cases/../../blueprints
[STDERR  ] 2017-07-24T16:14:12.670575602Z: + RT_CANCEL=253
[STDERR  ] 2017-07-24T16:14:12.670618076Z: + IMAGE_NAME=node_exporter
[STDERR  ] 2017-07-24T16:14:12.670676101Z: + trap clean_up EXIT
[STDERR  ] 2017-07-24T16:14:12.670740355Z: + moby build /tmp/with_clone2110fc1f/test/cases/../../examples/node_exporter.yml
[STDERR  ] 2017-07-24T16:14:12.682630726Z: Extract kernel image: linuxkit/kernel:4.9.39
[STDERR  ] 2017-07-24T16:14:22.077648581Z: Add init containers:
[STDERR  ] 2017-07-24T16:14:22.077725471Z: Process init image: linuxkit/init:d049e7b2074da5cd699a27defb47eb101142455d
[STDERR  ] 2017-07-24T16:14:23.633456709Z: Process init image: linuxkit/runc:d5cbeb95bdafedb82ad2cf11cff1a5da7fcae630
[STDERR  ] 2017-07-24T16:14:25.595979197Z: Process init image: linuxkit/containerd:e33e0534d6fca88e1eb86897a1ea410b4a5d722e
[STDERR  ] 2017-07-24T16:14:33.973316571Z: Add service containers:
[STDERR  ] 2017-07-24T16:14:33.97338296Z:   Create OCI config for linuxkit/getty:97c5e2c8ebad23c2ed743366b475b5c15c42f70e
[STDERR  ] 2017-07-24T16:14:36.39993325Z:   Create OCI config for linuxkit/rngd:1516d5d70683a5d925fe475eb1b6164a2f67ac3b
[STDERR  ] 2017-07-24T16:14:37.99112958Z:   Create OCI config for linuxkit/dhcpcd:4b7b8bb024cebb1bbb9c8026d44d7cbc8e202c41
[STDERR  ] 2017-07-24T16:14:39.574870806Z:   Create OCI config for linuxkit/node_exporter:a058fe1c6a4440a9689022a9fd7cffdcfd56d52c
[STDERR  ] 2017-07-24T16:14:42.329204874Z: Create outputs:
[STDERR  ] 2017-07-24T16:14:56.493266402Z:   node_exporter-kernel node_exporter-initrd.img node_exporter-cmdline
[STDERR  ] 2017-07-24T16:14:56.874515806Z: + exit 0
[STDERR  ] 2017-07-24T16:14:56.874571728Z: + clean_up
[STDERR  ] 2017-07-24T16:14:56.874599565Z: + rm -rf node_exporter-cmdline node_exporter-initrd.img node_exporter-kernel
[PASS    ] linuxkit.build.examples.node_exporter 44.24s
