[INFO    ] 2017-07-10T20:17:33.603536138Z: Running Test linuxkit.build.examples.node_exporter in /tmp/build/test/cases/000_build/100_examples/050_node_exporter
[INFO    ] 2017-07-10T20:17:33.603636434Z: Running command: [/bin/sh -x /tmp/build/test/cases/000_build/100_examples/050_node_exporter/test.sh]
[STDERR  ] 2017-07-10T20:17:33.616304923Z: + set -e
[STDERR  ] 2017-07-10T20:17:33.616321563Z: + . /tmp/build/test/cases/_lib/lib.sh
[STDERR  ] 2017-07-10T20:17:33.616331646Z: + [ -f src/github.com/linuxkit/rtf/lib/lib.sh ]
[STDERR  ] 2017-07-10T20:17:33.616341633Z: + LINUXKIT_TMPDIR=/tmp/build/test/cases/_tmp
[STDERR  ] 2017-07-10T20:17:33.616346383Z: + [ -f /tmp/build/test/cases/_tmp/env.sh ]
[STDERR  ] 2017-07-10T20:17:33.616362002Z: + . /tmp/build/test/cases/_tmp/env.sh
[STDERR  ] 2017-07-10T20:17:33.616375558Z: + export LINUXKIT_EXAMPLES_DIR=/tmp/build/test/cases/../../examples
[STDERR  ] 2017-07-10T20:17:33.616380498Z: + export LINUXKIT_BLUEPRINTS_DIR=/tmp/build/test/cases/../../blueprints
[STDERR  ] 2017-07-10T20:17:33.616397159Z: + RT_CANCEL=253
[STDERR  ] 2017-07-10T20:17:33.616407222Z: + IMAGE_NAME=node_exporter
[STDERR  ] 2017-07-10T20:17:33.616417216Z: + trap clean_up EXIT
[STDERR  ] 2017-07-10T20:17:33.616426985Z: + moby build /tmp/build/test/cases/../../examples/node_exporter.yml
[STDERR  ] 2017-07-10T20:17:33.622777248Z: Extract kernel image: linuxkit/kernel:4.9.36
[STDERR  ] 2017-07-10T20:17:35.148014499Z: Add init containers:
[STDERR  ] 2017-07-10T20:17:35.148118073Z: Process init image: linuxkit/init:14a38303ee9dcb4541c00e2b87404befc1ba2083
[STDERR  ] 2017-07-10T20:17:36.3935304Z: Process init image: linuxkit/runc:2310ad9d266cf5d9c4d07613bd2135ed7eb8a21f
[STDERR  ] 2017-07-10T20:17:37.655821056Z: Process init image: linuxkit/containerd:c977f27c234d55b85172813b8451f67ea86be4a3
[STDERR  ] 2017-07-10T20:17:39.18645487Z: Add service containers:
[STDERR  ] 2017-07-10T20:17:39.18650419Z:   Create OCI config for linuxkit/getty:5ab31289889d61a5d2ecbeea8e36ce74ac54737c
[STDERR  ] 2017-07-10T20:17:40.769370454Z:   Create OCI config for linuxkit/rngd:1516d5d70683a5d925fe475eb1b6164a2f67ac3b
[STDERR  ] 2017-07-10T20:17:41.977838578Z:   Create OCI config for linuxkit/dhcpcd:4b7b8bb024cebb1bbb9c8026d44d7cbc8e202c41
[STDERR  ] 2017-07-10T20:17:43.236697595Z:   Create OCI config for linuxkit/node_exporter:a058fe1c6a4440a9689022a9fd7cffdcfd56d52c
[STDERR  ] 2017-07-10T20:17:44.921039384Z: Pull image: docker.io/linuxkit/node_exporter:a058fe1c6a4440a9689022a9fd7cffdcfd56d52c@sha256:3090317598b2abb0a1a8b0392b457f356e02c347452d442020bdb72e6e826946
[STDERR  ] 2017-07-10T20:17:49.45689599Z: Create outputs:
[STDERR  ] 2017-07-10T20:17:58.892776389Z:   node_exporter-kernel node_exporter-initrd.img node_exporter-cmdline
[STDERR  ] 2017-07-10T20:17:58.974198213Z: + exit 0
[STDERR  ] 2017-07-10T20:17:58.974210657Z: + clean_up
[STDERR  ] 2017-07-10T20:17:58.974235778Z: + rm -rf node_exporter-cmdline node_exporter-initrd.img node_exporter-kernel
[PASS    ] linuxkit.build.examples.node_exporter 25.38s
