[INFO    ] 2017-10-28T15:45:46.129171Z: Running Test linuxkit.build.examples.minimal in /tmp/with_clone118edec9/test/cases/000_build/100_examples/000_minimal
[INFO    ] 2017-10-28T15:45:46.129250613Z: Running command: [/bin/sh -x /tmp/with_clone118edec9/test/cases/000_build/100_examples/000_minimal/test.sh]
[STDERR  ] 2017-10-28T15:45:46.129336963Z: + exit 0
[STDERR  ] 2017-10-28T15:45:46.129705235Z: + set -e
[STDERR  ] 2017-10-28T15:45:46.129754371Z: + . /tmp/with_clone118edec9/test/cases/_lib/lib.sh
[STDERR  ] 2017-10-28T15:45:46.129768647Z: + [ -f src/github.com/linuxkit/rtf/lib/lib.sh ]
[STDERR  ] 2017-10-28T15:45:46.129783933Z: + LINUXKIT_TMPDIR=/tmp/with_clone118edec9/test/cases/_tmp
[STDERR  ] 2017-10-28T15:45:46.129804373Z: + [ -f /tmp/with_clone118edec9/test/cases/_tmp/env.sh ]
[STDERR  ] 2017-10-28T15:45:46.12981929Z: + . /tmp/with_clone118edec9/test/cases/_tmp/env.sh
[STDERR  ] 2017-10-28T15:45:46.129837736Z: + export LINUXKIT_EXAMPLES_DIR=/tmp/with_clone118edec9/test/cases/../../examples
[STDERR  ] 2017-10-28T15:45:46.129853426Z: + export LINUXKIT_BLUEPRINTS_DIR=/tmp/with_clone118edec9/test/cases/../../blueprints
[STDERR  ] 2017-10-28T15:45:46.129868615Z: + RT_CANCEL=253
[STDERR  ] 2017-10-28T15:45:46.129883297Z: + NAME=minimal
[STDERR  ] 2017-10-28T15:45:46.129896618Z: + trap clean_up EXIT
[STDERR  ] 2017-10-28T15:45:46.129911758Z: + moby build /tmp/with_clone118edec9/test/cases/../../examples/minimal.yml
[STDERR  ] 2017-10-28T15:45:46.139230759Z: Extract kernel image: linuxkit/kernel:4.9.58
[STDERR  ] 2017-10-28T15:45:54.696660656Z: Add init containers:
[STDERR  ] 2017-10-28T15:46:03.63293803Z: Add onboot containers:
[STDERR  ] 2017-10-28T15:46:03.633002931Z:   Create OCI config for linuxkit/dhcpcd:48831507404049660b960e4055f544917d90378e
[STDERR  ] 2017-10-28T15:46:05.219477234Z: Add service containers:
[STDERR  ] 2017-10-28T15:46:05.219560691Z:   Create OCI config for linuxkit/getty:626ccc8e1766c40447f29a790d3a7cfff126f2a2
[STDERR  ] 2017-10-28T15:46:07.463929551Z: Create outputs:
[STDERR  ] 2017-10-28T15:46:16.614376649Z:   minimal-kernel minimal-initrd.img minimal-cmdline
[STDERR  ] 2017-10-28T15:46:16.932490769Z: + exit 0
[STDERR  ] 2017-10-28T15:46:16.932552964Z: + clean_up
[STDERR  ] 2017-10-28T15:46:16.932569157Z: + rm -f minimal-cmdline minimal-initrd.img minimal-kernel
[PASS    ] linuxkit.build.examples.minimal 30.83s
