[INFO    ] 2017-05-31T20:18:15.50924791Z: Running Test linuxkit.platforms.qemu.run_kernel in /tmp/build/test/cases/010_platforms/000_qemu/000_run_kernel
[INFO    ] 2017-05-31T20:18:15.509322393Z: Running command: [/bin/sh -x /tmp/build/test/cases/010_platforms/000_qemu/000_run_kernel/test.sh]
[STDERR  ] 2017-05-31T20:18:15.511127387Z: + set -e
[STDERR  ] 2017-05-31T20:18:15.511167435Z: + . /tmp/build/test/cases/_lib/lib.sh
[STDERR  ] 2017-05-31T20:18:15.511224901Z: + [ -f src/github.com/linuxkit/rtf/lib/lib.sh ]
[STDERR  ] 2017-05-31T20:18:15.511268159Z: + LINUXKIT_TMPDIR=/tmp/build/test/cases/_tmp
[STDERR  ] 2017-05-31T20:18:15.511292465Z: + [ -f /tmp/build/test/cases/_tmp/env.sh ]
[STDERR  ] 2017-05-31T20:18:15.511332085Z: + . /tmp/build/test/cases/_tmp/env.sh
[STDERR  ] 2017-05-31T20:18:15.51136281Z: + export LINUXKIT_EXAMPLES_DIR=/tmp/build/test/cases/../../examples
[STDERR  ] 2017-05-31T20:18:15.51138338Z: + RT_CANCEL=253
[STDERR  ] 2017-05-31T20:18:15.511413664Z: + NAME=qemu-kernel
[STDERR  ] 2017-05-31T20:18:15.511446112Z: + trap clean_up EXIT
[STDERR  ] 2017-05-31T20:18:15.511491259Z: + moby build -output kernel+initrd -name qemu-kernel test.yml
[STDERR  ] 2017-05-31T20:18:15.523214611Z: Pull kernel image: linuxkit/kernel:4.9.x
[STDERR  ] 2017-05-31T20:18:18.246587561Z: Extract kernel image: linuxkit/kernel:4.9.x
[STDERR  ] 2017-05-31T20:18:18.246607669Z: Pull image: linuxkit/kernel:4.9.x
[STDERR  ] 2017-05-31T20:18:25.019661237Z: Add init containers:
[STDERR  ] 2017-05-31T20:18:25.019703752Z: Process init image: linuxkit/init:4fc8aa82ab34d62d510575c8fbe0c58b7ba9c480
[STDERR  ] 2017-05-31T20:18:25.019718089Z: Pull image: linuxkit/init:4fc8aa82ab34d62d510575c8fbe0c58b7ba9c480
[STDERR  ] 2017-05-31T20:18:28.017662815Z: Process init image: linuxkit/runc:3a4e6cbf15470f62501b019b55e1caac5ee7689f
[STDERR  ] 2017-05-31T20:18:28.017756466Z: Pull image: linuxkit/runc:3a4e6cbf15470f62501b019b55e1caac5ee7689f
[STDERR  ] 2017-05-31T20:18:31.31606063Z: Process init image: linuxkit/containerd:b1766e4c4c09f63ac4925a6e4612852a93f7e73b
[STDERR  ] 2017-05-31T20:18:31.316148358Z: Pull image: linuxkit/containerd:b1766e4c4c09f63ac4925a6e4612852a93f7e73b
[STDERR  ] 2017-05-31T20:18:34.585178648Z: Add onboot containers:
[STDERR  ] 2017-05-31T20:18:34.585243923Z:   Create OCI config for linuxkit/poweroff:a8f1e4ad8d459f1fdaad9e4b007512cb3b504ae8
[STDERR  ] 2017-05-31T20:18:34.588483766Z: Pull image: linuxkit/poweroff:a8f1e4ad8d459f1fdaad9e4b007512cb3b504ae8
[STDERR  ] 2017-05-31T20:18:38.143416323Z: Create outputs:
[STDERR  ] 2017-05-31T20:18:45.682801329Z:   qemu-kernel-kernel qemu-kernel-initrd.img qemu-kernel-cmdline
[STDERR  ] 2017-05-31T20:18:45.727017429Z: + [ -f qemu-kernel-kernel ]
[STDERR  ] 2017-05-31T20:18:45.727029174Z: + [ -f qemu-kernel-initrd.img ]
[STDERR  ] 2017-05-31T20:18:45.727036374Z: + [ -f qemu-kernel-cmdline ]
[STDERR  ] 2017-05-31T20:18:45.727156703Z: + grep -q Welcome to LinuxKit
[STDERR  ] 2017-05-31T20:18:45.727927735Z: + linuxkit run qemu -kernel qemu-kernel
[STDERR  ] 2017-05-31T20:18:46.767919776Z: Unable to find qemu-system-x86_64 within the $PATH. Using a container
[STDERR  ] 2017-05-31T20:18:46.781674152Z: Unable to find image 'linuxkit/qemu:17f052263d63c8a2b641ad91c589edcbb8a18c82' locally
[STDERR  ] 2017-05-31T20:18:47.910632194Z: 17f052263d63c8a2b641ad91c589edcbb8a18c82: Pulling from linuxkit/qemu
[STDERR  ] 2017-05-31T20:18:47.928463913Z: 71c5a0cc58e4: Already exists
[STDERR  ] 2017-05-31T20:18:47.959969795Z: 2b84f5a055c5: Pulling fs layer
[STDERR  ] 2017-05-31T20:18:47.960884652Z: 4cc9fd23135a: Pulling fs layer
[STDERR  ] 2017-05-31T20:18:47.960977048Z: dda01988c179: Pulling fs layer
[STDERR  ] 2017-05-31T20:18:48.427853912Z: 2b84f5a055c5: Verifying Checksum
[STDERR  ] 2017-05-31T20:18:48.427937288Z: 2b84f5a055c5: Download complete
[STDERR  ] 2017-05-31T20:18:48.461182155Z: 2b84f5a055c5: Pull complete
[STDERR  ] 2017-05-31T20:18:48.474492901Z: dda01988c179: Verifying Checksum
[STDERR  ] 2017-05-31T20:18:48.474525664Z: dda01988c179: Download complete
[STDERR  ] 2017-05-31T20:18:49.574140661Z: 4cc9fd23135a: Verifying Checksum
[STDERR  ] 2017-05-31T20:18:49.576099331Z: 4cc9fd23135a: Download complete
[STDERR  ] 2017-05-31T20:18:51.993089933Z: 4cc9fd23135a: Pull complete
[STDERR  ] 2017-05-31T20:18:52.032281391Z: dda01988c179: Pull complete
[STDERR  ] 2017-05-31T20:18:52.040632285Z: Digest: sha256:07fbe35234f237651a7a49e882db4d2306b90dd3832c5ee0bfeefebacfaddb84
[STDERR  ] 2017-05-31T20:18:52.047424945Z: Status: Downloaded newer image for linuxkit/qemu:17f052263d63c8a2b641ad91c589edcbb8a18c82
[STDERR  ] 2017-05-31T20:19:10.75125936Z: write /dev/stdout: broken pipe
[STDERR  ] 2017-05-31T20:19:10.754954848Z: time="2017-05-31T20:19:10Z" level=fatal msg="exit status 1" 
[STDERR  ] 2017-05-31T20:19:10.755032401Z: + exit 0
[STDERR  ] 2017-05-31T20:19:10.755044999Z: + clean_up
[STDERR  ] 2017-05-31T20:19:10.755074054Z: + rm -rf qemu-kernel-cmdline qemu-kernel-initrd.img qemu-kernel-kernel
[PASS    ] linuxkit.platforms.qemu.run_kernel 55.27s
