[INFO    ] 2017-11-07T10:38:40.468685636Z: Running Test linuxkit.platforms.qemu.run_kernel in /tmp/build/test/cases/010_platforms/000_qemu/000_run_kernel
[INFO    ] 2017-11-07T10:38:40.468772287Z: Running command: [/bin/sh -x /tmp/build/test/cases/010_platforms/000_qemu/000_run_kernel/test.sh]
[STDERR  ] 2017-11-07T10:38:40.511076978Z: + set -e
[STDERR  ] 2017-11-07T10:38:40.511149594Z: + . /tmp/build/test/cases/_lib/lib.sh
[STDERR  ] 2017-11-07T10:38:40.511163244Z: + [ -f src/github.com/linuxkit/rtf/lib/lib.sh ]
[STDERR  ] 2017-11-07T10:38:40.511188459Z: + LINUXKIT_TMPDIR=/tmp/build/test/cases/_tmp
[STDERR  ] 2017-11-07T10:38:40.511197863Z: + [ -f /tmp/build/test/cases/_tmp/env.sh ]
[STDERR  ] 2017-11-07T10:38:40.511217575Z: + . /tmp/build/test/cases/_tmp/env.sh
[STDERR  ] 2017-11-07T10:38:40.511227714Z: + export LINUXKIT_EXAMPLES_DIR=/tmp/build/test/cases/../../examples
[STDERR  ] 2017-11-07T10:38:40.511237111Z: + export LINUXKIT_BLUEPRINTS_DIR=/tmp/build/test/cases/../../blueprints
[STDERR  ] 2017-11-07T10:38:40.511246097Z: + RT_CANCEL=253
[STDERR  ] 2017-11-07T10:38:40.511255066Z: + NAME=qemu-kernel
[STDERR  ] 2017-11-07T10:38:40.511263568Z: + trap clean_up EXIT
[STDERR  ] 2017-11-07T10:38:40.511271969Z: + moby build -format kernel+initrd -name qemu-kernel test.yml
[STDERR  ] 2017-11-07T10:38:40.522280735Z: Extract kernel image: linuxkit/kernel:4.9.60
[STDERR  ] 2017-11-07T10:38:42.347512069Z: Add init containers:
[STDERR  ] 2017-11-07T10:38:42.347582592Z: Process init image: linuxkit/init:42a92119e1ca10380e0d33e26c0cbcf85b9b3558
[STDERR  ] 2017-11-07T10:38:43.682656097Z: Process init image: linuxkit/runc:817fdc592eac6cb7804fa1721a43a7f6e23fb50f
[STDERR  ] 2017-11-07T10:38:44.947282852Z: Add onboot containers:
[STDERR  ] 2017-11-07T10:38:44.947335228Z:   Create OCI config for linuxkit/poweroff:280bd01daa8776fbe1f4d912977f1886b8374834
[STDERR  ] 2017-11-07T10:38:46.040812818Z: time="2017-11-07T10:38:46Z" level=warning msg="certificate with CN Rolf Neugebauer is near expiry" 
[STDERR  ] 2017-11-07T10:38:46.042289145Z: time="2017-11-07T10:38:46Z" level=warning msg="certificate with CN Rolf Neugebauer is near expiry" 
[STDERR  ] 2017-11-07T10:38:46.322919812Z: Create outputs:
[STDERR  ] 2017-11-07T10:38:50.331327445Z:   qemu-kernel-kernel qemu-kernel-initrd.img qemu-kernel-cmdline
[STDERR  ] 2017-11-07T10:38:50.383835233Z: + [ -f qemu-kernel-kernel ]
[STDERR  ] 2017-11-07T10:38:50.383886899Z: + [ -f qemu-kernel-initrd.img ]
[STDERR  ] 2017-11-07T10:38:50.383896776Z: + [ -f qemu-kernel-cmdline ]
[STDERR  ] 2017-11-07T10:38:50.383908284Z: + linuxkit run qemu -kernel qemu-kernel
[STDERR  ] 2017-11-07T10:38:50.384060444Z: + grep -q Welcome to LinuxKit
[STDERR  ] 2017-11-07T10:38:50.40313179Z: Unable to find qemu-system-x86_64 within the $PATH. Using a container
[STDERR  ] 2017-11-07T10:39:04.593970695Z: write /dev/stdout: broken pipe
[STDERR  ] 2017-11-07T10:39:04.598809276Z: time="2017-11-07T10:39:04Z" level=fatal msg="exit status 1" 
[STDERR  ] 2017-11-07T10:39:04.598856823Z: + exit 0
[STDERR  ] 2017-11-07T10:39:04.598867586Z: + clean_up
[STDERR  ] 2017-11-07T10:39:04.598877739Z: + rm -rf qemu-kernel-cmdline qemu-kernel-initrd.img qemu-kernel-kernel qemu-kernel-state
[PASS    ] linuxkit.platforms.qemu.run_kernel 24.14s
