[INFO    ] 2019-04-17T09:14:48.244382614Z: Running Test linuxkit.platforms.qemu.run_kernel+initrd in /tmp/build/test/cases/010_platforms/000_qemu/000_run_kernel+initrd
[INFO    ] 2019-04-17T09:14:48.244521527Z: Running command: [/bin/sh -x /tmp/build/test/cases/010_platforms/000_qemu/000_run_kernel+initrd/test.sh]
[STDERR  ] 2019-04-17T09:14:48.245092618Z: + set -e
[STDERR  ] 2019-04-17T09:14:48.245144604Z: + . /tmp/build/test/cases/_lib/lib.sh
[STDERR  ] 2019-04-17T09:14:48.245160795Z: + [ -f src/github.com/linuxkit/rtf/lib/lib.sh ]
[STDERR  ] 2019-04-17T09:14:48.245173952Z: + LINUXKIT_TMPDIR=/tmp/build/test/cases/_tmp
[STDERR  ] 2019-04-17T09:14:48.245207761Z: + [ -f /tmp/build/test/cases/_tmp/env.sh ]
[STDERR  ] 2019-04-17T09:14:48.245223426Z: + . /tmp/build/test/cases/_tmp/env.sh
[STDERR  ] 2019-04-17T09:14:48.245238547Z: + export LINUXKIT_EXAMPLES_DIR=/tmp/build/test/cases/../../examples
[STDERR  ] 2019-04-17T09:14:48.245254557Z: + RT_CANCEL=253
[STDERR  ] 2019-04-17T09:14:48.245268156Z: + NAME=qemu-kernel
[STDERR  ] 2019-04-17T09:14:48.245281648Z: + trap clean_up EXIT
[STDERR  ] 2019-04-17T09:14:48.245299226Z: + linuxkit build -format kernel+initrd -name qemu-kernel test.yml
[STDERR  ] 2019-04-17T09:14:48.296736823Z: Extract kernel image: linuxkit/kernel:4.19.34
[STDERR  ] 2019-04-17T09:14:50.138523290Z: Add init containers:
[STDERR  ] 2019-04-17T09:14:50.138595176Z: Process init image: linuxkit/init:v0.7
[STDERR  ] 2019-04-17T09:14:51.318742629Z: Process init image: linuxkit/runc:v0.7
[STDERR  ] 2019-04-17T09:14:52.475613265Z: Add onboot containers:
[STDERR  ] 2019-04-17T09:14:52.475694876Z:   Create OCI config for linuxkit/poweroff:b498d30dd9660090565537fceb9e757618737a85
[STDERR  ] 2019-04-17T09:14:53.635619594Z: Create outputs:
[STDERR  ] 2019-04-17T09:14:59.272776045Z:   qemu-kernel-kernel qemu-kernel-initrd.img qemu-kernel-cmdline
[STDERR  ] 2019-04-17T09:14:59.337726660Z: + [ -f qemu-kernel-kernel ]
[STDERR  ] 2019-04-17T09:14:59.337815161Z: + [ -f qemu-kernel-initrd.img ]
[STDERR  ] 2019-04-17T09:14:59.337830804Z: + [ -f qemu-kernel-cmdline ]
[STDERR  ] 2019-04-17T09:14:59.338143062Z: + + grep -q Welcome to LinuxKit
[STDERR  ] 2019-04-17T09:14:59.338339136Z: linuxkit run qemu -kernel qemu-kernel
[STDERR  ] 2019-04-17T09:15:33.810542506Z: + exit 0
[STDERR  ] 2019-04-17T09:15:33.810626485Z: + clean_up
[STDERR  ] 2019-04-17T09:15:33.810644167Z: + rm -rf qemu-kernel-cmdline qemu-kernel-initrd.img qemu-kernel-kernel qemu-kernel-state
[PASS    ] linuxkit.platforms.qemu.run_kernel+initrd 45.57s
