[INFO    ] 2018-01-02T14:40:25.075402071Z: Running Test linuxkit.platforms.qemu.run_iso in /tmp/build/test/cases/010_platforms/000_qemu/010_run_iso
[INFO    ] 2018-01-02T14:40:25.075520739Z: Running command: [/bin/sh -x /tmp/build/test/cases/010_platforms/000_qemu/010_run_iso/test.sh]
[STDERR  ] 2018-01-02T14:40:25.077095234Z: + set -e
[STDERR  ] 2018-01-02T14:40:25.077160084Z: + . /tmp/build/test/cases/_lib/lib.sh
[STDERR  ] 2018-01-02T14:40:25.077172461Z: + [ -f src/github.com/linuxkit/rtf/lib/lib.sh ]
[STDERR  ] 2018-01-02T14:40:25.077193946Z: + LINUXKIT_TMPDIR=/tmp/build/test/cases/_tmp
[STDERR  ] 2018-01-02T14:40:25.077204484Z: + [ -f /tmp/build/test/cases/_tmp/env.sh ]
[STDERR  ] 2018-01-02T14:40:25.077216761Z: + . /tmp/build/test/cases/_tmp/env.sh
[STDERR  ] 2018-01-02T14:40:25.077227081Z: + export LINUXKIT_EXAMPLES_DIR=/tmp/build/test/cases/../../examples
[STDERR  ] 2018-01-02T14:40:25.077238501Z: + export LINUXKIT_BLUEPRINTS_DIR=/tmp/build/test/cases/../../blueprints
[STDERR  ] 2018-01-02T14:40:25.077248769Z: + RT_CANCEL=253
[STDERR  ] 2018-01-02T14:40:25.077272347Z: + NAME=qemu-iso
[STDERR  ] 2018-01-02T14:40:25.077283204Z: + trap clean_up EXIT
[STDERR  ] 2018-01-02T14:40:25.077294301Z: + linuxkit build -format iso-bios -name qemu-iso test.yml
[STDERR  ] 2018-01-02T14:40:25.140118471Z: Extract kernel image: linuxkit/kernel:4.9.70
[STDERR  ] 2018-01-02T14:40:26.374055509Z: time="2018-01-02T14:40:26Z" level=warning msg="certificate with CN Justin Cormack is near expiry" 
[STDERR  ] 2018-01-02T14:40:26.374123354Z: time="2018-01-02T14:40:26Z" level=warning msg="certificate with CN  is near expiry" 
[STDERR  ] 2018-01-02T14:40:26.374186951Z: time="2018-01-02T14:40:26Z" level=warning msg="certificate with CN  is near expiry" 
[STDERR  ] 2018-01-02T14:40:26.468602475Z: time="2018-01-02T14:40:26Z" level=warning msg="certificate with CN Justin Cormack is near expiry" 
[STDERR  ] 2018-01-02T14:40:27.026809332Z: Add init containers:
[STDERR  ] 2018-01-02T14:40:27.026878548Z: Process init image: linuxkit/init:9250948d0de494df8a811edb3242b4584057cfe4
[STDERR  ] 2018-01-02T14:40:28.056662951Z: time="2018-01-02T14:40:28Z" level=warning msg="certificate with CN  is near expiry" 
[STDERR  ] 2018-01-02T14:40:28.056974497Z: time="2018-01-02T14:40:28Z" level=warning msg="certificate with CN Justin Cormack is near expiry" 
[STDERR  ] 2018-01-02T14:40:28.057130128Z: time="2018-01-02T14:40:28Z" level=warning msg="certificate with CN  is near expiry" 
[STDERR  ] 2018-01-02T14:40:28.061231676Z: time="2018-01-02T14:40:28Z" level=warning msg="certificate with CN Justin Cormack is near expiry" 
[STDERR  ] 2018-01-02T14:40:28.062780271Z: time="2018-01-02T14:40:28Z" level=warning msg="certificate with CN  is near expiry" 
[STDERR  ] 2018-01-02T14:40:28.252656019Z: Process init image: linuxkit/runc:abc3f292653e64a2fd488e9675ace19a55ec7023
[STDERR  ] 2018-01-02T14:40:29.284067275Z: time="2018-01-02T14:40:29Z" level=warning msg="certificate with CN  is near expiry" 
[STDERR  ] 2018-01-02T14:40:29.284129574Z: time="2018-01-02T14:40:29Z" level=warning msg="certificate with CN  is near expiry" 
[STDERR  ] 2018-01-02T14:40:29.284416343Z: time="2018-01-02T14:40:29Z" level=warning msg="certificate with CN Justin Cormack is near expiry" 
[STDERR  ] 2018-01-02T14:40:29.286612991Z: time="2018-01-02T14:40:29Z" level=warning msg="certificate with CN Justin Cormack is near expiry" 
[STDERR  ] 2018-01-02T14:40:29.288003204Z: time="2018-01-02T14:40:29Z" level=warning msg="certificate with CN  is near expiry" 
[STDERR  ] 2018-01-02T14:40:29.428006686Z: Add onboot containers:
[STDERR  ] 2018-01-02T14:40:29.428073793Z:   Create OCI config for linuxkit/poweroff:bccfe1cb04fc7bb9f03613d2314f38abd2620f29
[STDERR  ] 2018-01-02T14:40:30.480463651Z: time="2018-01-02T14:40:30Z" level=warning msg="certificate with CN Justin Cormack is near expiry" 
[STDERR  ] 2018-01-02T14:40:30.480686221Z: time="2018-01-02T14:40:30Z" level=warning msg="certificate with CN Rolf Neugebauer is near expiry" 
[STDERR  ] 2018-01-02T14:40:30.480783816Z: time="2018-01-02T14:40:30Z" level=warning msg="certificate with CN  is near expiry" 
[STDERR  ] 2018-01-02T14:40:30.480884675Z: time="2018-01-02T14:40:30Z" level=warning msg="certificate with CN  is near expiry" 
[STDERR  ] 2018-01-02T14:40:30.482636449Z: time="2018-01-02T14:40:30Z" level=warning msg="certificate with CN Rolf Neugebauer is near expiry" 
[STDERR  ] 2018-01-02T14:40:30.483315515Z: time="2018-01-02T14:40:30Z" level=warning msg="certificate with CN  is near expiry" 
[STDERR  ] 2018-01-02T14:40:30.65162705Z: Create outputs:
[STDERR  ] 2018-01-02T14:40:30.651675346Z:   qemu-iso.iso
[STDERR  ] 2018-01-02T14:40:40.381720556Z: + [ -f qemu-iso.iso ]
[STDERR  ] 2018-01-02T14:40:40.382741447Z: + + grep -q Welcome to LinuxKit
[STDERR  ] 2018-01-02T14:40:40.382889143Z: linuxkit run qemu -iso qemu-iso.iso
[STDERR  ] 2018-01-02T14:40:40.406730312Z: Unable to find qemu-system-x86_64 within the $PATH. Using a container
[STDERR  ] 2018-01-02T14:40:48.518734794Z: write /dev/stdout: broken pipe
[STDERR  ] 2018-01-02T14:40:48.520163892Z: time="2018-01-02T14:40:48Z" level=fatal msg="exit status 1" 
[STDERR  ] 2018-01-02T14:40:48.524069943Z: + exit 0
[STDERR  ] 2018-01-02T14:40:48.524119118Z: + clean_up
[STDERR  ] 2018-01-02T14:40:48.524130644Z: + rm -rf qemu-iso-state qemu-iso.iso
[PASS    ] linuxkit.platforms.qemu.run_iso 23.45s
