[INFO    ] 2018-01-13T09:19:24.141824868Z: Running Test linuxkit.build.examples.minimal in /tmp/build/test/cases/000_build/100_examples/000_minimal
[INFO    ] 2018-01-13T09:19:24.141901132Z: Running command: [/bin/sh -x /tmp/build/test/cases/000_build/100_examples/000_minimal/test.sh]
[STDERR  ] 2018-01-13T09:19:24.144026696Z: + set -e
[STDERR  ] 2018-01-13T09:19:24.144079672Z: + . /tmp/build/test/cases/_lib/lib.sh
[STDERR  ] 2018-01-13T09:19:24.144092509Z: + [ -f src/github.com/linuxkit/rtf/lib/lib.sh ]
[STDERR  ] 2018-01-13T09:19:24.144103919Z: + LINUXKIT_TMPDIR=/tmp/build/test/cases/_tmp
[STDERR  ] 2018-01-13T09:19:24.144114762Z: + [ -f /tmp/build/test/cases/_tmp/env.sh ]
[STDERR  ] 2018-01-13T09:19:24.14412448Z: + . /tmp/build/test/cases/_tmp/env.sh
[STDERR  ] 2018-01-13T09:19:24.144136132Z: + export LINUXKIT_EXAMPLES_DIR=/tmp/build/test/cases/../../examples
[STDERR  ] 2018-01-13T09:19:24.144152633Z: + export LINUXKIT_BLUEPRINTS_DIR=/tmp/build/test/cases/../../blueprints
[STDERR  ] 2018-01-13T09:19:24.144179024Z: + RT_CANCEL=253
[STDERR  ] 2018-01-13T09:19:24.144192104Z: + NAME=minimal
[STDERR  ] 2018-01-13T09:19:24.14420373Z: + trap clean_up EXIT
[STDERR  ] 2018-01-13T09:19:24.144213283Z: + linuxkit build /tmp/build/test/cases/../../examples/minimal.yml
[STDERR  ] 2018-01-13T09:19:24.189537216Z: Extract kernel image: linuxkit/kernel:4.9.75
[STDERR  ] 2018-01-13T09:19:25.33757791Z: time="2018-01-13T09:19:25Z" level=warning msg="certificate with CN Justin Cormack is near expiry"
[STDERR  ] 2018-01-13T09:19:25.337762101Z: time="2018-01-13T09:19:25Z" level=warning msg="certificate with CN  is near expiry"
[STDERR  ] 2018-01-13T09:19:25.337907703Z: time="2018-01-13T09:19:25Z" level=warning msg="certificate with CN  is near expiry"
[STDERR  ] 2018-01-13T09:19:25.37989882Z: time="2018-01-13T09:19:25Z" level=warning msg="certificate with CN Justin Cormack is near expiry"
[STDERR  ] 2018-01-13T09:19:25.744731826Z: Add init containers:
[STDERR  ] 2018-01-13T09:19:25.744783581Z: Process init image: linuxkit/init:5a577d070817b4f17821657823082651baafd4ed
[STDERR  ] 2018-01-13T09:19:26.77734023Z: time="2018-01-13T09:19:26Z" level=warning msg="certificate with CN  is near expiry"
[STDERR  ] 2018-01-13T09:19:26.777539915Z: time="2018-01-13T09:19:26Z" level=warning msg="certificate with CN Justin Cormack is near expiry"
[STDERR  ] 2018-01-13T09:19:26.777659657Z: time="2018-01-13T09:19:26Z" level=warning msg="certificate with CN  is near expiry"
[STDERR  ] 2018-01-13T09:19:26.781589632Z: time="2018-01-13T09:19:26Z" level=warning msg="certificate with CN Justin Cormack is near expiry"
[STDERR  ] 2018-01-13T09:19:26.783145725Z: time="2018-01-13T09:19:26Z" level=warning msg="certificate with CN  is near expiry"
[STDERR  ] 2018-01-13T09:19:26.954050714Z: Process init image: linuxkit/runc:abc3f292653e64a2fd488e9675ace19a55ec7023
[STDERR  ] 2018-01-13T09:19:27.976907657Z: time="2018-01-13T09:19:27Z" level=warning msg="certificate with CN Justin Cormack is near expiry"
[STDERR  ] 2018-01-13T09:19:27.976992479Z: time="2018-01-13T09:19:27Z" level=warning msg="certificate with CN  is near expiry"
[STDERR  ] 2018-01-13T09:19:27.977053035Z: time="2018-01-13T09:19:27Z" level=warning msg="certificate with CN  is near expiry"
[STDERR  ] 2018-01-13T09:19:27.979032609Z: time="2018-01-13T09:19:27Z" level=warning msg="certificate with CN Justin Cormack is near expiry"
[STDERR  ] 2018-01-13T09:19:27.980305347Z: time="2018-01-13T09:19:27Z" level=warning msg="certificate with CN  is near expiry"
[STDERR  ] 2018-01-13T09:19:28.128904735Z: Process init image: linuxkit/containerd:e58a382c33bb509ba3e0e8170dfaa5a100504c5b
[STDERR  ] 2018-01-13T09:19:29.229252793Z: time="2018-01-13T09:19:29Z" level=warning msg="certificate with CN Justin Cormack is near expiry"
[STDERR  ] 2018-01-13T09:19:29.229401704Z: time="2018-01-13T09:19:29Z" level=warning msg="certificate with CN  is near expiry"
[STDERR  ] 2018-01-13T09:19:29.229518408Z: time="2018-01-13T09:19:29Z" level=warning msg="certificate with CN  is near expiry"
[STDERR  ] 2018-01-13T09:19:29.229533363Z: time="2018-01-13T09:19:29Z" level=warning msg="certificate with CN  is near expiry"
[STDERR  ] 2018-01-13T09:19:29.233434555Z: time="2018-01-13T09:19:29Z" level=warning msg="certificate with CN Justin Cormack is near expiry"
[STDERR  ] 2018-01-13T09:19:29.24726653Z: time="2018-01-13T09:19:29Z" level=warning msg="certificate with CN  is near expiry"
[STDERR  ] 2018-01-13T09:19:29.596685878Z: Add onboot containers:
[STDERR  ] 2018-01-13T09:19:29.596722868Z:   Create OCI config for linuxkit/dhcpcd:0d59a6cc03412289ef4313f2491ec666c1715cc9
[STDERR  ] 2018-01-13T09:19:30.62181384Z: time="2018-01-13T09:19:30Z" level=warning msg="certificate with CN  is near expiry"
[STDERR  ] 2018-01-13T09:19:30.621877143Z: time="2018-01-13T09:19:30Z" level=warning msg="certificate with CN  is near expiry"
[STDERR  ] 2018-01-13T09:19:30.622022195Z: time="2018-01-13T09:19:30Z" level=warning msg="certificate with CN Justin Cormack is near expiry"
[STDERR  ] 2018-01-13T09:19:30.623137172Z: time="2018-01-13T09:19:30Z" level=warning msg="certificate with CN Justin Cormack is near expiry"
[STDERR  ] 2018-01-13T09:19:30.623683224Z: time="2018-01-13T09:19:30Z" level=warning msg="certificate with CN  is near expiry"
[STDERR  ] 2018-01-13T09:19:30.769470561Z: Add service containers:
[STDERR  ] 2018-01-13T09:19:30.76950662Z:   Create OCI config for linuxkit/getty:22e27189b6b354e1d5d38fc0536a5af3f2adb79f
[STDERR  ] 2018-01-13T09:19:32.391104203Z: time="2018-01-13T09:19:32Z" level=warning msg="certificate with CN  is near expiry"
[STDERR  ] 2018-01-13T09:19:32.391154399Z: time="2018-01-13T09:19:32Z" level=warning msg="certificate with CN Justin Cormack is near expiry"
[STDERR  ] 2018-01-13T09:19:32.391297875Z: time="2018-01-13T09:19:32Z" level=warning msg="certificate with CN  is near expiry"
[STDERR  ] 2018-01-13T09:19:32.479711806Z: time="2018-01-13T09:19:32Z" level=warning msg="certificate with CN  is near expiry"
[STDERR  ] 2018-01-13T09:19:32.566078235Z: time="2018-01-13T09:19:32Z" level=warning msg="certificate with CN Justin Cormack is near expiry"
[STDERR  ] 2018-01-13T09:19:32.747050247Z: time="2018-01-13T09:19:32Z" level=warning msg="certificate with CN  is near expiry"
[STDERR  ] 2018-01-13T09:19:32.756009958Z: Pull image: docker.io/linuxkit/getty:22e27189b6b354e1d5d38fc0536a5af3f2adb79f@sha256:9053b334292f5c71b2c5db9e949b3e98b89ec1520debcb547f295c52a252040f
[STDERR  ] 2018-01-13T09:19:36.512973089Z: Create outputs:
[STDERR  ] 2018-01-13T09:19:43.286202709Z:   minimal-kernel minimal-initrd.img minimal-cmdline
[STDERR  ] 2018-01-13T09:19:43.342427457Z: + exit 0
[STDERR  ] 2018-01-13T09:19:43.34247754Z: + clean_up
[STDERR  ] 2018-01-13T09:19:43.342492066Z: + rm -f minimal-cmdline minimal-initrd.img minimal-kernel
[PASS    ] linuxkit.build.examples.minimal 19.21s
