[INFO    ] 2018-04-09T14:50:15.494100567Z: Running Test linuxkit.platforms.qemu.run_iso in /tmp/with_clone3b17b2c/test/cases/010_platforms/000_qemu/010_run_iso
[INFO    ] 2018-04-09T14:50:15.494258861Z: Running command: [/bin/sh -x /tmp/with_clone3b17b2c/test/cases/010_platforms/000_qemu/010_run_iso/test.sh]
[STDERR  ] 2018-04-09T14:50:15.497043010Z: + set -e
[STDERR  ] 2018-04-09T14:50:15.497838741Z: + . /tmp/with_clone3b17b2c/test/cases/_lib/lib.sh
[STDERR  ] 2018-04-09T14:50:15.498210462Z: + [ -f src/github.com/linuxkit/rtf/lib/lib.sh ]
[STDERR  ] 2018-04-09T14:50:15.498498873Z: + LINUXKIT_TMPDIR=/tmp/with_clone3b17b2c/test/cases/_tmp
[STDERR  ] 2018-04-09T14:50:15.498679332Z: + [ -f /tmp/with_clone3b17b2c/test/cases/_tmp/env.sh ]
[STDERR  ] 2018-04-09T14:50:15.498826855Z: + . /tmp/with_clone3b17b2c/test/cases/_tmp/env.sh
[STDERR  ] 2018-04-09T14:50:15.499053145Z: + export LINUXKIT_EXAMPLES_DIR=/tmp/with_clone3b17b2c/test/cases/../../examples
[STDERR  ] 2018-04-09T14:50:15.499196626Z: + RT_CANCEL=253
[STDERR  ] 2018-04-09T14:50:15.499335493Z: + NAME=qemu-iso
[STDERR  ] 2018-04-09T14:50:15.499524490Z: + trap clean_up EXIT
[STDERR  ] 2018-04-09T14:50:15.499845198Z: + linuxkit build -format iso-bios -name qemu-iso test.yml
[STDERR  ] 2018-04-09T14:50:15.581931392Z: Extract kernel image: linuxkit/kernel:4.14.33
[STDERR  ] 2018-04-09T14:50:20.931490432Z: Add init containers:
[STDERR  ] 2018-04-09T14:50:20.931585021Z: Process init image: linuxkit/init:v0.3
[STDERR  ] 2018-04-09T14:50:22.829581123Z: Process init image: linuxkit/runc:v0.3
[STDERR  ] 2018-04-09T14:50:24.474706974Z: Add onboot containers:
[STDERR  ] 2018-04-09T14:50:24.474780130Z:   Create OCI config for linuxkit/poweroff:5740687bf0a6a0480922c0f59b3a4ca77c866cae
[STDERR  ] 2018-04-09T14:50:26.038023364Z: Create outputs:
[STDERR  ] 2018-04-09T14:50:26.038087005Z:   qemu-iso.iso
[STDERR  ] 2018-04-09T14:50:39.066120751Z: + [ -f qemu-iso.iso ]
[STDERR  ] 2018-04-09T14:50:39.066202829Z: + linuxkit run qemu -iso qemu-iso.iso
[STDERR  ] 2018-04-09T14:50:39.072062819Z: + grep -q Welcome to LinuxKit
[STDERR  ] 2018-04-09T14:50:55.357440000Z: main-loop: WARNING: I/O thread spun for 1000 iterations
[STDERR  ] 2018-04-09T14:51:26.940030128Z: + exit 0
[STDERR  ] 2018-04-09T14:51:26.940112365Z: + clean_up
[STDERR  ] 2018-04-09T14:51:26.940132289Z: + rm -rf qemu-iso-state qemu-iso.iso
[PASS    ] linuxkit.platforms.qemu.run_iso 71.50s
