[INFO    ] 2017-11-09T14:38:02.971149062Z: Running Test linuxkit.build.outputs.vmdk in /tmp/build/test/cases/000_build/000_outputs/007_vmdk
[INFO    ] 2017-11-09T14:38:02.971270679Z: Running command: [/bin/sh -x /tmp/build/test/cases/000_build/000_outputs/007_vmdk/test.sh]
[STDERR  ] 2017-11-09T14:38:02.972153153Z: + set -e
[STDERR  ] 2017-11-09T14:38:02.972218938Z: + . /tmp/build/test/cases/_lib/lib.sh
[STDERR  ] 2017-11-09T14:38:02.972228308Z: + [ -f src/github.com/linuxkit/rtf/lib/lib.sh ]
[STDERR  ] 2017-11-09T14:38:02.972235262Z: + LINUXKIT_TMPDIR=/tmp/build/test/cases/_tmp
[STDERR  ] 2017-11-09T14:38:02.972241833Z: + [ -f /tmp/build/test/cases/_tmp/env.sh ]
[STDERR  ] 2017-11-09T14:38:02.972249179Z: + . /tmp/build/test/cases/_tmp/env.sh
[STDERR  ] 2017-11-09T14:38:02.972269082Z: + export LINUXKIT_EXAMPLES_DIR=/tmp/build/test/cases/../../examples
[STDERR  ] 2017-11-09T14:38:02.972281273Z: + export LINUXKIT_BLUEPRINTS_DIR=/tmp/build/test/cases/../../blueprints
[STDERR  ] 2017-11-09T14:38:02.972289217Z: + RT_CANCEL=253
[STDERR  ] 2017-11-09T14:38:02.972295507Z: + NAME=check
[STDERR  ] 2017-11-09T14:38:02.9723027Z: + trap clean_up EXIT
[STDERR  ] 2017-11-09T14:38:02.972312456Z: + moby build -format vmdk -name check ../test.yml
[STDERR  ] 2017-11-09T14:38:02.983491793Z: Extract kernel image: linuxkit/kernel:4.9.60
[STDERR  ] 2017-11-09T14:38:04.874952606Z: Add init containers:
[STDERR  ] 2017-11-09T14:38:04.875020174Z: Process init image: linuxkit/init:42a92119e1ca10380e0d33e26c0cbcf85b9b3558
[STDERR  ] 2017-11-09T14:38:06.307939555Z: Process init image: linuxkit/runc:817fdc592eac6cb7804fa1721a43a7f6e23fb50f
[STDERR  ] 2017-11-09T14:38:07.585512981Z: Add onboot containers:
[STDERR  ] 2017-11-09T14:38:07.585571781Z:   Create OCI config for linuxkit/dhcpcd:48831507404049660b960e4055f544917d90378e
[STDERR  ] 2017-11-09T14:38:08.830182175Z: Create outputs:
[STDERR  ] 2017-11-09T14:38:13.222256291Z:   check.vmdk
[STDERR  ] 2017-11-09T14:38:52.874020576Z: + [ -f check.vmdk ]
[STDERR  ] 2017-11-09T14:38:52.874111435Z: + exit 0
[STDERR  ] 2017-11-09T14:38:52.874122072Z: + clean_up
[STDERR  ] 2017-11-09T14:38:52.874131761Z: + rm -f check.vmdk
[PASS    ] linuxkit.build.outputs.vmdk 49.91s
