[INFO    ] 2019-01-17T23:17:06.701173749Z: Running Test linuxkit.build.examples.redis in /tmp/build/test/cases/000_build/100_examples/030_redis
[INFO    ] 2019-01-17T23:17:06.701324457Z: Running command: [/bin/sh -x /tmp/build/test/cases/000_build/100_examples/030_redis/test.sh]
[STDERR  ] 2019-01-17T23:17:06.702056239Z: + set -e
[STDERR  ] 2019-01-17T23:17:06.702125420Z: + . /tmp/build/test/cases/_lib/lib.sh
[STDERR  ] 2019-01-17T23:17:06.702141965Z: + [ -f src/github.com/linuxkit/rtf/lib/lib.sh ]
[STDERR  ] 2019-01-17T23:17:06.702155761Z: + LINUXKIT_TMPDIR=/tmp/build/test/cases/_tmp
[STDERR  ] 2019-01-17T23:17:06.702169202Z: + [ -f /tmp/build/test/cases/_tmp/env.sh ]
[STDERR  ] 2019-01-17T23:17:06.702181568Z: + . /tmp/build/test/cases/_tmp/env.sh
[STDERR  ] 2019-01-17T23:17:06.702195595Z: + export LINUXKIT_EXAMPLES_DIR=/tmp/build/test/cases/../../examples
[STDERR  ] 2019-01-17T23:17:06.702210577Z: + RT_CANCEL=253
[STDERR  ] 2019-01-17T23:17:06.702224567Z: + NAME=redis-os
[STDERR  ] 2019-01-17T23:17:06.702237286Z: + trap clean_up EXIT
[STDERR  ] 2019-01-17T23:17:06.702251662Z: + linuxkit build /tmp/build/test/cases/../../examples/redis-os.yml
[STDERR  ] 2019-01-17T23:17:06.730954752Z: Extract kernel image: linuxkit/kernel:4.14.88
[STDERR  ] 2019-01-17T23:17:08.617121874Z: Add init containers:
[STDERR  ] 2019-01-17T23:17:08.617188134Z: Process init image: linuxkit/init:c563953a2277eb73a89d89f70e4b6dcdcfebc2d1
[STDERR  ] 2019-01-17T23:17:09.779717786Z: Process init image: linuxkit/runc:83d0edb4552b1a5df1f0976f05f442829eac38fe
[STDERR  ] 2019-01-17T23:17:10.900452315Z: Process init image: linuxkit/containerd:326b096cd5fbab0f864e52721d036cade67599d6
[STDERR  ] 2019-01-17T23:17:12.099641183Z: Add onboot containers:
[STDERR  ] 2019-01-17T23:17:12.099695206Z:   Create OCI config for linuxkit/dhcpcd:v0.6
[STDERR  ] 2019-01-17T23:17:13.285287170Z: Add service containers:
[STDERR  ] 2019-01-17T23:17:13.285391346Z:   Create OCI config for linuxkit/getty:2eb742cd7a68e14cf50577c02f30147bc406e478
[STDERR  ] 2019-01-17T23:17:14.696652120Z:   Create OCI config for redis:4.0.5-alpine
[STDERR  ] 2019-01-17T23:17:16.127073587Z: Pull image: docker.io/library/redis:4.0.5-alpine@sha256:e7775fbdf73827d741596774b609642ad53bc67885b3f3bccbf720584b85e818
[STDERR  ] 2019-01-17T23:17:19.253286465Z: Create outputs:
[STDERR  ] 2019-01-17T23:17:29.678587870Z:   redis-os-kernel redis-os-initrd.img redis-os-cmdline
[STDERR  ] 2019-01-17T23:17:29.770674294Z: + exit 0
[STDERR  ] 2019-01-17T23:17:29.770734665Z: + clean_up
[STDERR  ] 2019-01-17T23:17:29.770749541Z: + rm -f redis-os-cmdline redis-os-initrd.img redis-os-kernel
[PASS    ] linuxkit.build.examples.redis 23.08s
