[INFO    ] 2018-12-14T11:09:49.719227945Z: Running Test linuxkit.build.formats.aws in /tmp/with_clone22bbc9db/test/cases/000_build/000_formats/004_aws
[INFO    ] 2018-12-14T11:09:49.719521269Z: Running command: [/bin/sh -x /tmp/with_clone22bbc9db/test/cases/000_build/000_formats/004_aws/test.sh]
[STDERR  ] 2018-12-14T11:09:49.720657812Z: + set -e
[STDERR  ] 2018-12-14T11:09:49.720762522Z: + . /tmp/with_clone22bbc9db/test/cases/_lib/lib.sh
[STDERR  ] 2018-12-14T11:09:49.720811069Z: + [ -f src/github.com/linuxkit/rtf/lib/lib.sh ]
[STDERR  ] 2018-12-14T11:09:49.720842009Z: + LINUXKIT_TMPDIR=/tmp/with_clone22bbc9db/test/cases/_tmp
[STDERR  ] 2018-12-14T11:09:49.720891421Z: + [ -f /tmp/with_clone22bbc9db/test/cases/_tmp/env.sh ]
[STDERR  ] 2018-12-14T11:09:49.720924905Z: + . /tmp/with_clone22bbc9db/test/cases/_tmp/env.sh
[STDERR  ] 2018-12-14T11:09:49.720959646Z: + export LINUXKIT_EXAMPLES_DIR=/tmp/with_clone22bbc9db/test/cases/../../examples
[STDERR  ] 2018-12-14T11:09:49.720992742Z: + RT_CANCEL=253
[STDERR  ] 2018-12-14T11:09:49.721028286Z: + NAME=check
[STDERR  ] 2018-12-14T11:09:49.721068028Z: + trap clean_up EXIT
[STDERR  ] 2018-12-14T11:09:49.721098405Z: + linuxkit build -format aws -name check ../test.yml
[STDERR  ] 2018-12-14T11:09:49.762869441Z: Building LinuxKit image mkimage to generate output formats
[STDERR  ] 2018-12-14T11:09:49.765329110Z: Extract kernel image: linuxkit/kernel:4.9.39
[STDERR  ] 2018-12-14T11:09:52.967446301Z: Add init containers:
[STDERR  ] 2018-12-14T11:09:52.967564337Z: Process init image: linuxkit/init:c563953a2277eb73a89d89f70e4b6dcdcfebc2d1
[STDERR  ] 2018-12-14T11:09:54.735313057Z: Process init image: linuxkit/runc:83d0edb4552b1a5df1f0976f05f442829eac38fe
[STDERR  ] 2018-12-14T11:09:56.335330635Z: Add onboot containers:
[STDERR  ] 2018-12-14T11:09:56.335436454Z:   Create OCI config for linuxkit/mkimage:v0.6
[STDERR  ] 2018-12-14T11:09:58.111590261Z:   Create OCI config for linuxkit/poweroff:afe8f7dd0d47a7991c54519b0f09124cb8c4e300
[STDERR  ] 2018-12-14T11:10:04.530096892Z: Extract kernel image: linuxkit/kernel:4.14.88
[STDERR  ] 2018-12-14T11:10:09.187315211Z: Add init containers:
[STDERR  ] 2018-12-14T11:10:09.187409263Z: Process init image: linuxkit/init:c563953a2277eb73a89d89f70e4b6dcdcfebc2d1
[STDERR  ] 2018-12-14T11:10:10.943460313Z: Process init image: linuxkit/runc:83d0edb4552b1a5df1f0976f05f442829eac38fe
[STDERR  ] 2018-12-14T11:10:12.515513062Z: Add onboot containers:
[STDERR  ] 2018-12-14T11:10:12.515687308Z:   Create OCI config for linuxkit/dhcpcd:v0.6
[STDERR  ] 2018-12-14T11:10:14.107741506Z: Create outputs:
[STDERR  ] 2018-12-14T11:10:14.107837161Z:   check.raw
[STDERR  ] 2018-12-14T11:11:40.511520158Z: + [ -f check.raw ]
[STDERR  ] 2018-12-14T11:11:40.511741209Z: + exit 0
[STDERR  ] 2018-12-14T11:11:40.511775287Z: + clean_up
[STDERR  ] 2018-12-14T11:11:40.511853676Z: + rm -f check.raw
[PASS    ] linuxkit.build.formats.aws 110.80s
