[INFO    ] 2017-11-13T11:22:03.985964853Z: Running Test linuxkit.build.outputs.raw_bios in /tmp/with_clone28bc1d16/test/cases/000_build/000_outputs/008_raw_bios
[INFO    ] 2017-11-13T11:22:03.986096402Z: Running command: [/bin/sh -x /tmp/with_clone28bc1d16/test/cases/000_build/000_outputs/008_raw_bios/test.sh]
[STDERR  ] 2017-11-13T11:22:03.986589375Z: + set -e
[STDERR  ] 2017-11-13T11:22:03.986647403Z: + . /tmp/with_clone28bc1d16/test/cases/_lib/lib.sh
[STDERR  ] 2017-11-13T11:22:03.986661789Z: + [ -f src/github.com/linuxkit/rtf/lib/lib.sh ]
[STDERR  ] 2017-11-13T11:22:03.986692433Z: + LINUXKIT_TMPDIR=/tmp/with_clone28bc1d16/test/cases/_tmp
[STDERR  ] 2017-11-13T11:22:03.986709313Z: + [ -f /tmp/with_clone28bc1d16/test/cases/_tmp/env.sh ]
[STDERR  ] 2017-11-13T11:22:03.986722997Z: + . /tmp/with_clone28bc1d16/test/cases/_tmp/env.sh
[STDERR  ] 2017-11-13T11:22:03.986736304Z: + export LINUXKIT_EXAMPLES_DIR=/tmp/with_clone28bc1d16/test/cases/../../examples
[STDERR  ] 2017-11-13T11:22:03.98675067Z: + export LINUXKIT_BLUEPRINTS_DIR=/tmp/with_clone28bc1d16/test/cases/../../blueprints
[STDERR  ] 2017-11-13T11:22:03.986763553Z: + RT_CANCEL=253
[STDERR  ] 2017-11-13T11:22:03.98677636Z: + NAME=check
[STDERR  ] 2017-11-13T11:22:03.986788393Z: + trap clean_up EXIT
[STDERR  ] 2017-11-13T11:22:03.986801249Z: + moby build -format raw-bios -name check ../test.yml
[STDERR  ] 2017-11-13T11:22:03.9977274Z: Extract kernel image: linuxkit/kernel:4.9.60
[STDERR  ] 2017-11-13T11:22:11.305863005Z: Add init containers:
[STDERR  ] 2017-11-13T11:22:11.30595559Z: Process init image: linuxkit/init:42a92119e1ca10380e0d33e26c0cbcf85b9b3558
[STDERR  ] 2017-11-13T11:22:13.700083427Z: Process init image: linuxkit/runc:817fdc592eac6cb7804fa1721a43a7f6e23fb50f
[STDERR  ] 2017-11-13T11:22:15.474860437Z: Add onboot containers:
[STDERR  ] 2017-11-13T11:22:15.47673862Z:   Create OCI config for linuxkit/dhcpcd:48831507404049660b960e4055f544917d90378e
[STDERR  ] 2017-11-13T11:22:17.025502689Z: Create outputs:
[STDERR  ] 2017-11-13T11:22:21.124651658Z:   check-bios.img
[STDERR  ] 2017-11-13T11:22:35.141362647Z: + [ -f check-bios.img ]
[STDERR  ] 2017-11-13T11:22:35.142777139Z: + exit 0
[STDERR  ] 2017-11-13T11:22:35.142794561Z: + clean_up
[STDERR  ] 2017-11-13T11:22:35.142806848Z: + rm -f check-bios.img
[PASS    ] linuxkit.build.outputs.raw_bios 31.17s
