[INFO    ] 2018-01-19T15:38:18.043846048Z: Running Test linuxkit.build.examples.tpm in /tmp/build/test/cases/000_build/100_examples/060_tpm
[INFO    ] 2018-01-19T15:38:18.043976756Z: Running command: [/bin/sh -x /tmp/build/test/cases/000_build/100_examples/060_tpm/test.sh]
[STDERR  ] 2018-01-19T15:38:18.044681517Z: + set -e
[STDERR  ] 2018-01-19T15:38:18.044729844Z: + . /tmp/build/test/cases/_lib/lib.sh
[STDERR  ] 2018-01-19T15:38:18.0447442Z: + [ -f src/github.com/linuxkit/rtf/lib/lib.sh ]
[STDERR  ] 2018-01-19T15:38:18.04477056Z: + LINUXKIT_TMPDIR=/tmp/build/test/cases/_tmp
[STDERR  ] 2018-01-19T15:38:18.044784324Z: + [ -f /tmp/build/test/cases/_tmp/env.sh ]
[STDERR  ] 2018-01-19T15:38:18.044793335Z: + . /tmp/build/test/cases/_tmp/env.sh
[STDERR  ] 2018-01-19T15:38:18.044802545Z: + export LINUXKIT_EXAMPLES_DIR=/tmp/build/test/cases/../../examples
[STDERR  ] 2018-01-19T15:38:18.044812562Z: + RT_CANCEL=253
[STDERR  ] 2018-01-19T15:38:18.044824922Z: + NAME=tpm
[STDERR  ] 2018-01-19T15:38:18.044835125Z: + trap clean_up EXIT
[STDERR  ] 2018-01-19T15:38:18.044844919Z: + linuxkit build /tmp/build/test/cases/../../examples/tpm.yml
[STDERR  ] 2018-01-19T15:38:18.137513376Z: Extract kernel image: linuxkit/kernel:4.9.38
[STDERR  ] 2018-01-19T15:38:19.283091274Z: time="2018-01-19T15:38:19Z" level=warning msg="certificate with CN Justin Cormack is near expiry"
[STDERR  ] 2018-01-19T15:38:19.283150045Z: time="2018-01-19T15:38:19Z" level=warning msg="certificate with CN  is near expiry"
[STDERR  ] 2018-01-19T15:38:19.283260097Z: time="2018-01-19T15:38:19Z" level=warning msg="certificate with CN  is near expiry"
[STDERR  ] 2018-01-19T15:38:19.331306827Z: time="2018-01-19T15:38:19Z" level=warning msg="certificate with CN Justin Cormack is near expiry"
[STDERR  ] 2018-01-19T15:38:19.355645788Z: Pull image: docker.io/linuxkit/kernel:4.9.38@sha256:bac72b069e1e48061fc1342dfc0f8342a63403a7e5adddd84ae50279fdd98057
[STDERR  ] 2018-01-19T15:38:24.151886119Z: Add init containers:
[STDERR  ] 2018-01-19T15:38:24.151948183Z: Process init image: linuxkit/init:be8756f0a6005279d2409a8790b4dd8b2ac11df9
[STDERR  ] 2018-01-19T15:38:25.183209598Z: time="2018-01-19T15:38:25Z" level=warning msg="certificate with CN  is near expiry"
[STDERR  ] 2018-01-19T15:38:25.183586986Z: time="2018-01-19T15:38:25Z" level=warning msg="certificate with CN Justin Cormack is near expiry"
[STDERR  ] 2018-01-19T15:38:25.183762052Z: time="2018-01-19T15:38:25Z" level=warning msg="certificate with CN  is near expiry"
[STDERR  ] 2018-01-19T15:38:25.188663262Z: time="2018-01-19T15:38:25Z" level=warning msg="certificate with CN Justin Cormack is near expiry"
[STDERR  ] 2018-01-19T15:38:25.190395243Z: time="2018-01-19T15:38:25Z" level=warning msg="certificate with CN  is near expiry"
[STDERR  ] 2018-01-19T15:38:25.36055716Z: Process init image: linuxkit/runc:7b15b00b4e3507d62e3ed8d44dfe650561cd35ff
[STDERR  ] 2018-01-19T15:38:26.386526361Z: time="2018-01-19T15:38:26Z" level=warning msg="certificate with CN Justin Cormack is near expiry"
[STDERR  ] 2018-01-19T15:38:26.386681503Z: time="2018-01-19T15:38:26Z" level=warning msg="certificate with CN  is near expiry"
[STDERR  ] 2018-01-19T15:38:26.386803823Z: time="2018-01-19T15:38:26Z" level=warning msg="certificate with CN  is near expiry"
[STDERR  ] 2018-01-19T15:38:26.388881361Z: time="2018-01-19T15:38:26Z" level=warning msg="certificate with CN Justin Cormack is near expiry"
[STDERR  ] 2018-01-19T15:38:26.390292315Z: time="2018-01-19T15:38:26Z" level=warning msg="certificate with CN  is near expiry"
[STDERR  ] 2018-01-19T15:38:26.571856399Z: Process init image: linuxkit/containerd:78706a05d00a7385ff2b6b7db280041338e4b34a
[STDERR  ] 2018-01-19T15:38:27.626035282Z: time="2018-01-19T15:38:27Z" level=warning msg="certificate with CN  is near expiry"
[STDERR  ] 2018-01-19T15:38:27.626328618Z: time="2018-01-19T15:38:27Z" level=warning msg="certificate with CN Justin Cormack is near expiry"
[STDERR  ] 2018-01-19T15:38:27.626494524Z: time="2018-01-19T15:38:27Z" level=warning msg="certificate with CN  is near expiry"
[STDERR  ] 2018-01-19T15:38:27.626606447Z: time="2018-01-19T15:38:27Z" level=warning msg="certificate with CN  is near expiry"
[STDERR  ] 2018-01-19T15:38:27.629796604Z: time="2018-01-19T15:38:27Z" level=warning msg="certificate with CN Justin Cormack is near expiry"
[STDERR  ] 2018-01-19T15:38:27.631389884Z: time="2018-01-19T15:38:27Z" level=warning msg="certificate with CN  is near expiry"
[STDERR  ] 2018-01-19T15:38:27.852454655Z: Process init image: linuxkit/ca-certificates:de21b84d9b055ad9dcecc57965b654a7a24ef8e0
[STDERR  ] 2018-01-19T15:38:28.882160393Z: time="2018-01-19T15:38:28Z" level=warning msg="certificate with CN Justin Cormack is near expiry"
[STDERR  ] 2018-01-19T15:38:28.882354976Z: time="2018-01-19T15:38:28Z" level=warning msg="certificate with CN  is near expiry"
[STDERR  ] 2018-01-19T15:38:28.883589462Z: time="2018-01-19T15:38:28Z" level=warning msg="certificate with CN Justin Cormack is near expiry"
[STDERR  ] 2018-01-19T15:38:28.884700537Z: time="2018-01-19T15:38:28Z" level=warning msg="certificate with CN  is near expiry"
[STDERR  ] 2018-01-19T15:38:29.016687816Z: Add onboot containers:
[STDERR  ] 2018-01-19T15:38:29.016753232Z:   Create OCI config for linuxkit/sysctl:4d6cdb119b1e6b0606b35a2f6b28edf5088beb12
[STDERR  ] 2018-01-19T15:38:30.046297182Z: time="2018-01-19T15:38:30Z" level=warning msg="certificate with CN Justin Cormack is near expiry"
[STDERR  ] 2018-01-19T15:38:30.046461186Z: time="2018-01-19T15:38:30Z" level=warning msg="certificate with CN  is near expiry"
[STDERR  ] 2018-01-19T15:38:30.046559565Z: time="2018-01-19T15:38:30Z" level=warning msg="certificate with CN  is near expiry"
[STDERR  ] 2018-01-19T15:38:30.049376479Z: time="2018-01-19T15:38:30Z" level=warning msg="certificate with CN Justin Cormack is near expiry"
[STDERR  ] 2018-01-19T15:38:30.050170834Z: time="2018-01-19T15:38:30Z" level=warning msg="certificate with CN  is near expiry"
[STDERR  ] 2018-01-19T15:38:30.197696647Z:   Create OCI config for linuxkit/dhcpcd:0d59a6cc03412289ef4313f2491ec666c1715cc9
[STDERR  ] 2018-01-19T15:38:31.238435451Z: time="2018-01-19T15:38:31Z" level=warning msg="certificate with CN Justin Cormack is near expiry"
[STDERR  ] 2018-01-19T15:38:31.238593159Z: time="2018-01-19T15:38:31Z" level=warning msg="certificate with CN  is near expiry"
[STDERR  ] 2018-01-19T15:38:31.238733592Z: time="2018-01-19T15:38:31Z" level=warning msg="certificate with CN  is near expiry"
[STDERR  ] 2018-01-19T15:38:31.240056941Z: time="2018-01-19T15:38:31Z" level=warning msg="certificate with CN Justin Cormack is near expiry"
[STDERR  ] 2018-01-19T15:38:31.240694555Z: time="2018-01-19T15:38:31Z" level=warning msg="certificate with CN  is near expiry"
[STDERR  ] 2018-01-19T15:38:31.425023936Z: Add service containers:
[STDERR  ] 2018-01-19T15:38:31.425089011Z:   Create OCI config for linuxkit/getty:22e27189b6b354e1d5d38fc0536a5af3f2adb79f
[STDERR  ] 2018-01-19T15:38:32.458446592Z: time="2018-01-19T15:38:32Z" level=warning msg="certificate with CN  is near expiry"
[STDERR  ] 2018-01-19T15:38:32.459050112Z: time="2018-01-19T15:38:32Z" level=warning msg="certificate with CN  is near expiry"
[STDERR  ] 2018-01-19T15:38:32.459299588Z: time="2018-01-19T15:38:32Z" level=warning msg="certificate with CN Justin Cormack is near expiry"
[STDERR  ] 2018-01-19T15:38:32.464912559Z: time="2018-01-19T15:38:32Z" level=warning msg="certificate with CN  is near expiry"
[STDERR  ] 2018-01-19T15:38:32.465881476Z: time="2018-01-19T15:38:32Z" level=warning msg="certificate with CN Justin Cormack is near expiry"
[STDERR  ] 2018-01-19T15:38:32.467349145Z: time="2018-01-19T15:38:32Z" level=warning msg="certificate with CN  is near expiry"
[STDERR  ] 2018-01-19T15:38:32.896742649Z:   Create OCI config for linuxkit/tss:f0ef7a1e58951edff84e77edf22096cda798feb0
[STDERR  ] 2018-01-19T15:38:34.270974606Z: time="2018-01-19T15:38:34Z" level=warning msg="certificate with CN  is near expiry"
[STDERR  ] 2018-01-19T15:38:34.271038054Z: time="2018-01-19T15:38:34Z" level=warning msg="certificate with CN  is near expiry"
[STDERR  ] 2018-01-19T15:38:34.271172963Z: time="2018-01-19T15:38:34Z" level=warning msg="certificate with CN Justin Cormack is near expiry"
[STDERR  ] 2018-01-19T15:38:34.271410802Z: time="2018-01-19T15:38:34Z" level=warning msg="certificate with CN Rolf Neugebauer is near expiry"
[STDERR  ] 2018-01-19T15:38:34.358838074Z: time="2018-01-19T15:38:34Z" level=warning msg="certificate with CN  is near expiry"
[STDERR  ] 2018-01-19T15:38:34.445812148Z: time="2018-01-19T15:38:34Z" level=warning msg="certificate with CN  is near expiry"
[STDERR  ] 2018-01-19T15:38:34.532729824Z: time="2018-01-19T15:38:34Z" level=warning msg="certificate with CN Rolf Neugebauer is near expiry"
[STDERR  ] 2018-01-19T15:38:34.545217194Z: Pull image: docker.io/linuxkit/tss:f0ef7a1e58951edff84e77edf22096cda798feb0@sha256:9ad4545190dfae504bd5069dc4c52c3b6fc506ef2cfe17768c2b75bd0249dec2
[STDERR  ] 2018-01-19T15:38:37.244880651Z:   Create OCI config for linuxkit/rngd:94e01a4b16fadb053455cdc2269c4eb0b39199cd
[STDERR  ] 2018-01-19T15:38:38.284040803Z: time="2018-01-19T15:38:38Z" level=warning msg="certificate with CN  is near expiry"
[STDERR  ] 2018-01-19T15:38:38.284320867Z: time="2018-01-19T15:38:38Z" level=warning msg="certificate with CN Justin Cormack is near expiry"
[STDERR  ] 2018-01-19T15:38:38.284365451Z: time="2018-01-19T15:38:38Z" level=warning msg="certificate with CN  is near expiry"
[STDERR  ] 2018-01-19T15:38:38.28582533Z: time="2018-01-19T15:38:38Z" level=warning msg="certificate with CN Justin Cormack is near expiry"
[STDERR  ] 2018-01-19T15:38:38.286456837Z: time="2018-01-19T15:38:38Z" level=warning msg="certificate with CN  is near expiry"
[STDERR  ] 2018-01-19T15:38:38.424950303Z: Add files:
[STDERR  ] 2018-01-19T15:38:38.424996388Z:   etc/getty.shadow
[STDERR  ] 2018-01-19T15:38:38.425006681Z: Create outputs:
[STDERR  ] 2018-01-19T15:38:46.21189385Z:   tpm-kernel tpm-initrd.img tpm-cmdline
[STDERR  ] 2018-01-19T15:38:46.275388553Z: + exit 0
[STDERR  ] 2018-01-19T15:38:46.275443569Z: + clean_up
[STDERR  ] 2018-01-19T15:38:46.275456886Z: + rm -f tpm-cmdline tpm-initrd.img tpm-kernel
[PASS    ] linuxkit.build.examples.tpm 28.24s
