[INFO    ] 2017-08-31T12:36:32.139056476Z: Running Test linuxkit.build.examples.redis in /tmp/build/test/cases/000_build/100_examples/030_redis
[INFO    ] 2017-08-31T12:36:32.139154134Z: Running command: [/bin/sh -x /tmp/build/test/cases/000_build/100_examples/030_redis/test.sh]
[STDERR  ] 2017-08-31T12:36:32.153958868Z: + set -e
[STDERR  ] 2017-08-31T12:36:32.154089709Z: + . /tmp/build/test/cases/_lib/lib.sh
[STDERR  ] 2017-08-31T12:36:32.15410151Z: + [ -f src/github.com/linuxkit/rtf/lib/lib.sh ]
[STDERR  ] 2017-08-31T12:36:32.154107748Z: + LINUXKIT_TMPDIR=/tmp/build/test/cases/_tmp
[STDERR  ] 2017-08-31T12:36:32.154113921Z: + [ -f /tmp/build/test/cases/_tmp/env.sh ]
[STDERR  ] 2017-08-31T12:36:32.154119919Z: + . /tmp/build/test/cases/_tmp/env.sh
[STDERR  ] 2017-08-31T12:36:32.154127896Z: + export LINUXKIT_EXAMPLES_DIR=/tmp/build/test/cases/../../examples
[STDERR  ] 2017-08-31T12:36:32.154138234Z: + export LINUXKIT_BLUEPRINTS_DIR=/tmp/build/test/cases/../../blueprints
[STDERR  ] 2017-08-31T12:36:32.154154413Z: + RT_CANCEL=253
[STDERR  ] 2017-08-31T12:36:32.154166384Z: + IMAGE_NAME=redis-os
[STDERR  ] 2017-08-31T12:36:32.154179075Z: + trap clean_up EXIT
[STDERR  ] 2017-08-31T12:36:32.154188845Z: + moby build /tmp/build/test/cases/../../examples/redis-os.yml
[STDERR  ] 2017-08-31T12:36:32.176079027Z: Extract kernel image: linuxkit/kernel:4.9.44
[STDERR  ] 2017-08-31T12:36:33.955772609Z: Add init containers:
[STDERR  ] 2017-08-31T12:36:33.955854177Z: Process init image: linuxkit/init:438d377802498afb3a6ed2a86175ab4beb07a31a
[STDERR  ] 2017-08-31T12:36:35.282885917Z: Process init image: linuxkit/runc:a1b564248a0d0b118c11e61db9f84ecf41dd2d2a
[STDERR  ] 2017-08-31T12:36:36.548407435Z: Process init image: linuxkit/containerd:8e4aa6c09e9bceee8300a315c23e0333e187f5fa
[STDERR  ] 2017-08-31T12:36:38.139482068Z: Add onboot containers:
[STDERR  ] 2017-08-31T12:36:38.139587659Z:   Create OCI config for linuxkit/dhcpcd:f3f5413abb78fae9020e35bd4788fa93df4530b7
[STDERR  ] 2017-08-31T12:36:39.388061121Z: Add service containers:
[STDERR  ] 2017-08-31T12:36:39.388126129Z:   Create OCI config for linuxkit/getty:797cb79e0a229fcd16ebf44a0da74bcec03968ec
[STDERR  ] 2017-08-31T12:36:40.762825269Z:   Create OCI config for redis:3.0.7-alpine
[STDERR  ] 2017-08-31T12:36:42.117440596Z: Pull image: docker.io/library/redis:3.0.7-alpine@sha256:350469b395eac82395f9e59d7b7b90f7d23fe0838965e56400739dec3afa60de
[STDERR  ] 2017-08-31T12:36:45.734968012Z: Create outputs:
[STDERR  ] 2017-08-31T12:36:54.459659425Z:   redis-os-kernel redis-os-initrd.img redis-os-cmdline
[STDERR  ] 2017-08-31T12:36:54.539950766Z: + exit 0
[STDERR  ] 2017-08-31T12:36:54.540004729Z: + clean_up
[STDERR  ] 2017-08-31T12:36:54.540015515Z: + rm -rf redis-os-cmdline redis-os-initrd.img redis-os-kernel
[PASS    ] linuxkit.build.examples.redis 22.41s
