[INFO    ] 2019-01-04T10:03:08.994705650Z: Running Test linuxkit.build.formats.qcow2_bios in /tmp/with_clone15bb6e3c/test/cases/000_build/000_formats/010_qcow2_bios
[INFO    ] 2019-01-04T10:03:08.994938133Z: Running command: [/bin/sh -x /tmp/with_clone15bb6e3c/test/cases/000_build/000_formats/010_qcow2_bios/test.sh]
[STDERR  ] 2019-01-04T10:03:08.995877443Z: + set -e
[STDERR  ] 2019-01-04T10:03:08.995974947Z: + . /tmp/with_clone15bb6e3c/test/cases/_lib/lib.sh
[STDERR  ] 2019-01-04T10:03:08.996004668Z: + [ -f src/github.com/linuxkit/rtf/lib/lib.sh ]
[STDERR  ] 2019-01-04T10:03:08.996033466Z: + LINUXKIT_TMPDIR=/tmp/with_clone15bb6e3c/test/cases/_tmp
[STDERR  ] 2019-01-04T10:03:08.996073413Z: + [ -f /tmp/with_clone15bb6e3c/test/cases/_tmp/env.sh ]
[STDERR  ] 2019-01-04T10:03:08.996103010Z: + . /tmp/with_clone15bb6e3c/test/cases/_tmp/env.sh
[STDERR  ] 2019-01-04T10:03:08.996136314Z: + export LINUXKIT_EXAMPLES_DIR=/tmp/with_clone15bb6e3c/test/cases/../../examples
[STDERR  ] 2019-01-04T10:03:08.996168777Z: + RT_CANCEL=253
[STDERR  ] 2019-01-04T10:03:08.996197435Z: + NAME=check
[STDERR  ] 2019-01-04T10:03:08.996222835Z: + trap clean_up EXIT
[STDERR  ] 2019-01-04T10:03:08.996254193Z: + linuxkit build -format qcow2-bios -name check ../test.yml
[STDERR  ] 2019-01-04T10:03:09.038836185Z: Building LinuxKit image mkimage to generate output formats
[STDERR  ] 2019-01-04T10:03:09.040671527Z: Extract kernel image: linuxkit/kernel:4.9.39
[STDERR  ] 2019-01-04T10:03:12.051328332Z: Add init containers:
[STDERR  ] 2019-01-04T10:03:12.051442374Z: Process init image: linuxkit/init:c563953a2277eb73a89d89f70e4b6dcdcfebc2d1
[STDERR  ] 2019-01-04T10:03:13.743371226Z: Process init image: linuxkit/runc:83d0edb4552b1a5df1f0976f05f442829eac38fe
[STDERR  ] 2019-01-04T10:03:15.343367327Z: Add onboot containers:
[STDERR  ] 2019-01-04T10:03:15.343472725Z:   Create OCI config for linuxkit/mkimage:v0.6
[STDERR  ] 2019-01-04T10:03:17.033617470Z:   Create OCI config for linuxkit/poweroff:afe8f7dd0d47a7991c54519b0f09124cb8c4e300
[STDERR  ] 2019-01-04T10:03:23.421121972Z: Extract kernel image: linuxkit/kernel:4.14.91
[STDERR  ] 2019-01-04T10:03:28.039429039Z: Add init containers:
[STDERR  ] 2019-01-04T10:03:28.039533176Z: Process init image: linuxkit/init:c563953a2277eb73a89d89f70e4b6dcdcfebc2d1
[STDERR  ] 2019-01-04T10:03:29.759462668Z: Process init image: linuxkit/runc:83d0edb4552b1a5df1f0976f05f442829eac38fe
[STDERR  ] 2019-01-04T10:03:31.303368375Z: Add onboot containers:
[STDERR  ] 2019-01-04T10:03:31.303459950Z:   Create OCI config for linuxkit/dhcpcd:v0.6
[STDERR  ] 2019-01-04T10:03:32.815813837Z: Create outputs:
[STDERR  ] 2019-01-04T10:03:32.815918970Z:   check.qcow2
[STDERR  ] 2019-01-04T10:05:00.735645572Z: + [ -f check.qcow2 ]
[STDERR  ] 2019-01-04T10:05:00.736939177Z: + exit 0
[STDERR  ] 2019-01-04T10:05:00.737036372Z: + clean_up
[STDERR  ] 2019-01-04T10:05:00.737092286Z: + rm -f check.qcow2
[PASS    ] linuxkit.build.formats.qcow2_bios 111.75s
