[INFO    ] 2018-01-13T09:50:54.367057001Z: Running Test linuxkit.build.examples.redis in /tmp/build/test/cases/000_build/100_examples/030_redis
[INFO    ] 2018-01-13T09:50:54.367177403Z: Running command: [/bin/sh -x /tmp/build/test/cases/000_build/100_examples/030_redis/test.sh]
[STDERR  ] 2018-01-13T09:50:54.367857072Z: + set -e
[STDERR  ] 2018-01-13T09:50:54.36791633Z: + . /tmp/build/test/cases/_lib/lib.sh
[STDERR  ] 2018-01-13T09:50:54.367928075Z: + [ -f src/github.com/linuxkit/rtf/lib/lib.sh ]
[STDERR  ] 2018-01-13T09:50:54.367938944Z: + LINUXKIT_TMPDIR=/tmp/build/test/cases/_tmp
[STDERR  ] 2018-01-13T09:50:54.367949736Z: + [ -f /tmp/build/test/cases/_tmp/env.sh ]
[STDERR  ] 2018-01-13T09:50:54.367961627Z: + . /tmp/build/test/cases/_tmp/env.sh
[STDERR  ] 2018-01-13T09:50:54.36797166Z: + export LINUXKIT_EXAMPLES_DIR=/tmp/build/test/cases/../../examples
[STDERR  ] 2018-01-13T09:50:54.367981484Z: + export LINUXKIT_BLUEPRINTS_DIR=/tmp/build/test/cases/../../blueprints
[STDERR  ] 2018-01-13T09:50:54.368004343Z: + RT_CANCEL=253
[STDERR  ] 2018-01-13T09:50:54.368013386Z: + NAME=redis-os
[STDERR  ] 2018-01-13T09:50:54.368022906Z: + trap clean_up EXIT
[STDERR  ] 2018-01-13T09:50:54.368034148Z: + linuxkit build /tmp/build/test/cases/../../examples/redis-os.yml
[STDERR  ] 2018-01-13T09:50:54.413258311Z: Extract kernel image: linuxkit/kernel:4.9.75
[STDERR  ] 2018-01-13T09:50:55.547541161Z: time="2018-01-13T09:50:55Z" level=warning msg="certificate with CN  is near expiry"
[STDERR  ] 2018-01-13T09:50:55.548692104Z: time="2018-01-13T09:50:55Z" level=warning msg="certificate with CN Justin Cormack is near expiry"
[STDERR  ] 2018-01-13T09:50:55.548735414Z: time="2018-01-13T09:50:55Z" level=warning msg="certificate with CN  is near expiry"
[STDERR  ] 2018-01-13T09:50:55.594033146Z: time="2018-01-13T09:50:55Z" level=warning msg="certificate with CN Justin Cormack is near expiry"
[STDERR  ] 2018-01-13T09:50:55.948497871Z: Add init containers:
[STDERR  ] 2018-01-13T09:50:55.948558298Z: Process init image: linuxkit/init:5a577d070817b4f17821657823082651baafd4ed
[STDERR  ] 2018-01-13T09:50:56.979544352Z: time="2018-01-13T09:50:56Z" level=warning msg="certificate with CN Justin Cormack is near expiry"
[STDERR  ] 2018-01-13T09:50:56.979662795Z: time="2018-01-13T09:50:56Z" level=warning msg="certificate with CN  is near expiry"
[STDERR  ] 2018-01-13T09:50:56.97976342Z: time="2018-01-13T09:50:56Z" level=warning msg="certificate with CN  is near expiry"
[STDERR  ] 2018-01-13T09:50:56.984003955Z: time="2018-01-13T09:50:56Z" level=warning msg="certificate with CN Justin Cormack is near expiry"
[STDERR  ] 2018-01-13T09:50:56.98566316Z: time="2018-01-13T09:50:56Z" level=warning msg="certificate with CN  is near expiry"
[STDERR  ] 2018-01-13T09:50:57.145071887Z: Process init image: linuxkit/runc:abc3f292653e64a2fd488e9675ace19a55ec7023
[STDERR  ] 2018-01-13T09:50:58.174738934Z: time="2018-01-13T09:50:58Z" level=warning msg="certificate with CN  is near expiry"
[STDERR  ] 2018-01-13T09:50:58.174979948Z: time="2018-01-13T09:50:58Z" level=warning msg="certificate with CN Justin Cormack is near expiry"
[STDERR  ] 2018-01-13T09:50:58.175124604Z: time="2018-01-13T09:50:58Z" level=warning msg="certificate with CN  is near expiry"
[STDERR  ] 2018-01-13T09:50:58.177165367Z: time="2018-01-13T09:50:58Z" level=warning msg="certificate with CN Justin Cormack is near expiry"
[STDERR  ] 2018-01-13T09:50:58.178501586Z: time="2018-01-13T09:50:58Z" level=warning msg="certificate with CN  is near expiry"
[STDERR  ] 2018-01-13T09:50:58.30798811Z: Process init image: linuxkit/containerd:e58a382c33bb509ba3e0e8170dfaa5a100504c5b
[STDERR  ] 2018-01-13T09:50:59.336005552Z: time="2018-01-13T09:50:59Z" level=warning msg="certificate with CN Justin Cormack is near expiry"
[STDERR  ] 2018-01-13T09:50:59.336124484Z: time="2018-01-13T09:50:59Z" level=warning msg="certificate with CN  is near expiry"
[STDERR  ] 2018-01-13T09:50:59.33621946Z: time="2018-01-13T09:50:59Z" level=warning msg="certificate with CN  is near expiry"
[STDERR  ] 2018-01-13T09:50:59.336305301Z: time="2018-01-13T09:50:59Z" level=warning msg="certificate with CN  is near expiry"
[STDERR  ] 2018-01-13T09:50:59.34032378Z: time="2018-01-13T09:50:59Z" level=warning msg="certificate with CN Justin Cormack is near expiry"
[STDERR  ] 2018-01-13T09:50:59.341825518Z: time="2018-01-13T09:50:59Z" level=warning msg="certificate with CN  is near expiry"
[STDERR  ] 2018-01-13T09:50:59.520493273Z: Add onboot containers:
[STDERR  ] 2018-01-13T09:50:59.520543118Z:   Create OCI config for linuxkit/dhcpcd:0d59a6cc03412289ef4313f2491ec666c1715cc9
[STDERR  ] 2018-01-13T09:51:00.556732593Z: time="2018-01-13T09:51:00Z" level=warning msg="certificate with CN Justin Cormack is near expiry"
[STDERR  ] 2018-01-13T09:51:00.556837595Z: time="2018-01-13T09:51:00Z" level=warning msg="certificate with CN  is near expiry"
[STDERR  ] 2018-01-13T09:51:00.556934581Z: time="2018-01-13T09:51:00Z" level=warning msg="certificate with CN  is near expiry"
[STDERR  ] 2018-01-13T09:51:00.558129273Z: time="2018-01-13T09:51:00Z" level=warning msg="certificate with CN Justin Cormack is near expiry"
[STDERR  ] 2018-01-13T09:51:00.558759196Z: time="2018-01-13T09:51:00Z" level=warning msg="certificate with CN  is near expiry"
[STDERR  ] 2018-01-13T09:51:00.717237058Z: Add service containers:
[STDERR  ] 2018-01-13T09:51:00.71728039Z:   Create OCI config for linuxkit/getty:22e27189b6b354e1d5d38fc0536a5af3f2adb79f
[STDERR  ] 2018-01-13T09:51:01.761213958Z: time="2018-01-13T09:51:01Z" level=warning msg="certificate with CN  is near expiry"
[STDERR  ] 2018-01-13T09:51:01.761279931Z: time="2018-01-13T09:51:01Z" level=warning msg="certificate with CN Justin Cormack is near expiry"
[STDERR  ] 2018-01-13T09:51:01.761463127Z: time="2018-01-13T09:51:01Z" level=warning msg="certificate with CN  is near expiry"
[STDERR  ] 2018-01-13T09:51:01.764801995Z: time="2018-01-13T09:51:01Z" level=warning msg="certificate with CN  is near expiry"
[STDERR  ] 2018-01-13T09:51:01.765860758Z: time="2018-01-13T09:51:01Z" level=warning msg="certificate with CN Justin Cormack is near expiry"
[STDERR  ] 2018-01-13T09:51:01.767263934Z: time="2018-01-13T09:51:01Z" level=warning msg="certificate with CN  is near expiry"
[STDERR  ] 2018-01-13T09:51:02.174348177Z:   Create OCI config for redis:4.0.5-alpine
[STDERR  ] 2018-01-13T09:51:03.482220608Z: Pull image: docker.io/library/redis:4.0.5-alpine@sha256:e7775fbdf73827d741596774b609642ad53bc67885b3f3bccbf720584b85e818
[STDERR  ] 2018-01-13T09:51:07.1376644Z: Create outputs:
[STDERR  ] 2018-01-13T09:51:16.471461507Z:   redis-os-kernel redis-os-initrd.img redis-os-cmdline
[STDERR  ] 2018-01-13T09:51:16.556075012Z: + exit 0
[STDERR  ] 2018-01-13T09:51:16.556126554Z: + clean_up
[STDERR  ] 2018-01-13T09:51:16.556135949Z: + rm -f redis-os-cmdline redis-os-initrd.img redis-os-kernel
[PASS    ] linuxkit.build.examples.redis 22.20s
