[INFO    ] 2019-06-01T11:15:43.633182329Z: Running Test linuxkit.build.examples.tpm in /tmp/with_clone8c9008/test/cases/000_build/100_examples/060_tpm
[INFO    ] 2019-06-01T11:15:43.633525891Z: Running command: [/bin/sh -x /tmp/with_clone8c9008/test/cases/000_build/100_examples/060_tpm/test.sh]
[STDERR  ] 2019-06-01T11:15:43.634489176Z: + set -e
[STDERR  ] 2019-06-01T11:15:43.634582759Z: + . /tmp/with_clone8c9008/test/cases/_lib/lib.sh
[STDERR  ] 2019-06-01T11:15:43.634614334Z: + [ -f src/github.com/linuxkit/rtf/lib/lib.sh ]
[STDERR  ] 2019-06-01T11:15:43.634646666Z: + LINUXKIT_TMPDIR=/tmp/with_clone8c9008/test/cases/_tmp
[STDERR  ] 2019-06-01T11:15:43.634680436Z: + [ -f /tmp/with_clone8c9008/test/cases/_tmp/env.sh ]
[STDERR  ] 2019-06-01T11:15:43.634714317Z: + . /tmp/with_clone8c9008/test/cases/_tmp/env.sh
[STDERR  ] 2019-06-01T11:15:43.634849314Z: + export LINUXKIT_EXAMPLES_DIR=/tmp/with_clone8c9008/test/cases/../../examples
[STDERR  ] 2019-06-01T11:15:43.634927853Z: + RT_CANCEL=253
[STDERR  ] 2019-06-01T11:15:43.634954615Z: + NAME=tpm
[STDERR  ] 2019-06-01T11:15:43.634979322Z: + trap clean_up EXIT
[STDERR  ] 2019-06-01T11:15:43.635008286Z: + linuxkit build /tmp/with_clone8c9008/test/cases/../../examples/tpm.yml
[STDERR  ] 2019-06-01T11:15:43.682415584Z: Extract kernel image: linuxkit/kernel:4.9.38
[STDERR  ] 2019-06-01T11:15:47.243362858Z: Add init containers:
[STDERR  ] 2019-06-01T11:15:47.243475322Z: Process init image: linuxkit/init:v0.7
[STDERR  ] 2019-06-01T11:15:49.067328278Z: Process init image: linuxkit/runc:c1f0db27e71d948f3134b31ce76276f843849b0a
[STDERR  ] 2019-06-01T11:15:50.699392806Z: Process init image: linuxkit/containerd:v0.7
[STDERR  ] 2019-06-01T11:15:53.059367809Z: Process init image: linuxkit/ca-certificates:v0.7
[STDERR  ] 2019-06-01T11:15:54.627448379Z: Add onboot containers:
[STDERR  ] 2019-06-01T11:15:54.627562528Z:   Create OCI config for linuxkit/sysctl:v0.7
[STDERR  ] 2019-06-01T11:15:56.144058559Z:   Create OCI config for linuxkit/dhcpcd:v0.7
[STDERR  ] 2019-06-01T11:15:57.703869061Z: Add service containers:
[STDERR  ] 2019-06-01T11:15:57.703966781Z:   Create OCI config for linuxkit/getty:v0.7
[STDERR  ] 2019-06-01T11:15:59.533370845Z:   Create OCI config for linuxkit/tss:v0.7
[STDERR  ] 2019-06-01T11:16:01.119696318Z:   Create OCI config for linuxkit/rngd:v0.7
[STDERR  ] 2019-06-01T11:16:02.699642155Z: Add files:
[STDERR  ] 2019-06-01T11:16:02.699741350Z:   etc/getty.shadow
[STDERR  ] 2019-06-01T11:16:02.699786385Z: Create outputs:
[STDERR  ] 2019-06-01T11:16:12.449533579Z:   tpm-kernel tpm-initrd.img tpm-cmdline
[STDERR  ] 2019-06-01T11:16:12.613099390Z: + exit 0
[STDERR  ] 2019-06-01T11:16:12.613210125Z: + clean_up
[STDERR  ] 2019-06-01T11:16:12.613293021Z: + rm -f tpm-cmdline tpm-initrd.img tpm-kernel
[PASS    ] linuxkit.build.examples.tpm 29.00s
