[INFO    ] 2018-04-04T22:54:42.294193220Z: Running Test linuxkit.build.formats.iso-bios in /tmp/with_clone95ee38e/test/cases/000_build/000_formats/001_iso-bios
[INFO    ] 2018-04-04T22:54:42.294305468Z: Running command: [/bin/sh -x /tmp/with_clone95ee38e/test/cases/000_build/000_formats/001_iso-bios/test.sh]
[STDERR  ] 2018-04-04T22:54:42.294888600Z: + set -e
[STDERR  ] 2018-04-04T22:54:42.294989657Z: + . /tmp/with_clone95ee38e/test/cases/_lib/lib.sh
[STDERR  ] 2018-04-04T22:54:42.295022790Z: + [ -f src/github.com/linuxkit/rtf/lib/lib.sh ]
[STDERR  ] 2018-04-04T22:54:42.295048445Z: + LINUXKIT_TMPDIR=/tmp/with_clone95ee38e/test/cases/_tmp
[STDERR  ] 2018-04-04T22:54:42.295068562Z: + [ -f /tmp/with_clone95ee38e/test/cases/_tmp/env.sh ]
[STDERR  ] 2018-04-04T22:54:42.295108594Z: + . /tmp/with_clone95ee38e/test/cases/_tmp/env.sh
[STDERR  ] 2018-04-04T22:54:42.295128393Z: + export LINUXKIT_EXAMPLES_DIR=/tmp/with_clone95ee38e/test/cases/../../examples
[STDERR  ] 2018-04-04T22:54:42.295148651Z: + RT_CANCEL=253
[STDERR  ] 2018-04-04T22:54:42.295166984Z: + NAME=check
[STDERR  ] 2018-04-04T22:54:42.295184439Z: + trap clean_up EXIT
[STDERR  ] 2018-04-04T22:54:42.295203828Z: + linuxkit build -format iso-bios -name check ../test.yml
[STDERR  ] 2018-04-04T22:54:42.334340441Z: Extract kernel image: linuxkit/kernel:4.14.32
[STDERR  ] 2018-04-04T22:54:47.146233388Z: Add init containers:
[STDERR  ] 2018-04-04T22:54:47.146310129Z: Process init image: linuxkit/init:be60dd1cb15ad39225512b6753304571d8c2fb17
[STDERR  ] 2018-04-04T22:54:49.045303252Z: Process init image: linuxkit/runc:17e8c06e48ac220be79b2476e39b4d7feb905524
[STDERR  ] 2018-04-04T22:54:50.795295736Z: Add onboot containers:
[STDERR  ] 2018-04-04T22:54:50.795363434Z:   Create OCI config for linuxkit/dhcpcd:8b23f047ffa4d657a2c7dd465e69cc13721c4165
[STDERR  ] 2018-04-04T22:54:52.351545988Z: Create outputs:
[STDERR  ] 2018-04-04T22:54:52.351602185Z:   check.iso
[STDERR  ] 2018-04-04T22:55:04.193028002Z: + [ -f check.iso ]
[STDERR  ] 2018-04-04T22:55:04.193121351Z: + exit 0
[STDERR  ] 2018-04-04T22:55:04.193139739Z: + clean_up
[STDERR  ] 2018-04-04T22:55:04.193156553Z: + rm -f check.iso
[PASS    ] linuxkit.build.formats.iso-bios 21.97s
