[INFO    ] 2018-01-04T01:30:03.374193396Z: Running Test linuxkit.build.examples.sshd in /tmp/build/test/cases/000_build/100_examples/020_sshd
[INFO    ] 2018-01-04T01:30:03.37438854Z: Running command: [/bin/sh -x /tmp/build/test/cases/000_build/100_examples/020_sshd/test.sh]
[STDERR  ] 2018-01-04T01:30:03.375071751Z: + set -e
[STDERR  ] 2018-01-04T01:30:03.375130906Z: + . /tmp/build/test/cases/_lib/lib.sh
[STDERR  ] 2018-01-04T01:30:03.375143864Z: + [ -f src/github.com/linuxkit/rtf/lib/lib.sh ]
[STDERR  ] 2018-01-04T01:30:03.375155534Z: + LINUXKIT_TMPDIR=/tmp/build/test/cases/_tmp
[STDERR  ] 2018-01-04T01:30:03.375169929Z: + [ -f /tmp/build/test/cases/_tmp/env.sh ]
[STDERR  ] 2018-01-04T01:30:03.375182029Z: + . /tmp/build/test/cases/_tmp/env.sh
[STDERR  ] 2018-01-04T01:30:03.375193637Z: + export LINUXKIT_EXAMPLES_DIR=/tmp/build/test/cases/../../examples
[STDERR  ] 2018-01-04T01:30:03.375206574Z: + export LINUXKIT_BLUEPRINTS_DIR=/tmp/build/test/cases/../../blueprints
[STDERR  ] 2018-01-04T01:30:03.375217516Z: + RT_CANCEL=253
[STDERR  ] 2018-01-04T01:30:03.375227551Z: + NAME=sshd
[STDERR  ] 2018-01-04T01:30:03.375237363Z: + trap clean_up EXIT
[STDERR  ] 2018-01-04T01:30:03.375248386Z: + linuxkit build /tmp/build/test/cases/../../examples/sshd.yml
[STDERR  ] 2018-01-04T01:30:03.430703662Z: Extract kernel image: linuxkit/kernel:4.9.70
[STDERR  ] 2018-01-04T01:30:04.592527064Z: time="2018-01-04T01:30:04Z" level=warning msg="certificate with CN Justin Cormack is near expiry" 
[STDERR  ] 2018-01-04T01:30:04.592588139Z: time="2018-01-04T01:30:04Z" level=warning msg="certificate with CN  is near expiry" 
[STDERR  ] 2018-01-04T01:30:04.592662583Z: time="2018-01-04T01:30:04Z" level=warning msg="certificate with CN  is near expiry" 
[STDERR  ] 2018-01-04T01:30:04.638706818Z: time="2018-01-04T01:30:04Z" level=warning msg="certificate with CN Justin Cormack is near expiry" 
[STDERR  ] 2018-01-04T01:30:05.042580072Z: Add init containers:
[STDERR  ] 2018-01-04T01:30:05.042633509Z: Process init image: linuxkit/init:9250948d0de494df8a811edb3242b4584057cfe4
[STDERR  ] 2018-01-04T01:30:06.070304098Z: time="2018-01-04T01:30:06Z" level=warning msg="certificate with CN Justin Cormack is near expiry" 
[STDERR  ] 2018-01-04T01:30:06.070368063Z: time="2018-01-04T01:30:06Z" level=warning msg="certificate with CN  is near expiry" 
[STDERR  ] 2018-01-04T01:30:06.070488228Z: time="2018-01-04T01:30:06Z" level=warning msg="certificate with CN  is near expiry" 
[STDERR  ] 2018-01-04T01:30:06.074712263Z: time="2018-01-04T01:30:06Z" level=warning msg="certificate with CN Justin Cormack is near expiry" 
[STDERR  ] 2018-01-04T01:30:06.076264527Z: time="2018-01-04T01:30:06Z" level=warning msg="certificate with CN  is near expiry" 
[STDERR  ] 2018-01-04T01:30:06.240940829Z: Process init image: linuxkit/runc:abc3f292653e64a2fd488e9675ace19a55ec7023
[STDERR  ] 2018-01-04T01:30:07.29326974Z: time="2018-01-04T01:30:07Z" level=warning msg="certificate with CN  is near expiry" 
[STDERR  ] 2018-01-04T01:30:07.293332625Z: time="2018-01-04T01:30:07Z" level=warning msg="certificate with CN  is near expiry" 
[STDERR  ] 2018-01-04T01:30:07.293619361Z: time="2018-01-04T01:30:07Z" level=warning msg="certificate with CN Justin Cormack is near expiry" 
[STDERR  ] 2018-01-04T01:30:07.295773265Z: time="2018-01-04T01:30:07Z" level=warning msg="certificate with CN Justin Cormack is near expiry" 
[STDERR  ] 2018-01-04T01:30:07.297370939Z: time="2018-01-04T01:30:07Z" level=warning msg="certificate with CN  is near expiry" 
[STDERR  ] 2018-01-04T01:30:07.443122016Z: Process init image: linuxkit/containerd:e58a382c33bb509ba3e0e8170dfaa5a100504c5b
[STDERR  ] 2018-01-04T01:30:08.474752762Z: time="2018-01-04T01:30:08Z" level=warning msg="certificate with CN Justin Cormack is near expiry" 
[STDERR  ] 2018-01-04T01:30:08.474886964Z: time="2018-01-04T01:30:08Z" level=warning msg="certificate with CN  is near expiry" 
[STDERR  ] 2018-01-04T01:30:08.475017508Z: time="2018-01-04T01:30:08Z" level=warning msg="certificate with CN  is near expiry" 
[STDERR  ] 2018-01-04T01:30:08.475091646Z: time="2018-01-04T01:30:08Z" level=warning msg="certificate with CN  is near expiry" 
[STDERR  ] 2018-01-04T01:30:08.478594429Z: time="2018-01-04T01:30:08Z" level=warning msg="certificate with CN Justin Cormack is near expiry" 
[STDERR  ] 2018-01-04T01:30:08.480182138Z: time="2018-01-04T01:30:08Z" level=warning msg="certificate with CN  is near expiry" 
[STDERR  ] 2018-01-04T01:30:08.668671217Z: Process init image: linuxkit/ca-certificates:de21b84d9b055ad9dcecc57965b654a7a24ef8e0
[STDERR  ] 2018-01-04T01:30:09.695109156Z: time="2018-01-04T01:30:09Z" level=warning msg="certificate with CN Justin Cormack is near expiry" 
[STDERR  ] 2018-01-04T01:30:09.695266102Z: time="2018-01-04T01:30:09Z" level=warning msg="certificate with CN  is near expiry" 
[STDERR  ] 2018-01-04T01:30:09.69655142Z: time="2018-01-04T01:30:09Z" level=warning msg="certificate with CN Justin Cormack is near expiry" 
[STDERR  ] 2018-01-04T01:30:09.697696046Z: time="2018-01-04T01:30:09Z" level=warning msg="certificate with CN  is near expiry" 
[STDERR  ] 2018-01-04T01:30:09.820244933Z: Add onboot containers:
[STDERR  ] 2018-01-04T01:30:09.820318548Z:   Create OCI config for linuxkit/sysctl:ce3bde5118a41092f1b7048c85d14fb35237ed45
[STDERR  ] 2018-01-04T01:30:10.858053699Z: time="2018-01-04T01:30:10Z" level=warning msg="certificate with CN  is near expiry" 
[STDERR  ] 2018-01-04T01:30:10.858106912Z: time="2018-01-04T01:30:10Z" level=warning msg="certificate with CN  is near expiry" 
[STDERR  ] 2018-01-04T01:30:10.858434607Z: time="2018-01-04T01:30:10Z" level=warning msg="certificate with CN Justin Cormack is near expiry" 
[STDERR  ] 2018-01-04T01:30:10.859974062Z: time="2018-01-04T01:30:10Z" level=warning msg="certificate with CN Justin Cormack is near expiry" 
[STDERR  ] 2018-01-04T01:30:10.86072115Z: time="2018-01-04T01:30:10Z" level=warning msg="certificate with CN  is near expiry" 
[STDERR  ] 2018-01-04T01:30:10.993586567Z:   Create OCI config for linuxkit/rngd:94e01a4b16fadb053455cdc2269c4eb0b39199cd
[STDERR  ] 2018-01-04T01:30:12.028343004Z: time="2018-01-04T01:30:12Z" level=warning msg="certificate with CN  is near expiry" 
[STDERR  ] 2018-01-04T01:30:12.028733311Z: time="2018-01-04T01:30:12Z" level=warning msg="certificate with CN Justin Cormack is near expiry" 
[STDERR  ] 2018-01-04T01:30:12.028796173Z: time="2018-01-04T01:30:12Z" level=warning msg="certificate with CN  is near expiry" 
[STDERR  ] 2018-01-04T01:30:12.03047256Z: time="2018-01-04T01:30:12Z" level=warning msg="certificate with CN Justin Cormack is near expiry" 
[STDERR  ] 2018-01-04T01:30:12.031268991Z: time="2018-01-04T01:30:12Z" level=warning msg="certificate with CN  is near expiry" 
[STDERR  ] 2018-01-04T01:30:12.174734336Z: Add service containers:
[STDERR  ] 2018-01-04T01:30:12.174792029Z:   Create OCI config for linuxkit/getty:22e27189b6b354e1d5d38fc0536a5af3f2adb79f
[STDERR  ] 2018-01-04T01:30:13.220685687Z: time="2018-01-04T01:30:13Z" level=warning msg="certificate with CN  is near expiry" 
[STDERR  ] 2018-01-04T01:30:13.220831795Z: time="2018-01-04T01:30:13Z" level=warning msg="certificate with CN Justin Cormack is near expiry" 
[STDERR  ] 2018-01-04T01:30:13.221005298Z: time="2018-01-04T01:30:13Z" level=warning msg="certificate with CN  is near expiry" 
[STDERR  ] 2018-01-04T01:30:13.223917086Z: time="2018-01-04T01:30:13Z" level=warning msg="certificate with CN  is near expiry" 
[STDERR  ] 2018-01-04T01:30:13.224864889Z: time="2018-01-04T01:30:13Z" level=warning msg="certificate with CN Justin Cormack is near expiry" 
[STDERR  ] 2018-01-04T01:30:13.226462979Z: time="2018-01-04T01:30:13Z" level=warning msg="certificate with CN  is near expiry" 
[STDERR  ] 2018-01-04T01:30:13.685091257Z:   Create OCI config for linuxkit/rngd:94e01a4b16fadb053455cdc2269c4eb0b39199cd
[STDERR  ] 2018-01-04T01:30:14.722931336Z: time="2018-01-04T01:30:14Z" level=warning msg="certificate with CN Justin Cormack is near expiry" 
[STDERR  ] 2018-01-04T01:30:14.722991336Z: time="2018-01-04T01:30:14Z" level=warning msg="certificate with CN  is near expiry" 
[STDERR  ] 2018-01-04T01:30:14.723013965Z: time="2018-01-04T01:30:14Z" level=warning msg="certificate with CN  is near expiry" 
[STDERR  ] 2018-01-04T01:30:14.724843847Z: time="2018-01-04T01:30:14Z" level=warning msg="certificate with CN Justin Cormack is near expiry" 
[STDERR  ] 2018-01-04T01:30:14.725440796Z: time="2018-01-04T01:30:14Z" level=warning msg="certificate with CN  is near expiry" 
[STDERR  ] 2018-01-04T01:30:14.851508516Z:   Create OCI config for linuxkit/dhcpcd:0d59a6cc03412289ef4313f2491ec666c1715cc9
[STDERR  ] 2018-01-04T01:30:15.882818861Z: time="2018-01-04T01:30:15Z" level=warning msg="certificate with CN  is near expiry" 
[STDERR  ] 2018-01-04T01:30:15.882924974Z: time="2018-01-04T01:30:15Z" level=warning msg="certificate with CN  is near expiry" 
[STDERR  ] 2018-01-04T01:30:15.883269622Z: time="2018-01-04T01:30:15Z" level=warning msg="certificate with CN Justin Cormack is near expiry" 
[STDERR  ] 2018-01-04T01:30:15.884937296Z: time="2018-01-04T01:30:15Z" level=warning msg="certificate with CN Justin Cormack is near expiry" 
[STDERR  ] 2018-01-04T01:30:15.885717018Z: time="2018-01-04T01:30:15Z" level=warning msg="certificate with CN  is near expiry" 
[STDERR  ] 2018-01-04T01:30:16.033757108Z:   Create OCI config for linuxkit/sshd:ac5e8364e2e9aa8717a3295c51eb60b8c57373d5
[STDERR  ] 2018-01-04T01:30:17.815207626Z: time="2018-01-04T01:30:17Z" level=warning msg="certificate with CN Rolf Neugebauer is near expiry" 
[STDERR  ] 2018-01-04T01:30:17.815263251Z: time="2018-01-04T01:30:17Z" level=warning msg="certificate with CN  is near expiry" 
[STDERR  ] 2018-01-04T01:30:17.815307727Z: time="2018-01-04T01:30:17Z" level=warning msg="certificate with CN  is near expiry" 
[STDERR  ] 2018-01-04T01:30:17.815866532Z: time="2018-01-04T01:30:17Z" level=warning msg="certificate with CN Justin Cormack is near expiry" 
[STDERR  ] 2018-01-04T01:30:17.904414492Z: time="2018-01-04T01:30:17Z" level=warning msg="certificate with CN Justin Cormack is near expiry" 
[STDERR  ] 2018-01-04T01:30:18.07793798Z: time="2018-01-04T01:30:18Z" level=warning msg="certificate with CN Rolf Neugebauer is near expiry" 
[STDERR  ] 2018-01-04T01:30:18.164967184Z: time="2018-01-04T01:30:18Z" level=warning msg="certificate with CN  is near expiry" 
[STDERR  ] 2018-01-04T01:30:18.252289455Z: time="2018-01-04T01:30:18Z" level=warning msg="certificate with CN  is near expiry" 
[STDERR  ] 2018-01-04T01:30:18.264131408Z: Pull image: docker.io/linuxkit/sshd:ac5e8364e2e9aa8717a3295c51eb60b8c57373d5@sha256:cb105e4347885c73c693fdb039f0a369d1bd7d8d700da3e731ec0cfeab048ae5
[STDERR  ] 2018-01-04T01:30:21.648978864Z: Add files:
[STDERR  ] 2018-01-04T01:30:21.649017069Z:   root/.ssh/authorized_keys
[STDERR  ] 2018-01-04T01:30:21.649026779Z: Create outputs:
[STDERR  ] 2018-01-04T01:30:30.705851824Z:   sshd-kernel sshd-initrd.img sshd-cmdline
[STDERR  ] 2018-01-04T01:30:30.785235994Z: + exit 0
[STDERR  ] 2018-01-04T01:30:30.785305742Z: + clean_up
[STDERR  ] 2018-01-04T01:30:30.785317589Z: + rm -f sshd-cmdline sshd-initrd.img sshd-kernel
[PASS    ] linuxkit.build.examples.sshd 27.42s
