[INFO    ] 2017-10-14T11:04:41.98764408Z: Running Test linuxkit.build.examples.node_exporter in /tmp/build/test/cases/000_build/100_examples/050_node_exporter
[INFO    ] 2017-10-14T11:04:41.987740666Z: Running command: [/bin/sh -x /tmp/build/test/cases/000_build/100_examples/050_node_exporter/test.sh]
[STDERR  ] 2017-10-14T11:04:41.988398758Z: + set -e
[STDERR  ] 2017-10-14T11:04:41.988455055Z: + . /tmp/build/test/cases/_lib/lib.sh
[STDERR  ] 2017-10-14T11:04:41.988466035Z: + [ -f src/github.com/linuxkit/rtf/lib/lib.sh ]
[STDERR  ] 2017-10-14T11:04:41.988475818Z: + LINUXKIT_TMPDIR=/tmp/build/test/cases/_tmp
[STDERR  ] 2017-10-14T11:04:41.988485213Z: + [ -f /tmp/build/test/cases/_tmp/env.sh ]
[STDERR  ] 2017-10-14T11:04:41.98849646Z: + . /tmp/build/test/cases/_tmp/env.sh
[STDERR  ] 2017-10-14T11:04:41.988506534Z: + export LINUXKIT_EXAMPLES_DIR=/tmp/build/test/cases/../../examples
[STDERR  ] 2017-10-14T11:04:41.988516287Z: + export LINUXKIT_BLUEPRINTS_DIR=/tmp/build/test/cases/../../blueprints
[STDERR  ] 2017-10-14T11:04:41.988533979Z: + RT_CANCEL=253
[STDERR  ] 2017-10-14T11:04:41.988544354Z: + NAME=node_exporter
[STDERR  ] 2017-10-14T11:04:41.988554585Z: + trap clean_up EXIT
[STDERR  ] 2017-10-14T11:04:41.988564137Z: + moby build /tmp/build/test/cases/../../examples/node_exporter.yml
[STDERR  ] 2017-10-14T11:04:42.017077383Z: Extract kernel image: linuxkit/kernel:4.9.54
[STDERR  ] 2017-10-14T11:04:43.155639644Z: time="2017-10-14T11:04:43Z" level=warning msg="certificate with CN Moby CI is near expiry" 
[STDERR  ] 2017-10-14T11:04:43.155801607Z: time="2017-10-14T11:04:43Z" level=warning msg="certificate with CN Rolf Neugebauer is near expiry" 
[STDERR  ] 2017-10-14T11:04:43.180079465Z: time="2017-10-14T11:04:43Z" level=warning msg="certificate with CN Rolf Neugebauer is near expiry" 
[STDERR  ] 2017-10-14T11:04:43.883533442Z: Add init containers:
[STDERR  ] 2017-10-14T11:04:44.945768284Z: time="2017-10-14T11:04:44Z" level=warning msg="certificate with CN Moby CI is near expiry" 
[STDERR  ] 2017-10-14T11:04:44.945979882Z: time="2017-10-14T11:04:44Z" level=warning msg="certificate with CN Rolf Neugebauer is near expiry" 
[STDERR  ] 2017-10-14T11:04:44.950511822Z: time="2017-10-14T11:04:44Z" level=warning msg="certificate with CN Rolf Neugebauer is near expiry" 
[STDERR  ] 2017-10-14T11:04:46.297167515Z: time="2017-10-14T11:04:46Z" level=warning msg="certificate with CN Moby CI is near expiry" 
[STDERR  ] 2017-10-14T11:04:46.297378859Z: time="2017-10-14T11:04:46Z" level=warning msg="certificate with CN Rolf Neugebauer is near expiry" 
[STDERR  ] 2017-10-14T11:04:46.300197924Z: time="2017-10-14T11:04:46Z" level=warning msg="certificate with CN Rolf Neugebauer is near expiry" 
[STDERR  ] 2017-10-14T11:04:47.515273958Z: time="2017-10-14T11:04:47Z" level=warning msg="certificate with CN Moby CI is near expiry" 
[STDERR  ] 2017-10-14T11:04:47.515408265Z: time="2017-10-14T11:04:47Z" level=warning msg="certificate with CN Rolf Neugebauer is near expiry" 
[STDERR  ] 2017-10-14T11:04:47.51990191Z: time="2017-10-14T11:04:47Z" level=warning msg="certificate with CN Rolf Neugebauer is near expiry" 
[STDERR  ] 2017-10-14T11:04:47.926945576Z: Add service containers:
[STDERR  ] 2017-10-14T11:04:47.927003551Z:   Create OCI config for linuxkit/getty:7abaf7b276c59f80891d92e9279e3e3ee8e2f512
[STDERR  ] 2017-10-14T11:04:49.02806702Z: time="2017-10-14T11:04:49Z" level=warning msg="certificate with CN Moby CI is near expiry" 
[STDERR  ] 2017-10-14T11:04:49.028222631Z: time="2017-10-14T11:04:49Z" level=warning msg="certificate with CN Rolf Neugebauer is near expiry" 
[STDERR  ] 2017-10-14T11:04:49.031919157Z: time="2017-10-14T11:04:49Z" level=warning msg="certificate with CN Rolf Neugebauer is near expiry" 
[STDERR  ] 2017-10-14T11:04:49.341513722Z:   Create OCI config for linuxkit/rngd:45ed7759dd927f4cce3863073ea2e0da1d52a427
[STDERR  ] 2017-10-14T11:04:50.430283031Z: time="2017-10-14T11:04:50Z" level=warning msg="certificate with CN Moby CI is near expiry" 
[STDERR  ] 2017-10-14T11:04:50.430403515Z: time="2017-10-14T11:04:50Z" level=warning msg="certificate with CN Rolf Neugebauer is near expiry" 
[STDERR  ] 2017-10-14T11:04:50.431747887Z: time="2017-10-14T11:04:50Z" level=warning msg="certificate with CN Rolf Neugebauer is near expiry" 
[STDERR  ] 2017-10-14T11:04:50.551715682Z:   Create OCI config for linuxkit/dhcpcd:aa685261ceb2557990dcfe9dd8824c6b9ec416e2
[STDERR  ] 2017-10-14T11:04:51.642708698Z: time="2017-10-14T11:04:51Z" level=warning msg="certificate with CN Rolf Neugebauer is near expiry" 
[STDERR  ] 2017-10-14T11:04:51.642906361Z: time="2017-10-14T11:04:51Z" level=warning msg="certificate with CN Moby CI is near expiry" 
[STDERR  ] 2017-10-14T11:04:51.644371776Z: time="2017-10-14T11:04:51Z" level=warning msg="certificate with CN Rolf Neugebauer is near expiry" 
[STDERR  ] 2017-10-14T11:04:51.801250091Z:   Create OCI config for linuxkit/node_exporter:a058fe1c6a4440a9689022a9fd7cffdcfd56d52c
[STDERR  ] 2017-10-14T11:04:53.656815853Z: time="2017-10-14T11:04:53Z" level=warning msg="certificate with CN Moby CI is near expiry" 
[STDERR  ] 2017-10-14T11:04:53.656975304Z: time="2017-10-14T11:04:53Z" level=warning msg="certificate with CN Rolf Neugebauer is near expiry" 
[STDERR  ] 2017-10-14T11:04:53.937515799Z: time="2017-10-14T11:04:53Z" level=warning msg="certificate with CN Rolf Neugebauer is near expiry" 
[STDERR  ] 2017-10-14T11:04:53.947306863Z: Pull image: docker.io/linuxkit/node_exporter:a058fe1c6a4440a9689022a9fd7cffdcfd56d52c@sha256:3090317598b2abb0a1a8b0392b457f356e02c347452d442020bdb72e6e826946
[STDERR  ] 2017-10-14T11:04:57.684952817Z: Create outputs:
[STDERR  ] 2017-10-14T11:05:09.799565672Z:   node_exporter-kernel node_exporter-initrd.img node_exporter-cmdline
[STDERR  ] 2017-10-14T11:05:09.899443921Z: + exit 0
[STDERR  ] 2017-10-14T11:05:09.899503652Z: + clean_up
[STDERR  ] 2017-10-14T11:05:09.899598562Z: + rm -f node_exporter-cmdline node_exporter-initrd.img node_exporter-kernel
[PASS    ] linuxkit.build.examples.node_exporter 27.92s
