[INFO    ] 2018-04-25T12:44:13.335904259Z: Running Test linuxkit.build.formats.iso-bios in /tmp/with_clone23898b5d/test/cases/000_build/000_formats/001_iso-bios
[INFO    ] 2018-04-25T12:44:13.336225272Z: Running command: [/bin/sh -x /tmp/with_clone23898b5d/test/cases/000_build/000_formats/001_iso-bios/test.sh]
[STDERR  ] 2018-04-25T12:44:13.337225404Z: + set -e
[STDERR  ] 2018-04-25T12:44:13.337311469Z: + . /tmp/with_clone23898b5d/test/cases/_lib/lib.sh
[STDERR  ] 2018-04-25T12:44:13.337335892Z: + [ -f src/github.com/linuxkit/rtf/lib/lib.sh ]
[STDERR  ] 2018-04-25T12:44:13.337363016Z: + LINUXKIT_TMPDIR=/tmp/with_clone23898b5d/test/cases/_tmp
[STDERR  ] 2018-04-25T12:44:13.337394475Z: + [ -f /tmp/with_clone23898b5d/test/cases/_tmp/env.sh ]
[STDERR  ] 2018-04-25T12:44:13.337420687Z: + . /tmp/with_clone23898b5d/test/cases/_tmp/env.sh
[STDERR  ] 2018-04-25T12:44:13.337446702Z: + export LINUXKIT_EXAMPLES_DIR=/tmp/with_clone23898b5d/test/cases/../../examples
[STDERR  ] 2018-04-25T12:44:13.337474788Z: + RT_CANCEL=253
[STDERR  ] 2018-04-25T12:44:13.337505653Z: + NAME=check
[STDERR  ] 2018-04-25T12:44:13.337531005Z: + trap clean_up EXIT
[STDERR  ] 2018-04-25T12:44:13.337556939Z: + linuxkit build -format iso-bios -name check ../test.yml
[STDERR  ] 2018-04-25T12:44:13.375104849Z: Extract kernel image: linuxkit/kernel:4.14.35
[STDERR  ] 2018-04-25T12:44:16.858270430Z: Add init containers:
[STDERR  ] 2018-04-25T12:44:16.858398189Z: Process init image: linuxkit/init:11929b0007b87384f7372e9265067479c4616586
[STDERR  ] 2018-04-25T12:44:18.657839855Z: Process init image: linuxkit/runc:acba8886e4b1318457c711700f695a02fef9493d
[STDERR  ] 2018-04-25T12:44:20.519766322Z: Add onboot containers:
[STDERR  ] 2018-04-25T12:44:20.519880304Z:   Create OCI config for linuxkit/dhcpcd:01069780f536da8eb7745df7478a97253403b63d
[STDERR  ] 2018-04-25T12:44:22.273938028Z: Create outputs:
[STDERR  ] 2018-04-25T12:44:22.274040429Z:   check.iso
[STDERR  ] 2018-04-25T12:44:33.671973425Z: + [ -f check.iso ]
[STDERR  ] 2018-04-25T12:44:33.672075142Z: + exit 0
[STDERR  ] 2018-04-25T12:44:33.672099121Z: + clean_up
[STDERR  ] 2018-04-25T12:44:33.672117685Z: + rm -f check.iso
[PASS    ] linuxkit.build.formats.iso-bios 20.35s
