[INFO    ] 2017-05-26T23:28:09.913645191Z: Running Test linuxkit.kernel.kmod_4.9.x in /tmp/with_clone226f4521/test/cases/020_kernel/010_kmod_4.9.x
[INFO    ] 2017-05-26T23:28:09.913740852Z: Running command: [/bin/sh -x /tmp/with_clone226f4521/test/cases/020_kernel/010_kmod_4.9.x/test.sh]
[STDERR  ] 2017-05-26T23:28:09.930580234Z: + set -e
[STDERR  ] 2017-05-26T23:28:09.93059198Z: + . /tmp/with_clone226f4521/test/cases/_lib/lib.sh
[STDERR  ] 2017-05-26T23:28:09.93059662Z: + [ -f src/github.com/linuxkit/rtf/lib/lib.sh ]
[STDERR  ] 2017-05-26T23:28:09.930610197Z: + LINUXKIT_TMPDIR=/tmp/with_clone226f4521/test/cases/_tmp
[STDERR  ] 2017-05-26T23:28:09.930618659Z: + [ -f /tmp/with_clone226f4521/test/cases/_tmp/env.sh ]
[STDERR  ] 2017-05-26T23:28:09.930630396Z: + . /tmp/with_clone226f4521/test/cases/_tmp/env.sh
[STDERR  ] 2017-05-26T23:28:09.930651412Z: + export LINUXKIT_EXAMPLES_DIR=/tmp/with_clone226f4521/test/cases/../../examples
[STDERR  ] 2017-05-26T23:28:09.930665771Z: + RT_CANCEL=253
[STDERR  ] 2017-05-26T23:28:09.930673489Z: + IMAGE_NAME=kmod-test
[STDERR  ] 2017-05-26T23:28:09.930694639Z: + trap clean_up EXIT
[STDERR  ] 2017-05-26T23:28:09.930701155Z: + docker pull linuxkit/kernel:4.9.x
[STDOUT  ] 2017-05-26T23:28:11.461434478Z: 4.9.x: Pulling from linuxkit/kernel
[STDOUT  ] 2017-05-26T23:28:11.462566951Z: Digest: sha256:41235c0c1093801dea6bf8acfb31091fcddd4848a752a77b89729f1e6320bbc7
[STDOUT  ] 2017-05-26T23:28:11.524343573Z: Status: Image is up to date for linuxkit/kernel:4.9.x
[STDERR  ] 2017-05-26T23:28:11.527444669Z: + docker build -t kmod-test .
[STDOUT  ] 2017-05-26T23:28:11.539655404Z: Sending build context to Docker daemon 9.216 kB
[STDOUT  ] 2017-05-26T23:28:11.70507905Z: Step 1/11 : FROM linuxkit/kernel:4.9.x AS ksrc
[STDOUT  ] 2017-05-26T23:28:11.764270601Z:  ---> 3173edc4f8bb
[STDOUT  ] 2017-05-26T23:28:11.764302656Z: Step 2/11 : FROM linuxkit/kernel-compile:1b396c221af673757703258159ddc8539843b02b@sha256:6b32d205bfc6407568324337b707d195d027328dbfec554428ea93e7b0a8299b AS build
[STDOUT  ] 2017-05-26T23:28:11.764311699Z:  ---> 261c60c4eb02
[STDOUT  ] 2017-05-26T23:28:11.764321005Z: Step 3/11 : COPY --from=ksrc /kernel-dev.tar /
[STDOUT  ] 2017-05-26T23:28:12.246154729Z:  ---> Using cache
[STDOUT  ] 2017-05-26T23:28:12.246169549Z:  ---> 0cfa3025a7d5
[STDOUT  ] 2017-05-26T23:28:12.246174381Z: Step 4/11 : RUN tar xf kernel-dev.tar
[STDOUT  ] 2017-05-26T23:28:12.262674924Z:  ---> Using cache
[STDOUT  ] 2017-05-26T23:28:12.262717875Z:  ---> b826ce78a5eb
[STDOUT  ] 2017-05-26T23:28:12.26272645Z: Step 5/11 : WORKDIR /kmod
[STDOUT  ] 2017-05-26T23:28:12.262740402Z:  ---> Using cache
[STDOUT  ] 2017-05-26T23:28:12.262761463Z:  ---> 3f1f74a8a50d
[STDOUT  ] 2017-05-26T23:28:12.262770242Z: Step 6/11 : COPY ./src/* ./
[STDOUT  ] 2017-05-26T23:28:12.262774784Z:  ---> Using cache
[STDOUT  ] 2017-05-26T23:28:12.262786959Z:  ---> acf1511849fc
[STDOUT  ] 2017-05-26T23:28:12.262810499Z: Step 7/11 : RUN make all
[STDOUT  ] 2017-05-26T23:28:12.262821325Z:  ---> Using cache
[STDOUT  ] 2017-05-26T23:28:12.262829516Z:  ---> 73dd8d31fb60
[STDOUT  ] 2017-05-26T23:28:12.262838046Z: Step 8/11 : FROM alpine:3.5
[STDOUT  ] 2017-05-26T23:28:12.262842094Z:  ---> 75b63e430bd1
[STDOUT  ] 2017-05-26T23:28:12.262854863Z: Step 9/11 : COPY --from=build /kmod/hello_world.ko /
[STDOUT  ] 2017-05-26T23:28:12.772185876Z:  ---> 8ffe9db4cfa6
[STDOUT  ] 2017-05-26T23:28:12.788700452Z: Removing intermediate container dddfd78b85a8
[STDOUT  ] 2017-05-26T23:28:12.788737347Z: Step 10/11 : COPY check.sh /check.sh
[STDOUT  ] 2017-05-26T23:28:13.29252847Z:  ---> 2bc92d653f36
[STDOUT  ] 2017-05-26T23:28:13.308962984Z: Removing intermediate container 675cc14692fa
[STDOUT  ] 2017-05-26T23:28:13.308986047Z: Step 11/11 : ENTRYPOINT /bin/sh /check.sh
[STDOUT  ] 2017-05-26T23:28:13.425495658Z:  ---> Running in 4fd458914ad2
[STDOUT  ] 2017-05-26T23:28:13.629610663Z:  ---> 01aef1e7f525
[STDOUT  ] 2017-05-26T23:28:13.646101573Z: Removing intermediate container 4fd458914ad2
[STDOUT  ] 2017-05-26T23:28:13.646113826Z: Successfully built 01aef1e7f525
[STDOUT  ] 2017-05-26T23:28:13.646128736Z: Successfully tagged kmod-test:latest
[STDERR  ] 2017-05-26T23:28:13.745771832Z: + moby build -output kernel+initrd kmod
[STDERR  ] 2017-05-26T23:28:13.754630411Z: Extract kernel image: linuxkit/kernel:4.9.x
[STDERR  ] 2017-05-26T23:28:18.721199828Z: Add init containers:
[STDERR  ] 2017-05-26T23:28:18.721289919Z: Process init image: linuxkit/init:4fc8aa82ab34d62d510575c8fbe0c58b7ba9c480
[STDERR  ] 2017-05-26T23:28:19.065327716Z: Process init image: linuxkit/runc:3a4e6cbf15470f62501b019b55e1caac5ee7689f
[STDERR  ] 2017-05-26T23:28:19.878320215Z: Process init image: linuxkit/containerd:b1766e4c4c09f63ac4925a6e4612852a93f7e73b
[STDERR  ] 2017-05-26T23:28:25.879876859Z: Add onboot containers:
[STDERR  ] 2017-05-26T23:28:25.879914619Z:   Create OCI config for kmod-test
[STDERR  ] 2017-05-26T23:28:26.455188416Z:   Create OCI config for linuxkit/poweroff:a8f1e4ad8d459f1fdaad9e4b007512cb3b504ae8
[STDERR  ] 2017-05-26T23:28:27.039210045Z: Create outputs:
[STDERR  ] 2017-05-26T23:28:32.92947547Z:   kmod-kernel kmod-initrd.img kmod-cmdline
[STDERR  ] 2017-05-26T23:28:33.139629522Z: + linuxkit run qemu kmod
[STDERR  ] 2017-05-26T23:28:33.13965184Z: + grep -q Hello LinuxKit
[STDERR  ] 2017-05-26T23:28:58.113520369Z: + clean_up
[STDERR  ] 2017-05-26T23:28:58.113565287Z: + docker rmi kmod-test
[STDOUT  ] 2017-05-26T23:28:58.166513635Z: Untagged: kmod-test:latest
[STDOUT  ] 2017-05-26T23:28:58.166546538Z: Deleted: sha256:01aef1e7f52539b05b10c8d8bd07e8b86da6595b1b9f8d749a9361bd4dd0ee31
[STDOUT  ] 2017-05-26T23:28:58.166562352Z: Deleted: sha256:2bc92d653f36706c00aeeb97b0ca83a019fc9c609bea59428c9b694213697886
[STDOUT  ] 2017-05-26T23:28:58.166570268Z: Deleted: sha256:fbd99597ca6a4bb02645bf054291a7391b61ec6d5af65ea06d583816f2c40c48
[STDOUT  ] 2017-05-26T23:28:58.16658523Z: Deleted: sha256:8ffe9db4cfa6f77e9859851515d106fa72695ddee722f76a84808303d4c7da24
[STDOUT  ] 2017-05-26T23:28:58.166609412Z: Deleted: sha256:88ed7672ca14f215f87b4b293a9ba96917f3f72ff88c6a578c835bff50294fd2
[STDERR  ] 2017-05-26T23:28:58.168050028Z: + find . -iname kmod* -not -iname *.yml -exec rm -rf {} ;
[PASS    ] linuxkit.kernel.kmod_4.9.x 48.27s
