[INFO    ] 2017-10-04T21:45:30.624826144Z: Running Test linuxkit.build.outputs.kernel+initrd in /tmp/with_clone19083ace/test/cases/000_build/000_outputs/000_kernel+initrd
[INFO    ] 2017-10-04T21:45:30.62489352Z: Running command: [/bin/sh -x /tmp/with_clone19083ace/test/cases/000_build/000_outputs/000_kernel+initrd/test.sh]
[STDERR  ] 2017-10-04T21:45:30.626438567Z: + set -e
[STDERR  ] 2017-10-04T21:45:30.626555987Z: + . /tmp/with_clone19083ace/test/cases/_lib/lib.sh
[STDERR  ] 2017-10-04T21:45:30.626645327Z: + [ -f src/github.com/linuxkit/rtf/lib/lib.sh ]
[STDERR  ] 2017-10-04T21:45:30.626741566Z: + LINUXKIT_TMPDIR=/tmp/with_clone19083ace/test/cases/_tmp
[STDERR  ] 2017-10-04T21:45:30.626812242Z: + [ -f /tmp/with_clone19083ace/test/cases/_tmp/env.sh ]
[STDERR  ] 2017-10-04T21:45:30.626884743Z: + . /tmp/with_clone19083ace/test/cases/_tmp/env.sh
[STDERR  ] 2017-10-04T21:45:30.626948059Z: + export LINUXKIT_EXAMPLES_DIR=/tmp/with_clone19083ace/test/cases/../../examples
[STDERR  ] 2017-10-04T21:45:30.627002279Z: + export LINUXKIT_BLUEPRINTS_DIR=/tmp/with_clone19083ace/test/cases/../../blueprints
[STDERR  ] 2017-10-04T21:45:30.627064282Z: + RT_CANCEL=253
[STDERR  ] 2017-10-04T21:45:30.627106656Z: + NAME=check
[STDERR  ] 2017-10-04T21:45:30.627159832Z: + trap clean_up EXIT
[STDERR  ] 2017-10-04T21:45:30.627257385Z: + moby build -format kernel+initrd -name check ../test.yml
[STDERR  ] 2017-10-04T21:45:30.62857178Z: + CMD=init
[STDERR  ] 2017-10-04T21:45:30.639127385Z: Extract kernel image: linuxkit/kernel:4.9.52
[STDERR  ] 2017-10-04T21:45:31.716310858Z: time="2017-10-04T21:45:31Z" level=warning msg="certificate with CN Moby CI is near expiry" 
[STDERR  ] 2017-10-04T21:45:31.716558554Z: time="2017-10-04T21:45:31Z" level=warning msg="certificate with CN Rolf Neugebauer is near expiry" 
[STDERR  ] 2017-10-04T21:45:31.737980264Z: time="2017-10-04T21:45:31Z" level=warning msg="certificate with CN Rolf Neugebauer is near expiry" 
[STDERR  ] 2017-10-04T21:45:39.361024088Z: Add init containers:
[STDERR  ] 2017-10-04T21:45:39.36110245Z: Process init image: linuxkit/init:7804129bd06218b72c298139a25698a748d253c6
[STDERR  ] 2017-10-04T21:45:40.315804092Z: time="2017-10-04T21:45:40Z" level=warning msg="certificate with CN Moby CI is near expiry" 
[STDERR  ] 2017-10-04T21:45:40.316109584Z: time="2017-10-04T21:45:40Z" level=warning msg="certificate with CN Rolf Neugebauer is near expiry" 
[STDERR  ] 2017-10-04T21:45:40.320756217Z: time="2017-10-04T21:45:40Z" level=warning msg="certificate with CN Rolf Neugebauer is near expiry" 
[STDERR  ] 2017-10-04T21:45:42.069974778Z: Process init image: linuxkit/runc:a1b564248a0d0b118c11e61db9f84ecf41dd2d2a
[STDERR  ] 2017-10-04T21:45:43.081027624Z: time="2017-10-04T21:45:43Z" level=warning msg="certificate with CN Rolf Neugebauer is near expiry" 
[STDERR  ] 2017-10-04T21:45:43.081454932Z: time="2017-10-04T21:45:43Z" level=warning msg="certificate with CN Moby CI is near expiry" 
[STDERR  ] 2017-10-04T21:45:43.085244392Z: time="2017-10-04T21:45:43Z" level=warning msg="certificate with CN Rolf Neugebauer is near expiry" 
[STDERR  ] 2017-10-04T21:45:44.098951791Z: Add onboot containers:
[STDERR  ] 2017-10-04T21:45:44.099018492Z:   Create OCI config for linuxkit/dhcpcd:d4408777ed6b6e6e562a5d4938fd09804324b33e
[STDERR  ] 2017-10-04T21:45:45.129398512Z: time="2017-10-04T21:45:45Z" level=warning msg="certificate with CN Moby CI is near expiry" 
[STDERR  ] 2017-10-04T21:45:45.129673797Z: time="2017-10-04T21:45:45Z" level=warning msg="certificate with CN Rolf Neugebauer is near expiry" 
[STDERR  ] 2017-10-04T21:45:45.131680824Z: time="2017-10-04T21:45:45Z" level=warning msg="certificate with CN Rolf Neugebauer is near expiry" 
[STDERR  ] 2017-10-04T21:45:45.671341201Z: Create outputs:
[STDERR  ] 2017-10-04T21:45:49.672617491Z:   check-kernel check-initrd.img check-cmdline
[STDERR  ] 2017-10-04T21:45:49.912050408Z: + [ -f check-kernel ]
[STDERR  ] 2017-10-04T21:45:49.912111433Z: + [ -f check-initrd.img ]
[STDERR  ] 2017-10-04T21:45:49.912124355Z: + [ -f check-cmdline ]
[STDERR  ] 2017-10-04T21:45:49.912136227Z: + exit 0
[STDERR  ] 2017-10-04T21:45:49.91216034Z: + clean_up
[STDERR  ] 2017-10-04T21:45:49.912168266Z: + rm -f check-cmdline check-initrd.img check-kernel
[PASS    ] linuxkit.build.outputs.kernel+initrd 19.30s
