[INFO    ] 2018-07-14T23:43:56.225178601Z: Running Test linuxkit.build.formats.raw_efi in /tmp/build/test/cases/000_build/000_formats/009_raw_efi
[INFO    ] 2018-07-14T23:43:56.225345301Z: Running command: [/bin/sh -x /tmp/build/test/cases/000_build/000_formats/009_raw_efi/test.sh]
[STDERR  ] 2018-07-14T23:43:56.226212423Z: + set -e
[STDERR  ] 2018-07-14T23:43:56.226271502Z: + . /tmp/build/test/cases/_lib/lib.sh
[STDERR  ] 2018-07-14T23:43:56.226293814Z: + [ -f src/github.com/linuxkit/rtf/lib/lib.sh ]
[STDERR  ] 2018-07-14T23:43:56.226323681Z: + LINUXKIT_TMPDIR=/tmp/build/test/cases/_tmp
[STDERR  ] 2018-07-14T23:43:56.226343552Z: + [ -f /tmp/build/test/cases/_tmp/env.sh ]
[STDERR  ] 2018-07-14T23:43:56.226362725Z: + . /tmp/build/test/cases/_tmp/env.sh
[STDERR  ] 2018-07-14T23:43:56.226391663Z: + export LINUXKIT_EXAMPLES_DIR=/tmp/build/test/cases/../../examples
[STDERR  ] 2018-07-14T23:43:56.226411241Z: + RT_CANCEL=253
[STDERR  ] 2018-07-14T23:43:56.226430665Z: + NAME=check
[STDERR  ] 2018-07-14T23:43:56.226449767Z: + trap clean_up EXIT
[STDERR  ] 2018-07-14T23:43:56.226471848Z: + linuxkit build -format raw-efi -name check ../test.yml
[STDERR  ] 2018-07-14T23:43:56.258433633Z: Extract kernel image: linuxkit/kernel:4.14.55
[STDERR  ] 2018-07-14T23:43:58.085785259Z: Add init containers:
[STDERR  ] 2018-07-14T23:43:58.085850629Z: Process init image: linuxkit/init:3f1e5c32d6ca9e83a7ea7ad9854da2032971a83f
[STDERR  ] 2018-07-14T23:43:59.266476516Z: Process init image: linuxkit/runc:v0.5
[STDERR  ] 2018-07-14T23:44:00.396812269Z: Add onboot containers:
[STDERR  ] 2018-07-14T23:44:00.396914382Z:   Create OCI config for linuxkit/dhcpcd:v0.5
[STDERR  ] 2018-07-14T23:44:01.556623871Z: Create outputs:
[STDERR  ] 2018-07-14T23:44:06.538881103Z:   check-efi.img
[STDERR  ] 2018-07-14T23:44:20.653676520Z: + [ -f check-efi.img ]
[STDERR  ] 2018-07-14T23:44:20.653758085Z: + exit 0
[STDERR  ] 2018-07-14T23:44:20.653785696Z: + clean_up
[STDERR  ] 2018-07-14T23:44:20.653805595Z: + rm -f check-efi.img
[PASS    ] linuxkit.build.formats.raw_efi 24.44s
