[INFO    ] 2019-02-28T10:08:03.241692623Z: Running Test linuxkit.build.formats.vmdk in /tmp/with_clone64eb75c/test/cases/000_build/000_formats/007_vmdk
[INFO    ] 2019-02-28T10:08:03.242022420Z: Running command: [/bin/sh -x /tmp/with_clone64eb75c/test/cases/000_build/000_formats/007_vmdk/test.sh]
[STDERR  ] 2019-02-28T10:08:03.243315429Z: + set -e
[STDERR  ] 2019-02-28T10:08:03.243533448Z: + . /tmp/with_clone64eb75c/test/cases/_lib/lib.sh
[STDERR  ] 2019-02-28T10:08:03.243557173Z: + [ -f src/github.com/linuxkit/rtf/lib/lib.sh ]
[STDERR  ] 2019-02-28T10:08:03.243577898Z: + LINUXKIT_TMPDIR=/tmp/with_clone64eb75c/test/cases/_tmp
[STDERR  ] 2019-02-28T10:08:03.243600495Z: + [ -f /tmp/with_clone64eb75c/test/cases/_tmp/env.sh ]
[STDERR  ] 2019-02-28T10:08:03.243621049Z: + . /tmp/with_clone64eb75c/test/cases/_tmp/env.sh
[STDERR  ] 2019-02-28T10:08:03.243642414Z: + export LINUXKIT_EXAMPLES_DIR=/tmp/with_clone64eb75c/test/cases/../../examples
[STDERR  ] 2019-02-28T10:08:03.243663353Z: + RT_CANCEL=253
[STDERR  ] 2019-02-28T10:08:03.243683394Z: + NAME=check
[STDERR  ] 2019-02-28T10:08:03.243706437Z: + trap clean_up EXIT
[STDERR  ] 2019-02-28T10:08:03.243727067Z: + linuxkit build -format vmdk -name check ../test.yml
[STDERR  ] 2019-02-28T10:08:03.294213422Z: Extract kernel image: linuxkit/kernel:4.19.25
[STDERR  ] 2019-02-28T10:08:07.944058239Z: Add init containers:
[STDERR  ] 2019-02-28T10:08:07.944167261Z: Process init image: linuxkit/init:a2166a6048ce041eebe005ab99454cfdeaa5c848
[STDERR  ] 2019-02-28T10:08:09.639557237Z: Process init image: linuxkit/runc:069d5cd3cc4f0aec70e4af53aed5d27a21c79c35
[STDERR  ] 2019-02-28T10:08:11.211530146Z: Add onboot containers:
[STDERR  ] 2019-02-28T10:08:11.211641076Z:   Create OCI config for linuxkit/dhcpcd:v0.6
[STDERR  ] 2019-02-28T10:08:12.740233040Z: Create outputs:
[STDERR  ] 2019-02-28T10:08:18.041938714Z:   check.vmdk
[STDERR  ] 2019-02-28T10:09:04.707971306Z: + [ -f check.vmdk ]
[STDERR  ] 2019-02-28T10:09:04.708094653Z: + exit 0
[STDERR  ] 2019-02-28T10:09:04.708125206Z: + clean_up
[STDERR  ] 2019-02-28T10:09:04.708159961Z: + rm -f check.vmdk
[PASS    ] linuxkit.build.formats.vmdk 61.47s
