[INFO    ] 2017-08-07T13:14:58.945485493Z: Running Test linuxkit.build.outputs.qcow2 in /tmp/with_clone10915183/test/cases/000_build/000_outputs/005_qcow2
[INFO    ] 2017-08-07T13:14:58.945582899Z: Running command: [/bin/sh -x /tmp/with_clone10915183/test/cases/000_build/000_outputs/005_qcow2/test.sh]
[STDERR  ] 2017-08-07T13:14:58.946661184Z: + set -e
[STDERR  ] 2017-08-07T13:14:58.946728098Z: + . /tmp/with_clone10915183/test/cases/_lib/lib.sh
[STDERR  ] 2017-08-07T13:14:58.946800326Z: + [ -f src/github.com/linuxkit/rtf/lib/lib.sh ]
[STDERR  ] 2017-08-07T13:14:58.946852924Z: + LINUXKIT_TMPDIR=/tmp/with_clone10915183/test/cases/_tmp
[STDERR  ] 2017-08-07T13:14:58.946895726Z: + [ -f /tmp/with_clone10915183/test/cases/_tmp/env.sh ]
[STDERR  ] 2017-08-07T13:14:58.94694623Z: + . /tmp/with_clone10915183/test/cases/_tmp/env.sh
[STDERR  ] 2017-08-07T13:14:58.946989212Z: + export LINUXKIT_EXAMPLES_DIR=/tmp/with_clone10915183/test/cases/../../examples
[STDERR  ] 2017-08-07T13:14:58.947021584Z: + export LINUXKIT_BLUEPRINTS_DIR=/tmp/with_clone10915183/test/cases/../../blueprints
[STDERR  ] 2017-08-07T13:14:58.947050777Z: + RT_CANCEL=253
[STDERR  ] 2017-08-07T13:14:58.947075701Z: + NAME=check
[STDERR  ] 2017-08-07T13:14:58.947130715Z: + trap clean_up EXIT
[STDERR  ] 2017-08-07T13:14:58.947178725Z: + moby build -output qcow2 -name check ../test.yml
[STDERR  ] 2017-08-07T13:14:58.957975891Z: Extract kernel image: linuxkit/kernel:4.9.40
[STDERR  ] 2017-08-07T13:15:06.808374915Z: Add init containers:
[STDERR  ] 2017-08-07T13:15:06.808455942Z: Process init image: linuxkit/init:906e174b3f2e07f97d6fd693a2e8518e98dafa58
[STDERR  ] 2017-08-07T13:15:08.498947709Z: Process init image: linuxkit/runc:2d645aca4eee8d0d1f121177f1b696244219d250
[STDERR  ] 2017-08-07T13:15:10.495967925Z: Add onboot containers:
[STDERR  ] 2017-08-07T13:15:10.496037832Z:   Create OCI config for linuxkit/dhcpcd:f3f5413abb78fae9020e35bd4788fa93df4530b7
[STDERR  ] 2017-08-07T13:15:12.10189486Z: Create outputs:
[STDERR  ] 2017-08-07T13:15:12.102007195Z:   check.qcow2
[STDERR  ] 2017-08-07T13:15:54.42328258Z: main-loop: WARNING: I/O thread spun for 1000 iterations
[STDERR  ] 2017-08-07T13:16:28.133142028Z: + [ -f check.qcow2 ]
[STDERR  ] 2017-08-07T13:16:28.133233893Z: + exit 0
[STDERR  ] 2017-08-07T13:16:28.133248316Z: + clean_up
[STDERR  ] 2017-08-07T13:16:28.133260566Z: + find . -depth -iname check* -exec rm -rf {} ;
[STDERR  ] 2017-08-07T13:16:28.151081893Z: + rm -f test.yml
[PASS    ] linuxkit.build.outputs.qcow2 89.21s
