[INFO    ] 2017-06-09T12:13:05.084022513Z: Running Test linuxkit.build.examples.sshd in /tmp/build/test/cases/000_build/100_examples/020_sshd
[INFO    ] 2017-06-09T12:13:05.084132672Z: Running command: [/bin/sh -x /tmp/build/test/cases/000_build/100_examples/020_sshd/test.sh]
[STDERR  ] 2017-06-09T12:13:05.085451001Z: + set -e
[STDERR  ] 2017-06-09T12:13:05.08548909Z: + . /tmp/build/test/cases/_lib/lib.sh
[STDERR  ] 2017-06-09T12:13:05.085545359Z: + [ -f src/github.com/linuxkit/rtf/lib/lib.sh ]
[STDERR  ] 2017-06-09T12:13:05.085619351Z: + LINUXKIT_TMPDIR=/tmp/build/test/cases/_tmp
[STDERR  ] 2017-06-09T12:13:05.085650016Z: + [ -f /tmp/build/test/cases/_tmp/env.sh ]
[STDERR  ] 2017-06-09T12:13:05.085676039Z: + . /tmp/build/test/cases/_tmp/env.sh
[STDERR  ] 2017-06-09T12:13:05.085710634Z: + export LINUXKIT_EXAMPLES_DIR=/tmp/build/test/cases/../../examples
[STDERR  ] 2017-06-09T12:13:05.085734388Z: + RT_CANCEL=253
[STDERR  ] 2017-06-09T12:13:05.085753661Z: + IMAGE_NAME=sshd
[STDERR  ] 2017-06-09T12:13:05.085792926Z: + trap clean_up EXIT
[STDERR  ] 2017-06-09T12:13:05.085822564Z: + moby build /tmp/build/test/cases/../../examples/sshd.yml
[STDERR  ] 2017-06-09T12:13:05.110741054Z: Extract kernel image: linuxkit/kernel:4.9.x
[STDERR  ] 2017-06-09T12:13:06.621614768Z: Add init containers:
[STDERR  ] 2017-06-09T12:13:06.621659312Z: Process init image: linuxkit/init:2599bcd5013ce5962aa155ee8929c26160de13bd
[STDERR  ] 2017-06-09T12:13:07.816446833Z: Process init image: linuxkit/runc:3a4e6cbf15470f62501b019b55e1caac5ee7689f
[STDERR  ] 2017-06-09T12:13:09.033464425Z: Process init image: linuxkit/containerd:b50181bc6e0084e5fcd6b6ad3cf433c4f66cae5a
[STDERR  ] 2017-06-09T12:13:10.746707515Z: Process init image: linuxkit/ca-certificates:75cf419fb58770884c3464eb687ec8dfc704169d
[STDERR  ] 2017-06-09T12:13:11.990560918Z: Add onboot containers:
[STDERR  ] 2017-06-09T12:13:11.990608899Z:   Create OCI config for linuxkit/sysctl:3aa6bc663c2849ef239be7d941d3eaf3e6fcc018
[STDERR  ] 2017-06-09T12:13:13.183140563Z: Add service containers:
[STDERR  ] 2017-06-09T12:13:13.183175815Z:   Create OCI config for linuxkit/getty:148946d72d1c96df3ea91cb8ee4f9583cd3cc5c2
[STDERR  ] 2017-06-09T12:13:14.549883521Z:   Create OCI config for linuxkit/rngd:1fa4de44c961bb5075647181891a3e7e7ba51c31
[STDERR  ] 2017-06-09T12:13:15.763476822Z:   Create OCI config for linuxkit/dhcpcd:7d2b8aaaf20c24ad7d11a5ea2ea5b4a80dc966f1
[STDERR  ] 2017-06-09T12:13:16.955223791Z:   Create OCI config for linuxkit/sshd:abc1f5e096982ebc3fb61c506aed3ac9c2ae4d55
[STDERR  ] 2017-06-09T12:13:18.685163396Z: Pull image: docker.io/linuxkit/sshd:abc1f5e096982ebc3fb61c506aed3ac9c2ae4d55@sha256:727da1ef4a3f61050ed8164244610388f85578aea295b54a02d7b87c72b814a9
[STDERR  ] 2017-06-09T12:13:23.5812677Z: Add files:
[STDERR  ] 2017-06-09T12:13:23.581307502Z:   root/.ssh/authorized_keys
[STDERR  ] 2017-06-09T12:13:23.581347831Z: Create outputs:
[STDERR  ] 2017-06-09T12:13:30.426728229Z:   sshd-kernel sshd-initrd.img sshd-cmdline
[STDERR  ] 2017-06-09T12:13:30.492154999Z: + exit 0
[STDERR  ] 2017-06-09T12:13:30.492200539Z: + clean_up
[STDERR  ] 2017-06-09T12:13:30.492208686Z: + rm -rf sshd-cmdline sshd-initrd.img sshd-kernel
[PASS    ] linuxkit.build.examples.sshd 25.41s
