[INFO    ] 2017-10-16T09:25:45.962303156Z: Running Test linuxkit.build.examples.swap in /tmp/build/test/cases/000_build/100_examples/040_swap
[INFO    ] 2017-10-16T09:25:45.962406289Z: Running command: [/bin/sh -x /tmp/build/test/cases/000_build/100_examples/040_swap/test.sh]
[STDERR  ] 2017-10-16T09:25:45.96292686Z: + set -e
[STDERR  ] 2017-10-16T09:25:45.962981626Z: + . /tmp/build/test/cases/_lib/lib.sh
[STDERR  ] 2017-10-16T09:25:45.962993669Z: + [ -f src/github.com/linuxkit/rtf/lib/lib.sh ]
[STDERR  ] 2017-10-16T09:25:45.963004838Z: + LINUXKIT_TMPDIR=/tmp/build/test/cases/_tmp
[STDERR  ] 2017-10-16T09:25:45.963015908Z: + [ -f /tmp/build/test/cases/_tmp/env.sh ]
[STDERR  ] 2017-10-16T09:25:45.963026667Z: + . /tmp/build/test/cases/_tmp/env.sh
[STDERR  ] 2017-10-16T09:25:45.963038394Z: + export LINUXKIT_EXAMPLES_DIR=/tmp/build/test/cases/../../examples
[STDERR  ] 2017-10-16T09:25:45.963049475Z: + export LINUXKIT_BLUEPRINTS_DIR=/tmp/build/test/cases/../../blueprints
[STDERR  ] 2017-10-16T09:25:45.963060272Z: + RT_CANCEL=253
[STDERR  ] 2017-10-16T09:25:45.963069914Z: + NAME=swap
[STDERR  ] 2017-10-16T09:25:45.963082059Z: + trap clean_up EXIT
[STDERR  ] 2017-10-16T09:25:45.963092432Z: + moby build /tmp/build/test/cases/../../examples/swap.yml
[STDERR  ] 2017-10-16T09:25:45.992481365Z: Extract kernel image: linuxkit/kernel:4.9.56
[STDERR  ] 2017-10-16T09:25:47.211465183Z: time="2017-10-16T09:25:47Z" level=warning msg="certificate with CN Rolf Neugebauer is near expiry" 
[STDERR  ] 2017-10-16T09:25:47.237170585Z: time="2017-10-16T09:25:47Z" level=warning msg="certificate with CN Rolf Neugebauer is near expiry" 
[STDERR  ] 2017-10-16T09:25:47.813893062Z: Add init containers:
[STDERR  ] 2017-10-16T09:25:48.876694428Z: time="2017-10-16T09:25:48Z" level=warning msg="certificate with CN Rolf Neugebauer is near expiry" 
[STDERR  ] 2017-10-16T09:25:48.881199332Z: time="2017-10-16T09:25:48Z" level=warning msg="certificate with CN Rolf Neugebauer is near expiry" 
[STDERR  ] 2017-10-16T09:25:50.168495791Z: time="2017-10-16T09:25:50Z" level=warning msg="certificate with CN Rolf Neugebauer is near expiry" 
[STDERR  ] 2017-10-16T09:25:50.171552121Z: time="2017-10-16T09:25:50Z" level=warning msg="certificate with CN Rolf Neugebauer is near expiry" 
[STDERR  ] 2017-10-16T09:25:51.393238377Z: time="2017-10-16T09:25:51Z" level=warning msg="certificate with CN Rolf Neugebauer is near expiry" 
[STDERR  ] 2017-10-16T09:25:51.397401611Z: time="2017-10-16T09:25:51Z" level=warning msg="certificate with CN Rolf Neugebauer is near expiry" 
[STDERR  ] 2017-10-16T09:25:52.954893842Z: time="2017-10-16T09:25:52Z" level=warning msg="certificate with CN Rolf Neugebauer is near expiry" 
[STDERR  ] 2017-10-16T09:25:52.956853438Z: time="2017-10-16T09:25:52Z" level=warning msg="certificate with CN Rolf Neugebauer is near expiry" 
[STDERR  ] 2017-10-16T09:25:53.076516971Z: Add onboot containers:
[STDERR  ] 2017-10-16T09:25:53.076573356Z:   Create OCI config for linuxkit/sysctl:1644bf07edbcaf5ce0bb764fa925b544183547f9
[STDERR  ] 2017-10-16T09:25:54.199957904Z: time="2017-10-16T09:25:54Z" level=warning msg="certificate with CN Rolf Neugebauer is near expiry" 
[STDERR  ] 2017-10-16T09:25:54.201865205Z: time="2017-10-16T09:25:54Z" level=warning msg="certificate with CN Rolf Neugebauer is near expiry" 
[STDERR  ] 2017-10-16T09:25:54.337029446Z:   Create OCI config for linuxkit/dhcpcd:aa685261ceb2557990dcfe9dd8824c6b9ec416e2
[STDERR  ] 2017-10-16T09:25:55.446618007Z: time="2017-10-16T09:25:55Z" level=warning msg="certificate with CN Rolf Neugebauer is near expiry" 
[STDERR  ] 2017-10-16T09:25:55.448372399Z: time="2017-10-16T09:25:55Z" level=warning msg="certificate with CN Rolf Neugebauer is near expiry" 
[STDERR  ] 2017-10-16T09:25:55.586574468Z:   Create OCI config for linuxkit/format:be811ded880af37a916f23bc9ddb274026ccc514
[STDERR  ] 2017-10-16T09:25:56.622850951Z: time="2017-10-16T09:25:56Z" level=warning msg="certificate with CN Rolf Neugebauer is near expiry" 
[STDERR  ] 2017-10-16T09:25:56.625061265Z: time="2017-10-16T09:25:56Z" level=warning msg="certificate with CN Rolf Neugebauer is near expiry" 
[STDERR  ] 2017-10-16T09:25:56.910414364Z:   Create OCI config for linuxkit/mount:ef2e2106212b2d333b548821191f04da984ef48f
[STDERR  ] 2017-10-16T09:25:57.933836799Z: time="2017-10-16T09:25:57Z" level=warning msg="certificate with CN Rolf Neugebauer is near expiry" 
[STDERR  ] 2017-10-16T09:25:57.936315456Z: time="2017-10-16T09:25:57Z" level=warning msg="certificate with CN Rolf Neugebauer is near expiry" 
[STDERR  ] 2017-10-16T09:25:58.082799183Z:   Create OCI config for linuxkit/swap:195ef5c89fcd68ff412ecb01a330e75503dc7b83
[STDERR  ] 2017-10-16T09:25:59.904175965Z: time="2017-10-16T09:25:59Z" level=warning msg="certificate with CN Rolf Neugebauer is near expiry" 
[STDERR  ] 2017-10-16T09:26:00.163423554Z: time="2017-10-16T09:26:00Z" level=warning msg="certificate with CN Rolf Neugebauer is near expiry" 
[STDERR  ] 2017-10-16T09:26:00.25837446Z: Pull image: docker.io/linuxkit/swap:195ef5c89fcd68ff412ecb01a330e75503dc7b83@sha256:70027c6870f14d5a60efa14d79d5dae4db839975196bf6dc75381ea6e590025e
[STDERR  ] 2017-10-16T09:26:03.342354488Z: Add service containers:
[STDERR  ] 2017-10-16T09:26:03.342397555Z:   Create OCI config for linuxkit/getty:7abaf7b276c59f80891d92e9279e3e3ee8e2f512
[STDERR  ] 2017-10-16T09:26:05.421385316Z: time="2017-10-16T09:26:05Z" level=warning msg="certificate with CN Rolf Neugebauer is near expiry" 
[STDERR  ] 2017-10-16T09:26:05.425363681Z: time="2017-10-16T09:26:05Z" level=warning msg="certificate with CN Rolf Neugebauer is near expiry" 
[STDERR  ] 2017-10-16T09:26:05.717721054Z:   Create OCI config for linuxkit/rngd:45ed7759dd927f4cce3863073ea2e0da1d52a427
[STDERR  ] 2017-10-16T09:26:06.751809306Z: time="2017-10-16T09:26:06Z" level=warning msg="certificate with CN Rolf Neugebauer is near expiry" 
[STDERR  ] 2017-10-16T09:26:06.753188286Z: time="2017-10-16T09:26:06Z" level=warning msg="certificate with CN Rolf Neugebauer is near expiry" 
[STDERR  ] 2017-10-16T09:26:06.870675639Z:   Create OCI config for nginx:alpine
[STDERR  ] 2017-10-16T09:26:08.235594054Z: Pull image: docker.io/library/nginx:alpine@sha256:83f10f82722087e6944e0348b2e64a95baf247135de7c237f4dec7729a386d7f
[STDERR  ] 2017-10-16T09:26:11.623339352Z: Create outputs:
[STDERR  ] 2017-10-16T09:26:23.195025736Z:   swap-kernel swap-initrd.img swap-cmdline
[STDERR  ] 2017-10-16T09:26:23.288604567Z: + exit 0
[STDERR  ] 2017-10-16T09:26:23.288668122Z: + clean_up
[STDERR  ] 2017-10-16T09:26:23.28867995Z: + rm -f swap-cmdline swap-initrd.img swap-kernel
[PASS    ] linuxkit.build.examples.swap 37.34s
