[INFO    ] 2017-10-02T15:35:53.320568788Z: Running Test linuxkit.build.outputs.iso-efi in /tmp/build/test/cases/000_build/000_outputs/002_iso-efi
[INFO    ] 2017-10-02T15:35:53.320663652Z: Running command: [/bin/sh -x /tmp/build/test/cases/000_build/000_outputs/002_iso-efi/test.sh]
[STDERR  ] 2017-10-02T15:35:53.333776415Z: + set -e
[STDERR  ] 2017-10-02T15:35:53.333871964Z: + . /tmp/build/test/cases/_lib/lib.sh
[STDERR  ] 2017-10-02T15:35:53.333882234Z: + [ -f src/github.com/linuxkit/rtf/lib/lib.sh ]
[STDERR  ] 2017-10-02T15:35:53.333891635Z: + LINUXKIT_TMPDIR=/tmp/build/test/cases/_tmp
[STDERR  ] 2017-10-02T15:35:53.333911854Z: + [ -f /tmp/build/test/cases/_tmp/env.sh ]
[STDERR  ] 2017-10-02T15:35:53.333925645Z: + . /tmp/build/test/cases/_tmp/env.sh
[STDERR  ] 2017-10-02T15:35:53.333934766Z: + export LINUXKIT_EXAMPLES_DIR=/tmp/build/test/cases/../../examples
[STDERR  ] 2017-10-02T15:35:53.333944788Z: + export LINUXKIT_BLUEPRINTS_DIR=/tmp/build/test/cases/../../blueprints
[STDERR  ] 2017-10-02T15:35:53.333954509Z: + RT_CANCEL=253
[STDERR  ] 2017-10-02T15:35:53.333963168Z: + NAME=check
[STDERR  ] 2017-10-02T15:35:53.333971969Z: + trap clean_up EXIT
[STDERR  ] 2017-10-02T15:35:53.333980344Z: + moby build -format iso-efi -name check ../test.yml
[STDERR  ] 2017-10-02T15:35:53.333988872Z: Extract kernel image: linuxkit/kernel:4.9.52
[STDERR  ] 2017-10-02T15:35:54.441208069Z: time="2017-10-02T15:35:54Z" level=warning msg="certificate with CN Moby CI is near expiry" 
[STDERR  ] 2017-10-02T15:35:55.159977421Z: Add init containers:
[STDERR  ] 2017-10-02T15:35:55.160036279Z: Process init image: linuxkit/init:7804129bd06218b72c298139a25698a748d253c6
[STDERR  ] 2017-10-02T15:35:56.325219512Z: time="2017-10-02T15:35:56Z" level=warning msg="certificate with CN Moby CI is near expiry" 
[STDERR  ] 2017-10-02T15:35:56.550680031Z: Process init image: linuxkit/runc:a1b564248a0d0b118c11e61db9f84ecf41dd2d2a
[STDERR  ] 2017-10-02T15:35:57.692060355Z: time="2017-10-02T15:35:57Z" level=warning msg="certificate with CN Moby CI is near expiry" 
[STDERR  ] 2017-10-02T15:35:57.883156419Z: Add onboot containers:
[STDERR  ] 2017-10-02T15:35:57.883213879Z:   Create OCI config for linuxkit/dhcpcd:d4408777ed6b6e6e562a5d4938fd09804324b33e
[STDERR  ] 2017-10-02T15:35:59.227410953Z: time="2017-10-02T15:35:59Z" level=warning msg="certificate with CN Moby CI is near expiry" 
[STDERR  ] 2017-10-02T15:35:59.371854769Z: Create outputs:
[STDERR  ] 2017-10-02T15:35:59.371900618Z:   check-efi.iso
[STDERR  ] 2017-10-02T15:36:23.761220386Z: + [ -f check-efi.iso ]
[STDERR  ] 2017-10-02T15:36:23.761279321Z: + exit 0
[STDERR  ] 2017-10-02T15:36:23.761290165Z: + clean_up
[STDERR  ] 2017-10-02T15:36:23.761298833Z: + rm -f check-efi.iso
[PASS    ] linuxkit.build.outputs.iso-efi 30.45s
