[INFO    ] 2018-01-09T09:28:36.313579963Z: Running Test linuxkit.build.formats.gcp in /tmp/build/test/cases/000_build/000_formats/003_gcp
[INFO    ] 2018-01-09T09:28:36.313686516Z: Running command: [/bin/sh -x /tmp/build/test/cases/000_build/000_formats/003_gcp/test.sh]
[STDERR  ] 2018-01-09T09:28:36.314574738Z: + set -e
[STDERR  ] 2018-01-09T09:28:36.314636555Z: + . /tmp/build/test/cases/_lib/lib.sh
[STDERR  ] 2018-01-09T09:28:36.314649025Z: + [ -f src/github.com/linuxkit/rtf/lib/lib.sh ]
[STDERR  ] 2018-01-09T09:28:36.314674699Z: + LINUXKIT_TMPDIR=/tmp/build/test/cases/_tmp
[STDERR  ] 2018-01-09T09:28:36.31468507Z: + [ -f /tmp/build/test/cases/_tmp/env.sh ]
[STDERR  ] 2018-01-09T09:28:36.31470293Z: + . /tmp/build/test/cases/_tmp/env.sh
[STDERR  ] 2018-01-09T09:28:36.314713982Z: + export LINUXKIT_EXAMPLES_DIR=/tmp/build/test/cases/../../examples
[STDERR  ] 2018-01-09T09:28:36.314724511Z: + export LINUXKIT_BLUEPRINTS_DIR=/tmp/build/test/cases/../../blueprints
[STDERR  ] 2018-01-09T09:28:36.314734647Z: + RT_CANCEL=253
[STDERR  ] 2018-01-09T09:28:36.314744461Z: + NAME=check
[STDERR  ] 2018-01-09T09:28:36.314756033Z: + trap clean_up EXIT
[STDERR  ] 2018-01-09T09:28:36.314766832Z: + linuxkit build -format gcp -name check ../test.yml
[STDERR  ] 2018-01-09T09:28:36.341914706Z: Extract kernel image: linuxkit/kernel:4.9.75
[STDERR  ] 2018-01-09T09:28:37.484832329Z: time="2018-01-09T09:28:37Z" level=warning msg="certificate with CN Justin Cormack is near expiry"
[STDERR  ] 2018-01-09T09:28:37.484914831Z: time="2018-01-09T09:28:37Z" level=warning msg="certificate with CN  is near expiry"
[STDERR  ] 2018-01-09T09:28:37.485006431Z: time="2018-01-09T09:28:37Z" level=warning msg="certificate with CN  is near expiry"
[STDERR  ] 2018-01-09T09:28:37.533708769Z: time="2018-01-09T09:28:37Z" level=warning msg="certificate with CN Justin Cormack is near expiry"
[STDERR  ] 2018-01-09T09:28:37.901431144Z: Add init containers:
[STDERR  ] 2018-01-09T09:28:37.90148223Z: Process init image: linuxkit/init:5a577d070817b4f17821657823082651baafd4ed
[STDERR  ] 2018-01-09T09:28:38.933319308Z: time="2018-01-09T09:28:38Z" level=warning msg="certificate with CN  is near expiry"
[STDERR  ] 2018-01-09T09:28:38.933378569Z: time="2018-01-09T09:28:38Z" level=warning msg="certificate with CN  is near expiry"
[STDERR  ] 2018-01-09T09:28:38.933682136Z: time="2018-01-09T09:28:38Z" level=warning msg="certificate with CN Justin Cormack is near expiry"
[STDERR  ] 2018-01-09T09:28:38.937566058Z: time="2018-01-09T09:28:38Z" level=warning msg="certificate with CN Justin Cormack is near expiry"
[STDERR  ] 2018-01-09T09:28:38.939096907Z: time="2018-01-09T09:28:38Z" level=warning msg="certificate with CN  is near expiry"
[STDERR  ] 2018-01-09T09:28:39.116545064Z: Process init image: linuxkit/runc:abc3f292653e64a2fd488e9675ace19a55ec7023
[STDERR  ] 2018-01-09T09:28:40.148176897Z: time="2018-01-09T09:28:40Z" level=warning msg="certificate with CN Justin Cormack is near expiry"
[STDERR  ] 2018-01-09T09:28:40.148344447Z: time="2018-01-09T09:28:40Z" level=warning msg="certificate with CN  is near expiry"
[STDERR  ] 2018-01-09T09:28:40.148433787Z: time="2018-01-09T09:28:40Z" level=warning msg="certificate with CN  is near expiry"
[STDERR  ] 2018-01-09T09:28:40.150635865Z: time="2018-01-09T09:28:40Z" level=warning msg="certificate with CN Justin Cormack is near expiry"
[STDERR  ] 2018-01-09T09:28:40.151893544Z: time="2018-01-09T09:28:40Z" level=warning msg="certificate with CN  is near expiry"
[STDERR  ] 2018-01-09T09:28:40.281282071Z: Add onboot containers:
[STDERR  ] 2018-01-09T09:28:40.281332058Z:   Create OCI config for linuxkit/dhcpcd:0d59a6cc03412289ef4313f2491ec666c1715cc9
[STDERR  ] 2018-01-09T09:28:41.33727558Z: time="2018-01-09T09:28:41Z" level=warning msg="certificate with CN Justin Cormack is near expiry"
[STDERR  ] 2018-01-09T09:28:41.337426728Z: time="2018-01-09T09:28:41Z" level=warning msg="certificate with CN  is near expiry"
[STDERR  ] 2018-01-09T09:28:41.337506395Z: time="2018-01-09T09:28:41Z" level=warning msg="certificate with CN  is near expiry"
[STDERR  ] 2018-01-09T09:28:41.338775323Z: time="2018-01-09T09:28:41Z" level=warning msg="certificate with CN Justin Cormack is near expiry"
[STDERR  ] 2018-01-09T09:28:41.339403181Z: time="2018-01-09T09:28:41Z" level=warning msg="certificate with CN  is near expiry"
[STDERR  ] 2018-01-09T09:28:41.472616073Z: Create outputs:
[STDERR  ] 2018-01-09T09:28:45.489809093Z:   check.img.tar.gz
[STDERR  ] 2018-01-09T09:29:29.000469487Z: + [ -f check.img.tar.gz ]
[STDERR  ] 2018-01-09T09:29:29.000538525Z: + exit 0
[STDERR  ] 2018-01-09T09:29:29.000552518Z: + clean_up
[STDERR  ] 2018-01-09T09:29:29.000562859Z: + rm -f check.img.tar.gz
[PASS    ] linuxkit.build.formats.gcp 52.71s
