[INFO    ] 2017-06-20T18:28:40.05960831Z: Running Test linuxkit.platforms.qemu.run_raw in /tmp/with_clone16b3ba73/test/cases/010_platforms/000_qemu/040_run_raw
[INFO    ] 2017-06-20T18:28:40.059702019Z: Running command: [/bin/sh -x /tmp/with_clone16b3ba73/test/cases/010_platforms/000_qemu/040_run_raw/test.sh]
[STDERR  ] 2017-06-20T18:28:40.060571534Z: + set -e
[STDERR  ] 2017-06-20T18:28:40.060662679Z: + . /tmp/with_clone16b3ba73/test/cases/_lib/lib.sh
[STDERR  ] 2017-06-20T18:28:40.060742276Z: + [ -f src/github.com/linuxkit/rtf/lib/lib.sh ]
[STDERR  ] 2017-06-20T18:28:40.060794564Z: + LINUXKIT_TMPDIR=/tmp/with_clone16b3ba73/test/cases/_tmp
[STDERR  ] 2017-06-20T18:28:40.060850449Z: + [ -f /tmp/with_clone16b3ba73/test/cases/_tmp/env.sh ]
[STDERR  ] 2017-06-20T18:28:40.060885508Z: + . /tmp/with_clone16b3ba73/test/cases/_tmp/env.sh
[STDERR  ] 2017-06-20T18:28:40.060918805Z: + export LINUXKIT_EXAMPLES_DIR=/tmp/with_clone16b3ba73/test/cases/../../examples
[STDERR  ] 2017-06-20T18:28:40.060948813Z: + RT_CANCEL=253
[STDERR  ] 2017-06-20T18:28:40.060979912Z: + NAME=qemu-raw
[STDERR  ] 2017-06-20T18:28:40.061032144Z: + trap clean_up EXIT
[STDERR  ] 2017-06-20T18:28:40.061087925Z: + moby build -output raw -name qemu-raw test.yml
[STDERR  ] 2017-06-20T18:28:40.072300142Z: Extract kernel image: linuxkit/kernel:4.9.x
[STDERR  ] 2017-06-20T18:28:44.259578975Z: Add init containers:
[STDERR  ] 2017-06-20T18:28:44.259625136Z: Process init image: linuxkit/init:17693d233dd009b2a3a8d23673cb85969e1dce80
[STDERR  ] 2017-06-20T18:28:45.719112317Z: Process init image: linuxkit/runc:3a4e6cbf15470f62501b019b55e1caac5ee7689f
[STDERR  ] 2017-06-20T18:28:47.419496695Z: Process init image: linuxkit/containerd:be69ded7ed4437e2989da850581b631bac877d3e
[STDERR  ] 2017-06-20T18:28:55.168961453Z: Add onboot containers:
[STDERR  ] 2017-06-20T18:28:55.168984029Z:   Create OCI config for linuxkit/poweroff:7404cf2295df89ccfa2dda41997a28307a90cf28
[STDERR  ] 2017-06-20T18:28:56.83252571Z: Create outputs:
[STDERR  ] 2017-06-20T18:28:56.832608646Z:   qemu-raw.raw
[STDERR  ] 2017-06-20T18:30:09.138725298Z: main-loop: WARNING: I/O thread spun for 1000 iterations
[STDERR  ] 2017-06-20T18:30:44.769530805Z: + [ -f qemu-raw.raw ]
[STDERR  ] 2017-06-20T18:30:44.771715586Z: + linuxkit run qemu qemu-raw.raw
[STDERR  ] 2017-06-20T18:30:44.77745152Z: + grep -q Welcome to LinuxKit
[STDERR  ] 2017-06-20T18:30:44.80140674Z: Using existing disk [qemu-raw.raw] format 
[STDERR  ] 2017-06-20T18:30:44.831283989Z: WARNING: Image format was not specified for 'qemu-raw.raw' and probing guessed raw.
[STDERR  ] 2017-06-20T18:30:44.831312328Z:          Automatically detecting the format is dangerous for raw images, write operations on block 0 will be restricted.
[STDERR  ] 2017-06-20T18:30:44.83132901Z:          Specify the 'raw' format explicitly to remove the restrictions.
[STDERR  ] 2017-06-20T18:31:08.345759452Z: main-loop: WARNING: I/O thread spun for 1000 iterations
[STDERR  ] 2017-06-20T18:31:31.258487471Z: + exit 0
[STDERR  ] 2017-06-20T18:31:31.258558847Z: + clean_up
[STDERR  ] 2017-06-20T18:31:31.258565975Z: + rm -rf qemu-raw.raw
[PASS    ] linuxkit.platforms.qemu.run_raw 171.23s
