[INFO    ] 2017-05-16T12:10:45.940546057Z: Running Test linuxkit.examples.node_exporter in /tmp/build/test/cases/100_examples/050_node_exporter
[INFO    ] 2017-05-16T12:10:45.940643716Z: Running command: [/bin/sh -x /tmp/build/test/cases/100_examples/050_node_exporter/test.sh]
[STDERR  ] 2017-05-16T12:10:45.943157299Z: + set -e
[STDERR  ] 2017-05-16T12:10:45.943165691Z: + . /tmp/build/test/cases/_lib/lib.sh
[STDERR  ] 2017-05-16T12:10:45.943190764Z: + [ -f src/github.com/linuxkit/rtf/lib/lib.sh ]
[STDERR  ] 2017-05-16T12:10:45.943205661Z: + LINUXKIT_TMPDIR=/tmp/build/test/cases/_tmp
[STDERR  ] 2017-05-16T12:10:45.943222387Z: + LINUXKIT_ARTIFACTS_DIR=/tmp/build/test/cases/../../artifacts
[STDERR  ] 2017-05-16T12:10:45.943236923Z: + [ -f /tmp/build/test/cases/_tmp/env.sh ]
[STDERR  ] 2017-05-16T12:10:45.943251895Z: + . /tmp/build/test/cases/_tmp/env.sh
[STDERR  ] 2017-05-16T12:10:45.943268432Z: + export LINUXKIT_EXAMPLES_DIR=/tmp/build/test/cases/../../examples
[STDERR  ] 2017-05-16T12:10:45.94327786Z: + RT_CANCEL=253
[STDERR  ] 2017-05-16T12:10:45.943287627Z: + IMAGE_NAME=node_exporter
[STDERR  ] 2017-05-16T12:10:45.94330967Z: + trap clean_up EXIT
[STDERR  ] 2017-05-16T12:10:45.943322338Z: + moby build /tmp/build/test/cases/../../examples/node_exporter.yml
[STDERR  ] 2017-05-16T12:10:45.954389718Z: Extract kernel image: linuxkit/kernel:4.9.x
[STDERR  ] 2017-05-16T12:10:46.426964894Z: Add init containers:
[STDERR  ] 2017-05-16T12:10:46.427012001Z: Process init image: linuxkit/init:b3740303f3d1e5689a84c87b7dfb48fd2a40a192
[STDERR  ] 2017-05-16T12:10:46.590047895Z: Process init image: linuxkit/runc:47b1c38d63468c0f3078f8b1b055d07965a1895d
[STDERR  ] 2017-05-16T12:10:46.773061355Z: Process init image: linuxkit/containerd:fe1b7f438a234cb6481c6538295115eac2a0596d
[STDERR  ] 2017-05-16T12:10:46.774562984Z: Pull image: linuxkit/containerd:fe1b7f438a234cb6481c6538295115eac2a0596d
[STDERR  ] 2017-05-16T12:10:51.877053334Z: Add service containers:
[STDERR  ] 2017-05-16T12:10:51.877075973Z:   Create OCI config for linuxkit/rngd:61a07ced77a9747708223ca16a4aec621eacf518
[STDERR  ] 2017-05-16T12:10:52.051647632Z:   Create OCI config for linuxkit/dhcpcd:2def74ab3f9233b4c09ebb196ba47c27c08b0ed8
[STDERR  ] 2017-05-16T12:10:52.229259639Z:   Create OCI config for linuxkit/node_exporter:0c7c1588e4cbce9cc946c1a84d3902b38b4b7ada
[STDERR  ] 2017-05-16T12:10:55.875002235Z: Create outputs:
[STDERR  ] 2017-05-16T12:11:02.538428505Z:   node_exporter-kernel node_exporter-initrd.img node_exporter-cmdline
[STDERR  ] 2017-05-16T12:11:02.595250216Z: + exit 0
[STDERR  ] 2017-05-16T12:11:02.595268293Z: + clean_up
[STDERR  ] 2017-05-16T12:11:02.595282936Z: + rm -rf node_exporter-cmdline node_exporter-initrd.img node_exporter-kernel
[PASS    ] linuxkit.examples.node_exporter 16.66s
