[INFO    ] 2017-11-15T18:25:09.269059099Z: Running Test linuxkit.build.outputs.gcp in /tmp/with_clonef17c90d/test/cases/000_build/000_outputs/003_gcp
[INFO    ] 2017-11-15T18:25:09.269179908Z: Running command: [/bin/sh -x /tmp/with_clonef17c90d/test/cases/000_build/000_outputs/003_gcp/test.sh]
[STDERR  ] 2017-11-15T18:25:09.273299781Z: + set -e
[STDERR  ] 2017-11-15T18:25:09.273448247Z: + . /tmp/with_clonef17c90d/test/cases/_lib/lib.sh
[STDERR  ] 2017-11-15T18:25:09.273783955Z: + [ -f src/github.com/linuxkit/rtf/lib/lib.sh ]
[STDERR  ] 2017-11-15T18:25:09.273886903Z: + LINUXKIT_TMPDIR=/tmp/with_clonef17c90d/test/cases/_tmp
[STDERR  ] 2017-11-15T18:25:09.274010703Z: + [ -f /tmp/with_clonef17c90d/test/cases/_tmp/env.sh ]
[STDERR  ] 2017-11-15T18:25:09.274303656Z: + . /tmp/with_clonef17c90d/test/cases/_tmp/env.sh
[STDERR  ] 2017-11-15T18:25:09.274400919Z: + export LINUXKIT_EXAMPLES_DIR=/tmp/with_clonef17c90d/test/cases/../../examples
[STDERR  ] 2017-11-15T18:25:09.274506836Z: + export LINUXKIT_BLUEPRINTS_DIR=/tmp/with_clonef17c90d/test/cases/../../blueprints
[STDERR  ] 2017-11-15T18:25:09.274573843Z: + RT_CANCEL=253
[STDERR  ] 2017-11-15T18:25:09.274650312Z: + NAME=check
[STDERR  ] 2017-11-15T18:25:09.274835918Z: + trap clean_up EXIT
[STDERR  ] 2017-11-15T18:25:09.274989941Z: + moby build -format gcp -name check ../test.yml
[STDERR  ] 2017-11-15T18:25:09.309488876Z: Extract kernel image: linuxkit/kernel:4.9.61
[STDERR  ] 2017-11-15T18:25:16.75123437Z: Add init containers:
[STDERR  ] 2017-11-15T18:25:16.751309059Z: Process init image: linuxkit/init:42a92119e1ca10380e0d33e26c0cbcf85b9b3558
[STDERR  ] 2017-11-15T18:25:19.174693083Z: Process init image: linuxkit/runc:1b0741d07949c0acc444cd6a04ee7f833443579d
[STDERR  ] 2017-11-15T18:25:22.340551149Z: Add onboot containers:
[STDERR  ] 2017-11-15T18:25:22.340616203Z:   Create OCI config for linuxkit/dhcpcd:48831507404049660b960e4055f544917d90378e
[STDERR  ] 2017-11-15T18:25:24.217006784Z: Create outputs:
[STDERR  ] 2017-11-15T18:25:29.667671703Z:   check.img.tar.gz
[STDERR  ] 2017-11-15T18:26:14.955512965Z: + [ -f check.img.tar.gz ]
[STDERR  ] 2017-11-15T18:26:14.955582734Z: + exit 0
[STDERR  ] 2017-11-15T18:26:14.955596867Z: + clean_up
[STDERR  ] 2017-11-15T18:26:14.95561286Z: + rm -f check.img.tar.gz
[PASS    ] linuxkit.build.outputs.gcp 65.73s
