[INFO    ] 2017-07-26T16:32:56.874930058Z: Running Test linuxkit.build.outputs.raw in /tmp/with_clone147e7e1d/test/cases/000_build/000_outputs/004_raw
[INFO    ] 2017-07-26T16:32:56.875020912Z: Running command: [/bin/sh -x /tmp/with_clone147e7e1d/test/cases/000_build/000_outputs/004_raw/test.sh]
[STDERR  ] 2017-07-26T16:32:56.878421544Z: + set -e
[STDERR  ] 2017-07-26T16:32:56.878483898Z: + . /tmp/with_clone147e7e1d/test/cases/_lib/lib.sh
[STDERR  ] 2017-07-26T16:32:56.878497471Z: + [ -f src/github.com/linuxkit/rtf/lib/lib.sh ]
[STDERR  ] 2017-07-26T16:32:56.878510748Z: + LINUXKIT_TMPDIR=/tmp/with_clone147e7e1d/test/cases/_tmp
[STDERR  ] 2017-07-26T16:32:56.878531695Z: + [ -f /tmp/with_clone147e7e1d/test/cases/_tmp/env.sh ]
[STDERR  ] 2017-07-26T16:32:56.878545303Z: + . /tmp/with_clone147e7e1d/test/cases/_tmp/env.sh
[STDERR  ] 2017-07-26T16:32:56.878575681Z: + export LINUXKIT_EXAMPLES_DIR=/tmp/with_clone147e7e1d/test/cases/../../examples
[STDERR  ] 2017-07-26T16:32:56.878598364Z: + export LINUXKIT_BLUEPRINTS_DIR=/tmp/with_clone147e7e1d/test/cases/../../blueprints
[STDERR  ] 2017-07-26T16:32:56.878611764Z: + RT_CANCEL=253
[STDERR  ] 2017-07-26T16:32:56.878624465Z: + NAME=check
[STDERR  ] 2017-07-26T16:32:56.878637383Z: + trap clean_up EXIT
[STDERR  ] 2017-07-26T16:32:56.878650424Z: + moby build -output raw -name check ../test.yml
[STDERR  ] 2017-07-26T16:32:56.885554827Z: Extract kernel image: linuxkit/kernel:4.9.39
[STDERR  ] 2017-07-26T16:33:06.758434847Z: Add init containers:
[STDERR  ] 2017-07-26T16:33:06.758519564Z: Process init image: linuxkit/init:838b772355a8690143b37de1cdd4ac5db725271f
[STDERR  ] 2017-07-26T16:33:08.318269515Z: Process init image: linuxkit/runc:d5cbeb95bdafedb82ad2cf11cff1a5da7fcae630
[STDERR  ] 2017-07-26T16:33:10.323438539Z: Add onboot containers:
[STDERR  ] 2017-07-26T16:33:10.32350701Z:   Create OCI config for linuxkit/dhcpcd:17423c1ccced74e3c005fd80486e8177841fe02b
[STDERR  ] 2017-07-26T16:33:11.878795003Z: Create outputs:
[STDERR  ] 2017-07-26T16:33:11.87890089Z:   check.raw
[STDERR  ] 2017-07-26T16:33:28.112359145Z: main-loop: WARNING: I/O thread spun for 1000 iterations
[STDERR  ] 2017-07-26T16:34:39.580549084Z: + [ -f check.raw ]
[STDERR  ] 2017-07-26T16:34:39.580619606Z: + exit 0
[STDERR  ] 2017-07-26T16:34:39.580633436Z: + clean_up
[STDERR  ] 2017-07-26T16:34:39.580644973Z: + find . -depth -iname check* -exec rm -rf {} ;
[STDERR  ] 2017-07-26T16:34:39.600989776Z: + rm -f test.yml
[PASS    ] linuxkit.build.outputs.raw 102.73s
