[INFO    ] 2017-08-01T07:44:56.647339511Z: Running Test linuxkit.platforms.qemu.run_raw in /tmp/with_clone34d50572/test/cases/010_platforms/000_qemu/040_run_raw
[INFO    ] 2017-08-01T07:44:56.647642955Z: Running command: [/bin/sh -x /tmp/with_clone34d50572/test/cases/010_platforms/000_qemu/040_run_raw/test.sh]
[STDERR  ] 2017-08-01T07:44:56.648833094Z: + set -e
[STDERR  ] 2017-08-01T07:44:56.648913106Z: + . /tmp/with_clone34d50572/test/cases/_lib/lib.sh
[STDERR  ] 2017-08-01T07:44:56.648935341Z: + [ -f src/github.com/linuxkit/rtf/lib/lib.sh ]
[STDERR  ] 2017-08-01T07:44:56.648949472Z: + LINUXKIT_TMPDIR=/tmp/with_clone34d50572/test/cases/_tmp
[STDERR  ] 2017-08-01T07:44:56.648973379Z: + [ -f /tmp/with_clone34d50572/test/cases/_tmp/env.sh ]
[STDERR  ] 2017-08-01T07:44:56.648987524Z: + . /tmp/with_clone34d50572/test/cases/_tmp/env.sh
[STDERR  ] 2017-08-01T07:44:56.649005053Z: + export LINUXKIT_EXAMPLES_DIR=/tmp/with_clone34d50572/test/cases/../../examples
[STDERR  ] 2017-08-01T07:44:56.649023722Z: + export LINUXKIT_BLUEPRINTS_DIR=/tmp/with_clone34d50572/test/cases/../../blueprints
[STDERR  ] 2017-08-01T07:44:56.6490377Z: + RT_CANCEL=253
[STDERR  ] 2017-08-01T07:44:56.649050681Z: + NAME=qemu-raw
[STDERR  ] 2017-08-01T07:44:56.649064015Z: + trap clean_up EXIT
[STDERR  ] 2017-08-01T07:44:56.6490773Z: + moby build -output raw -name qemu-raw test.yml
[STDERR  ] 2017-08-01T07:44:56.665213781Z: Extract kernel image: linuxkit/kernel:4.9.40
[STDERR  ] 2017-08-01T07:45:06.03495007Z: Add init containers:
[STDERR  ] 2017-08-01T07:45:06.035035144Z: Process init image: linuxkit/init:e3e376881faced5a890b6ceb3e8e899cbfd04ecd
[STDERR  ] 2017-08-01T07:45:07.610010477Z: Process init image: linuxkit/runc:842318b6ab524783554428c89a27d95af7bd2844
[STDERR  ] 2017-08-01T07:45:09.531507865Z: Add onboot containers:
[STDERR  ] 2017-08-01T07:45:09.53158819Z:   Create OCI config for linuxkit/poweroff:3845c4d64d47a1ea367806be5547e44594b0fa91
[STDERR  ] 2017-08-01T07:45:11.07637985Z: Create outputs:
[STDERR  ] 2017-08-01T07:45:11.076492119Z:   qemu-raw.raw
[STDERR  ] 2017-08-01T07:45:54.771933371Z: main-loop: WARNING: I/O thread spun for 1000 iterations
[STDERR  ] 2017-08-01T07:46:28.445087566Z: + [ -f qemu-raw.raw ]
[STDERR  ] 2017-08-01T07:46:28.445151913Z: + linuxkit run qemu qemu-raw.raw
[STDERR  ] 2017-08-01T07:46:28.446142244Z: + grep -q Welcome to LinuxKit
[STDERR  ] 2017-08-01T07:46:28.465925477Z: Using existing disk [qemu-raw.raw] format 
[STDERR  ] 2017-08-01T07:46:28.487897869Z: WARNING: Image format was not specified for 'qemu-raw.raw' and probing guessed raw.
[STDERR  ] 2017-08-01T07:46:28.487958478Z:          Automatically detecting the format is dangerous for raw images, write operations on block 0 will be restricted.
[STDERR  ] 2017-08-01T07:46:28.487977532Z:          Specify the 'raw' format explicitly to remove the restrictions.
[STDERR  ] 2017-08-01T07:46:59.07682465Z: + exit 0
[STDERR  ] 2017-08-01T07:46:59.076900306Z: + clean_up
[STDERR  ] 2017-08-01T07:46:59.076914286Z: + rm -rf qemu-raw.raw
[PASS    ] linuxkit.platforms.qemu.run_raw 122.45s
