[INFO    ] 2017-08-07T14:10:45.954557182Z: Running Test linuxkit.build.examples.swap in /tmp/build/test/cases/000_build/100_examples/040_swap
[INFO    ] 2017-08-07T14:10:45.954688154Z: Running command: [/bin/sh -x /tmp/build/test/cases/000_build/100_examples/040_swap/test.sh]
[STDERR  ] 2017-08-07T14:10:45.969862887Z: + set -e
[STDERR  ] 2017-08-07T14:10:45.969953436Z: + . /tmp/build/test/cases/_lib/lib.sh
[STDERR  ] 2017-08-07T14:10:45.969961306Z: + [ -f src/github.com/linuxkit/rtf/lib/lib.sh ]
[STDERR  ] 2017-08-07T14:10:45.969967796Z: + LINUXKIT_TMPDIR=/tmp/build/test/cases/_tmp
[STDERR  ] 2017-08-07T14:10:45.969974402Z: + [ -f /tmp/build/test/cases/_tmp/env.sh ]
[STDERR  ] 2017-08-07T14:10:45.969980698Z: + . /tmp/build/test/cases/_tmp/env.sh
[STDERR  ] 2017-08-07T14:10:45.970006775Z: + export LINUXKIT_EXAMPLES_DIR=/tmp/build/test/cases/../../examples
[STDERR  ] 2017-08-07T14:10:45.97001798Z: + export LINUXKIT_BLUEPRINTS_DIR=/tmp/build/test/cases/../../blueprints
[STDERR  ] 2017-08-07T14:10:45.970027588Z: + RT_CANCEL=253
[STDERR  ] 2017-08-07T14:10:45.970033816Z: + IMAGE_NAME=swap
[STDERR  ] 2017-08-07T14:10:45.970040356Z: + trap clean_up EXIT
[STDERR  ] 2017-08-07T14:10:45.970046655Z: + moby build /tmp/build/test/cases/../../examples/swap.yml
[STDERR  ] 2017-08-07T14:10:45.979714119Z: Extract kernel image: linuxkit/kernel:4.9.40
[STDERR  ] 2017-08-07T14:10:47.696414139Z: Add init containers:
[STDERR  ] 2017-08-07T14:10:47.696477107Z: Process init image: linuxkit/init:906e174b3f2e07f97d6fd693a2e8518e98dafa58
[STDERR  ] 2017-08-07T14:10:49.02616615Z: Process init image: linuxkit/runc:2d645aca4eee8d0d1f121177f1b696244219d250
[STDERR  ] 2017-08-07T14:10:50.275457303Z: Process init image: linuxkit/containerd:f69bc5b8ec0392e2d34d3fd3bfdb7266ef6d4ed4
[STDERR  ] 2017-08-07T14:10:51.964254349Z: Process init image: linuxkit/ca-certificates:e44b0a66df5a102c0e220f0066b0d904710dcb10
[STDERR  ] 2017-08-07T14:10:53.213934059Z: Add onboot containers:
[STDERR  ] 2017-08-07T14:10:53.21399554Z:   Create OCI config for linuxkit/sysctl:154913b72c6f1f33eb408609fca9963628e8c051
[STDERR  ] 2017-08-07T14:10:54.455041543Z:   Create OCI config for linuxkit/dhcpcd:f3f5413abb78fae9020e35bd4788fa93df4530b7
[STDERR  ] 2017-08-07T14:10:55.701258758Z:   Create OCI config for linuxkit/format:158d992b7bf7ab984100c697d7e72161ea7d7382
[STDERR  ] 2017-08-07T14:10:57.129528279Z:   Create OCI config for linuxkit/mount:4fe245efb01384e42622c36302e13e386bbaeb08
[STDERR  ] 2017-08-07T14:10:58.413629323Z:   Create OCI config for linuxkit/swap:3881b1e0fadb7765d2fa85d03563c887ab9335a6
[STDERR  ] 2017-08-07T14:11:00.443700459Z: Pull image: docker.io/linuxkit/swap:3881b1e0fadb7765d2fa85d03563c887ab9335a6@sha256:9e8cd8eeeee027b39fde3ed98f135c0389fa62e1197d9939a6b8992fbaa69e00
[STDERR  ] 2017-08-07T14:11:04.879434997Z: Add service containers:
[STDERR  ] 2017-08-07T14:11:04.879502204Z:   Create OCI config for linuxkit/getty:2c841cdc34396e3fa8f25b62d112808f63f16df6
[STDERR  ] 2017-08-07T14:11:06.320209832Z:   Create OCI config for linuxkit/rngd:558e86a36242bb74353bc9287b715ddb8567357e
[STDERR  ] 2017-08-07T14:11:07.571364294Z:   Create OCI config for nginx:alpine
[STDERR  ] 2017-08-07T14:11:11.351682639Z: Create outputs:
[STDERR  ] 2017-08-07T14:11:25.074777651Z:   swap-kernel swap-initrd.img swap-cmdline
[STDERR  ] 2017-08-07T14:11:25.176403093Z: + exit 0
[STDERR  ] 2017-08-07T14:11:25.176465167Z: + clean_up
[STDERR  ] 2017-08-07T14:11:25.17647712Z: + rm -rf swap-cmdline swap-initrd.img swap-kernel
[PASS    ] linuxkit.build.examples.swap 39.24s
