[INFO    ] 2017-05-22T13:50:10.013191578Z: Running Test linuxkit.build.examples.minimal in /tmp/build/test/cases/000_build/100_examples/000_minimal
[INFO    ] 2017-05-22T13:50:10.013247838Z: Running command: [/bin/sh -x /tmp/build/test/cases/000_build/100_examples/000_minimal/test.sh]
[STDERR  ] 2017-05-22T13:50:10.013761405Z: + set -e
[STDERR  ] 2017-05-22T13:50:10.013799208Z: + . /tmp/build/test/cases/_lib/lib.sh
[STDERR  ] 2017-05-22T13:50:10.01383896Z: + [ -f src/github.com/linuxkit/rtf/lib/lib.sh ]
[STDERR  ] 2017-05-22T13:50:10.013863559Z: + LINUXKIT_TMPDIR=/tmp/build/test/cases/_tmp
[STDERR  ] 2017-05-22T13:50:10.013894128Z: + [ -f /tmp/build/test/cases/_tmp/env.sh ]
[STDERR  ] 2017-05-22T13:50:10.013915401Z: + . /tmp/build/test/cases/_tmp/env.sh
[STDERR  ] 2017-05-22T13:50:10.013945226Z: + export LINUXKIT_EXAMPLES_DIR=/tmp/build/test/cases/../../examples
[STDERR  ] 2017-05-22T13:50:10.013973875Z: + RT_CANCEL=253
[STDERR  ] 2017-05-22T13:50:10.013991402Z: + IMAGE_NAME=minimal
[STDERR  ] 2017-05-22T13:50:10.014016105Z: + trap clean_up EXIT
[STDERR  ] 2017-05-22T13:50:10.014043303Z: + moby build /tmp/build/test/cases/../../examples/minimal.yml
[STDERR  ] 2017-05-22T13:50:10.145308196Z: Extract kernel image: linuxkit/kernel:4.9.x
[STDERR  ] 2017-05-22T13:50:10.594118354Z: Add init containers:
[STDERR  ] 2017-05-22T13:50:10.594146167Z: Process init image: linuxkit/init:cbd7ae748f0a082516501a3e914fa0c924ee941e
[STDERR  ] 2017-05-22T13:50:10.595285403Z: Pull image: linuxkit/init:cbd7ae748f0a082516501a3e914fa0c924ee941e
[STDERR  ] 2017-05-22T13:50:12.791875221Z: Process init image: linuxkit/runc:24dfe632ed3ff53a026ee3fac046fd544434e2d6
[STDERR  ] 2017-05-22T13:50:12.792979472Z: Pull image: linuxkit/runc:24dfe632ed3ff53a026ee3fac046fd544434e2d6
[STDERR  ] 2017-05-22T13:50:14.828046291Z: Process init image: linuxkit/containerd:f1130450206d4f64f0ddc13d15bb68435aa1ff61
[STDERR  ] 2017-05-22T13:50:15.220142483Z: Add onboot containers:
[STDERR  ] 2017-05-22T13:50:15.22021567Z:   Create OCI config for linuxkit/dhcpcd:cb96c09a33c166eca6530f166f0f79927c3e83b0
[STDERR  ] 2017-05-22T13:50:15.322619976Z: Create outputs:
[STDERR  ] 2017-05-22T13:50:20.843900416Z:   minimal-kernel minimal-initrd.img minimal-cmdline
[STDERR  ] 2017-05-22T13:50:20.889129548Z: + exit 0
[STDERR  ] 2017-05-22T13:50:20.889135419Z: + clean_up
[STDERR  ] 2017-05-22T13:50:20.889145416Z: + rm -rf minimal-cmdline minimal-initrd.img minimal-kernel
[PASS    ] linuxkit.build.examples.minimal 10.91s
