[INFO    ] 2017-11-05T12:17:56.618565379Z: Running Test linuxkit.platforms.qemu.run_aws in /tmp/build/test/cases/010_platforms/000_qemu/050_run_aws
[INFO    ] 2017-11-05T12:17:56.618667777Z: Running command: [/bin/sh -x /tmp/build/test/cases/010_platforms/000_qemu/050_run_aws/test.sh]
[STDERR  ] 2017-11-05T12:17:56.647497023Z: + set -e
[STDERR  ] 2017-11-05T12:17:56.647571513Z: + . /tmp/build/test/cases/_lib/lib.sh
[STDERR  ] 2017-11-05T12:17:56.647583734Z: + [ -f src/github.com/linuxkit/rtf/lib/lib.sh ]
[STDERR  ] 2017-11-05T12:17:56.647593785Z: + LINUXKIT_TMPDIR=/tmp/build/test/cases/_tmp
[STDERR  ] 2017-11-05T12:17:56.64760338Z: + [ -f /tmp/build/test/cases/_tmp/env.sh ]
[STDERR  ] 2017-11-05T12:17:56.647613173Z: + . /tmp/build/test/cases/_tmp/env.sh
[STDERR  ] 2017-11-05T12:17:56.647623254Z: + export LINUXKIT_EXAMPLES_DIR=/tmp/build/test/cases/../../examples
[STDERR  ] 2017-11-05T12:17:56.647633616Z: + export LINUXKIT_BLUEPRINTS_DIR=/tmp/build/test/cases/../../blueprints
[STDERR  ] 2017-11-05T12:17:56.647646068Z: + RT_CANCEL=253
[STDERR  ] 2017-11-05T12:17:56.647655866Z: + NAME=qemu-raw
[STDERR  ] 2017-11-05T12:17:56.647665462Z: + trap clean_up EXIT
[STDERR  ] 2017-11-05T12:17:56.647675209Z: + moby build -format aws -name qemu-raw test.yml
[STDERR  ] 2017-11-05T12:17:56.686646193Z: Extract kernel image: linuxkit/kernel:4.9.59
[STDERR  ] 2017-11-05T12:17:58.618366014Z: Add init containers:
[STDERR  ] 2017-11-05T12:17:58.618424193Z: Process init image: linuxkit/init:42a92119e1ca10380e0d33e26c0cbcf85b9b3558
[STDERR  ] 2017-11-05T12:17:59.910409877Z: Process init image: linuxkit/runc:817fdc592eac6cb7804fa1721a43a7f6e23fb50f
[STDERR  ] 2017-11-05T12:18:01.191638688Z: Add onboot containers:
[STDERR  ] 2017-11-05T12:18:01.191698802Z:   Create OCI config for linuxkit/poweroff:280bd01daa8776fbe1f4d912977f1886b8374834
[STDERR  ] 2017-11-05T12:18:02.274584997Z: time="2017-11-05T12:18:02Z" level=warning msg="certificate with CN Rolf Neugebauer is near expiry" 
[STDERR  ] 2017-11-05T12:18:02.276331207Z: time="2017-11-05T12:18:02Z" level=warning msg="certificate with CN Rolf Neugebauer is near expiry" 
[STDERR  ] 2017-11-05T12:18:02.446829518Z: Create outputs:
[STDERR  ] 2017-11-05T12:18:02.44689558Z:   qemu-raw.raw
[STDERR  ] 2017-11-05T12:18:53.313577663Z: main-loop: WARNING: I/O thread spun for 1000 iterations
[STDERR  ] 2017-11-05T12:19:27.159518531Z: + [ -f qemu-raw.raw ]
[STDERR  ] 2017-11-05T12:19:27.15959847Z: + linuxkit run qemu qemu-raw.raw
[STDERR  ] 2017-11-05T12:19:27.159792108Z: + grep -q Welcome to LinuxKit
[STDERR  ] 2017-11-05T12:19:27.177261009Z: Unable to find qemu-system-x86_64 within the $PATH. Using a container
[STDERR  ] 2017-11-05T12:19:27.177314749Z: Using existing disk [qemu-raw.raw] format 
[STDERR  ] 2017-11-05T12:19:27.575664027Z: WARNING: Image format was not specified for 'qemu-raw.raw' and probing guessed raw.
[STDERR  ] 2017-11-05T12:19:27.575704362Z:          Automatically detecting the format is dangerous for raw images, write operations on block 0 will be restricted.
[STDERR  ] 2017-11-05T12:19:27.575718963Z:          Specify the 'raw' format explicitly to remove the restrictions.
[STDERR  ] 2017-11-05T12:19:50.99242807Z: write /dev/stdout: broken pipe
[STDERR  ] 2017-11-05T12:19:50.996837863Z: time="2017-11-05T12:19:50Z" level=fatal msg="exit status 1" 
[STDERR  ] 2017-11-05T12:19:50.996888394Z: + exit 0
[STDERR  ] 2017-11-05T12:19:50.996898864Z: + clean_up
[STDERR  ] 2017-11-05T12:19:50.996909391Z: + rm -rf qemu-raw.raw qemu-raw.raw-state
[PASS    ] linuxkit.platforms.qemu.run_aws 114.38s
