[INFO    ] 2017-07-24T15:24:06.040916743Z: Running Test linuxkit.platforms.qemu.run_qcow in /tmp/build/test/cases/010_platforms/000_qemu/030_run_qcow
[INFO    ] 2017-07-24T15:24:06.041024978Z: Running command: [/bin/sh -x /tmp/build/test/cases/010_platforms/000_qemu/030_run_qcow/test.sh]
[STDERR  ] 2017-07-24T15:24:06.056811658Z: + set -e
[STDERR  ] 2017-07-24T15:24:06.056909841Z: + . /tmp/build/test/cases/_lib/lib.sh
[STDERR  ] 2017-07-24T15:24:06.056922594Z: + [ -f src/github.com/linuxkit/rtf/lib/lib.sh ]
[STDERR  ] 2017-07-24T15:24:06.056932739Z: + LINUXKIT_TMPDIR=/tmp/build/test/cases/_tmp
[STDERR  ] 2017-07-24T15:24:06.056952569Z: + [ -f /tmp/build/test/cases/_tmp/env.sh ]
[STDERR  ] 2017-07-24T15:24:06.056962259Z: + . /tmp/build/test/cases/_tmp/env.sh
[STDERR  ] 2017-07-24T15:24:06.056973125Z: + export LINUXKIT_EXAMPLES_DIR=/tmp/build/test/cases/../../examples
[STDERR  ] 2017-07-24T15:24:06.056984503Z: + export LINUXKIT_BLUEPRINTS_DIR=/tmp/build/test/cases/../../blueprints
[STDERR  ] 2017-07-24T15:24:06.056995533Z: + RT_CANCEL=253
[STDERR  ] 2017-07-24T15:24:06.057005315Z: + NAME=qemu-qcow2
[STDERR  ] 2017-07-24T15:24:06.057015344Z: + trap clean_up EXIT
[STDERR  ] 2017-07-24T15:24:06.057025303Z: + moby build -output qcow2 -name qemu-qcow2 test.yml
[STDERR  ] 2017-07-24T15:24:06.073477743Z: Extract kernel image: linuxkit/kernel:4.9.39
[STDERR  ] 2017-07-24T15:24:07.88377297Z: Add init containers:
[STDERR  ] 2017-07-24T15:24:07.883864811Z: Process init image: linuxkit/init:d049e7b2074da5cd699a27defb47eb101142455d
[STDERR  ] 2017-07-24T15:24:09.14899806Z: Process init image: linuxkit/runc:d5cbeb95bdafedb82ad2cf11cff1a5da7fcae630
[STDERR  ] 2017-07-24T15:24:10.449575312Z: Add onboot containers:
[STDERR  ] 2017-07-24T15:24:10.449665866Z:   Create OCI config for linuxkit/poweroff:bce51402e293da0b653923a43c3c7be6e0effa05
[STDERR  ] 2017-07-24T15:24:11.74198421Z: Create outputs:
[STDERR  ] 2017-07-24T15:24:11.742050537Z:   qemu-qcow2.qcow2
[STDERR  ] 2017-07-24T15:25:47.289092393Z: + [ -f qemu-qcow2.qcow2 ]
[STDERR  ] 2017-07-24T15:25:47.289302611Z: + linuxkit run+  qemu qemu-qcow2.qcow2
[STDERR  ] 2017-07-24T15:25:47.289394265Z: grep -q Welcome to LinuxKit
[STDERR  ] 2017-07-24T15:25:47.308936666Z: Unable to find qemu-system-x86_64 within the $PATH. Using a container
[STDERR  ] 2017-07-24T15:25:47.309012544Z: Using existing disk [qemu-qcow2.qcow2] format 
[STDERR  ] 2017-07-24T15:26:04.767183663Z: write /dev/stdout: broken pipe
[STDERR  ] 2017-07-24T15:26:04.771385959Z: time="2017-07-24T15:26:04Z" level=fatal msg="exit status 1" 
[STDERR  ] 2017-07-24T15:26:04.771803775Z: + exit 0
[STDERR  ] 2017-07-24T15:26:04.771827117Z: + clean_up
[STDERR  ] 2017-07-24T15:26:04.771838371Z: + rm -rf qemu-qcow2.qcow2
[PASS    ] linuxkit.platforms.qemu.run_qcow 118.73s
