[INFO    ] 2018-10-08T21:11:52.239889948Z: Running Test linuxkit.build.formats.iso-bios in /tmp/build/test/cases/000_build/000_formats/001_iso-bios
[INFO    ] 2018-10-08T21:11:52.240082683Z: Running command: [/bin/sh -x /tmp/build/test/cases/000_build/000_formats/001_iso-bios/test.sh]
[STDERR  ] 2018-10-08T21:11:52.240852936Z: + set -e
[STDERR  ] 2018-10-08T21:11:52.240911315Z: + . /tmp/build/test/cases/_lib/lib.sh
[STDERR  ] 2018-10-08T21:11:52.240925381Z: + [ -f src/github.com/linuxkit/rtf/lib/lib.sh ]
[STDERR  ] 2018-10-08T21:11:52.240939326Z: + LINUXKIT_TMPDIR=/tmp/build/test/cases/_tmp
[STDERR  ] 2018-10-08T21:11:52.240952113Z: + [ -f /tmp/build/test/cases/_tmp/env.sh ]
[STDERR  ] 2018-10-08T21:11:52.240966512Z: + . /tmp/build/test/cases/_tmp/env.sh
[STDERR  ] 2018-10-08T21:11:52.240979936Z: + export LINUXKIT_EXAMPLES_DIR=/tmp/build/test/cases/../../examples
[STDERR  ] 2018-10-08T21:11:52.240992920Z: + RT_CANCEL=253
[STDERR  ] 2018-10-08T21:11:52.241007497Z: + NAME=check
[STDERR  ] 2018-10-08T21:11:52.241021173Z: + trap clean_up EXIT
[STDERR  ] 2018-10-08T21:11:52.241037537Z: + linuxkit build -format iso-bios -name check ../test.yml
[STDERR  ] 2018-10-08T21:11:52.270193335Z: Extract kernel image: linuxkit/kernel:4.14.74
[STDERR  ] 2018-10-08T21:11:53.965291524Z: Add init containers:
[STDERR  ] 2018-10-08T21:11:53.965362432Z: Process init image: linuxkit/init:6eb0158059b056a1567236280880cb87f03ff008
[STDERR  ] 2018-10-08T21:11:55.141947188Z: Process init image: linuxkit/runc:6cf26a0403376de3b5396cb676b88eea4f37aff8
[STDERR  ] 2018-10-08T21:11:56.267842196Z: Add onboot containers:
[STDERR  ] 2018-10-08T21:11:56.267911412Z:   Create OCI config for linuxkit/dhcpcd:v0.6
[STDERR  ] 2018-10-08T21:11:57.425511488Z: Create outputs:
[STDERR  ] 2018-10-08T21:11:57.425574372Z:   check.iso
[STDERR  ] 2018-10-08T21:12:11.210888207Z: + [ -f check.iso ]
[STDERR  ] 2018-10-08T21:12:11.210948074Z: + exit 0
[STDERR  ] 2018-10-08T21:12:11.210962594Z: + clean_up
[STDERR  ] 2018-10-08T21:12:11.210993397Z: + rm -f check.iso
[PASS    ] linuxkit.build.formats.iso-bios 18.99s
