[INFO    ] 2017-07-20T11:18:50.199147775Z: Running Test linuxkit.build.outputs.raw in /tmp/with_clone31c43c5a/test/cases/000_build/000_outputs/004_raw
[INFO    ] 2017-07-20T11:18:50.199262382Z: Running command: [/bin/sh -x /tmp/with_clone31c43c5a/test/cases/000_build/000_outputs/004_raw/test.sh]
[STDERR  ] 2017-07-20T11:18:50.200215629Z: + set -e
[STDERR  ] 2017-07-20T11:18:50.200299809Z: + . /tmp/with_clone31c43c5a/test/cases/_lib/lib.sh
[STDERR  ] 2017-07-20T11:18:50.200371416Z: + [ -f src/github.com/linuxkit/rtf/lib/lib.sh ]
[STDERR  ] 2017-07-20T11:18:50.200424735Z: + LINUXKIT_TMPDIR=/tmp/with_clone31c43c5a/test/cases/_tmp
[STDERR  ] 2017-07-20T11:18:50.200476852Z: + [ -f /tmp/with_clone31c43c5a/test/cases/_tmp/env.sh ]
[STDERR  ] 2017-07-20T11:18:50.200511116Z: + . /tmp/with_clone31c43c5a/test/cases/_tmp/env.sh
[STDERR  ] 2017-07-20T11:18:50.200549548Z: + export LINUXKIT_EXAMPLES_DIR=/tmp/with_clone31c43c5a/test/cases/../../examples
[STDERR  ] 2017-07-20T11:18:50.200586542Z: + export LINUXKIT_BLUEPRINTS_DIR=/tmp/with_clone31c43c5a/test/cases/../../blueprints
[STDERR  ] 2017-07-20T11:18:50.200626381Z: + RT_CANCEL=253
[STDERR  ] 2017-07-20T11:18:50.200653384Z: + NAME=check
[STDERR  ] 2017-07-20T11:18:50.200706401Z: + trap clean_up EXIT
[STDERR  ] 2017-07-20T11:18:50.200757211Z: + moby build -output raw -name check ../test.yml
[STDERR  ] 2017-07-20T11:18:50.211151218Z: Extract kernel image: linuxkit/kernel:4.9.38
[STDERR  ] 2017-07-20T11:18:58.032086605Z: Add init containers:
[STDERR  ] 2017-07-20T11:18:58.032168041Z: Process init image: linuxkit/init:d049e7b2074da5cd699a27defb47eb101142455d
[STDERR  ] 2017-07-20T11:18:59.5889057Z: Process init image: linuxkit/runc:d5cbeb95bdafedb82ad2cf11cff1a5da7fcae630
[STDERR  ] 2017-07-20T11:19:01.447657991Z: Add onboot containers:
[STDERR  ] 2017-07-20T11:19:01.447762891Z:   Create OCI config for linuxkit/dhcpcd:4b7b8bb024cebb1bbb9c8026d44d7cbc8e202c41
[STDERR  ] 2017-07-20T11:19:03.053891897Z: Create outputs:
[STDERR  ] 2017-07-20T11:19:03.053957674Z:   check.raw
[STDERR  ] 2017-07-20T11:19:53.793279917Z: main-loop: WARNING: I/O thread spun for 1000 iterations
[STDERR  ] 2017-07-20T11:20:27.897106391Z: + [ -f check.raw ]
[STDERR  ] 2017-07-20T11:20:27.897178392Z: + exit 0
[STDERR  ] 2017-07-20T11:20:27.897191769Z: + clean_up
[STDERR  ] 2017-07-20T11:20:27.897204315Z: + find . -depth -iname check* -exec rm -rf {} ;
[STDERR  ] 2017-07-20T11:20:27.915030566Z: + rm -f test.yml
[PASS    ] linuxkit.build.outputs.raw 97.72s
