[INFO    ] 2018-04-24T08:37:20.941530036Z: Running Test linuxkit.build.examples.node_exporter in /tmp/build/test/cases/000_build/100_examples/050_node_exporter
[INFO    ] 2018-04-24T08:37:20.941678564Z: Running command: [/bin/sh -x /tmp/build/test/cases/000_build/100_examples/050_node_exporter/test.sh]
[STDERR  ] 2018-04-24T08:37:20.942425115Z: + set -e
[STDERR  ] 2018-04-24T08:37:20.942491040Z: + . /tmp/build/test/cases/_lib/lib.sh
[STDERR  ] 2018-04-24T08:37:20.942506429Z: + [ -f src/github.com/linuxkit/rtf/lib/lib.sh ]
[STDERR  ] 2018-04-24T08:37:20.942521719Z: + LINUXKIT_TMPDIR=/tmp/build/test/cases/_tmp
[STDERR  ] 2018-04-24T08:37:20.942535641Z: + [ -f /tmp/build/test/cases/_tmp/env.sh ]
[STDERR  ] 2018-04-24T08:37:20.942549250Z: + . /tmp/build/test/cases/_tmp/env.sh
[STDERR  ] 2018-04-24T08:37:20.942568297Z: + export LINUXKIT_EXAMPLES_DIR=/tmp/build/test/cases/../../examples
[STDERR  ] 2018-04-24T08:37:20.942583526Z: + RT_CANCEL=253
[STDERR  ] 2018-04-24T08:37:20.942598785Z: + NAME=node_exporter
[STDERR  ] 2018-04-24T08:37:20.942612872Z: + trap clean_up EXIT
[STDERR  ] 2018-04-24T08:37:20.942625270Z: + linuxkit build /tmp/build/test/cases/../../examples/node_exporter.yml
[STDERR  ] 2018-04-24T08:37:20.988163058Z: Extract kernel image: linuxkit/kernel:4.14.35
[STDERR  ] 2018-04-24T08:37:22.600714683Z: Add init containers:
[STDERR  ] 2018-04-24T08:37:22.600800835Z: Process init image: linuxkit/init:d0bf64f4cea42bea71e7d8f8832ba497bb822e89
[STDERR  ] 2018-04-24T08:37:23.822568509Z: Process init image: linuxkit/runc:acba8886e4b1318457c711700f695a02fef9493d
[STDERR  ] 2018-04-24T08:37:25.011957552Z: Process init image: linuxkit/containerd:100d0d046c5061d75ee43e4ac5017a759109cae4
[STDERR  ] 2018-04-24T08:37:26.262381262Z: Add service containers:
[STDERR  ] 2018-04-24T08:37:26.262451748Z:   Create OCI config for linuxkit/getty:v0.3
[STDERR  ] 2018-04-24T08:37:27.727511223Z:   Create OCI config for linuxkit/rngd:v0.3
[STDERR  ] 2018-04-24T08:37:28.950139615Z:   Create OCI config for linuxkit/dhcpcd:v0.3
[STDERR  ] 2018-04-24T08:37:30.147304527Z:   Create OCI config for linuxkit/node_exporter:v0.3
[STDERR  ] 2018-04-24T08:37:32.144215115Z: Pull image: docker.io/linuxkit/node_exporter:v0.3@sha256:f352354693c951553fc6af7797361833b7550fb4c98aa059020e01b034730801
[STDERR  ] 2018-04-24T08:37:34.750682168Z: Create outputs:
[STDERR  ] 2018-04-24T08:37:44.709352977Z:   node_exporter-kernel node_exporter-initrd.img node_exporter-cmdline
[STDERR  ] 2018-04-24T08:37:44.791742929Z: + exit 0
[STDERR  ] 2018-04-24T08:37:44.791805396Z: + clean_up
[STDERR  ] 2018-04-24T08:37:44.791820651Z: + rm -f node_exporter-cmdline node_exporter-initrd.img node_exporter-kernel
[PASS    ] linuxkit.build.examples.node_exporter 23.86s
