[INFO    ] 2018-01-12T19:02:52.255947415Z: Running Test linuxkit.platforms.qemu.run_kernel in /tmp/build/test/cases/010_platforms/000_qemu/000_run_kernel
[INFO    ] 2018-01-12T19:02:52.256023964Z: Running command: [/bin/sh -x /tmp/build/test/cases/010_platforms/000_qemu/000_run_kernel/test.sh]
[STDERR  ] 2018-01-12T19:02:52.256516099Z: + set -e
[STDERR  ] 2018-01-12T19:02:52.256561373Z: + . /tmp/build/test/cases/_lib/lib.sh
[STDERR  ] 2018-01-12T19:02:52.256573586Z: + [ -f src/github.com/linuxkit/rtf/lib/lib.sh ]
[STDERR  ] 2018-01-12T19:02:52.256584317Z: + LINUXKIT_TMPDIR=/tmp/build/test/cases/_tmp
[STDERR  ] 2018-01-12T19:02:52.256596532Z: + [ -f /tmp/build/test/cases/_tmp/env.sh ]
[STDERR  ] 2018-01-12T19:02:52.256607584Z: + . /tmp/build/test/cases/_tmp/env.sh
[STDERR  ] 2018-01-12T19:02:52.256620072Z: + export LINUXKIT_EXAMPLES_DIR=/tmp/build/test/cases/../../examples
[STDERR  ] 2018-01-12T19:02:52.256636619Z: + export LINUXKIT_BLUEPRINTS_DIR=/tmp/build/test/cases/../../blueprints
[STDERR  ] 2018-01-12T19:02:52.256648199Z: + RT_CANCEL=253
[STDERR  ] 2018-01-12T19:02:52.256658586Z: + NAME=qemu-kernel
[STDERR  ] 2018-01-12T19:02:52.256669022Z: + trap clean_up EXIT
[STDERR  ] 2018-01-12T19:02:52.256679073Z: + linuxkit build -format kernel+initrd -name qemu-kernel test.yml
[STDERR  ] 2018-01-12T19:02:52.302520058Z: Extract kernel image: linuxkit/kernel:4.9.76
[STDERR  ] 2018-01-12T19:02:53.462076268Z: time="2018-01-12T19:02:53Z" level=warning msg="certificate with CN Justin Cormack is near expiry"
[STDERR  ] 2018-01-12T19:02:53.462127135Z: time="2018-01-12T19:02:53Z" level=warning msg="certificate with CN  is near expiry"
[STDERR  ] 2018-01-12T19:02:53.46221132Z: time="2018-01-12T19:02:53Z" level=warning msg="certificate with CN  is near expiry"
[STDERR  ] 2018-01-12T19:02:53.509775616Z: time="2018-01-12T19:02:53Z" level=warning msg="certificate with CN Justin Cormack is near expiry"
[STDERR  ] 2018-01-12T19:02:53.881182901Z: Add init containers:
[STDERR  ] 2018-01-12T19:02:53.881243873Z: Process init image: linuxkit/init:7c405a03c8467b3aa7999d2a729aeb5d3fa7dae5
[STDERR  ] 2018-01-12T19:02:54.907632935Z: time="2018-01-12T19:02:54Z" level=warning msg="certificate with CN  is near expiry"
[STDERR  ] 2018-01-12T19:02:54.907701618Z: time="2018-01-12T19:02:54Z" level=warning msg="certificate with CN  is near expiry"
[STDERR  ] 2018-01-12T19:02:54.908017265Z: time="2018-01-12T19:02:54Z" level=warning msg="certificate with CN Justin Cormack is near expiry"
[STDERR  ] 2018-01-12T19:02:54.911948189Z: time="2018-01-12T19:02:54Z" level=warning msg="certificate with CN Justin Cormack is near expiry"
[STDERR  ] 2018-01-12T19:02:54.913630564Z: time="2018-01-12T19:02:54Z" level=warning msg="certificate with CN  is near expiry"
[STDERR  ] 2018-01-12T19:02:55.08400877Z: Process init image: linuxkit/runc:7b15b00b4e3507d62e3ed8d44dfe650561cd35ff
[STDERR  ] 2018-01-12T19:02:56.132099856Z: time="2018-01-12T19:02:56Z" level=warning msg="certificate with CN Justin Cormack is near expiry"
[STDERR  ] 2018-01-12T19:02:56.132265447Z: time="2018-01-12T19:02:56Z" level=warning msg="certificate with CN  is near expiry"
[STDERR  ] 2018-01-12T19:02:56.132354325Z: time="2018-01-12T19:02:56Z" level=warning msg="certificate with CN  is near expiry"
[STDERR  ] 2018-01-12T19:02:56.134601846Z: time="2018-01-12T19:02:56Z" level=warning msg="certificate with CN Justin Cormack is near expiry"
[STDERR  ] 2018-01-12T19:02:56.13595963Z: time="2018-01-12T19:02:56Z" level=warning msg="certificate with CN  is near expiry"
[STDERR  ] 2018-01-12T19:02:56.281010668Z: Add onboot containers:
[STDERR  ] 2018-01-12T19:02:56.281070071Z:   Create OCI config for linuxkit/poweroff:bccfe1cb04fc7bb9f03613d2314f38abd2620f29
[STDERR  ] 2018-01-12T19:02:57.324756967Z: time="2018-01-12T19:02:57Z" level=warning msg="certificate with CN Justin Cormack is near expiry"
[STDERR  ] 2018-01-12T19:02:57.324922512Z: time="2018-01-12T19:02:57Z" level=warning msg="certificate with CN Rolf Neugebauer is near expiry"
[STDERR  ] 2018-01-12T19:02:57.325015006Z: time="2018-01-12T19:02:57Z" level=warning msg="certificate with CN  is near expiry"
[STDERR  ] 2018-01-12T19:02:57.325085564Z: time="2018-01-12T19:02:57Z" level=warning msg="certificate with CN  is near expiry"
[STDERR  ] 2018-01-12T19:02:57.32688203Z: time="2018-01-12T19:02:57Z" level=warning msg="certificate with CN Rolf Neugebauer is near expiry"
[STDERR  ] 2018-01-12T19:02:57.327641232Z: time="2018-01-12T19:02:57Z" level=warning msg="certificate with CN  is near expiry"
[STDERR  ] 2018-01-12T19:02:57.623594987Z: Create outputs:
[STDERR  ] 2018-01-12T19:03:01.654318868Z:   qemu-kernel-kernel qemu-kernel-initrd.img qemu-kernel-cmdline
[STDERR  ] 2018-01-12T19:03:01.696222183Z: + [ -f qemu-kernel-kernel ]
[STDERR  ] 2018-01-12T19:03:01.696276362Z: + [ -f qemu-kernel-initrd.img ]
[STDERR  ] 2018-01-12T19:03:01.696291834Z: + [ -f qemu-kernel-cmdline ]
[STDERR  ] 2018-01-12T19:03:01.69645386Z: + linuxkit run qemu -kernel qemu-kernel
[STDERR  ] 2018-01-12T19:03:01.696575763Z: + grep -q Welcome to LinuxKit
[STDERR  ] 2018-01-12T19:03:01.719151594Z: Unable to find qemu-system-x86_64 within the $PATH. Using a container
[STDERR  ] 2018-01-12T19:03:12.933440255Z: write /dev/stdout: broken pipe
[STDERR  ] 2018-01-12T19:03:12.934793532Z: time="2018-01-12T19:03:12Z" level=fatal msg="exit status 1"
[STDERR  ] 2018-01-12T19:03:12.937566416Z: + exit 0
[STDERR  ] 2018-01-12T19:03:12.937602469Z: + clean_up
[STDERR  ] 2018-01-12T19:03:12.937635568Z: + rm -rf qemu-kernel-cmdline qemu-kernel-initrd.img qemu-kernel-kernel qemu-kernel-state
[PASS    ] linuxkit.platforms.qemu.run_kernel 20.70s
