[INFO    ] 2017-07-03T13:07:41.928889186Z: Running Test linuxkit.build.examples.minimal in /tmp/build/test/cases/000_build/100_examples/000_minimal
[INFO    ] 2017-07-03T13:07:41.928984387Z: Running command: [/bin/sh -x /tmp/build/test/cases/000_build/100_examples/000_minimal/test.sh]
[STDERR  ] 2017-07-03T13:07:41.940378423Z: + set -e
[STDERR  ] 2017-07-03T13:07:41.94039281Z: + . /tmp/build/test/cases/_lib/lib.sh
[STDERR  ] 2017-07-03T13:07:41.940397019Z: + [ -f src/github.com/linuxkit/rtf/lib/lib.sh ]
[STDERR  ] 2017-07-03T13:07:41.940406274Z: + LINUXKIT_TMPDIR=/tmp/build/test/cases/_tmp
[STDERR  ] 2017-07-03T13:07:41.940412323Z: + [ -f /tmp/build/test/cases/_tmp/env.sh ]
[STDERR  ] 2017-07-03T13:07:41.940432262Z: + . /tmp/build/test/cases/_tmp/env.sh
[STDERR  ] 2017-07-03T13:07:41.940441385Z: + export LINUXKIT_EXAMPLES_DIR=/tmp/build/test/cases/../../examples
[STDERR  ] 2017-07-03T13:07:41.940448268Z: + export LINUXKIT_BLUEPRINTS_DIR=/tmp/build/test/cases/../../blueprints
[STDERR  ] 2017-07-03T13:07:41.940454325Z: + RT_CANCEL=253
[STDERR  ] 2017-07-03T13:07:41.940457358Z: + IMAGE_NAME=minimal
[STDERR  ] 2017-07-03T13:07:41.940462945Z: + trap clean_up EXIT
[STDERR  ] 2017-07-03T13:07:41.940471555Z: + moby build /tmp/build/test/cases/../../examples/minimal.yml
[STDERR  ] 2017-07-03T13:07:42.070144826Z: Extract kernel image: linuxkit/kernel:4.9.35
[STDERR  ] 2017-07-03T13:07:43.590968395Z: Add init containers:
[STDERR  ] 2017-07-03T13:07:43.590983266Z: Process init image: linuxkit/init:14a38303ee9dcb4541c00e2b87404befc1ba2083
[STDERR  ] 2017-07-03T13:07:44.824563747Z: Process init image: linuxkit/runc:2310ad9d266cf5d9c4d07613bd2135ed7eb8a21f
[STDERR  ] 2017-07-03T13:07:46.096345319Z: Process init image: linuxkit/containerd:c977f27c234d55b85172813b8451f67ea86be4a3
[STDERR  ] 2017-07-03T13:07:47.595186631Z: Add onboot containers:
[STDERR  ] 2017-07-03T13:07:47.595201531Z:   Create OCI config for linuxkit/dhcpcd:4b7b8bb024cebb1bbb9c8026d44d7cbc8e202c41
[STDERR  ] 2017-07-03T13:07:49.053854777Z: Add service containers:
[STDERR  ] 2017-07-03T13:07:49.053870407Z:   Create OCI config for linuxkit/getty:5ab31289889d61a5d2ecbeea8e36ce74ac54737c
[STDERR  ] 2017-07-03T13:07:50.915927327Z: Pull image: docker.io/linuxkit/getty:5ab31289889d61a5d2ecbeea8e36ce74ac54737c@sha256:302052d5e31c493fa2f920483eb29741a53136d8f161af28b18e2d7976bd1cb2
[STDERR  ] 2017-07-03T13:07:55.139934226Z: Create outputs:
[STDERR  ] 2017-07-03T13:08:02.807547957Z:   minimal-kernel minimal-initrd.img minimal-cmdline
[STDERR  ] 2017-07-03T13:08:02.883961447Z: + exit 0
[STDERR  ] 2017-07-03T13:08:02.883978115Z: + clean_up
[STDERR  ] 2017-07-03T13:08:02.883984877Z: + rm -rf minimal-cmdline minimal-initrd.img minimal-kernel
[PASS    ] linuxkit.build.examples.minimal 20.96s
