[INFO    ] 2017-06-05T15:58:01.347287005Z: Running Test linuxkit.build.examples.redis in /tmp/build/test/cases/000_build/100_examples/030_redis
[INFO    ] 2017-06-05T15:58:01.34736836Z: Running command: [/bin/sh -x /tmp/build/test/cases/000_build/100_examples/030_redis/test.sh]
[STDERR  ] 2017-06-05T15:58:01.348656302Z: + set -e
[STDERR  ] 2017-06-05T15:58:01.348690238Z: + . /tmp/build/test/cases/_lib/lib.sh
[STDERR  ] 2017-06-05T15:58:01.348748767Z: + [ -f src/github.com/linuxkit/rtf/lib/lib.sh ]
[STDERR  ] 2017-06-05T15:58:01.348779758Z: + LINUXKIT_TMPDIR=/tmp/build/test/cases/_tmp
[STDERR  ] 2017-06-05T15:58:01.348811418Z: + [ -f /tmp/build/test/cases/_tmp/env.sh ]
[STDERR  ] 2017-06-05T15:58:01.348840777Z: + . /tmp/build/test/cases/_tmp/env.sh
[STDERR  ] 2017-06-05T15:58:01.348863481Z: + export LINUXKIT_EXAMPLES_DIR=/tmp/build/test/cases/../../examples
[STDERR  ] 2017-06-05T15:58:01.348884292Z: + RT_CANCEL=253
[STDERR  ] 2017-06-05T15:58:01.348914553Z: + IMAGE_NAME=redis-os
[STDERR  ] 2017-06-05T15:58:01.348942114Z: + trap clean_up EXIT
[STDERR  ] 2017-06-05T15:58:01.348971812Z: + moby build /tmp/build/test/cases/../../examples/redis-os.yml
[STDERR  ] 2017-06-05T15:58:01.379605367Z: Pull kernel image: linuxkit/kernel:4.9.x
[STDERR  ] 2017-06-05T15:58:04.408458091Z: Extract kernel image: linuxkit/kernel:4.9.x
[STDERR  ] 2017-06-05T15:58:04.408470921Z: Pull image: linuxkit/kernel:4.9.x
[STDERR  ] 2017-06-05T15:58:08.200369709Z: Add init containers:
[STDERR  ] 2017-06-05T15:58:08.200477011Z: Process init image: linuxkit/init:1b8a7e394d2ec2f1fdb4d67645829d1b5bdca037
[STDERR  ] 2017-06-05T15:58:08.200521201Z: Pull image: linuxkit/init:1b8a7e394d2ec2f1fdb4d67645829d1b5bdca037
[STDERR  ] 2017-06-05T15:58:11.359040807Z: Process init image: linuxkit/runc:3a4e6cbf15470f62501b019b55e1caac5ee7689f
[STDERR  ] 2017-06-05T15:58:11.359083536Z: Pull image: linuxkit/runc:3a4e6cbf15470f62501b019b55e1caac5ee7689f
[STDERR  ] 2017-06-05T15:58:14.34746621Z: Process init image: linuxkit/containerd:deaf5bf838bf7f131c2287ecff3ed9835b0497e2
[STDERR  ] 2017-06-05T15:58:14.347513374Z: Pull image: linuxkit/containerd:deaf5bf838bf7f131c2287ecff3ed9835b0497e2
[STDERR  ] 2017-06-05T15:58:17.846430999Z: Add onboot containers:
[STDERR  ] 2017-06-05T15:58:17.84647415Z:   Create OCI config for linuxkit/dhcpcd:7d2b8aaaf20c24ad7d11a5ea2ea5b4a80dc966f1
[STDERR  ] 2017-06-05T15:58:17.850020896Z: Pull image: linuxkit/dhcpcd:7d2b8aaaf20c24ad7d11a5ea2ea5b4a80dc966f1
[STDERR  ] 2017-06-05T15:58:20.879232522Z: Add service containers:
[STDERR  ] 2017-06-05T15:58:20.879273297Z:   Create OCI config for redis:3.0.7-alpine
[STDERR  ] 2017-06-05T15:58:23.716449228Z: Pull image: redis:3.0.7-alpine
[STDERR  ] 2017-06-05T15:58:26.456572212Z: Create outputs:
[STDERR  ] 2017-06-05T15:58:32.951456253Z:   redis-os-kernel redis-os-initrd.img redis-os-cmdline
[STDERR  ] 2017-06-05T15:58:33.030075084Z: + exit 0
[STDERR  ] 2017-06-05T15:58:33.030132674Z: + clean_up
[STDERR  ] 2017-06-05T15:58:33.030139533Z: + rm -rf redis-os-cmdline redis-os-initrd.img redis-os-kernel
[PASS    ] linuxkit.build.examples.redis 31.69s
