[INFO    ] 2018-02-01T17:01:49.92648041Z: Running Test linuxkit.build.formats.iso-efi in /tmp/build/test/cases/000_build/000_formats/002_iso-efi
[INFO    ] 2018-02-01T17:01:49.926583232Z: Running command: [/bin/sh -x /tmp/build/test/cases/000_build/000_formats/002_iso-efi/test.sh]
[STDERR  ] 2018-02-01T17:01:49.927189925Z: + set -e
[STDERR  ] 2018-02-01T17:01:49.927249615Z: + . /tmp/build/test/cases/_lib/lib.sh
[STDERR  ] 2018-02-01T17:01:49.927260759Z: + [ -f src/github.com/linuxkit/rtf/lib/lib.sh ]
[STDERR  ] 2018-02-01T17:01:49.927272114Z: + LINUXKIT_TMPDIR=/tmp/build/test/cases/_tmp
[STDERR  ] 2018-02-01T17:01:49.927282864Z: + [ -f /tmp/build/test/cases/_tmp/env.sh ]
[STDERR  ] 2018-02-01T17:01:49.927293932Z: + . /tmp/build/test/cases/_tmp/env.sh
[STDERR  ] 2018-02-01T17:01:49.927304739Z: + export LINUXKIT_EXAMPLES_DIR=/tmp/build/test/cases/../../examples
[STDERR  ] 2018-02-01T17:01:49.927319477Z: + RT_CANCEL=253
[STDERR  ] 2018-02-01T17:01:49.927329528Z: + NAME=check
[STDERR  ] 2018-02-01T17:01:49.927338843Z: + trap clean_up EXIT
[STDERR  ] 2018-02-01T17:01:49.927349074Z: + linuxkit build -format iso-efi -name check ../test.yml
[STDERR  ] 2018-02-01T17:01:49.953273259Z: Extract kernel image: linuxkit/kernel:4.9.78
[STDERR  ] 2018-02-01T17:01:51.065418152Z: time="2018-02-01T17:01:51Z" level=warning msg="certificate with CN Justin Cormack is near expiry"
[STDERR  ] 2018-02-01T17:01:51.065485449Z: time="2018-02-01T17:01:51Z" level=warning msg="certificate with CN  is near expiry"
[STDERR  ] 2018-02-01T17:01:51.065557813Z: time="2018-02-01T17:01:51Z" level=warning msg="certificate with CN  is near expiry"
[STDERR  ] 2018-02-01T17:01:51.110499559Z: time="2018-02-01T17:01:51Z" level=warning msg="certificate with CN Justin Cormack is near expiry"
[STDERR  ] 2018-02-01T17:01:51.437830936Z: Add init containers:
[STDERR  ] 2018-02-01T17:01:51.437873568Z: Process init image: linuxkit/init:e650be6c21ef9ecb33534858fc63fb8bc5028c6e
[STDERR  ] 2018-02-01T17:01:52.470506922Z: time="2018-02-01T17:01:52Z" level=warning msg="certificate with CN Justin Cormack is near expiry"
[STDERR  ] 2018-02-01T17:01:52.470633802Z: time="2018-02-01T17:01:52Z" level=warning msg="certificate with CN  is near expiry"
[STDERR  ] 2018-02-01T17:01:52.47071901Z: time="2018-02-01T17:01:52Z" level=warning msg="certificate with CN  is near expiry"
[STDERR  ] 2018-02-01T17:01:52.475045548Z: time="2018-02-01T17:01:52Z" level=warning msg="certificate with CN Justin Cormack is near expiry"
[STDERR  ] 2018-02-01T17:01:52.476730664Z: time="2018-02-01T17:01:52Z" level=warning msg="certificate with CN  is near expiry"
[STDERR  ] 2018-02-01T17:01:52.634140067Z: Process init image: linuxkit/runc:52ecfdef1ae051e7fd5ac5f1d0b7dd859adff015
[STDERR  ] 2018-02-01T17:01:53.68802095Z: time="2018-02-01T17:01:53Z" level=warning msg="certificate with CN  is near expiry"
[STDERR  ] 2018-02-01T17:01:53.68808083Z: time="2018-02-01T17:01:53Z" level=warning msg="certificate with CN  is near expiry"
[STDERR  ] 2018-02-01T17:01:53.688349005Z: time="2018-02-01T17:01:53Z" level=warning msg="certificate with CN Justin Cormack is near expiry"
[STDERR  ] 2018-02-01T17:01:53.691049507Z: time="2018-02-01T17:01:53Z" level=warning msg="certificate with CN Justin Cormack is near expiry"
[STDERR  ] 2018-02-01T17:01:53.692662141Z: time="2018-02-01T17:01:53Z" level=warning msg="certificate with CN  is near expiry"
[STDERR  ] 2018-02-01T17:01:53.833585862Z: Add onboot containers:
[STDERR  ] 2018-02-01T17:01:53.833663305Z:   Create OCI config for linuxkit/dhcpcd:v0.2
[STDERR  ] 2018-02-01T17:01:54.879327105Z: time="2018-02-01T17:01:54Z" level=warning msg="certificate with CN Justin Cormack is near expiry"
[STDERR  ] 2018-02-01T17:01:54.879460128Z: time="2018-02-01T17:01:54Z" level=warning msg="certificate with CN  is near expiry"
[STDERR  ] 2018-02-01T17:01:54.879545142Z: time="2018-02-01T17:01:54Z" level=warning msg="certificate with CN  is near expiry"
[STDERR  ] 2018-02-01T17:01:54.880991472Z: time="2018-02-01T17:01:54Z" level=warning msg="certificate with CN Justin Cormack is near expiry"
[STDERR  ] 2018-02-01T17:01:54.881607152Z: time="2018-02-01T17:01:54Z" level=warning msg="certificate with CN  is near expiry"
[STDERR  ] 2018-02-01T17:01:55.024577402Z: Create outputs:
[STDERR  ] 2018-02-01T17:01:55.02468846Z:   check-efi.iso
[STDERR  ] 2018-02-01T17:02:08.250039003Z: + [ -f check-efi.iso ]
[STDERR  ] 2018-02-01T17:02:08.250087445Z: + exit 0
[STDERR  ] 2018-02-01T17:02:08.250102604Z: + clean_up
[STDERR  ] 2018-02-01T17:02:08.250112181Z: + rm -f check-efi.iso
[PASS    ] linuxkit.build.formats.iso-efi 18.34s
