[INFO    ] 2017-11-02T12:48:04.823458004Z: Running Test linuxkit.build.outputs.iso-bios in /tmp/build/test/cases/000_build/000_outputs/001_iso-bios
[INFO    ] 2017-11-02T12:48:04.82355824Z: Running command: [/bin/sh -x /tmp/build/test/cases/000_build/000_outputs/001_iso-bios/test.sh]
[STDERR  ] 2017-11-02T12:48:04.824844819Z: + set -e
[STDERR  ] 2017-11-02T12:48:04.824887287Z: + . /tmp/build/test/cases/_lib/lib.sh
[STDERR  ] 2017-11-02T12:48:04.824900823Z: + [ -f src/github.com/linuxkit/rtf/lib/lib.sh ]
[STDERR  ] 2017-11-02T12:48:04.82491154Z: + LINUXKIT_TMPDIR=/tmp/build/test/cases/_tmp
[STDERR  ] 2017-11-02T12:48:04.824922092Z: + [ -f /tmp/build/test/cases/_tmp/env.sh ]
[STDERR  ] 2017-11-02T12:48:04.824933882Z: + . /tmp/build/test/cases/_tmp/env.sh
[STDERR  ] 2017-11-02T12:48:04.82494507Z: + export LINUXKIT_EXAMPLES_DIR=/tmp/build/test/cases/../../examples
[STDERR  ] 2017-11-02T12:48:04.824962939Z: + export LINUXKIT_BLUEPRINTS_DIR=/tmp/build/test/cases/../../blueprints
[STDERR  ] 2017-11-02T12:48:04.824975403Z: + RT_CANCEL=253
[STDERR  ] 2017-11-02T12:48:04.824984922Z: + NAME=check
[STDERR  ] 2017-11-02T12:48:04.824994848Z: + trap clean_up EXIT
[STDERR  ] 2017-11-02T12:48:04.825006221Z: + moby build -format iso-bios -name check ../test.yml
[STDERR  ] 2017-11-02T12:48:04.834703075Z: Extract kernel image: linuxkit/kernel:4.9.59
[STDERR  ] 2017-11-02T12:48:06.603904433Z: Add init containers:
[STDERR  ] 2017-11-02T12:48:06.603978239Z: Process init image: linuxkit/init:42a92119e1ca10380e0d33e26c0cbcf85b9b3558
[STDERR  ] 2017-11-02T12:48:07.905840987Z: Process init image: linuxkit/runc:817fdc592eac6cb7804fa1721a43a7f6e23fb50f
[STDERR  ] 2017-11-02T12:48:09.127128138Z: Add onboot containers:
[STDERR  ] 2017-11-02T12:48:09.12718547Z:   Create OCI config for linuxkit/dhcpcd:48831507404049660b960e4055f544917d90378e
[STDERR  ] 2017-11-02T12:48:10.387065515Z: Create outputs:
[STDERR  ] 2017-11-02T12:48:10.387110934Z:   check.iso
[STDERR  ] 2017-11-02T12:48:43.96611608Z: + [ -f check.iso ]
[STDERR  ] 2017-11-02T12:48:43.966171258Z: + exit 0
[STDERR  ] 2017-11-02T12:48:43.966184792Z: + clean_up
[STDERR  ] 2017-11-02T12:48:43.966195519Z: + rm -f check.iso
[PASS    ] linuxkit.build.outputs.iso-bios 39.15s
