[INFO    ] 2017-07-11T23:36:47.137859648Z: Running Test linuxkit.platforms.qemu.run_kernel in /tmp/build/test/cases/010_platforms/000_qemu/000_run_kernel
[INFO    ] 2017-07-11T23:36:47.137956608Z: Running command: [/bin/sh -x /tmp/build/test/cases/010_platforms/000_qemu/000_run_kernel/test.sh]
[STDERR  ] 2017-07-11T23:36:47.138678723Z: + set -e
[STDERR  ] 2017-07-11T23:36:47.138709823Z: + . /tmp/build/test/cases/_lib/lib.sh
[STDERR  ] 2017-07-11T23:36:47.138720496Z: + [ -f src/github.com/linuxkit/rtf/lib/lib.sh ]
[STDERR  ] 2017-07-11T23:36:47.138730354Z: + LINUXKIT_TMPDIR=/tmp/build/test/cases/_tmp
[STDERR  ] 2017-07-11T23:36:47.138735703Z: + [ -f /tmp/build/test/cases/_tmp/env.sh ]
[STDERR  ] 2017-07-11T23:36:47.138751219Z: + . /tmp/build/test/cases/_tmp/env.sh
[STDERR  ] 2017-07-11T23:36:47.138763537Z: + export LINUXKIT_EXAMPLES_DIR=/tmp/build/test/cases/../../examples
[STDERR  ] 2017-07-11T23:36:47.138774559Z: + export LINUXKIT_BLUEPRINTS_DIR=/tmp/build/test/cases/../../blueprints
[STDERR  ] 2017-07-11T23:36:47.138779472Z: + RT_CANCEL=253
[STDERR  ] 2017-07-11T23:36:47.13879329Z: + NAME=qemu-kernel
[STDERR  ] 2017-07-11T23:36:47.138803355Z: + trap clean_up EXIT
[STDERR  ] 2017-07-11T23:36:47.138814258Z: + moby build -output kernel+initrd -name qemu-kernel test.yml
[STDERR  ] 2017-07-11T23:36:47.167173444Z: Extract kernel image: linuxkit/kernel:4.9.36
[STDERR  ] 2017-07-11T23:36:48.715971881Z: Add init containers:
[STDERR  ] 2017-07-11T23:36:48.715991405Z: Process init image: linuxkit/init:14a38303ee9dcb4541c00e2b87404befc1ba2083
[STDERR  ] 2017-07-11T23:36:50.05077709Z: Process init image: linuxkit/runc:2310ad9d266cf5d9c4d07613bd2135ed7eb8a21f
[STDERR  ] 2017-07-11T23:36:51.299398405Z: Process init image: linuxkit/containerd:c977f27c234d55b85172813b8451f67ea86be4a3
[STDERR  ] 2017-07-11T23:36:52.828163054Z: Add onboot containers:
[STDERR  ] 2017-07-11T23:36:52.828230228Z:   Create OCI config for linuxkit/poweroff:bce51402e293da0b653923a43c3c7be6e0effa05
[STDERR  ] 2017-07-11T23:36:54.12876258Z: Create outputs:
[STDERR  ] 2017-07-11T23:37:02.416154866Z:   qemu-kernel-kernel qemu-kernel-initrd.img qemu-kernel-cmdline
[STDERR  ] 2017-07-11T23:37:02.486292007Z: + [ -f qemu-kernel-kernel ]
[STDERR  ] 2017-07-11T23:37:02.486354777Z: + [ -f qemu-kernel-initrd.img ]
[STDERR  ] 2017-07-11T23:37:02.486374007Z: + [ -f qemu-kernel-cmdline ]
[STDERR  ] 2017-07-11T23:37:02.486457782Z: + + linuxkit rungrep -q Welcome to LinuxKit qemu -kernel qemu-kernel
[STDERR  ] 2017-07-11T23:37:02.48646865Z: 
[STDERR  ] 2017-07-11T23:37:02.504544058Z: Unable to find qemu-system-x86_64 within the $PATH. Using a container
[STDERR  ] 2017-07-11T23:37:20.488125236Z: write /dev/stdout: broken pipe
[STDERR  ] 2017-07-11T23:37:20.492685242Z: time="2017-07-11T23:37:20Z" level=fatal msg="exit status 1" 
[STDERR  ] 2017-07-11T23:37:20.492702173Z: + exit 0
[STDERR  ] 2017-07-11T23:37:20.492707359Z: + clean_up
[STDERR  ] 2017-07-11T23:37:20.49272289Z: + rm -rf qemu-kernel-cmdline qemu-kernel-initrd.img qemu-kernel-kernel
[PASS    ] linuxkit.platforms.qemu.run_kernel 33.36s
