[INFO    ] 2017-07-19T20:34:45.432723847Z: Running Test linuxkit.platforms.qemu.run_qcow in /tmp/build/test/cases/010_platforms/000_qemu/030_run_qcow
[INFO    ] 2017-07-19T20:34:45.432803062Z: Running command: [/bin/sh -x /tmp/build/test/cases/010_platforms/000_qemu/030_run_qcow/test.sh]
[STDERR  ] 2017-07-19T20:34:45.433819826Z: + set -e
[STDERR  ] 2017-07-19T20:34:45.433901029Z: + . /tmp/build/test/cases/_lib/lib.sh
[STDERR  ] 2017-07-19T20:34:45.433977508Z: + [ -f src/github.com/linuxkit/rtf/lib/lib.sh ]
[STDERR  ] 2017-07-19T20:34:45.434031788Z: + LINUXKIT_TMPDIR=/tmp/build/test/cases/_tmp
[STDERR  ] 2017-07-19T20:34:45.43408802Z: + [ -f /tmp/build/test/cases/_tmp/env.sh ]
[STDERR  ] 2017-07-19T20:34:45.434138268Z: + . /tmp/build/test/cases/_tmp/env.sh
[STDERR  ] 2017-07-19T20:34:45.434186149Z: + export LINUXKIT_EXAMPLES_DIR=/tmp/build/test/cases/../../examples
[STDERR  ] 2017-07-19T20:34:45.434239058Z: + export LINUXKIT_BLUEPRINTS_DIR=/tmp/build/test/cases/../../blueprints
[STDERR  ] 2017-07-19T20:34:45.434277936Z: + RT_CANCEL=253
[STDERR  ] 2017-07-19T20:34:45.434325471Z: + NAME=qemu-qcow2
[STDERR  ] 2017-07-19T20:34:45.434369139Z: + trap clean_up EXIT
[STDERR  ] 2017-07-19T20:34:45.434446517Z: + moby build -output qcow2 -name qemu-qcow2 test.yml
[STDERR  ] 2017-07-19T20:34:45.455901868Z: Extract kernel image: linuxkit/kernel:4.9.38
[STDERR  ] 2017-07-19T20:34:47.233776644Z: Add init containers:
[STDERR  ] 2017-07-19T20:34:47.233861606Z: Process init image: linuxkit/init:d049e7b2074da5cd699a27defb47eb101142455d
[STDERR  ] 2017-07-19T20:34:48.525552596Z: Process init image: linuxkit/runc:d5cbeb95bdafedb82ad2cf11cff1a5da7fcae630
[STDERR  ] 2017-07-19T20:34:49.749749144Z: Add onboot containers:
[STDERR  ] 2017-07-19T20:34:49.749811299Z:   Create OCI config for linuxkit/poweroff:bce51402e293da0b653923a43c3c7be6e0effa05
[STDERR  ] 2017-07-19T20:34:51.002681956Z: Create outputs:
[STDERR  ] 2017-07-19T20:34:51.002750139Z:   qemu-qcow2.qcow2
[STDERR  ] 2017-07-19T20:36:33.066339141Z: + [ -f qemu-qcow2.qcow2 ]
[STDERR  ] 2017-07-19T20:36:33.066447822Z: + grep -q Welcome to LinuxKit
[STDERR  ] 2017-07-19T20:36:33.066503132Z: + linuxkit run qemu qemu-qcow2.qcow2
[STDERR  ] 2017-07-19T20:36:33.083246971Z: Unable to find qemu-system-x86_64 within the $PATH. Using a container
[STDERR  ] 2017-07-19T20:36:33.083293366Z: Using existing disk [qemu-qcow2.qcow2] format 
[STDERR  ] 2017-07-19T20:36:49.215762398Z: write /dev/stdout: broken pipe
[STDERR  ] 2017-07-19T20:36:49.217129702Z: time="2017-07-19T20:36:49Z" level=fatal msg="exit status 1" 
[STDERR  ] 2017-07-19T20:36:49.219780996Z: + exit 0
[STDERR  ] 2017-07-19T20:36:49.219811801Z: + clean_up
[STDERR  ] 2017-07-19T20:36:49.219822443Z: + rm -rf qemu-qcow2.qcow2
[PASS    ] linuxkit.platforms.qemu.run_qcow 123.79s
