[INFO    ] 2017-08-30T16:59:51.293960761Z: Running Test linuxkit.build.outputs.kernel+initrd in /tmp/with_clone13e702b3/test/cases/000_build/000_outputs/000_kernel+initrd
[INFO    ] 2017-08-30T16:59:51.294025932Z: Running command: [/bin/sh -x /tmp/with_clone13e702b3/test/cases/000_build/000_outputs/000_kernel+initrd/test.sh]
[STDERR  ] 2017-08-30T16:59:51.309355396Z: + set -e
[STDERR  ] 2017-08-30T16:59:51.309403357Z: + . /tmp/with_clone13e702b3/test/cases/_lib/lib.sh
[STDERR  ] 2017-08-30T16:59:51.309410846Z: + [ -f src/github.com/linuxkit/rtf/lib/lib.sh ]
[STDERR  ] 2017-08-30T16:59:51.309417813Z: + LINUXKIT_TMPDIR=/tmp/with_clone13e702b3/test/cases/_tmp
[STDERR  ] 2017-08-30T16:59:51.309426048Z: + [ -f /tmp/with_clone13e702b3/test/cases/_tmp/env.sh ]
[STDERR  ] 2017-08-30T16:59:51.309432609Z: + . /tmp/with_clone13e702b3/test/cases/_tmp/env.sh
[STDERR  ] 2017-08-30T16:59:51.309441601Z: + export LINUXKIT_EXAMPLES_DIR=/tmp/with_clone13e702b3/test/cases/../../examples
[STDERR  ] 2017-08-30T16:59:51.309449153Z: + export LINUXKIT_BLUEPRINTS_DIR=/tmp/with_clone13e702b3/test/cases/../../blueprints
[STDERR  ] 2017-08-30T16:59:51.309455555Z: + RT_CANCEL=253
[STDERR  ] 2017-08-30T16:59:51.30946223Z: + NAME=check
[STDERR  ] 2017-08-30T16:59:51.30946885Z: + trap clean_up EXIT
[STDERR  ] 2017-08-30T16:59:51.309475358Z: + moby build -output kernel+initrd -name check ../test.yml
[STDERR  ] 2017-08-30T16:59:51.309490982Z: Extract kernel image: linuxkit/kernel:4.9.44
[STDERR  ] 2017-08-30T17:00:03.019986245Z: Add init containers:
[STDERR  ] 2017-08-30T17:00:03.02006509Z: Process init image: linuxkit/init:6d11a1f9d299d3425e78cce80dfba8b236d20412
[STDERR  ] 2017-08-30T17:00:05.447560109Z: Process init image: linuxkit/runc:a1b564248a0d0b118c11e61db9f84ecf41dd2d2a
[STDERR  ] 2017-08-30T17:00:07.218089369Z: Add onboot containers:
[STDERR  ] 2017-08-30T17:00:07.218158176Z:   Create OCI config for linuxkit/dhcpcd:f3f5413abb78fae9020e35bd4788fa93df4530b7
[STDERR  ] 2017-08-30T17:00:08.844531406Z: Create outputs:
[STDERR  ] 2017-08-30T17:00:12.618433227Z:   check-kernel check-initrd.img check-cmdline
[STDERR  ] 2017-08-30T17:00:12.790741589Z: + [ -f check-kernel ]
[STDERR  ] 2017-08-30T17:00:12.790785314Z: + [ -f check-initrd.img ]
[STDERR  ] 2017-08-30T17:00:12.790793314Z: + [ -f check-cmdline ]
[STDERR  ] 2017-08-30T17:00:12.790800514Z: + exit 0
[STDERR  ] 2017-08-30T17:00:12.790807795Z: + clean_up
[STDERR  ] 2017-08-30T17:00:12.790824617Z: + find . -depth -iname check* -exec rm -rf {} ;
[STDERR  ] 2017-08-30T17:00:12.80441476Z: + rm -f test.yml
[PASS    ] linuxkit.build.outputs.kernel+initrd 21.51s
