[INFO    ] 2018-01-02T17:10:46.02853034Z: Running Test linuxkit.packages.getty-containerd in /tmp/with_clone1fadb1f5/test/cases/040_packages/007_getty-containerd
[INFO    ] 2018-01-02T17:10:46.028643013Z: Running command: [/bin/sh -x /tmp/with_clone1fadb1f5/test/cases/040_packages/007_getty-containerd/test.sh]
[STDERR  ] 2018-01-02T17:10:46.029417499Z: + set -e
[STDERR  ] 2018-01-02T17:10:46.029474247Z: + . /tmp/with_clone1fadb1f5/test/cases/_lib/lib.sh
[STDERR  ] 2018-01-02T17:10:46.029487481Z: + [ -f src/github.com/linuxkit/rtf/lib/lib.sh ]
[STDERR  ] 2018-01-02T17:10:46.029499688Z: + LINUXKIT_TMPDIR=/tmp/with_clone1fadb1f5/test/cases/_tmp
[STDERR  ] 2018-01-02T17:10:46.029512673Z: + [ -f /tmp/with_clone1fadb1f5/test/cases/_tmp/env.sh ]
[STDERR  ] 2018-01-02T17:10:46.029520973Z: + . /tmp/with_clone1fadb1f5/test/cases/_tmp/env.sh
[STDERR  ] 2018-01-02T17:10:46.029528879Z: + export LINUXKIT_EXAMPLES_DIR=/tmp/with_clone1fadb1f5/test/cases/../../examples
[STDERR  ] 2018-01-02T17:10:46.029536782Z: + export LINUXKIT_BLUEPRINTS_DIR=/tmp/with_clone1fadb1f5/test/cases/../../blueprints
[STDERR  ] 2018-01-02T17:10:46.029544094Z: + RT_CANCEL=253
[STDERR  ] 2018-01-02T17:10:46.029551543Z: + NAME=test-ctr
[STDERR  ] 2018-01-02T17:10:46.029559083Z: + trap clean_up EXIT
[STDERR  ] 2018-01-02T17:10:46.029566304Z: + linuxkit build -format kernel+initrd -name test-ctr test.yml
[STDERR  ] 2018-01-02T17:10:46.058914393Z: Extract kernel image: linuxkit/kernel:4.9.x
[STDERR  ] 2018-01-02T17:10:47.127041551Z: time="2018-01-02T17:10:47Z" level=warning msg="certificate with CN Justin Cormack is near expiry" 
[STDERR  ] 2018-01-02T17:10:47.127175688Z: time="2018-01-02T17:10:47Z" level=warning msg="certificate with CN  is near expiry" 
[STDERR  ] 2018-01-02T17:10:47.127301687Z: time="2018-01-02T17:10:47Z" level=warning msg="certificate with CN  is near expiry" 
[STDERR  ] 2018-01-02T17:10:47.167189622Z: time="2018-01-02T17:10:47Z" level=warning msg="certificate with CN Justin Cormack is near expiry" 
[STDERR  ] 2018-01-02T17:10:49.665338804Z: Add init containers:
[STDERR  ] 2018-01-02T17:10:49.665403116Z: Process init image: linuxkit/init:9250948d0de494df8a811edb3242b4584057cfe4
[STDERR  ] 2018-01-02T17:10:50.649349452Z: time="2018-01-02T17:10:50Z" level=warning msg="certificate with CN Justin Cormack is near expiry" 
[STDERR  ] 2018-01-02T17:10:50.649568897Z: time="2018-01-02T17:10:50Z" level=warning msg="certificate with CN  is near expiry" 
[STDERR  ] 2018-01-02T17:10:50.649702113Z: time="2018-01-02T17:10:50Z" level=warning msg="certificate with CN  is near expiry" 
[STDERR  ] 2018-01-02T17:10:50.653481728Z: time="2018-01-02T17:10:50Z" level=warning msg="certificate with CN Justin Cormack is near expiry" 
[STDERR  ] 2018-01-02T17:10:50.655064567Z: time="2018-01-02T17:10:50Z" level=warning msg="certificate with CN  is near expiry" 
[STDERR  ] 2018-01-02T17:10:51.497774685Z: Process init image: linuxkit/runc:abc3f292653e64a2fd488e9675ace19a55ec7023
[STDERR  ] 2018-01-02T17:10:52.47852406Z: time="2018-01-02T17:10:52Z" level=warning msg="certificate with CN Justin Cormack is near expiry" 
[STDERR  ] 2018-01-02T17:10:52.47874097Z: time="2018-01-02T17:10:52Z" level=warning msg="certificate with CN  is near expiry" 
[STDERR  ] 2018-01-02T17:10:52.478866047Z: time="2018-01-02T17:10:52Z" level=warning msg="certificate with CN  is near expiry" 
[STDERR  ] 2018-01-02T17:10:52.480989451Z: time="2018-01-02T17:10:52Z" level=warning msg="certificate with CN Justin Cormack is near expiry" 
[STDERR  ] 2018-01-02T17:10:52.48248143Z: time="2018-01-02T17:10:52Z" level=warning msg="certificate with CN  is near expiry" 
[STDERR  ] 2018-01-02T17:10:53.17631888Z: Process init image: linuxkit/containerd:e58a382c33bb509ba3e0e8170dfaa5a100504c5b
[STDERR  ] 2018-01-02T17:10:54.154142367Z: time="2018-01-02T17:10:54Z" level=warning msg="certificate with CN Justin Cormack is near expiry" 
[STDERR  ] 2018-01-02T17:10:54.154280753Z: time="2018-01-02T17:10:54Z" level=warning msg="certificate with CN  is near expiry" 
[STDERR  ] 2018-01-02T17:10:54.154396451Z: time="2018-01-02T17:10:54Z" level=warning msg="certificate with CN  is near expiry" 
[STDERR  ] 2018-01-02T17:10:54.154481991Z: time="2018-01-02T17:10:54Z" level=warning msg="certificate with CN  is near expiry" 
[STDERR  ] 2018-01-02T17:10:54.157639971Z: time="2018-01-02T17:10:54Z" level=warning msg="certificate with CN Justin Cormack is near expiry" 
[STDERR  ] 2018-01-02T17:10:54.159265164Z: time="2018-01-02T17:10:54Z" level=warning msg="certificate with CN  is near expiry" 
[STDERR  ] 2018-01-02T17:10:55.538948139Z: Process init image: linuxkit/ca-certificates:de21b84d9b055ad9dcecc57965b654a7a24ef8e0
[STDERR  ] 2018-01-02T17:10:56.578594739Z: time="2018-01-02T17:10:56Z" level=warning msg="certificate with CN Justin Cormack is near expiry" 
[STDERR  ] 2018-01-02T17:10:56.578796803Z: time="2018-01-02T17:10:56Z" level=warning msg="certificate with CN  is near expiry" 
[STDERR  ] 2018-01-02T17:10:56.580045394Z: time="2018-01-02T17:10:56Z" level=warning msg="certificate with CN Justin Cormack is near expiry" 
[STDERR  ] 2018-01-02T17:10:56.581203934Z: time="2018-01-02T17:10:56Z" level=warning msg="certificate with CN  is near expiry" 
[STDERR  ] 2018-01-02T17:10:57.077743768Z: Add onboot containers:
[STDERR  ] 2018-01-02T17:10:57.07782915Z:   Create OCI config for linuxkit/dhcpcd:0d59a6cc03412289ef4313f2491ec666c1715cc9
[STDERR  ] 2018-01-02T17:10:58.101172554Z: time="2018-01-02T17:10:58Z" level=warning msg="certificate with CN Justin Cormack is near expiry" 
[STDERR  ] 2018-01-02T17:10:58.101395617Z: time="2018-01-02T17:10:58Z" level=warning msg="certificate with CN  is near expiry" 
[STDERR  ] 2018-01-02T17:10:58.101501387Z: time="2018-01-02T17:10:58Z" level=warning msg="certificate with CN  is near expiry" 
[STDERR  ] 2018-01-02T17:10:58.102743057Z: time="2018-01-02T17:10:58Z" level=warning msg="certificate with CN Justin Cormack is near expiry" 
[STDERR  ] 2018-01-02T17:10:58.10342745Z: time="2018-01-02T17:10:58Z" level=warning msg="certificate with CN  is near expiry" 
[STDERR  ] 2018-01-02T17:10:58.685148689Z: Add service containers:
[STDERR  ] 2018-01-02T17:10:58.685200533Z:   Create OCI config for linuxkit/getty:22e27189b6b354e1d5d38fc0536a5af3f2adb79f
[STDERR  ] 2018-01-02T17:10:59.699281284Z: time="2018-01-02T17:10:59Z" level=warning msg="certificate with CN  is near expiry" 
[STDERR  ] 2018-01-02T17:10:59.699820791Z: time="2018-01-02T17:10:59Z" level=warning msg="certificate with CN  is near expiry" 
[STDERR  ] 2018-01-02T17:10:59.700045079Z: time="2018-01-02T17:10:59Z" level=warning msg="certificate with CN Justin Cormack is near expiry" 
[STDERR  ] 2018-01-02T17:10:59.70333618Z: time="2018-01-02T17:10:59Z" level=warning msg="certificate with CN  is near expiry" 
[STDERR  ] 2018-01-02T17:10:59.704287148Z: time="2018-01-02T17:10:59Z" level=warning msg="certificate with CN Justin Cormack is near expiry" 
[STDERR  ] 2018-01-02T17:10:59.705672245Z: time="2018-01-02T17:10:59Z" level=warning msg="certificate with CN  is near expiry" 
[STDERR  ] 2018-01-02T17:11:00.669631274Z: Add files:
[STDERR  ] 2018-01-02T17:11:00.66968929Z:   etc/getty.shadow
[STDERR  ] 2018-01-02T17:11:00.669706816Z: Create outputs:
[STDERR  ] 2018-01-02T17:11:06.789505102Z:   test-ctr-kernel test-ctr-initrd.img test-ctr-cmdline
[STDERR  ] 2018-01-02T17:11:06.921490123Z: + [ -f test-ctr-kernel ]
[STDERR  ] 2018-01-02T17:11:06.921552716Z: + [ -f test-ctr-initrd.img ]
[STDERR  ] 2018-01-02T17:11:06.921565872Z: + [ -f test-ctr-cmdline ]
[STDERR  ] 2018-01-02T17:11:06.921593758Z: + ./test.exp
[STDOUT  ] 2018-01-02T17:11:06.924593751Z: spawn linuxkit run test-ctr
[STDOUT  ] 2018-01-02T17:11:08.475268097Z: [    0.000000] Linux version 4.9.34-linuxkit (root@b147ce67977e) (gcc version 6.3.0 (Alpine 6.3.0) ) #1 SMP Tue Jun 27 09:54:32 UTC 2017
[STDOUT  ] 2018-01-02T17:11:08.475862083Z: [    0.000000] Command line: console=ttyS0 console=ttyAMA0
[STDOUT  ] 2018-01-02T17:11:08.476235551Z: [    0.000000] x86/fpu: Legacy x87 FPU detected.
[STDOUT  ] 2018-01-02T17:11:08.476685028Z: [    0.000000] x86/fpu: Using 'eager' FPU context switches.
[STDOUT  ] 2018-01-02T17:11:08.477126767Z: [    0.000000] e820: BIOS-provided physical RAM map:
[STDOUT  ] 2018-01-02T17:11:08.477723027Z: [    0.000000] BIOS-e820: [mem 0x0000000000000000-0x000000000009fbff] usable
[STDOUT  ] 2018-01-02T17:11:08.47830869Z: [    0.000000] BIOS-e820: [mem 0x000000000009fc00-0x000000000009ffff] reserved
[STDOUT  ] 2018-01-02T17:11:08.47891119Z: [    0.000000] BIOS-e820: [mem 0x00000000000f0000-0x00000000000fffff] reserved
[STDOUT  ] 2018-01-02T17:11:08.479521186Z: [    0.000000] BIOS-e820: [mem 0x0000000000100000-0x000000003ffdefff] usable
[STDOUT  ] 2018-01-02T17:11:08.480162423Z: [    0.000000] BIOS-e820: [mem 0x000000003ffdf000-0x000000003fffffff] reserved
[STDOUT  ] 2018-01-02T17:11:08.480894501Z: [    0.000000] BIOS-e820: [mem 0x00000000b0000000-0x00000000bfffffff] reserved
[STDOUT  ] 2018-01-02T17:11:08.481487296Z: [    0.000000] BIOS-e820: [mem 0x00000000fed1c000-0x00000000fed1ffff] reserved
[STDOUT  ] 2018-01-02T17:11:08.482065804Z: [    0.000000] BIOS-e820: [mem 0x00000000fffc0000-0x00000000ffffffff] reserved
[STDOUT  ] 2018-01-02T17:11:08.482507578Z: [    0.000000] NX (Execute Disable) protection: active
[STDOUT  ] 2018-01-02T17:11:08.482781088Z: [    0.000000] SMBIOS 2.8 present.
[STDOUT  ] 2018-01-02T17:11:08.483306095Z: [    0.000000] e820: last_pfn = 0x3ffdf max_arch_pfn = 0x400000000
[STDOUT  ] 2018-01-02T17:11:08.483848552Z: [    0.000000] x86/PAT: Configuration [0-7]: WB  WC  UC- UC  WB  WC  UC- WT  
[STDOUT  ] 2018-01-02T17:11:08.484588053Z: [    0.000000] found SMP MP-table at [mem 0x000f6aa0-0x000f6aaf] mapped at [ffff9260800f6aa0]
[STDOUT  ] 2018-01-02T17:11:08.484942807Z: [    0.000000] RAMDISK: [mem 0x3dfe6000-0x3ffcffff]
[STDOUT  ] 2018-01-02T17:11:08.485431719Z: [    0.000000] ACPI: Early table checksum verification disabled
[STDOUT  ] 2018-01-02T17:11:08.485917198Z: [    0.000000] ACPI: RSDP 0x00000000000F68C0 000014 (v00 BOCHS )
[STDOUT  ] 2018-01-02T17:11:08.486630992Z: [    0.000000] ACPI: RSDT 0x000000003FFE2404 000034 (v01 BOCHS  BXPCRSDT 00000001 BXPC 00000001)
[STDOUT  ] 2018-01-02T17:11:08.487346501Z: [    0.000000] ACPI: FACP 0x000000003FFE22A4 000074 (v01 BOCHS  BXPCFACP 00000001 BXPC 00000001)
[STDOUT  ] 2018-01-02T17:11:08.488107625Z: [    0.000000] ACPI: DSDT 0x000000003FFE0040 002264 (v01 BOCHS  BXPCDSDT 00000001 BXPC 00000001)
[STDOUT  ] 2018-01-02T17:11:08.488487712Z: [    0.000000] ACPI: FACS 0x000000003FFE0000 000040
[STDOUT  ] 2018-01-02T17:11:08.48924836Z: [    0.000000] ACPI: APIC 0x000000003FFE2318 000078 (v01 BOCHS  BXPCAPIC 00000001 BXPC 00000001)
[STDOUT  ] 2018-01-02T17:11:08.489949746Z: [    0.000000] ACPI: HPET 0x000000003FFE2390 000038 (v01 BOCHS  BXPCHPET 00000001 BXPC 00000001)
[STDOUT  ] 2018-01-02T17:11:08.490659826Z: [    0.000000] ACPI: MCFG 0x000000003FFE23C8 00003C (v01 BOCHS  BXPCMCFG 00000001 BXPC 00000001)
[STDOUT  ] 2018-01-02T17:11:08.490919243Z: [    0.000000] Zone ranges:
[STDOUT  ] 2018-01-02T17:11:08.491407671Z: [    0.000000]   DMA      [mem 0x0000000000001000-0x0000000000ffffff]
[STDOUT  ] 2018-01-02T17:11:08.49191637Z: [    0.000000]   DMA32    [mem 0x0000000001000000-0x000000003ffdefff]
[STDOUT  ] 2018-01-02T17:11:08.492181502Z: [    0.000000]   Normal   empty
[STDOUT  ] 2018-01-02T17:11:08.492525364Z: [    0.000000] Movable zone start for each node
[STDOUT  ] 2018-01-02T17:11:08.492881512Z: [    0.000000] Early memory node ranges
[STDOUT  ] 2018-01-02T17:11:08.493391012Z: [    0.000000]   node   0: [mem 0x0000000000001000-0x000000000009efff]
[STDOUT  ] 2018-01-02T17:11:08.49391983Z: [    0.000000]   node   0: [mem 0x0000000000100000-0x000000003ffdefff]
[STDOUT  ] 2018-01-02T17:11:08.494520966Z: [    0.000000] Initmem setup node 0 [mem 0x0000000000001000-0x000000003ffdefff]
[STDOUT  ] 2018-01-02T17:11:08.494888678Z: [    0.000000] ACPI: PM-Timer IO Port: 0x608
[STDOUT  ] 2018-01-02T17:11:08.495336119Z: [    0.000000] ACPI: LAPIC_NMI (acpi_id[0xff] dfl dfl lint[0x1])
[STDOUT  ] 2018-01-02T17:11:08.495957646Z: [    0.000000] IOAPIC[0]: apic_id 0, version 32, address 0xfec00000, GSI 0-23
[STDOUT  ] 2018-01-02T17:11:08.496513221Z: [    0.000000] ACPI: INT_SRC_OVR (bus 0 bus_irq 0 global_irq 2 dfl dfl)
[STDOUT  ] 2018-01-02T17:11:08.49710996Z: [    0.000000] ACPI: INT_SRC_OVR (bus 0 bus_irq 5 global_irq 5 high level)
[STDOUT  ] 2018-01-02T17:11:08.497707826Z: [    0.000000] ACPI: INT_SRC_OVR (bus 0 bus_irq 9 global_irq 9 high level)
[STDOUT  ] 2018-01-02T17:11:08.498299645Z: [    0.000000] ACPI: INT_SRC_OVR (bus 0 bus_irq 10 global_irq 10 high level)
[STDOUT  ] 2018-01-02T17:11:08.498892957Z: [    0.000000] ACPI: INT_SRC_OVR (bus 0 bus_irq 11 global_irq 11 high level)
[STDOUT  ] 2018-01-02T17:11:08.499404852Z: [    0.000000] Using ACPI (MADT) for SMP configuration information
[STDOUT  ] 2018-01-02T17:11:08.499820259Z: [    0.000000] ACPI: HPET id: 0x8086a201 base: 0xfed00000
[STDOUT  ] 2018-01-02T17:11:08.500239383Z: [    0.000000] smpboot: Allowing 1 CPUs, 0 hotplug CPUs
[STDOUT  ] 2018-01-02T17:11:08.500857533Z: [    0.000000] e820: [mem 0x40000000-0xafffffff] available for PCI devices
[STDOUT  ] 2018-01-02T17:11:08.501286887Z: [    0.000000] Booting paravirtualized kernel on bare hardware
[STDOUT  ] 2018-01-02T17:11:08.502134636Z: [    0.000000] clocksource: refined-jiffies: mask: 0xffffffff max_cycles: 0xffffffff, max_idle_ns: 19112604462750000 ns
[STDOUT  ] 2018-01-02T17:11:08.502877944Z: [    0.000000] setup_percpu: NR_CPUS:128 nr_cpumask_bits:128 nr_cpu_ids:1 nr_node_ids:1
[STDOUT  ] 2018-01-02T17:11:08.503543559Z: [    0.000000] percpu: Embedded 35 pages/cpu @ffff9260bdc00000 s105112 r8192 d30056 u2097152
[STDOUT  ] 2018-01-02T17:11:08.504218221Z: [    0.000000] Built 1 zonelists in Zone order, mobility grouping on.  Total pages: 257896
[STDOUT  ] 2018-01-02T17:11:08.504678994Z: [    0.000000] Kernel command line: console=ttyS0 console=ttyAMA0
[STDOUT  ] 2018-01-02T17:11:08.505211891Z: [    0.000000] PID hash table entries: 4096 (order: 3, 32768 bytes)
[STDOUT  ] 2018-01-02T17:11:08.505829966Z: [    0.000000] Dentry cache hash table entries: 131072 (order: 8, 1048576 bytes)
[STDOUT  ] 2018-01-02T17:11:08.506382316Z: [    0.000000] Inode-cache hash table entries: 65536 (order: 7, 524288 bytes)
[STDOUT  ] 2018-01-02T17:11:08.507805478Z: [    0.000000] Memory: 981540K/1048052K available (8023K kernel code, 1336K rwdata, 2692K rodata, 1372K init, 564K bss, 66512K reserved, 0K cma-reserved)
[STDOUT  ] 2018-01-02T17:11:08.508133125Z: [    0.000000] Hierarchical RCU implementation.
[STDOUT  ] 2018-01-02T17:11:08.508633426Z: [    0.000000] 	Build-time adjustment of leaf fanout to 64.
[STDOUT  ] 2018-01-02T17:11:08.509142784Z: [    0.000000] 	RCU restricting CPUs from NR_CPUS=128 to nr_cpu_ids=1.
[STDOUT  ] 2018-01-02T17:11:08.509750201Z: [    0.000000] RCU: Adjusting geometry for rcu_fanout_leaf=64, nr_cpu_ids=1
[STDOUT  ] 2018-01-02T17:11:08.510078522Z: [    0.000000] NR_IRQS:8448 nr_irqs:256 16
[STDOUT  ] 2018-01-02T17:11:08.510408208Z: [    0.000000] Console: colour VGA+ 80x25
[STDOUT  ] 2018-01-02T17:11:08.510862024Z: [    0.000000] console [ttyS0] enabled
[STDOUT  ] 2018-01-02T17:11:08.514627874Z: [    0.000000] clocksource: hpet: mask: 0xffffffff max_cycles: 0xffffffff, max_idle_ns: 19112604467 ns
[STDOUT  ] 2018-01-02T17:11:08.521325644Z: [    0.000000] tsc: Fast TSC calibration failed
[STDOUT  ] 2018-01-02T17:11:08.592408864Z: [    0.000000] tsc: Unable to calibrate against PIT
[STDOUT  ] 2018-01-02T17:11:08.593058039Z: [    0.000000] tsc: using HPET reference calibration
[STDOUT  ] 2018-01-02T17:11:08.593729687Z: [    0.000000] tsc: Detected 2300.117 MHz processor
[STDOUT  ] 2018-01-02T17:11:08.595525715Z: [    0.040509] Calibrating delay loop (skipped), value calculated using timer frequency.. 4600.23 BogoMIPS (lpj=23001170)
[STDOUT  ] 2018-01-02T17:11:08.596170252Z: [    0.041822] pid_max: default: 32768 minimum: 301
[STDOUT  ] 2018-01-02T17:11:08.597257958Z: [    0.050595] ACPI: Core revision 20160831
[STDOUT  ] 2018-01-02T17:11:08.64047777Z: [    0.093929] ACPI: 1 ACPI AML tables successfully acquired and loaded
[STDOUT  ] 2018-01-02T17:11:08.643652784Z: [    0.097282] Security Framework initialized
[STDOUT  ] 2018-01-02T17:11:08.644078428Z: [    0.097775] Yama: becoming mindful.
[STDOUT  ] 2018-01-02T17:11:08.646462036Z: [    0.099845] Mount-cache hash table entries: 2048 (order: 2, 16384 bytes)
[STDOUT  ] 2018-01-02T17:11:08.647298557Z: [    0.100114] Mountpoint-cache hash table entries: 2048 (order: 2, 16384 bytes)
[STDOUT  ] 2018-01-02T17:11:08.666020412Z: [    0.119514] Last level iTLB entries: 4KB 0, 2MB 0, 4MB 0
[STDOUT  ] 2018-01-02T17:11:08.666739458Z: [    0.120103] Last level dTLB entries: 4KB 0, 2MB 0, 4MB 0, 1GB 0
[STDOUT  ] 2018-01-02T17:11:08.973741864Z: [    0.426969] Freeing SMP alternatives memory: 20K (ffffffffb3ea7000 - ffffffffb3eac000)
[STDOUT  ] 2018-01-02T17:11:08.982644293Z: [    0.436157] ftrace: allocating 35396 entries in 139 pages
[STDOUT  ] 2018-01-02T17:11:09.277323696Z: [    0.600780] smpboot: Max logical packages: 1
[STDOUT  ] 2018-01-02T17:11:09.28298302Z: [    0.606505] ..TIMER: vector=0x30 apic1=0 pin1=2 apic2=-1 pin2=-1
[STDOUT  ] 2018-01-02T17:11:09.497874718Z: [    0.710000] smpboot: CPU0: AMD QEMU Virtual CPU version 2.5+ (family: 0x6, model: 0x6, stepping: 0x3)
[STDOUT  ] 2018-01-02T17:11:09.49939324Z: [    0.710000] Performance Events: PMU not available due to virtualization, using software events only.
[STDOUT  ] 2018-01-02T17:11:09.515485442Z: [    0.718225] NMI watchdog: disabled (cpu0): hardware events not enabled
[STDOUT  ] 2018-01-02T17:11:09.516042961Z: [    0.718775] NMI watchdog: Shutting down hard lockup detector on all cpus
[STDOUT  ] 2018-01-02T17:11:09.518788481Z: [    0.721768] x86: Booted up 1 node, 1 CPUs
[STDOUT  ] 2018-01-02T17:11:09.5193754Z: [    0.722238] smpboot: Total of 1 processors activated (4600.23 BogoMIPS)
[STDOUT  ] 2018-01-02T17:11:09.532988778Z: [    0.735681] devtmpfs: initialized
[STDOUT  ] 2018-01-02T17:11:09.538075814Z: [    0.741093] x86/mm: Memory block size: 128MB
[STDOUT  ] 2018-01-02T17:11:09.601502821Z: [    0.804108] clocksource: jiffies: mask: 0xffffffff max_cycles: 0xffffffff, max_idle_ns: 19112604462750000 ns
[STDOUT  ] 2018-01-02T17:11:09.60226308Z: [    0.805161] futex hash table entries: 256 (order: 2, 16384 bytes)
[STDOUT  ] 2018-01-02T17:11:09.611287433Z: [    0.813224] NET: Registered protocol family 16
[STDOUT  ] 2018-01-02T17:11:09.620684154Z: [    0.823693] cpuidle: using governor ladder
[STDOUT  ] 2018-01-02T17:11:09.621215113Z: [    0.824256] cpuidle: using governor menu
[STDOUT  ] 2018-01-02T17:11:09.62244144Z: [    0.825462] ACPI: bus type PCI registered
[STDOUT  ] 2018-01-02T17:11:09.625709905Z: [    0.828340] PCI: MMCONFIG for domain 0000 [bus 00-ff] at [mem 0xb0000000-0xbfffffff] (base 0xb0000000)
[STDOUT  ] 2018-01-02T17:11:09.626455327Z: [    0.829300] PCI: MMCONFIG at [mem 0xb0000000-0xbfffffff] reserved in E820
[STDOUT  ] 2018-01-02T17:11:09.6280152Z: [    0.830905] PCI: Using configuration type 1 for base access
[STDOUT  ] 2018-01-02T17:11:09.6853147Z: [    0.888198] HugeTLB registered 2 MB page size, pre-allocated 0 pages
[STDOUT  ] 2018-01-02T17:11:09.69591709Z: [    0.898873] ACPI: Added _OSI(Module Device)
[STDOUT  ] 2018-01-02T17:11:09.696268177Z: [    0.899277] ACPI: Added _OSI(Processor Device)
[STDOUT  ] 2018-01-02T17:11:09.696798243Z: [    0.899649] ACPI: Added _OSI(3.0 _SCP Extensions)
[STDOUT  ] 2018-01-02T17:11:09.697348528Z: [    0.900094] ACPI: Added _OSI(Processor Aggregator Device)
[STDOUT  ] 2018-01-02T17:11:09.769526508Z: [    0.972536] ACPI: Interpreter enabled
[STDOUT  ] 2018-01-02T17:11:09.770377722Z: [    0.973487] ACPI: (supports S0 S5)
[STDOUT  ] 2018-01-02T17:11:09.770981207Z: [    0.973875] ACPI: Using IOAPIC for interrupt routing
[STDOUT  ] 2018-01-02T17:11:09.773122343Z: [    0.975801] PCI: Using host bridge windows from ACPI; if necessary, use "pci=nocrs" and report a bug
[STDOUT  ] 2018-01-02T17:11:09.835616865Z: [    1.038500] ACPI: PCI Root Bridge [PCI0] (domain 0000 [bus 00-ff])
[STDOUT  ] 2018-01-02T17:11:09.836970315Z: [    1.039678] acpi PNP0A08:00: _OSC: OS supports [ExtendedConfig ASPM ClockPM Segments MSI]
[STDOUT  ] 2018-01-02T17:11:09.842610837Z: [    1.045015] acpi PNP0A08:00: _OSC: OS now controls [PCIeHotplug PME PCIeCapability]
[STDOUT  ] 2018-01-02T17:11:09.846027777Z: [    1.048689] PCI host bridge to bus 0000:00
[STDOUT  ] 2018-01-02T17:11:09.846816769Z: [    1.049245] pci_bus 0000:00: root bus resource [io  0x0000-0x0cf7 window]
[STDOUT  ] 2018-01-02T17:11:09.847503511Z: [    1.050118] pci_bus 0000:00: root bus resource [io  0x0d00-0xffff window]
[STDOUT  ] 2018-01-02T17:11:09.848110737Z: [    1.050698] pci_bus 0000:00: root bus resource [mem 0x000a0000-0x000bffff window]
[STDOUT  ] 2018-01-02T17:11:09.848706889Z: [    1.051293] pci_bus 0000:00: root bus resource [mem 0xc0000000-0xfebfffff window]
[STDOUT  ] 2018-01-02T17:11:09.849356734Z: [    1.052052] pci_bus 0000:00: root bus resource [bus 00-ff]
[STDOUT  ] 2018-01-02T17:11:09.955796392Z: [    1.158284] pci 0000:00:1f.0: quirk: [io  0x0600-0x067f] claimed by ICH6 ACPI/GPIO/TCO
[STDOUT  ] 2018-01-02T17:11:10.518659229Z: [    1.217420] ACPI: PCI Interrupt Link [LNKA] (IRQs 5 *10 11)
[STDOUT  ] 2018-01-02T17:11:10.518678735Z: [    1.220390] ACPI: PCI Interrupt Link [LNKB] (IRQs 5 *10 11)
[STDOUT  ] 2018-01-02T17:11:10.518692368Z: [    1.222254] ACPI: PCI Interrupt Link [LNKC] (IRQs 5 10 *11)
[STDOUT  ] 2018-01-02T17:11:10.518720656Z: [    1.224109] ACPI: PCI Interrupt Link [LNKD] (IRQs 5 10 *11)
[STDOUT  ] 2018-01-02T17:11:10.518734058Z: [    1.225938] ACPI: PCI Interrupt Link [LNKE] (IRQs 5 *10 11)
[STDOUT  ] 2018-01-02T17:11:10.518746809Z: [    1.227765] ACPI: PCI Interrupt Link [LNKF] (IRQs 5 *10 11)
[STDOUT  ] 2018-01-02T17:11:10.518766254Z: [    1.229599] ACPI: PCI Interrupt Link [LNKG] (IRQs 5 10 *11)
[STDOUT  ] 2018-01-02T17:11:10.518778747Z: [    1.231682] ACPI: PCI Interrupt Link [LNKH] (IRQs 5 10 *11)
[STDOUT  ] 2018-01-02T17:11:10.518791695Z: [    1.232664] ACPI: PCI Interrupt Link [GSIA] (IRQs *16)
[STDOUT  ] 2018-01-02T17:11:10.518804186Z: [    1.233420] ACPI: PCI Interrupt Link [GSIB] (IRQs *17)
[STDOUT  ] 2018-01-02T17:11:10.518816857Z: [    1.234265] ACPI: PCI Interrupt Link [GSIC] (IRQs *18)
[STDOUT  ] 2018-01-02T17:11:10.518829891Z: [    1.235021] ACPI: PCI Interrupt Link [GSID] (IRQs *19)
[STDOUT  ] 2018-01-02T17:11:10.518842576Z: [    1.235753] ACPI: PCI Interrupt Link [GSIE] (IRQs *20)
[STDOUT  ] 2018-01-02T17:11:10.518855178Z: [    1.236487] ACPI: PCI Interrupt Link [GSIF] (IRQs *21)
[STDOUT  ] 2018-01-02T17:11:10.518868042Z: [    1.237222] ACPI: PCI Interrupt Link [GSIG] (IRQs *22)
[STDOUT  ] 2018-01-02T17:11:10.518880504Z: [    1.237964] ACPI: PCI Interrupt Link [GSIH] (IRQs *23)
[STDOUT  ] 2018-01-02T17:11:10.518893438Z: [    1.242107] ACPI: Enabled 2 GPEs in block 00 to 3F
[STDOUT  ] 2018-01-02T17:11:10.5189062Z: [    1.246545] SCSI subsystem initialized
[STDOUT  ] 2018-01-02T17:11:10.518919512Z: [    1.248421] ACPI: bus type USB registered
[STDOUT  ] 2018-01-02T17:11:10.518932232Z: [    1.249623] usbcore: registered new interface driver usbfs
[STDOUT  ] 2018-01-02T17:11:10.518944845Z: [    1.250664] usbcore: registered new interface driver hub
[STDOUT  ] 2018-01-02T17:11:10.518957727Z: [    1.251575] usbcore: registered new device driver usb
[STDOUT  ] 2018-01-02T17:11:10.51897588Z: [    1.252883] pps_core: LinuxPPS API ver. 1 registered
[STDOUT  ] 2018-01-02T17:11:10.518992527Z: [    1.253310] pps_core: Software ver. 5.3.6 - Copyright 2005-2007 Rodolfo Giometti <giometti@linux.it>
[STDOUT  ] 2018-01-02T17:11:10.51901467Z: [    1.254194] PTP clock support registered
[STDOUT  ] 2018-01-02T17:11:10.519027202Z: [    1.255472] wmi: Mapper loaded
[STDOUT  ] 2018-01-02T17:11:10.519040316Z: [    1.256613] PCI: Using ACPI for IRQ routing
[STDOUT  ] 2018-01-02T17:11:10.519053159Z: [    1.276159] NetLabel: Initializing
[STDOUT  ] 2018-01-02T17:11:10.519066137Z: [    1.276488] NetLabel:  domain hash size = 128
[STDOUT  ] 2018-01-02T17:11:10.519078588Z: [    1.276850] NetLabel:  protocols = UNLABELED CIPSOv4
[STDOUT  ] 2018-01-02T17:11:10.519091765Z: [    1.279350] NetLabel:  unlabeled traffic allowed by default
[STDOUT  ] 2018-01-02T17:11:10.519104149Z: [    1.280550] HPET: 3 timers in total, 0 timers will be used for per-cpu timer
[STDOUT  ] 2018-01-02T17:11:10.519431904Z: [    1.281453] hpet0: at MMIO 0xfed00000, IRQs 2, 8, 0
[STDOUT  ] 2018-01-02T17:11:10.519446131Z: [    1.282098] hpet0: 3 comparators, 64-bit 100.000000 MHz counter
[STDOUT  ] 2018-01-02T17:11:10.5194593Z: [    1.288422] clocksource: Switched to clocksource hpet
[STDOUT  ] 2018-01-02T17:11:10.519471682Z: [    1.567080] VFS: Disk quotas dquot_6.6.0
[STDOUT  ] 2018-01-02T17:11:10.51948423Z: [    1.567867] VFS: Dquot-cache hash table entries: 512 (order 0, 4096 bytes)
[STDOUT  ] 2018-01-02T17:11:10.519497143Z: [    1.570785] FS-Cache: Loaded
[STDOUT  ] 2018-01-02T17:11:10.519510394Z: [    1.575667] CacheFiles: Loaded
[STDOUT  ] 2018-01-02T17:11:10.519580658Z: [    1.577300] pnp: PnP ACPI init
[STDOUT  ] 2018-01-02T17:11:10.51959363Z: [    1.588763] pnp: PnP ACPI: found 5 devices
[STDOUT  ] 2018-01-02T17:11:10.519606686Z: [    1.641305] clocksource: acpi_pm: mask: 0xffffff max_cycles: 0xffffff, max_idle_ns: 2085701024 ns
[STDOUT  ] 2018-01-02T17:11:10.519619971Z: [    1.644306] NET: Registered protocol family 2
[STDOUT  ] 2018-01-02T17:11:10.519632469Z: [    1.651887] TCP established hash table entries: 8192 (order: 4, 65536 bytes)
[STDOUT  ] 2018-01-02T17:11:10.51964555Z: [    1.652807] TCP bind hash table entries: 8192 (order: 5, 131072 bytes)
[STDOUT  ] 2018-01-02T17:11:10.519658232Z: [    1.653638] TCP: Hash tables configured (established 8192 bind 8192)
[STDOUT  ] 2018-01-02T17:11:10.528950964Z: [    1.655679] UDP hash table entries: 512 (order: 2, 16384 bytes)
[STDOUT  ] 2018-01-02T17:11:10.529980114Z: [    1.656375] UDP-Lite hash table entries: 512 (order: 2, 16384 bytes)
[STDOUT  ] 2018-01-02T17:11:10.530009884Z: [    1.658734] NET: Registered protocol family 1
[STDOUT  ] 2018-01-02T17:11:10.530035123Z: [    1.659751] pci 0000:00:01.0: Video device with shadowed ROM at [mem 0x000c0000-0x000dffff]
[STDOUT  ] 2018-01-02T17:11:10.53006074Z: [    1.666932] Unpacking initramfs...
[STDOUT  ] 2018-01-02T17:11:17.587740307Z: [    8.782367] Freeing initrd memory: 32680K (ffff9260bdfe6000 - ffff9260bffd0000)
[STDOUT  ] 2018-01-02T17:11:17.611590192Z: [    8.806349] PCLMULQDQ-NI instructions are not detected.
[STDOUT  ] 2018-01-02T17:11:17.618013633Z: [    8.807996] AVX or AES-NI instructions are not detected.
[STDOUT  ] 2018-01-02T17:11:17.618061098Z: [    8.808599] CPU feature 'AVX registers' is not supported.
[STDOUT  ] 2018-01-02T17:11:17.618075138Z: [    8.809145] CPU feature 'AVX registers' is not supported.
[STDOUT  ] 2018-01-02T17:11:17.618087482Z: [    8.809685] CPU feature 'AVX registers' is not supported.
[STDOUT  ] 2018-01-02T17:11:17.618099407Z: [    8.810510] CPU feature 'AVX registers' is not supported.
[STDOUT  ] 2018-01-02T17:11:17.618112326Z: [    8.811059] AVX2 or AES-NI instructions are not detected.
[STDOUT  ] 2018-01-02T17:11:17.618125403Z: [    8.811601] AVX2 instructions are not detected.
[STDOUT  ] 2018-01-02T17:11:17.627410503Z: [    8.822173] audit: initializing netlink subsys (disabled)
[STDOUT  ] 2018-01-02T17:11:17.630008228Z: [    8.824671] audit: type=2000 audit(1514913076.820:1): initialized
[STDOUT  ] 2018-01-02T17:11:17.642135644Z: [    8.836755] workingset: timestamp_bits=46 max_order=18 bucket_order=0
[STDOUT  ] 2018-01-02T17:11:17.649488335Z: [    8.844281] FS-Cache: Netfs 'cifs' registered for caching
[STDOUT  ] 2018-01-02T17:11:17.650511314Z: [    8.845391] fuse init (API version 7.26)
[STDOUT  ] 2018-01-02T17:11:17.653062049Z: [    8.847713] SGI XFS with ACLs, security attributes, no debug enabled
[STDOUT  ] 2018-01-02T17:11:17.657046443Z: [    8.851839] 9p: Installing v9fs 9p2000 file system support
[STDOUT  ] 2018-01-02T17:11:17.657629253Z: [    8.852454] FS-Cache: Netfs '9p' registered for caching
[STDOUT  ] 2018-01-02T17:11:17.690341234Z: [    8.885171] NET: Registered protocol family 38
[STDOUT  ] 2018-01-02T17:11:17.690996999Z: [    8.885860] Key type asymmetric registered
[STDOUT  ] 2018-01-02T17:11:17.691508333Z: [    8.886302] Asymmetric key parser 'x509' registered
[STDOUT  ] 2018-01-02T17:11:17.69259559Z: [    8.887198] Block layer SCSI generic (bsg) driver version 0.4 loaded (major 251)
[STDOUT  ] 2018-01-02T17:11:17.693727148Z: [    8.888596] io scheduler noop registered
[STDOUT  ] 2018-01-02T17:11:17.69689893Z: [    8.891725] io scheduler deadline registered (default)
[STDOUT  ] 2018-01-02T17:11:17.698122671Z: [    8.892987] io scheduler cfq registered
[STDOUT  ] 2018-01-02T17:11:17.700847545Z: [    8.895641] pci_hotplug: PCI Hot Plug PCI Core version: 0.5
[STDOUT  ] 2018-01-02T17:11:17.701721554Z: [    8.896370] pciehp: PCI Express Hot Plug Controller Driver version: 0.4
[STDOUT  ] 2018-01-02T17:11:17.702720302Z: [    8.897348] shpchp: Standard Hot Plug PCI Controller Driver version: 0.4
[STDOUT  ] 2018-01-02T17:11:17.703494088Z: [    8.898347] hv_vmbus: registering driver hyperv_fb
[STDOUT  ] 2018-01-02T17:11:17.70750121Z: [    8.902107] input: Power Button as /devices/LNXSYSTM:00/LNXPWRBN:00/input/input0
[STDOUT  ] 2018-01-02T17:11:17.708438027Z: [    8.903355] ACPI: Power Button [PWRF]
[STDOUT  ] 2018-01-02T17:11:17.713107897Z: [    8.908008] GHES: HEST is not enabled!
[STDOUT  ] 2018-01-02T17:11:17.728754475Z: [    8.923538] ACPI: PCI Interrupt Link [GSIG] enabled at IRQ 22
[STDOUT  ] 2018-01-02T17:11:17.740791399Z: [    8.935566] ACPI: PCI Interrupt Link [GSIH] enabled at IRQ 23
[STDOUT  ] 2018-01-02T17:11:17.74475752Z: [    8.939501] xenfs: not registering filesystem on non-xen platform
[STDOUT  ] 2018-01-02T17:11:17.748094928Z: [    8.942743] Serial: 8250/16550 driver, 4 ports, IRQ sharing disabled
[STDOUT  ] 2018-01-02T17:11:17.776270511Z: [    8.970870] 00:04: ttyS0 at I/O 0x3f8 (irq = 4, base_baud = 115200) is a 16550A
[STDOUT  ] 2018-01-02T17:11:17.78644862Z: [    8.981304] Non-volatile memory driver v1.3
[STDOUT  ] 2018-01-02T17:11:17.79421087Z: [    8.988752] Hangcheck: starting hangcheck timer 0.9.1 (tick is 180 seconds, margin is 60 seconds).
[STDOUT  ] 2018-01-02T17:11:17.799910299Z: [    8.994808] random: fast init done
[STDOUT  ] 2018-01-02T17:11:17.801137867Z: [    8.996056] random: crng init done
[STDOUT  ] 2018-01-02T17:11:17.834596035Z: [    9.029503] loop: module loaded
[STDOUT  ] 2018-01-02T17:11:17.848826052Z: [    9.043649] nbd: registered device at major 43
[STDOUT  ] 2018-01-02T17:11:17.891441455Z: [    9.086191] lpc_ich 0000:00:1f.0: I/O space for GPIO uninitialized
[STDOUT  ] 2018-01-02T17:11:17.893192588Z: [    9.088016] VMware PVSCSI driver - version 1.0.7.0-k
[STDOUT  ] 2018-01-02T17:11:17.894056023Z: [    9.088882] hv_vmbus: registering driver hv_storvsc
[STDOUT  ] 2018-01-02T17:11:17.903927878Z: [    9.098700] ACPI: PCI Interrupt Link [GSIA] enabled at IRQ 16
[STDOUT  ] 2018-01-02T17:11:17.910603416Z: [    9.105151] ahci 0000:00:1f.2: AHCI 0001.0000 32 slots 6 ports 1.5 Gbps 0x3f impl SATA mode
[STDOUT  ] 2018-01-02T17:11:17.911181568Z: [    9.106016] ahci 0000:00:1f.2: flags: 64bit ncq only 
[STDOUT  ] 2018-01-02T17:11:17.931524824Z: [    9.126433] scsi host0: ahci
[STDOUT  ] 2018-01-02T17:11:17.935330754Z: [    9.130291] scsi host1: ahci
[STDOUT  ] 2018-01-02T17:11:17.937623003Z: [    9.132554] scsi host2: ahci
[STDOUT  ] 2018-01-02T17:11:17.939829021Z: [    9.134786] scsi host3: ahci
[STDOUT  ] 2018-01-02T17:11:17.942134924Z: [    9.137088] scsi host4: ahci
[STDOUT  ] 2018-01-02T17:11:17.944316936Z: [    9.139273] scsi host5: ahci
[STDOUT  ] 2018-01-02T17:11:17.946813776Z: [    9.141430] ata1: SATA max UDMA/133 abar m4096@0xfebd2000 port 0xfebd2100 irq 24
[STDOUT  ] 2018-01-02T17:11:17.947775067Z: [    9.142110] ata2: SATA max UDMA/133 abar m4096@0xfebd2000 port 0xfebd2180 irq 24
[STDOUT  ] 2018-01-02T17:11:17.948120618Z: [    9.142753] ata3: SATA max UDMA/133 abar m4096@0xfebd2000 port 0xfebd2200 irq 24
[STDOUT  ] 2018-01-02T17:11:17.948739536Z: [    9.143376] ata4: SATA max UDMA/133 abar m4096@0xfebd2000 port 0xfebd2280 irq 24
[STDOUT  ] 2018-01-02T17:11:17.949364584Z: [    9.143999] ata5: SATA max UDMA/133 abar m4096@0xfebd2000 port 0xfebd2300 irq 24
[STDOUT  ] 2018-01-02T17:11:17.949999538Z: [    9.144629] ata6: SATA max UDMA/133 abar m4096@0xfebd2000 port 0xfebd2380 irq 24
[STDOUT  ] 2018-01-02T17:11:17.962800868Z: [    9.157622] tun: Universal TUN/TAP device driver, 1.6
[STDOUT  ] 2018-01-02T17:11:17.963360161Z: [    9.158064] tun: (C) 1999-2004 Max Krasnyansky <maxk@qualcomm.com>
[STDOUT  ] 2018-01-02T17:11:17.973424572Z: [    9.168155] VMware vmxnet3 virtual NIC driver - version 1.4.a.0-k-NAPI
[STDOUT  ] 2018-01-02T17:11:17.974349133Z: [    9.169143] hv_vmbus: registering driver hv_netvsc
[STDOUT  ] 2018-01-02T17:11:17.974860839Z: [    9.169594] Fusion MPT base driver 3.04.20
[STDOUT  ] 2018-01-02T17:11:17.975229476Z: [    9.169967] Copyright (c) 1999-2008 LSI Corporation
[STDOUT  ] 2018-01-02T17:11:17.976166768Z: [    9.171010] Fusion MPT SPI Host driver 3.04.20
[STDOUT  ] 2018-01-02T17:11:17.97862117Z: [    9.173187] i8042: PNP: PS/2 Controller [PNP0303:KBD,PNP0f13:MOU] at 0x60,0x64 irq 1,12
[STDOUT  ] 2018-01-02T17:11:17.982447262Z: [    9.177266] serio: i8042 KBD port at 0x60,0x64 irq 1
[STDOUT  ] 2018-01-02T17:11:17.983179726Z: [    9.178007] serio: i8042 AUX port at 0x60,0x64 irq 12
[STDOUT  ] 2018-01-02T17:11:17.986590529Z: [    9.181404] hv_vmbus: registering driver hyperv_keyboard
[STDOUT  ] 2018-01-02T17:11:17.988821196Z: [    9.183624] mousedev: PS/2 mouse device common for all mice
[STDOUT  ] 2018-01-02T17:11:17.993983726Z: [    9.188518] input: AT Translated Set 2 keyboard as /devices/platform/i8042/serio0/input/input1
[STDOUT  ] 2018-01-02T17:11:17.997097334Z: [    9.191743] input: PC Speaker as /devices/platform/pcspkr/input/input2
[STDOUT  ] 2018-01-02T17:11:18.000583492Z: [    9.195419] rtc_cmos 00:00: RTC can wake from S4
[STDOUT  ] 2018-01-02T17:11:18.004059084Z: [    9.198739] rtc_cmos 00:00: rtc core: registered rtc_cmos as rtc0
[STDOUT  ] 2018-01-02T17:11:18.005627394Z: [    9.200097] rtc_cmos 00:00: alarms up to one day, y3k, 114 bytes nvram, hpet irqs
[STDOUT  ] 2018-01-02T17:11:18.0062696Z: [    9.201193] i2c /dev entries driver
[STDOUT  ] 2018-01-02T17:11:18.008576876Z: [    9.203134] device-mapper: ioctl: 4.35.0-ioctl (2016-06-23) initialised: dm-devel@redhat.com
[STDOUT  ] 2018-01-02T17:11:18.013023511Z: [    9.207825] usbcore: registered new interface driver usbhid
[STDOUT  ] 2018-01-02T17:11:18.013466407Z: [    9.208292] usbhid: USB HID core driver
[STDOUT  ] 2018-01-02T17:11:18.014190344Z: [    9.209019] hv_utils: Registering HyperV Utility Driver
[STDOUT  ] 2018-01-02T17:11:18.014803991Z: [    9.209459] hv_vmbus: registering driver hv_util
[STDOUT  ] 2018-01-02T17:11:18.015108669Z: [    9.209877] hv_vmbus: registering driver hv_balloon
[STDOUT  ] 2018-01-02T17:11:18.015983977Z: [    9.210852] oprofile: using NMI interrupt.
[STDOUT  ] 2018-01-02T17:11:18.017053406Z: [    9.211980] GACT probability on
[STDOUT  ] 2018-01-02T17:11:18.017648614Z: [    9.212534] Mirror/redirect action on
[STDOUT  ] 2018-01-02T17:11:18.018612172Z: [    9.213527] Simple TC action Loaded
[STDOUT  ] 2018-01-02T17:11:18.019355489Z: [    9.214184] u32 classifier
[STDOUT  ] 2018-01-02T17:11:18.019710934Z: [    9.214439]     Performance counters on
[STDOUT  ] 2018-01-02T17:11:18.02008227Z: [    9.214784]     input device check on
[STDOUT  ] 2018-01-02T17:11:18.020257951Z: [    9.215110]     Actions configured
[STDOUT  ] 2018-01-02T17:11:18.021150369Z: [    9.215995] Netfilter messages via NETLINK v0.30.
[STDOUT  ] 2018-01-02T17:11:18.021831396Z: [    9.216670] nfnl_acct: registering with nfnetlink.
[STDOUT  ] 2018-01-02T17:11:18.023285505Z: [    9.218062] nf_conntrack version 0.5.0 (8192 buckets, 32768 max)
[STDOUT  ] 2018-01-02T17:11:18.026706803Z: [    9.221526] ctnetlink v0.93: registering with nfnetlink.
[STDOUT  ] 2018-01-02T17:11:18.030081982Z: [    9.224718] nf_tables: (c) 2007-2009 Patrick McHardy <kaber@trash.net>
[STDOUT  ] 2018-01-02T17:11:18.031094511Z: [    9.225725] nf_tables_compat: (c) 2012 Pablo Neira Ayuso <pablo@netfilter.org>
[STDOUT  ] 2018-01-02T17:11:18.033328241Z: [    9.228183] xt_time: kernel timezone is -0000
[STDOUT  ] 2018-01-02T17:11:18.034401286Z: [    9.229344] ip_set: protocol 6
[STDOUT  ] 2018-01-02T17:11:18.035567977Z: [    9.230252] IPVS: Registered protocols (TCP, UDP, SCTP, AH, ESP)
[STDOUT  ] 2018-01-02T17:11:18.036489019Z: [    9.231110] IPVS: Connection hash table configured (size=4096, memory=64Kbytes)
[STDOUT  ] 2018-01-02T17:11:18.038174909Z: [    9.233011] IPVS: Creating netns size=2104 id=0
[STDOUT  ] 2018-01-02T17:11:18.039092393Z: [    9.234037] IPVS: ipvs loaded.
[STDOUT  ] 2018-01-02T17:11:18.039593875Z: [    9.234457] IPVS: [rr] scheduler registered.
[STDOUT  ] 2018-01-02T17:11:18.040075963Z: [    9.234888] IPVS: [wrr] scheduler registered.
[STDOUT  ] 2018-01-02T17:11:18.040403214Z: [    9.235277] IPVS: [lc] scheduler registered.
[STDOUT  ] 2018-01-02T17:11:18.041010952Z: [    9.235653] IPVS: [wlc] scheduler registered.
[STDOUT  ] 2018-01-02T17:11:18.041365714Z: [    9.236045] IPVS: [fo] scheduler registered.
[STDOUT  ] 2018-01-02T17:11:18.041606698Z: [    9.236434] IPVS: [ovf] scheduler registered.
[STDOUT  ] 2018-01-02T17:11:18.042115938Z: [    9.236977] IPVS: [lblc] scheduler registered.
[STDOUT  ] 2018-01-02T17:11:18.042668332Z: [    9.237516] IPVS: [lblcr] scheduler registered.
[STDOUT  ] 2018-01-02T17:11:18.043294012Z: [    9.237931] IPVS: [dh] scheduler registered.
[STDOUT  ] 2018-01-02T17:11:18.043643778Z: [    9.238343] IPVS: [sh] scheduler registered.
[STDOUT  ] 2018-01-02T17:11:18.043935371Z: [    9.238723] IPVS: [sed] scheduler registered.
[STDOUT  ] 2018-01-02T17:11:18.044253184Z: [    9.239118] IPVS: [nq] scheduler registered.
[STDOUT  ] 2018-01-02T17:11:18.045341887Z: [    9.239932] IPVS: ftp: loaded support on port[0] = 21
[STDOUT  ] 2018-01-02T17:11:18.046583482Z: [    9.241391] ipip: IPv4 and MPLS over IPv4 tunneling driver
[STDOUT  ] 2018-01-02T17:11:18.050909655Z: [    9.245731] gre: GRE over IPv4 demultiplexor driver
[STDOUT  ] 2018-01-02T17:11:18.053061313Z: [    9.247884] ip_tables: (C) 2000-2006 Netfilter Core Team
[STDOUT  ] 2018-01-02T17:11:18.056699069Z: [    9.251368] ipt_CLUSTERIP: ClusterIP Version 0.8 loaded successfully
[STDOUT  ] 2018-01-02T17:11:18.057508801Z: [    9.252182] arp_tables: arp_tables: (C) 2002 David S. Miller
[STDOUT  ] 2018-01-02T17:11:18.059502984Z: [    9.254362] NET: Registered protocol family 10
[STDOUT  ] 2018-01-02T17:11:18.069084444Z: [    9.263879] ip6_tables: (C) 2000-2006 Netfilter Core Team
[STDOUT  ] 2018-01-02T17:11:18.076614109Z: [    9.271450] NET: Registered protocol family 17
[STDOUT  ] 2018-01-02T17:11:18.077714567Z: [    9.272584] Bridge firewalling registered
[STDOUT  ] 2018-01-02T17:11:18.078303994Z: [    9.273220] Ebtables v2.0 registered
[STDOUT  ] 2018-01-02T17:11:18.079886083Z: [    9.274752] 8021q: 802.1Q VLAN Support v1.8
[STDOUT  ] 2018-01-02T17:11:18.081405826Z: [    9.276255] 9pnet: Installing 9P2000 support
[STDOUT  ] 2018-01-02T17:11:18.082918865Z: [    9.277783] Key type dns_resolver registered
[STDOUT  ] 2018-01-02T17:11:18.083929815Z: [    9.278758] microcode: AMD CPU family 0x6 not supported
[STDOUT  ] 2018-01-02T17:11:18.087922833Z: [    9.282785] registered taskstats version 1
[STDOUT  ] 2018-01-02T17:11:18.288455075Z: [    9.483170] ata6: SATA link down (SStatus 0 SControl 300)
[STDOUT  ] 2018-01-02T17:11:18.290969773Z: [    9.485775] ata5: SATA link down (SStatus 0 SControl 300)
[STDOUT  ] 2018-01-02T17:11:18.291572261Z: [    9.486380] ata4: SATA link down (SStatus 0 SControl 300)
[STDOUT  ] 2018-01-02T17:11:18.292577234Z: [    9.487232] ata3: SATA link up 1.5 Gbps (SStatus 113 SControl 300)
[STDOUT  ] 2018-01-02T17:11:18.296353309Z: [    9.491140] ata3.00: ATAPI: QEMU DVD-ROM, 2.5+, max UDMA/100
[STDOUT  ] 2018-01-02T17:11:18.29689847Z: [    9.491766] ata3.00: applying bridge limits
[STDOUT  ] 2018-01-02T17:11:18.298323663Z: [    9.493135] ata2: SATA link down (SStatus 0 SControl 300)
[STDOUT  ] 2018-01-02T17:11:18.29896467Z: [    9.493762] ata1: SATA link down (SStatus 0 SControl 300)
[STDOUT  ] 2018-01-02T17:11:18.306166653Z: [    9.501031] ata3.00: configured for UDMA/100
[STDOUT  ] 2018-01-02T17:11:18.322669012Z: [    9.517220] scsi 2:0:0:0: CD-ROM            QEMU     QEMU DVD-ROM     2.5+ PQ: 0 ANSI: 5
[STDOUT  ] 2018-01-02T17:11:18.358714818Z: [    9.553403] sr 2:0:0:0: [sr0] scsi3-mmc drive: 4x/4x cd/rw xa/form2 tray
[STDOUT  ] 2018-01-02T17:11:18.359385783Z: [    9.554213] cdrom: Uniform CD-ROM driver Revision: 3.20
[STDOUT  ] 2018-01-02T17:11:18.367260075Z: [    9.562065] sr 2:0:0:0: Attached scsi generic sg0 type 5
[STDOUT  ] 2018-01-02T17:11:18.369038896Z: [    9.563922] Key type big_key registered
[STDOUT  ] 2018-01-02T17:11:18.428427582Z: [    9.623277] Key type encrypted registered
[STDOUT  ] 2018-01-02T17:11:18.432740088Z: [    9.627313] rtc_cmos 00:00: setting system clock to 2018-01-02 17:11:18 UTC (1514913078)
[STDOUT  ] 2018-01-02T17:11:18.577903454Z: [    9.772395] Freeing unused kernel memory: 1372K (ffffffffb3d50000 - ffffffffb3ea7000)
[STDOUT  ] 2018-01-02T17:11:18.578468794Z: [    9.773159] Write protecting the kernel read-only data: 12288k
[STDOUT  ] 2018-01-02T17:11:18.58435019Z: [    9.778974] Freeing unused kernel memory: 156K (ffff9260bb7d9000 - ffff9260bb800000)
[STDOUT  ] 2018-01-02T17:11:18.693787058Z: [    9.888312] Freeing unused kernel memory: 1404K (ffff9260bbaa1000 - ffff9260bbc00000)
[STDOUT  ] 2018-01-02T17:11:18.694714812Z: [    9.889375] tsc: Refined TSC clocksource calibration: 2300.034 MHz
[STDOUT  ] 2018-01-02T17:11:18.695750565Z: [    9.890010] clocksource: tsc: mask: 0xffffffffffffffff max_cycles: 0x21275555d72, max_idle_ns: 440795292657 ns
[STDOUT  ] 2018-01-02T17:11:19.715975271Z: [   10.910735] clocksource: Switched to clocksource tsc
[STDOUT  ] 2018-01-02T17:11:28.700575002Z: 
[STDOUT  ] 2018-01-02T17:11:28.701065911Z: Welcome to LinuxKit
[STDOUT  ] 2018-01-02T17:11:28.70130939Z: SUCCESS boot
[STDOUT  ] 2018-01-02T17:11:28.701481045Z: 
[STDOUT  ] 2018-01-02T17:11:28.701574611Z:                         ##         .
[STDOUT  ] 2018-01-02T17:11:28.701939739Z:                   ## ## ##        ==
[STDOUT  ] 2018-01-02T17:11:28.702348477Z:                ## ## ## ## ##    ===
[STDOUT  ] 2018-01-02T17:11:28.702783667Z:            /"""""""""""""""""\___/ ===
[STDOUT  ] 2018-01-02T17:11:28.703211911Z:           {                       /  ===-
[STDOUT  ] 2018-01-02T17:11:28.703615327Z:            \______ O           __/
[STDOUT  ] 2018-01-02T17:11:28.703965984Z:              \    \         __/
[STDOUT  ] 2018-01-02T17:11:28.704317286Z:               \____\_______/
[STDOUT  ] 2018-01-02T17:11:28.704421097Z: 
[STDOUT  ] 2018-01-02T17:11:30.785325333Z: [   21.980021] 8021q: adding VLAN 0 to HW filter on device eth0
[STDOUT  ] 2018-01-02T17:11:30.787433445Z: eth0: waiting for carrier
[STDOUT  ] 2018-01-02T17:11:30.790219027Z: eth0: carrier acquired
[STDOUT  ] 2018-01-02T17:11:30.851138777Z: DUID 00:01:00:01:21:de:79:c2:4e:89:d6:c4:b5:a5
[STDOUT  ] 2018-01-02T17:11:30.851864789Z: eth0: IAID d6:c4:b5:a5
[STDOUT  ] 2018-01-02T17:11:30.857694582Z: eth0: adding address fe80::fc04:5da7:9f01:2014
[STDOUT  ] 2018-01-02T17:11:30.862190175Z: eth0: soliciting an IPv6 router
[STDOUT  ] 2018-01-02T17:11:30.869462516Z: eth0: soliciting a DHCP lease
[STDOUT  ] 2018-01-02T17:11:30.892213354Z: eth0: offered 10.0.2.15 from 10.0.2.2
[STDOUT  ] 2018-01-02T17:11:30.897401092Z: eth0: leased 10.0.2.15 for 86400 seconds
[STDOUT  ] 2018-01-02T17:11:30.901695877Z: eth0: adding route to 10.0.2.0/24
[STDOUT  ] 2018-01-02T17:11:30.90403549Z: eth0: adding default route via 10.0.2.2
[STDOUT  ] 2018-01-02T17:11:31.17879584Z: exiting due to oneshot
[STDOUT  ] 2018-01-02T17:11:31.1833631Z: dhcpcd exited
[STDOUT  ] 2018-01-02T17:11:31.823361459Z: [34mINFO[0m[0000] starting containerd                           [34mmodule[0m=containerd [34mrevision[0m=89623f28b87a6004d4b785663257362d1658a729 [34mversion[0m=v1.0.0
[STDOUT  ] 2018-01-02T17:11:31.826326076Z: [34mINFO[0m[0000] setting subreaper...                          [34mmodule[0m=containerd
[STDOUT  ] 2018-01-02T17:11:31.832271373Z: [34mINFO[0m[0000] loading plugin "io.containerd.content.v1.content"...  [34mmodule[0m=containerd [34mtype[0m=io.containerd.content.v1
[STDOUT  ] 2018-01-02T17:11:31.835567493Z: [34mINFO[0m[0000] loading plugin "io.containerd.snapshotter.v1.btrfs"...  [34mmodule[0m=containerd [34mtype[0m=io.containerd.snapshotter.v1
[STDOUT  ] 2018-01-02T17:11:31.852387505Z: [33mWARN[0m[0000] failed to load plugin io.containerd.snapshotter.v1.btrfs  [33merror[0m="path /var/lib/containerd/io.containerd.snapshotter.v1.btrfs must be a btrfs filesystem to be used with the btrfs snapshotter" [33mmodule[0m=containerd
[STDOUT  ] 2018-01-02T17:11:31.854084627Z: [34mINFO[0m[0000] loading plugin "io.containerd.snapshotter.v1.overlayfs"...  [34mmodule[0m=containerd [34mtype[0m=io.containerd.snapshotter.v1
[STDOUT  ] 2018-01-02T17:11:31.860109159Z: [34mINFO[0m[0000] loading plugin "io.containerd.metadata.v1.bolt"...  [34mmodule[0m=containerd [34mtype[0m=io.containerd.metadata.v1
[STDOUT  ] 2018-01-02T17:11:31.863954195Z: [33mWARN[0m[0000] could not use snapshotter btrfs in metadata plugin  [33merror[0m="path /var/lib/containerd/io.containerd.snapshotter.v1.btrfs must be a btrfs filesystem to be used with the btrfs snapshotter" [33mmodule[0m="containerd/io.containerd.metadata.v1.bolt"
[STDOUT  ] 2018-01-02T17:11:31.881606614Z: [34mINFO[0m[0000] loading plugin "io.containerd.differ.v1.walking"...  [34mmodule[0m=containerd [34mtype[0m=io.containerd.differ.v1
[STDOUT  ] 2018-01-02T17:11:31.884101591Z: [34mINFO[0m[0000] loading plugin "io.containerd.gc.v1.scheduler"...  [34mmodule[0m=containerd [34mtype[0m=io.containerd.gc.v1
[STDOUT  ] 2018-01-02T17:11:31.888654468Z: [34mINFO[0m[0000] loading plugin "io.containerd.grpc.v1.containers"...  [34mmodule[0m=containerd [34mtype[0m=io.containerd.grpc.v1
[STDOUT  ] 2018-01-02T17:11:31.890538957Z: [34mINFO[0m[0000] loading plugin "io.containerd.grpc.v1.content"...  [34mmodule[0m=containerd [34mtype[0m=io.containerd.grpc.v1
[STDOUT  ] 2018-01-02T17:11:31.892339834Z: [34mINFO[0m[0000] loading plugin "io.containerd.grpc.v1.diff"...  [34mmodule[0m=containerd [34mtype[0m=io.containerd.grpc.v1
[STDOUT  ] 2018-01-02T17:11:31.894507128Z: [34mINFO[0m[0000] loading plugin "io.containerd.grpc.v1.events"...  [34mmodule[0m=containerd [34mtype[0m=io.containerd.grpc.v1
[STDOUT  ] 2018-01-02T17:11:31.896693731Z: [34mINFO[0m[0000] loading plugin "io.containerd.grpc.v1.healthcheck"...  [34mmodule[0m=containerd [34mtype[0m=io.containerd.grpc.v1
[STDOUT  ] 2018-01-02T17:11:31.898484565Z: [34mINFO[0m[0000] loading plugin "io.containerd.grpc.v1.images"...  [34mmodule[0m=containerd [34mtype[0m=io.containerd.grpc.v1
[STDOUT  ] 2018-01-02T17:11:31.900297805Z: [34mINFO[0m[0000] loading plugin "io.containerd.grpc.v1.leases"...  [34mmodule[0m=containerd [34mtype[0m=io.containerd.grpc.v1
[STDOUT  ] 2018-01-02T17:11:31.902213632Z: [34mINFO[0m[0000] loading plugin "io.containerd.grpc.v1.namespaces"...  [34mmodule[0m=containerd [34mtype[0m=io.containerd.grpc.v1
[STDOUT  ] 2018-01-02T17:11:31.904429513Z: [34mINFO[0m[0000] loading plugin "io.containerd.grpc.v1.snapshots"...  [34mmodule[0m=containerd [34mtype[0m=io.containerd.grpc.v1
[STDOUT  ] 2018-01-02T17:11:31.90655886Z: [34mINFO[0m[0000] loading plugin "io.containerd.monitor.v1.cgroups"...  [34mmodule[0m=containerd [34mtype[0m=io.containerd.monitor.v1
[STDOUT  ] 2018-01-02T17:11:31.960345268Z: [34mINFO[0m[0000] loading plugin "io.containerd.runtime.v1.linux"...  [34mmodule[0m=containerd [34mtype[0m=io.containerd.runtime.v1
[STDOUT  ] 2018-01-02T17:11:31.96479299Z: [34mINFO[0m[0000] loading plugin "io.containerd.grpc.v1.tasks"...  [34mmodule[0m=containerd [34mtype[0m=io.containerd.grpc.v1
[STDOUT  ] 2018-01-02T17:11:31.967228323Z: [34mINFO[0m[0000] loading plugin "io.containerd.grpc.v1.version"...  [34mmodule[0m=containerd [34mtype[0m=io.containerd.grpc.v1
[STDOUT  ] 2018-01-02T17:11:31.969660108Z: [34mINFO[0m[0000] loading plugin "io.containerd.grpc.v1.introspection"...  [34mmodule[0m=containerd [34mtype[0m=io.containerd.grpc.v1
[STDOUT  ] 2018-01-02T17:11:31.98154159Z: [34mINFO[0m[0000] serving...                                    [34maddress[0m="/run/containerd/debug.sock" [34mmodule[0m="containerd/debug"
[STDOUT  ] 2018-01-02T17:11:31.984586377Z: [34mINFO[0m[0000] serving...                                    [34maddress[0m="/run/containerd/containerd.sock" [34mmodule[0m="containerd/grpc"
[STDOUT  ] 2018-01-02T17:11:31.987353218Z: [34mINFO[0m[0000] containerd successfully booted in 0.189352s   [34mmodule[0m=containerd
[STDOUT  ] 2018-01-02T17:11:32.585363055Z: [34mINFO[0m[0000] shim containerd-shim started                  [34maddress[0m="/containerd-shim/default/getty/shim.sock" [34mdebug[0m=false [34mmodule[0m="containerd/tasks" [34mpid[0m=329
[STDOUT  ] 2018-01-02T17:11:35.436582773Z: getty: cmdline has console=ttyAMA0 but /dev/ttyAMA0 is not a character device; not starting getty for ttyAMA0
[STDOUT  ] 2018-01-02T17:11:36.405874978Z: 
[STDOUT  ] 2018-01-02T17:11:36.414657114Z: linuxkit-4e89d6c4b5a5 login: root
[STDOUT  ] 2018-01-02T17:11:36.436475385Z: Password: abcdefgh
[STDOUT  ] 2018-01-02T17:11:36.438208375Z: 
[STDOUT  ] 2018-01-02T17:11:36.472415542Z: Welcome to LinuxKit!
[STDOUT  ] 2018-01-02T17:11:36.472584621Z: 
[STDOUT  ] 2018-01-02T17:11:36.473887512Z: NOTE: This system is namespaced.
[STDOUT  ] 2018-01-02T17:11:36.476407354Z: The namespace you are currently in may not be the root.
[STDOUT  ] 2018-01-02T17:11:36.480468888Z: login[366]: root login on 'ttyS0'
[STDOUT  ] 2018-01-02T17:11:36.527530321Z: (ns: getty) linuxkit-4e89d6c4b5a5:~# [6nctr images pull docker.io/library/hello-wor
[STDOUT  ] 2018-01-02T17:11:36.543903927Z: ld@sha256:f3b3b28a45160805bb16542c9531888519430e9e6d6ffc09d72261b0d26ff74f
[STDOUT  ] 2018-01-02T17:11:37.091076603Z: docker.io/library/hello-world@sha256:f3b3b28a45160805bb16542c9531888519430e9e6d6ffc09d72261b0d26ff74f: resolving      |[32m[0m--------------------------------------| 
[STDOUT  ] 2018-01-02T17:11:37.099812447Z: elapsed: 0.1 s                                                                                         total:   0.0 B (0.0 B/s)                                         
[STDOUT  ] 2018-01-02T17:11:37.199669257Z: [1A[2K[1A[2K[1A[2K[1A[2K[1A[2K[1A[2Kdocker.io/library/hello-world@sha256:f3b3b28a45160805bb16542c9531888519430e9e6d6ffc09d72261b0d26ff74f: resolving      |[32m[0m--------------------------------------| 
[STDOUT  ] 2018-01-02T17:11:37.215408536Z: elapsed: 0.2 s                                                                                         total:   0.0 B (0.0 B/s)                                         
[STDOUT  ] 2018-01-02T17:11:37.305490104Z: [1A[2K[1A[2K[1A[2K[1A[2K[1A[2K[1A[2Kdocker.io/library/hello-world@sha256:f3b3b28a45160805bb16542c9531888519430e9e6d6ffc09d72261b0d26ff74f: resolving      |[32m[0m--------------------------------------| 
[STDOUT  ] 2018-01-02T17:11:37.314110631Z: elapsed: 0.4 s                                                                                         total:   0.0 B (0.0 B/s)                                         
[STDOUT  ] 2018-01-02T17:11:37.407043598Z: [1A[2K[1A[2K[1A[2K[1A[2K[1A[2K[1A[2Kdocker.io/library/hello-world@sha256:f3b3b28a45160805bb16542c9531888519430e9e6d6ffc09d72261b0d26ff74f: resolving      |[32m[0m--------------------------------------| 
[STDOUT  ] 2018-01-02T17:11:37.408346707Z: elapsed: 0.5 s                                                                                         total:   0.0 B (0.0 B/s)                                         
[STDOUT  ] 2018-01-02T17:11:37.508203448Z: [1A[2K[1A[2K[1A[2K[1A[2K[1A[2K[1A[2Kdocker.io/library/hello-world@sha256:f3b3b28a45160805bb16542c9531888519430e9e6d6ffc09d72261b0d26ff74f: resolving      |[32m[0m--------------------------------------| 
[STDOUT  ] 2018-01-02T17:11:37.509747733Z: elapsed: 0.6 s                                                                                         total:   0.0 B (0.0 B/s)                                         
[STDOUT  ] 2018-01-02T17:11:37.606451836Z: [1A[2K[1A[2K[1A[2K[1A[2K[1A[2K[1A[2Kdocker.io/library/hello-world@sha256:f3b3b28a45160805bb16542c9531888519430e9e6d6ffc09d72261b0d26ff74f: resolving      |[32m[0m--------------------------------------| 
[STDOUT  ] 2018-01-02T17:11:37.607975561Z: elapsed: 0.7 s                                                                                         total:   0.0 B (0.0 B/s)                                         
[STDOUT  ] 2018-01-02T17:11:37.705053064Z: [1A[2K[1A[2K[1A[2K[1A[2K[1A[2K[1A[2Kdocker.io/library/hello-world@sha256:f3b3b28a45160805bb16542c9531888519430e9e6d6ffc09d72261b0d26ff74f: resolving      |[32m[0m--------------------------------------| 
[STDOUT  ] 2018-01-02T17:11:37.70655732Z: elapsed: 0.8 s                                                                                         total:   0.0 B (0.0 B/s)                                         
[STDOUT  ] 2018-01-02T17:11:37.836002362Z: [1A[2K[1A[2K[1A[2K[1A[2K[1A[2K[1A[2Kdocker.io/library/hello-world@sha256:f3b3b28a45160805bb16542c9531888519430e9e6d6ffc09d72261b0d26ff74f: resolving      |[32m[0m--------------------------------------| 
[STDOUT  ] 2018-01-02T17:11:37.837517418Z: elapsed: 0.9 s                                                                                         total:   0.0 B (0.0 B/s)                                         
[STDOUT  ] 2018-01-02T17:11:37.891870238Z: [1A[2K[1A[2K[1A[2K[1A[2K[1A[2K[1A[2Kdocker.io/library/hello-world@sha256:f3b3b28a45160805bb16542c9531888519430e9e6d6ffc09d72261b0d26ff74f: resolving      |[32m[0m--------------------------------------| 
[STDOUT  ] 2018-01-02T17:11:37.893410605Z: elapsed: 1.0 s                                                                                         total:   0.0 B (0.0 B/s)                                         
[STDOUT  ] 2018-01-02T17:11:38.004715219Z: [1A[2K[1A[2K[1A[2K[1A[2K[1A[2K[1A[2Kdocker.io/library/hello-world@sha256:f3b3b28a45160805bb16542c9531888519430e9e6d6ffc09d72261b0d26ff74f: resolving      |[32m[0m--------------------------------------| 
[STDOUT  ] 2018-01-02T17:11:38.006212629Z: elapsed: 1.0 s                                                                                         total:   0.0 B (0.0 B/s)                                         
[STDOUT  ] 2018-01-02T17:11:38.102438789Z: [1A[2K[1A[2K[1A[2K[1A[2K[1A[2K[1A[2Kdocker.io/library/hello-world@sha256:f3b3b28a45160805bb16542c9531888519430e9e6d6ffc09d72261b0d26ff74f: resolving      |[32m[0m--------------------------------------| 
[STDOUT  ] 2018-01-02T17:11:38.103749367Z: elapsed: 1.2 s                                                                                         total:   0.0 B (0.0 B/s)                                         
[STDOUT  ] 2018-01-02T17:11:38.219149984Z: [1A[2K[1A[2K[1A[2K[1A[2K[1A[2K[1A[2Kdocker.io/library/hello-world@sha256:f3b3b28a45160805bb16542c9531888519430e9e6d6ffc09d72261b0d26ff74f: resolving      |[32m[0m--------------------------------------| 
[STDOUT  ] 2018-01-02T17:11:38.220720614Z: elapsed: 1.3 s                                                                                         total:   0.0 B (0.0 B/s)                                         
[STDOUT  ] 2018-01-02T17:11:38.318717733Z: [1A[2K[1A[2K[1A[2K[1A[2K[1A[2K[1A[2Kdocker.io/library/hello-world@sha256:f3b3b28a45160805bb16542c9531888519430e9e6d6ffc09d72261b0d26ff74f: resolving      |[32m[0m--------------------------------------| 
[STDOUT  ] 2018-01-02T17:11:38.320228457Z: elapsed: 1.4 s                                                                                         total:   0.0 B (0.0 B/s)                                         
[STDOUT  ] 2018-01-02T17:11:38.40903134Z: [1A[2K[1A[2K[1A[2K[1A[2K[1A[2K[1A[2Kdocker.io/library/hello-world@sha256:f3b3b28a45160805bb16542c9531888519430e9e6d6ffc09d72261b0d26ff74f: resolving      |[32m[0m--------------------------------------| 
[STDOUT  ] 2018-01-02T17:11:38.410589897Z: elapsed: 1.5 s                                                                                         total:   0.0 B (0.0 B/s)                                         
[STDOUT  ] 2018-01-02T17:11:38.508983561Z: [1A[2K[1A[2K[1A[2K[1A[2K[1A[2K[1A[2Kdocker.io/library/hello-world@sha256:f3b3b28a45160805bb16542c9531888519430e9e6d6ffc09d72261b0d26ff74f: resolving      |[32m[0m--------------------------------------| 
[STDOUT  ] 2018-01-02T17:11:38.510487883Z: elapsed: 1.6 s                                                                                         total:   0.0 B (0.0 B/s)                                         
[STDOUT  ] 2018-01-02T17:11:38.608531654Z: [1A[2K[1A[2K[1A[2K[1A[2K[1A[2K[1A[2Kdocker.io/library/hello-world@sha256:f3b3b28a45160805bb16542c9531888519430e9e6d6ffc09d72261b0d26ff74f: resolving      |[32m[0m--------------------------------------| 
[STDOUT  ] 2018-01-02T17:11:38.610029817Z: elapsed: 1.7 s                                                                                         total:   0.0 B (0.0 B/s)                                         
[STDOUT  ] 2018-01-02T17:11:38.69821778Z: [1A[2K[1A[2K[1A[2K[1A[2K[1A[2K[1A[2Kdocker.io/library/hello-world@sha256:f3b3b28a45160805bb16542c9531888519430e9e6d6ffc09d72261b0d26ff74f: resolving      |[32m[0m--------------------------------------| 
[STDOUT  ] 2018-01-02T17:11:38.699705008Z: elapsed: 1.8 s                                                                                         total:   0.0 B (0.0 B/s)                                         
[STDOUT  ] 2018-01-02T17:11:38.797597195Z: [1A[2K[1A[2K[1A[2K[1A[2K[1A[2K[1A[2Kdocker.io/library/hello-world@sha256:f3b3b28a45160805bb16542c9531888519430e9e6d6ffc09d72261b0d26ff74f: resolving      |[32m[0m--------------------------------------| 
[STDOUT  ] 2018-01-02T17:11:38.799182088Z: elapsed: 1.9 s                                                                                         total:   0.0 B (0.0 B/s)                                         
[STDOUT  ] 2018-01-02T17:11:38.906246379Z: [1A[2K[1A[2K[1A[2K[1A[2K[1A[2K[1A[2Kdocker.io/library/hello-world@sha256:f3b3b28a45160805bb16542c9531888519430e9e6d6ffc09d72261b0d26ff74f: resolving      |[32m[0m--------------------------------------| 
[STDOUT  ] 2018-01-02T17:11:38.907756635Z: elapsed: 2.0 s                                                                                         total:   0.0 B (0.0 B/s)                                         
[STDOUT  ] 2018-01-02T17:11:39.005888636Z: [1A[2K[1A[2K[1A[2K[1A[2K[1A[2K[1A[2Kdocker.io/library/hello-world@sha256:f3b3b28a45160805bb16542c9531888519430e9e6d6ffc09d72261b0d26ff74f: resolving      |[32m[0m--------------------------------------| 
[STDOUT  ] 2018-01-02T17:11:39.007318523Z: elapsed: 2.1 s                                                                                         total:   0.0 B (0.0 B/s)                                         
[STDOUT  ] 2018-01-02T17:11:39.095806886Z: [1A[2K[1A[2K[1A[2K[1A[2K[1A[2K[1A[2Kdocker.io/library/hello-world@sha256:f3b3b28a45160805bb16542c9531888519430e9e6d6ffc09d72261b0d26ff74f: resolving      |[32m[0m--------------------------------------| 
[STDOUT  ] 2018-01-02T17:11:39.097522784Z: elapsed: 2.2 s                                                                                         total:   0.0 B (0.0 B/s)                                         
[STDOUT  ] 2018-01-02T17:11:39.19575961Z: [1A[2K[1A[2K[1A[2K[1A[2K[1A[2K[1A[2Kdocker.io/library/hello-world@sha256:f3b3b28a45160805bb16542c9531888519430e9e6d6ffc09d72261b0d26ff74f: resolving      |[32m[0m--------------------------------------| 
[STDOUT  ] 2018-01-02T17:11:39.197316227Z: elapsed: 2.3 s                                                                                         total:   0.0 B (0.0 B/s)                                         
[STDOUT  ] 2018-01-02T17:11:39.290267224Z: [1A[2K[1A[2K[1A[2K[1A[2K[1A[2K[1A[2Kdocker.io/library/hello-world@sha256:f3b3b28a45160805bb16542c9531888519430e9e6d6ffc09d72261b0d26ff74f: resolving      |[32m[0m--------------------------------------| 
[STDOUT  ] 2018-01-02T17:11:39.291776079Z: elapsed: 2.3 s                                                                                         total:   0.0 B (0.0 B/s)                                         
[STDOUT  ] 2018-01-02T17:11:39.398499351Z: [1A[2K[1A[2K[1A[2K[1A[2K[1A[2K[1A[2Kdocker.io/library/hello-world@sha256:f3b3b28a45160805bb16542c9531888519430e9e6d6ffc09d72261b0d26ff74f: resolving      |[32m[0m--------------------------------------| 
[STDOUT  ] 2018-01-02T17:11:39.4000069Z: elapsed: 2.4 s                                                                                         total:   0.0 B (0.0 B/s)                                         
[STDOUT  ] 2018-01-02T17:11:39.507513529Z: [1A[2K[1A[2K[1A[2K[1A[2K[1A[2K[1A[2Kdocker.io/library/hello-world@sha256:f3b3b28a45160805bb16542c9531888519430e9e6d6ffc09d72261b0d26ff74f: resolving      |[32m[0m--------------------------------------| 
[STDOUT  ] 2018-01-02T17:11:39.509009864Z: elapsed: 2.6 s                                                                                         total:   0.0 B (0.0 B/s)                                         
[STDOUT  ] 2018-01-02T17:11:39.605712729Z: [1A[2K[1A[2K[1A[2K[1A[2K[1A[2K[1A[2Kdocker.io/library/hello-world@sha256:f3b3b28a45160805bb16542c9531888519430e9e6d6ffc09d72261b0d26ff74f: resolving      |[32m[0m--------------------------------------| 
[STDOUT  ] 2018-01-02T17:11:39.607190436Z: elapsed: 2.7 s                                                                                         total:   0.0 B (0.0 B/s)                                         
[STDOUT  ] 2018-01-02T17:11:39.702411165Z: [1A[2K[1A[2K[1A[2K[1A[2K[1A[2K[1A[2Kdocker.io/library/hello-world@sha256:f3b3b28a45160805bb16542c9531888519430e9e6d6ffc09d72261b0d26ff74f: resolving      |[32m[0m--------------------------------------| 
[STDOUT  ] 2018-01-02T17:11:39.703873283Z: elapsed: 2.8 s                                                                                         total:   0.0 B (0.0 B/s)                                         
[STDOUT  ] 2018-01-02T17:11:39.806819606Z: [1A[2K[1A[2K[1A[2K[1A[2K[1A[2K[1A[2Kdocker.io/library/hello-world@sha256:f3b3b28a45160805bb16542c9531888519430e9e6d6ffc09d72261b0d26ff74f: resolving      |[32m[0m--------------------------------------| 
[STDOUT  ] 2018-01-02T17:11:39.808360255Z: elapsed: 2.8 s                                                                                         total:   0.0 B (0.0 B/s)                                         
[STDOUT  ] 2018-01-02T17:11:39.906396118Z: [1A[2K[1A[2K[1A[2K[1A[2K[1A[2K[1A[2Kdocker.io/library/hello-world@sha256:f3b3b28a45160805bb16542c9531888519430e9e6d6ffc09d72261b0d26ff74f: resolving      |[32m[0m--------------------------------------| 
[STDOUT  ] 2018-01-02T17:11:39.907889227Z: elapsed: 3.0 s                                                                                         total:   0.0 B (0.0 B/s)                                         
[STDOUT  ] 2018-01-02T17:11:39.991140966Z: [1A[2K[1A[2K[1A[2K[1A[2K[1A[2K[1A[2Kdocker.io/library/hello-world@sha256:f3b3b28a45160805bb16542c9531888519430e9e6d6ffc09d72261b0d26ff74f: resolving      |[32m[0m--------------------------------------| 
[STDOUT  ] 2018-01-02T17:11:39.992767618Z: elapsed: 3.1 s                                                                                         total:   0.0 B (0.0 B/s)                                         
[STDOUT  ] 2018-01-02T17:11:40.091803296Z: [1A[2K[1A[2K[1A[2K[1A[2K[1A[2K[1A[2Kdocker.io/library/hello-world@sha256:f3b3b28a45160805bb16542c9531888519430e9e6d6ffc09d72261b0d26ff74f: resolving      |[32m[0m--------------------------------------| 
[STDOUT  ] 2018-01-02T17:11:40.093357928Z: elapsed: 3.1 s                                                                                         total:   0.0 B (0.0 B/s)                                         
[STDOUT  ] 2018-01-02T17:11:40.186559511Z: [1A[2K[1A[2K[1A[2K[1A[2K[1A[2K[1A[2Kdocker.io/library/hello-world@sha256:f3b3b28a45160805bb16542c9531888519430e9e6d6ffc09d72261b0d26ff74f: resolving      |[32m[0m--------------------------------------| 
[STDOUT  ] 2018-01-02T17:11:40.198372419Z: elapsed: 3.2 s                                                                                         total:   0.0 B (0.0 B/s)                                         
[STDOUT  ] 2018-01-02T17:11:40.290779005Z: [1A[2K[1A[2K[1A[2K[1A[2K[1A[2K[1A[2Kdocker.io/library/hello-world@sha256:f3b3b28a45160805bb16542c9531888519430e9e6d6ffc09d72261b0d26ff74f: resolving      |[32m[0m--------------------------------------| 
[STDOUT  ] 2018-01-02T17:11:40.292590103Z: elapsed: 3.3 s                                                                                         total:   0.0 B (0.0 B/s)                                         
[STDOUT  ] 2018-01-02T17:11:40.411279273Z: [1A[2K[1A[2K[1A[2K[1A[2K[1A[2K[1A[2Kdocker.io/library/hello-world@sha256:f3b3b28a45160805bb16542c9531888519430e9e6d6ffc09d72261b0d26ff74f: resolving      |[32m[0m--------------------------------------| 
[STDOUT  ] 2018-01-02T17:11:40.425590153Z: elapsed: 3.4 s                                                                                         total:   0.0 B (0.0 B/s)                                         
[STDOUT  ] 2018-01-02T17:11:40.486424547Z: [1A[2K[1A[2K[1A[2K[1A[2K[1A[2K[1A[2Kdocker.io/library/hello-world@sha256:f3b3b28a45160805bb16542c9531888519430e9e6d6ffc09d72261b0d26ff74f: resolving      |[32m[0m--------------------------------------| 
[STDOUT  ] 2018-01-02T17:11:40.48832358Z: elapsed: 3.6 s                                                                                         total:   0.0 B (0.0 B/s)                                         
[STDOUT  ] 2018-01-02T17:11:40.583713738Z: [1A[2K[1A[2K[1A[2K[1A[2K[1A[2K[1A[2Kdocker.io/library/hello-world@sha256:f3b3b28a45160805bb16542c9531888519430e9e6d6ffc09d72261b0d26ff74f: resolving      |[32m[0m--------------------------------------| 
[STDOUT  ] 2018-01-02T17:11:40.585565665Z: elapsed: 3.6 s                                                                                         total:   0.0 B (0.0 B/s)                                         
[STDOUT  ] 2018-01-02T17:11:40.683540169Z: [1A[2K[1A[2K[1A[2K[1A[2K[1A[2K[1A[2Kdocker.io/library/hello-world@sha256:f3b3b28a45160805bb16542c9531888519430e9e6d6ffc09d72261b0d26ff74f: resolving      |[32m[0m--------------------------------------| 
[STDOUT  ] 2018-01-02T17:11:40.685449398Z: elapsed: 3.7 s                                                                                         total:   0.0 B (0.0 B/s)                                         
[STDOUT  ] 2018-01-02T17:11:40.786712585Z: [1A[2K[1A[2K[1A[2K[1A[2K[1A[2K[1A[2Kdocker.io/library/hello-world@sha256:f3b3b28a45160805bb16542c9531888519430e9e6d6ffc09d72261b0d26ff74f: resolving      |[32m[0m--------------------------------------| 
[STDOUT  ] 2018-01-02T17:11:40.788646661Z: elapsed: 3.8 s                                                                                         total:   0.0 B (0.0 B/s)                                         
[STDOUT  ] 2018-01-02T17:11:40.883525372Z: [1A[2K[1A[2K[1A[2K[1A[2K[1A[2K[1A[2Kdocker.io/library/hello-world@sha256:f3b3b28a45160805bb16542c9531888519430e9e6d6ffc09d72261b0d26ff74f: resolving      |[32m[0m--------------------------------------| 
[STDOUT  ] 2018-01-02T17:11:40.889355884Z: elapsed: 3.9 s                                                                                         total:   0.0 B (0.0 B/s)                                         
[STDOUT  ] 2018-01-02T17:11:40.987142493Z: [1A[2K[1A[2K[1A[2K[1A[2K[1A[2K[1A[2Kdocker.io/library/hello-world@sha256:f3b3b28a45160805bb16542c9531888519430e9e6d6ffc09d72261b0d26ff74f: resolved       |[32m++++++++++++++++++++++++++++++++++++++[0m| 
[STDOUT  ] 2018-01-02T17:11:40.98895595Z: manifest-sha256:f3b3b28a45160805bb16542c9531888519430e9e6d6ffc09d72261b0d26ff74f:                      downloading    |[32m[0m--------------------------------------|    0.0 B/524.0 B 
[STDOUT  ] 2018-01-02T17:11:40.99047787Z: elapsed: 4.1 s                                                                                         total:   0.0 B (0.0 B/s)                                         
[STDOUT  ] 2018-01-02T17:11:41.088830748Z: [1A[2K[1A[2K[1A[2K[1A[2K[1A[2K[1A[2K[1A[2K[1A[2Kdocker.io/library/hello-world@sha256:f3b3b28a45160805bb16542c9531888519430e9e6d6ffc09d72261b0d26ff74f: resolved       |[32m++++++++++++++++++++++++++++++++++++++[0m| 
[STDOUT  ] 2018-01-02T17:11:41.090860746Z: manifest-sha256:f3b3b28a45160805bb16542c9531888519430e9e6d6ffc09d72261b0d26ff74f:                      downloading    |[32m[0m--------------------------------------|    0.0 B/524.0 B 
[STDOUT  ] 2018-01-02T17:11:41.092616007Z: elapsed: 4.1 s                                                                                         total:   0.0 B (0.0 B/s)                                         
[STDOUT  ] 2018-01-02T17:11:41.193822935Z: [1A[2K[1A[2K[1A[2K[1A[2K[1A[2K[1A[2K[1A[2K[1A[2Kdocker.io/library/hello-world@sha256:f3b3b28a45160805bb16542c9531888519430e9e6d6ffc09d72261b0d26ff74f: resolved       |[32m++++++++++++++++++++++++++++++++++++++[0m| 
[STDOUT  ] 2018-01-02T17:11:41.206541739Z: manifest-sha256:f3b3b28a45160805bb16542c9531888519430e9e6d6ffc09d72261b0d26ff74f:                      downloading    |[32m[0m--------------------------------------|    0.0 B/524.0 B 
[STDOUT  ] 2018-01-02T17:11:41.211442467Z: elapsed: 4.2 s                                                                                         total:   0.0 B (0.0 B/s)                                         
[STDOUT  ] 2018-01-02T17:11:41.286047372Z: [1A[2K[1A[2K[1A[2K[1A[2K[1A[2K[1A[2K[1A[2K[1A[2Kdocker.io/library/hello-world@sha256:f3b3b28a45160805bb16542c9531888519430e9e6d6ffc09d72261b0d26ff74f: resolved       |[32m++++++++++++++++++++++++++++++++++++++[0m| 
[STDOUT  ] 2018-01-02T17:11:41.290080429Z: manifest-sha256:f3b3b28a45160805bb16542c9531888519430e9e6d6ffc09d72261b0d26ff74f:                      downloading    |[32m[0m--------------------------------------|    0.0 B/524.0 B 
[STDOUT  ] 2018-01-02T17:11:41.291495732Z: elapsed: 4.4 s                                                                                         total:   0.0 B (0.0 B/s)                                         
[STDOUT  ] 2018-01-02T17:11:41.394451622Z: [1A[2K[1A[2K[1A[2K[1A[2K[1A[2K[1A[2K[1A[2K[1A[2Kdocker.io/library/hello-world@sha256:f3b3b28a45160805bb16542c9531888519430e9e6d6ffc09d72261b0d26ff74f: resolved       |[32m++++++++++++++++++++++++++++++++++++++[0m| 
[STDOUT  ] 2018-01-02T17:11:41.396051006Z: manifest-sha256:f3b3b28a45160805bb16542c9531888519430e9e6d6ffc09d72261b0d26ff74f:                      downloading    |[32m[0m--------------------------------------|    0.0 B/524.0 B 
[STDOUT  ] 2018-01-02T17:11:41.397611766Z: elapsed: 4.4 s                                                                                         total:   0.0 B (0.0 B/s)                                         
[STDOUT  ] 2018-01-02T17:11:41.491824469Z: [1A[2K[1A[2K[1A[2K[1A[2K[1A[2K[1A[2K[1A[2K[1A[2Kdocker.io/library/hello-world@sha256:f3b3b28a45160805bb16542c9531888519430e9e6d6ffc09d72261b0d26ff74f: resolved       |[32m++++++++++++++++++++++++++++++++++++++[0m| 
[STDOUT  ] 2018-01-02T17:11:41.493513698Z: manifest-sha256:f3b3b28a45160805bb16542c9531888519430e9e6d6ffc09d72261b0d26ff74f:                      downloading    |[32m[0m--------------------------------------|    0.0 B/524.0 B 
[STDOUT  ] 2018-01-02T17:11:41.495034779Z: elapsed: 4.6 s                                                                                         total:   0.0 B (0.0 B/s)                                         
[STDOUT  ] 2018-01-02T17:11:41.587294495Z: [1A[2K[1A[2K[1A[2K[1A[2K[1A[2K[1A[2K[1A[2K[1A[2Kdocker.io/library/hello-world@sha256:f3b3b28a45160805bb16542c9531888519430e9e6d6ffc09d72261b0d26ff74f: resolved       |[32m++++++++++++++++++++++++++++++++++++++[0m| 
[STDOUT  ] 2018-01-02T17:11:41.588996446Z: manifest-sha256:f3b3b28a45160805bb16542c9531888519430e9e6d6ffc09d72261b0d26ff74f:                      downloading    |[32m[0m--------------------------------------|    0.0 B/524.0 B 
[STDOUT  ] 2018-01-02T17:11:41.590491934Z: elapsed: 4.6 s                                                                                         total:   0.0 B (0.0 B/s)                                         
[STDOUT  ] 2018-01-02T17:11:41.684272326Z: [1A[2K[1A[2K[1A[2K[1A[2K[1A[2K[1A[2K[1A[2K[1A[2Kdocker.io/library/hello-world@sha256:f3b3b28a45160805bb16542c9531888519430e9e6d6ffc09d72261b0d26ff74f: resolved       |[32m++++++++++++++++++++++++++++++++++++++[0m| 
[STDOUT  ] 2018-01-02T17:11:41.685918355Z: manifest-sha256:f3b3b28a45160805bb16542c9531888519430e9e6d6ffc09d72261b0d26ff74f:                      downloading    |[32m[0m--------------------------------------|    0.0 B/524.0 B 
[STDOUT  ] 2018-01-02T17:11:41.687431782Z: elapsed: 4.7 s                                                                                         total:   0.0 B (0.0 B/s)                                         
[STDOUT  ] 2018-01-02T17:11:41.790589797Z: [1A[2K[1A[2K[1A[2K[1A[2K[1A[2K[1A[2K[1A[2K[1A[2Kdocker.io/library/hello-world@sha256:f3b3b28a45160805bb16542c9531888519430e9e6d6ffc09d72261b0d26ff74f: resolved       |[32m++++++++++++++++++++++++++++++++++++++[0m| 
[STDOUT  ] 2018-01-02T17:11:41.792248366Z: manifest-sha256:f3b3b28a45160805bb16542c9531888519430e9e6d6ffc09d72261b0d26ff74f:                      downloading    |[32m[0m--------------------------------------|    0.0 B/524.0 B 
[STDOUT  ] 2018-01-02T17:11:41.793628908Z: elapsed: 4.8 s                                                                                         total:   0.0 B (0.0 B/s)                                         
[STDOUT  ] 2018-01-02T17:11:41.908298602Z: [1A[2K[1A[2K[1A[2K[1A[2K[1A[2K[1A[2K[1A[2K[1A[2Kdocker.io/library/hello-world@sha256:f3b3b28a45160805bb16542c9531888519430e9e6d6ffc09d72261b0d26ff74f: resolved       |[32m++++++++++++++++++++++++++++++++++++++[0m| 
[STDOUT  ] 2018-01-02T17:11:41.909772184Z: manifest-sha256:f3b3b28a45160805bb16542c9531888519430e9e6d6ffc09d72261b0d26ff74f:                      done           |[32m++++++++++++++++++++++++++++++++++++++[0m| 
[STDOUT  ] 2018-01-02T17:11:41.911202859Z: elapsed: 5.0 s                                                                                         total:  524.0  (104.0 B/s)                                       
[STDOUT  ] 2018-01-02T17:11:41.99289217Z: [1A[2K[1A[2K[1A[2K[1A[2K[1A[2K[1A[2K[1A[2Kdocker.io/library/hello-world@sha256:f3b3b28a45160805bb16542c9531888519430e9e6d6ffc09d72261b0d26ff74f: resolved       |[32m++++++++++++++++++++++++++++++++++++++[0m| 
[STDOUT  ] 2018-01-02T17:11:41.994385405Z: manifest-sha256:f3b3b28a45160805bb16542c9531888519430e9e6d6ffc09d72261b0d26ff74f:                      done           |[32m++++++++++++++++++++++++++++++++++++++[0m| 
[STDOUT  ] 2018-01-02T17:11:41.995871511Z: elapsed: 5.1 s                                                                                         total:  524.0  (103.0 B/s)                                       
[STDOUT  ] 2018-01-02T17:11:42.131414726Z: [1A[2K[1A[2K[1A[2K[1A[2K[1A[2K[1A[2K[1A[2Kdocker.io/library/hello-world@sha256:f3b3b28a45160805bb16542c9531888519430e9e6d6ffc09d72261b0d26ff74f: resolved       |[32m++++++++++++++++++++++++++++++++++++++[0m| 
[STDOUT  ] 2018-01-02T17:11:42.132905224Z: manifest-sha256:f3b3b28a45160805bb16542c9531888519430e9e6d6ffc09d72261b0d26ff74f:                      done           |[32m++++++++++++++++++++++++++++++++++++++[0m| 
[STDOUT  ] 2018-01-02T17:11:42.1345352Z: layer-sha256:b04784fba78d739b526e27edc02a5a8cd07b1052e9283f5fc155828f4b614c28:                         downloading    |[32m[0m--------------------------------------|    0.0 B/972.0 B 
[STDOUT  ] 2018-01-02T17:11:42.136165887Z: config-sha256:1815c82652c03bfd8644afda26fb184f2ed891d921b20a0703b46768f9755c57:                        downloading    |[32m[0m--------------------------------------|    0.0 B/1.5 KiB 
[STDOUT  ] 2018-01-02T17:11:42.137544655Z: elapsed: 5.2 s                                                                                         total:  524.0  (100.0 B/s)                                       
[STDOUT  ] 2018-01-02T17:11:42.207661734Z: [1A[2K[1A[2K[1A[2K[1A[2K[1A[2K[1A[2K[1A[2K[1A[2K[1A[2K[1A[2K[1A[2K[1A[2K[1A[2Kdocker.io/library/hello-world@sha256:f3b3b28a45160805bb16542c9531888519430e9e6d6ffc09d72261b0d26ff74f: resolved       |[32m++++++++++++++++++++++++++++++++++++++[0m| 
[STDOUT  ] 2018-01-02T17:11:42.209167874Z: manifest-sha256:f3b3b28a45160805bb16542c9531888519430e9e6d6ffc09d72261b0d26ff74f:                      done           |[32m++++++++++++++++++++++++++++++++++++++[0m| 
[STDOUT  ] 2018-01-02T17:11:42.210839609Z: layer-sha256:b04784fba78d739b526e27edc02a5a8cd07b1052e9283f5fc155828f4b614c28:                         downloading    |[32m[0m--------------------------------------|    0.0 B/972.0 B 
[STDOUT  ] 2018-01-02T17:11:42.21237687Z: config-sha256:1815c82652c03bfd8644afda26fb184f2ed891d921b20a0703b46768f9755c57:                        downloading    |[32m[0m--------------------------------------|    0.0 B/1.5 KiB 
[STDOUT  ] 2018-01-02T17:11:42.213900308Z: elapsed: 5.3 s                                                                                         total:  524.0  (98.0 B/s)                                        
[STDOUT  ] 2018-01-02T17:11:42.28971341Z: [1A[2K[1A[2K[1A[2K[1A[2K[1A[2K[1A[2K[1A[2K[1A[2K[1A[2K[1A[2K[1A[2K[1A[2K[1A[2Kdocker.io/library/hello-world@sha256:f3b3b28a45160805bb16542c9531888519430e9e6d6ffc09d72261b0d26ff74f: resolved       |[32m++++++++++++++++++++++++++++++++++++++[0m| 
[STDOUT  ] 2018-01-02T17:11:42.291155606Z: manifest-sha256:f3b3b28a45160805bb16542c9531888519430e9e6d6ffc09d72261b0d26ff74f:                      done           |[32m++++++++++++++++++++++++++++++++++++++[0m| 
[STDOUT  ] 2018-01-02T17:11:42.292785323Z: layer-sha256:b04784fba78d739b526e27edc02a5a8cd07b1052e9283f5fc155828f4b614c28:                         downloading    |[32m[0m--------------------------------------|    0.0 B/972.0 B 
[STDOUT  ] 2018-01-02T17:11:42.294406077Z: config-sha256:1815c82652c03bfd8644afda26fb184f2ed891d921b20a0703b46768f9755c57:                        downloading    |[32m[0m--------------------------------------|    0.0 B/1.5 KiB 
[STDOUT  ] 2018-01-02T17:11:42.29582924Z: elapsed: 5.3 s                                                                                         total:  524.0  (97.0 B/s)                                        
[STDOUT  ] 2018-01-02T17:11:42.406432905Z: [1A[2K[1A[2K[1A[2K[1A[2K[1A[2K[1A[2K[1A[2K[1A[2K[1A[2K[1A[2K[1A[2K[1A[2K[1A[2Kdocker.io/library/hello-world@sha256:f3b3b28a45160805bb16542c9531888519430e9e6d6ffc09d72261b0d26ff74f: resolved       |[32m++++++++++++++++++++++++++++++++++++++[0m| 
[STDOUT  ] 2018-01-02T17:11:42.407896519Z: manifest-sha256:f3b3b28a45160805bb16542c9531888519430e9e6d6ffc09d72261b0d26ff74f:                      done           |[32m++++++++++++++++++++++++++++++++++++++[0m| 
[STDOUT  ] 2018-01-02T17:11:42.409447116Z: layer-sha256:b04784fba78d739b526e27edc02a5a8cd07b1052e9283f5fc155828f4b614c28:                         downloading    |[32m[0m--------------------------------------|    0.0 B/972.0 B 
[STDOUT  ] 2018-01-02T17:11:42.411084603Z: config-sha256:1815c82652c03bfd8644afda26fb184f2ed891d921b20a0703b46768f9755c57:                        downloading    |[32m[0m--------------------------------------|    0.0 B/1.5 KiB 
[STDOUT  ] 2018-01-02T17:11:42.41259316Z: elapsed: 5.5 s                                                                                         total:  524.0  (94.0 B/s)                                        
[STDOUT  ] 2018-01-02T17:11:42.490929094Z: [1A[2K[1A[2K[1A[2K[1A[2K[1A[2K[1A[2K[1A[2K[1A[2K[1A[2K[1A[2K[1A[2K[1A[2K[1A[2Kdocker.io/library/hello-world@sha256:f3b3b28a45160805bb16542c9531888519430e9e6d6ffc09d72261b0d26ff74f: resolved       |[32m++++++++++++++++++++++++++++++++++++++[0m| 
[STDOUT  ] 2018-01-02T17:11:42.492430753Z: manifest-sha256:f3b3b28a45160805bb16542c9531888519430e9e6d6ffc09d72261b0d26ff74f:                      done           |[32m++++++++++++++++++++++++++++++++++++++[0m| 
[STDOUT  ] 2018-01-02T17:11:42.494072594Z: layer-sha256:b04784fba78d739b526e27edc02a5a8cd07b1052e9283f5fc155828f4b614c28:                         downloading    |[32m[0m--------------------------------------|    0.0 B/972.0 B 
[STDOUT  ] 2018-01-02T17:11:42.495724599Z: config-sha256:1815c82652c03bfd8644afda26fb184f2ed891d921b20a0703b46768f9755c57:                        downloading    |[32m[0m--------------------------------------|    0.0 B/1.5 KiB 
[STDOUT  ] 2018-01-02T17:11:42.497180554Z: elapsed: 5.6 s                                                                                         total:  524.0  (94.0 B/s)                                        
[STDOUT  ] 2018-01-02T17:11:42.62603696Z: [1A[2K[1A[2K[1A[2K[1A[2K[1A[2K[1A[2K[1A[2K[1A[2K[1A[2K[1A[2K[1A[2K[1A[2K[1A[2Kdocker.io/library/hello-world@sha256:f3b3b28a45160805bb16542c9531888519430e9e6d6ffc09d72261b0d26ff74f: resolved       |[32m++++++++++++++++++++++++++++++++++++++[0m| 
[STDOUT  ] 2018-01-02T17:11:42.627607473Z: manifest-sha256:f3b3b28a45160805bb16542c9531888519430e9e6d6ffc09d72261b0d26ff74f:                      done           |[32m++++++++++++++++++++++++++++++++++++++[0m| 
[STDOUT  ] 2018-01-02T17:11:42.629203348Z: layer-sha256:b04784fba78d739b526e27edc02a5a8cd07b1052e9283f5fc155828f4b614c28:                         downloading    |[32m[0m--------------------------------------|    0.0 B/972.0 B 
[STDOUT  ] 2018-01-02T17:11:42.63079225Z: config-sha256:1815c82652c03bfd8644afda26fb184f2ed891d921b20a0703b46768f9755c57:                        downloading    |[32m[0m--------------------------------------|    0.0 B/1.5 KiB 
[STDOUT  ] 2018-01-02T17:11:42.632195384Z: elapsed: 5.7 s                                                                                         total:  524.0  (92.0 B/s)                                        
[STDOUT  ] 2018-01-02T17:11:42.68559842Z: [31mERRO[0m[0005] failed to get content info                    [31merror[0m="context canceled: unknown"
[STDOUT  ] 2018-01-02T17:11:42.713635252Z: [1A[2K[1A[2K[1A[2K[1A[2K[1A[2K[1A[2K[1A[2K[1A[2K[1A[2K[1A[2K[1A[2K[1A[2K[1A[2Kdocker.io/library/hello-world@sha256:f3b3b28a45160805bb16542c9531888519430e9e6d6ffc09d72261b0d26ff74f: resolved       |[32m++++++++++++++++++++++++++++++++++++++[0m| 
[STDOUT  ] 2018-01-02T17:11:42.715112319Z: manifest-sha256:f3b3b28a45160805bb16542c9531888519430e9e6d6ffc09d72261b0d26ff74f:                      done           |[32m++++++++++++++++++++++++++++++++++++++[0m| 
[STDOUT  ] 2018-01-02T17:11:42.716622769Z: layer-sha256:b04784fba78d739b526e27edc02a5a8cd07b1052e9283f5fc155828f4b614c28:                         done           |[32m++++++++++++++++++++++++++++++++++++++[0m| 
[STDOUT  ] 2018-01-02T17:11:42.718215953Z: config-sha256:1815c82652c03bfd8644afda26fb184f2ed891d921b20a0703b46768f9755c57:                        done           |[32m++++++++++++++++++++++++++++++++++++++[0m| 
[STDOUT  ] 2018-01-02T17:11:42.71950264Z: elapsed: 5.8 s                                                                                         total:  524.0  (89.0 B/s)                                        
[STDOUT  ] 2018-01-02T17:11:42.721901956Z: unpacking sha256:f3b3b28a45160805bb16542c9531888519430e9e6d6ffc09d72261b0d26ff74f...
[STDOUT  ] 2018-01-02T17:11:43.208486726Z: done
[STDOUT  ] 2018-01-02T17:11:43.252039141Z: (ns: getty) linuxkit-4e89d6c4b5a5:~# [6nSUCCESS ctr images pull
[STDOUT  ] 2018-01-02T17:11:43.262917766Z: ctr run -t docker.io/library/hello-world@sh
[STDOUT  ] 2018-01-02T17:11:43.275882121Z: a256:f3b3b28a45160805bb16542c9531888519430e9e6d6ffc09d72261b0d26ff74f test
[STDOUT  ] 2018-01-02T17:11:44.197912078Z: [34mINFO[0m[0012] shim containerd-shim started                  [34maddress[0m="/containerd-shim/default/test/shim.sock" [34mdebug[0m=false [34mmodule[0m="containerd/tasks" [34mpid[0m=383
[STDOUT  ] 2018-01-02T17:11:44.814552459Z: [   36.009273] IPVS: Creating netns size=2104 id=1
[STDOUT  ] 2018-01-02T17:11:44.815189015Z: [   36.009907] IPVS: ftp: loaded support on port[0] = 21
[STDOUT  ] 2018-01-02T17:11:46.22232461Z: 
[STDOUT  ] 2018-01-02T17:11:46.223681386Z: Hello from Docker!SUCCESS ctr run
[STDOUT  ] 2018-01-02T17:11:46.249683471Z: 
[STDOUT  ] 2018-01-02T17:11:46.254016863Z: This message shows that your installation appears to be working correctly.
[STDOUT  ] 2018-01-02T17:11:46.254174163Z: 
[STDOUT  ] 2018-01-02T17:11:46.254764116Z: To generate this message, Docker took the following steps:
[STDOUT  ] 2018-01-02T17:11:46.260583392Z:  1. The Docker client contacted the Docker daemon.
[STDOUT  ] 2018-01-02T17:11:46.261342493Z:  2. The Docker daemon pulled the "hello-world" image from the Docker Hub.
[STDOUT  ] 2018-01-02T17:11:46.262098833Z:  3. The Docker daemon created a new container from that image which runs the
[STDOUT  ] 2018-01-02T17:11:46.262774218Z:     executable that produces the output you are currently reading.
[STDOUT  ] 2018-01-02T17:11:46.263583462Z:  4. The Docker daemon streamed that output to the Docker client, which sent it
[STDOUT  ] 2018-01-02T17:11:46.263861595Z:     to your terminal.
[STDOUT  ] 2018-01-02T17:11:46.264036217Z: 
[STDOUT  ] 2018-01-02T17:11:46.264684269Z: To try something more ambitious, you can run an Ubuntu container with:
[STDOUT  ] 2018-01-02T17:11:46.318411557Z:  $ docker run -it ubuntu bash
[STDOUT  ] 2018-01-02T17:11:46.31855197Z: 
[STDOUT  ] 2018-01-02T17:11:46.319178299Z: Share images, automate workflows, and more with a free Docker ID:
[STDOUT  ] 2018-01-02T17:11:46.319556394Z:  https://cloud.docker.com/
[STDOUT  ] 2018-01-02T17:11:46.319645511Z: 
[STDOUT  ] 2018-01-02T17:11:46.320080914Z: For more examples and ideas, visit:
[STDOUT  ] 2018-01-02T17:11:46.320570194Z:  https://docs.docker.com/engine/userguide/
[STDOUT  ] 2018-01-02T17:11:46.320711403Z: 
[STDOUT  ] 2018-01-02T17:11:47.895531875Z: ^C[31mERRO[0m[0004] resize pty                                    [31merror[0m="cannot resize a stopped container: unknown"
[STDOUT  ] 2018-01-02T17:11:49.148086223Z: [34mINFO[0m[0017] shim reaped                                   [34mid[0m=test [34mmodule[0m="containerd/tasks"
[STDOUT  ] 2018-01-02T17:11:49.228616133Z: (ns: getty) linuxkit-4e89d6c4b5a5:~# [6npoweroff -f
[STDOUT  ] 2018-01-02T17:11:49.281614707Z: [   40.473700] ACPI: Preparing to enter system sleep state S5
[STDOUT  ] 2018-01-02T17:11:49.285825328Z: [   40.479622] reboot: Power downSUCCESS poweroff
[STDERR  ] 2018-01-02T17:11:49.453540759Z: + exit 0
[STDERR  ] 2018-01-02T17:11:49.453601381Z: + clean_up
[STDERR  ] 2018-01-02T17:11:49.45361727Z: + rm -rf test-ctr-cmdline test-ctr-initrd.img test-ctr-kernel test-ctr-state
[PASS    ] linuxkit.packages.getty-containerd 63.44s
