[INFO    ] 2017-06-15T16:14:52.067228498Z: Running Test linuxkit.build.examples.redis in /tmp/with_clone1eed437f/test/cases/000_build/100_examples/030_redis
[INFO    ] 2017-06-15T16:14:52.067350651Z: Running command: [/bin/sh -x /tmp/with_clone1eed437f/test/cases/000_build/100_examples/030_redis/test.sh]
[STDERR  ] 2017-06-15T16:14:52.068570108Z: + set -e
[STDERR  ] 2017-06-15T16:14:52.06869099Z: + . /tmp/with_clone1eed437f/test/cases/_lib/lib.sh
[STDERR  ] 2017-06-15T16:14:52.068802692Z: + [ -f src/github.com/linuxkit/rtf/lib/lib.sh ]
[STDERR  ] 2017-06-15T16:14:52.068862737Z: + LINUXKIT_TMPDIR=/tmp/with_clone1eed437f/test/cases/_tmp
[STDERR  ] 2017-06-15T16:14:52.068976643Z: + [ -f /tmp/with_clone1eed437f/test/cases/_tmp/env.sh ]
[STDERR  ] 2017-06-15T16:14:52.069036294Z: + . /tmp/with_clone1eed437f/test/cases/_tmp/env.sh
[STDERR  ] 2017-06-15T16:14:52.069134917Z: + export LINUXKIT_EXAMPLES_DIR=/tmp/with_clone1eed437f/test/cases/../../examples
[STDERR  ] 2017-06-15T16:14:52.069204659Z: + RT_CANCEL=253
[STDERR  ] 2017-06-15T16:14:52.06926993Z: + IMAGE_NAME=redis-os
[STDERR  ] 2017-06-15T16:14:52.069330513Z: + trap clean_up EXIT
[STDERR  ] 2017-06-15T16:14:52.069412105Z: + moby build /tmp/with_clone1eed437f/test/cases/../../examples/redis-os.yml
[STDERR  ] 2017-06-15T16:14:52.085782377Z: Extract kernel image: linuxkit/kernel:4.9.x
[STDERR  ] 2017-06-15T16:14:57.443536264Z: Add init containers:
[STDERR  ] 2017-06-15T16:14:57.443604393Z: Process init image: linuxkit/init:d922e569486e07d977cea056d6ddf1ac2152c62a
[STDERR  ] 2017-06-15T16:14:59.362381215Z: Process init image: linuxkit/runc:3a4e6cbf15470f62501b019b55e1caac5ee7689f
[STDERR  ] 2017-06-15T16:15:01.501257738Z: Process init image: linuxkit/containerd:b50181bc6e0084e5fcd6b6ad3cf433c4f66cae5a
[STDERR  ] 2017-06-15T16:15:06.88196433Z: Add onboot containers:
[STDERR  ] 2017-06-15T16:15:06.881989608Z:   Create OCI config for linuxkit/dhcpcd:7d2b8aaaf20c24ad7d11a5ea2ea5b4a80dc966f1
[STDERR  ] 2017-06-15T16:15:08.80089488Z: Add service containers:
[STDERR  ] 2017-06-15T16:15:08.800954621Z:   Create OCI config for linuxkit/getty:ef9d667af71089326419fb08e9cc9d567cf15748
[STDERR  ] 2017-06-15T16:15:11.162603221Z:   Create OCI config for redis:3.0.7-alpine
[STDERR  ] 2017-06-15T16:15:13.729178235Z: Create outputs:
[STDERR  ] 2017-06-15T16:15:21.753189598Z:   redis-os-kernel redis-os-initrd.img redis-os-cmdline
[STDERR  ] 2017-06-15T16:15:21.972312856Z: + exit 0
[STDERR  ] 2017-06-15T16:15:21.972388462Z: + clean_up
[STDERR  ] 2017-06-15T16:15:21.972401651Z: + rm -rf redis-os-cmdline redis-os-initrd.img redis-os-kernel
[PASS    ] linuxkit.build.examples.redis 29.92s
