[INFO    ] 2017-10-28T21:41:59.327504789Z: Running Test linuxkit.packages.getty-containerd in /tmp/build/test/cases/040_packages/007_getty-containerd
[INFO    ] 2017-10-28T21:41:59.327588688Z: Running command: [/bin/sh -x /tmp/build/test/cases/040_packages/007_getty-containerd/test.sh]
[STDERR  ] 2017-10-28T21:41:59.345651997Z: + set -e
[STDERR  ] 2017-10-28T21:41:59.345721567Z: + . /tmp/build/test/cases/_lib/lib.sh
[STDERR  ] 2017-10-28T21:41:59.345731928Z: + [ -f src/github.com/linuxkit/rtf/lib/lib.sh ]
[STDERR  ] 2017-10-28T21:41:59.345738459Z: + LINUXKIT_TMPDIR=/tmp/build/test/cases/_tmp
[STDERR  ] 2017-10-28T21:41:59.345744684Z: + [ -f /tmp/build/test/cases/_tmp/env.sh ]
[STDERR  ] 2017-10-28T21:41:59.345750539Z: + . /tmp/build/test/cases/_tmp/env.sh
[STDERR  ] 2017-10-28T21:41:59.345757851Z: + export LINUXKIT_EXAMPLES_DIR=/tmp/build/test/cases/../../examples
[STDERR  ] 2017-10-28T21:41:59.345771202Z: + export LINUXKIT_BLUEPRINTS_DIR=/tmp/build/test/cases/../../blueprints
[STDERR  ] 2017-10-28T21:41:59.345777835Z: + RT_CANCEL=253
[STDERR  ] 2017-10-28T21:41:59.345790979Z: + NAME=test-ctr
[STDERR  ] 2017-10-28T21:41:59.345798337Z: + trap clean_up EXIT
[STDERR  ] 2017-10-28T21:41:59.345805861Z: + moby build -format kernel+initrd -name test-ctr test.yml
[STDERR  ] 2017-10-28T21:41:59.35654295Z: Extract kernel image: linuxkit/kernel:4.9.x
[STDERR  ] 2017-10-28T21:42:00.63839572Z: Pull image: docker.io/linuxkit/kernel:4.9.x@sha256:4e75a4717ea3adb578e611076a38722d27c98676e90f84c8ae7edccce359b5ba
[STDERR  ] 2017-10-28T21:42:05.671115849Z: Add init containers:
[STDERR  ] 2017-10-28T21:42:12.954969469Z: Add onboot containers:
[STDERR  ] 2017-10-28T21:42:12.955059123Z:   Create OCI config for linuxkit/dhcpcd:48831507404049660b960e4055f544917d90378e
[STDERR  ] 2017-10-28T21:42:14.27761306Z: Add service containers:
[STDERR  ] 2017-10-28T21:42:14.27768068Z:   Create OCI config for linuxkit/getty:626ccc8e1766c40447f29a790d3a7cfff126f2a2
[STDERR  ] 2017-10-28T21:42:17.47509308Z: Add files:
[STDERR  ] 2017-10-28T21:42:17.475150582Z:   etc/getty.shadow
[STDERR  ] 2017-10-28T21:42:17.475157367Z: Create outputs:
[STDERR  ] 2017-10-28T21:42:26.467678957Z:   test-ctr-kernel test-ctr-initrd.img test-ctr-cmdline
[STDERR  ] 2017-10-28T21:42:26.549559788Z: + [ -f test-ctr-kernel ]
[STDERR  ] 2017-10-28T21:42:26.549626447Z: + [ -f test-ctr-initrd.img ]
[STDERR  ] 2017-10-28T21:42:26.549638622Z: + [ -f test-ctr-cmdline ]
[STDERR  ] 2017-10-28T21:42:26.54964867Z: + ./test.exp
[STDOUT  ] 2017-10-28T21:42:26.973991789Z: spawn linuxkit run test-ctr
[STDOUT  ] 2017-10-28T21:42:27.046942453Z: Unable to find qemu-system-x86_64 within the $PATH. Using a container
[STDOUT  ] 2017-10-28T21:42:29.076326547Z: [    0.000000] Linux version 4.9.34-linuxkit (root@b147ce67977e) (gcc version 6.3.0 (Alpine 6.3.0) ) #1 SMP Tue Jun 27 09:54:32 UTC 2017
[STDOUT  ] 2017-10-28T21:42:29.076807505Z: [    0.000000] Command line: console=ttyS0 page_poison=1
[STDOUT  ] 2017-10-28T21:42:29.07697123Z: [    0.000000] x86/fpu: Legacy x87 FPU detected.
[STDOUT  ] 2017-10-28T21:42:29.077432832Z: [    0.000000] x86/fpu: Using 'eager' FPU context switches.
[STDOUT  ] 2017-10-28T21:42:29.077748945Z: [    0.000000] e820: BIOS-provided physical RAM map:
[STDOUT  ] 2017-10-28T21:42:29.07823749Z: [    0.000000] BIOS-e820: [mem 0x0000000000000000-0x000000000009fbff] usable
[STDOUT  ] 2017-10-28T21:42:29.078680754Z: [    0.000000] BIOS-e820: [mem 0x000000000009fc00-0x000000000009ffff] reserved
[STDOUT  ] 2017-10-28T21:42:29.07907485Z: [    0.000000] BIOS-e820: [mem 0x00000000000f0000-0x00000000000fffff] reserved
[STDOUT  ] 2017-10-28T21:42:29.079602517Z: [    0.000000] BIOS-e820: [mem 0x0000000000100000-0x000000003ffdefff] usable
[STDOUT  ] 2017-10-28T21:42:29.08004561Z: [    0.000000] BIOS-e820: [mem 0x000000003ffdf000-0x000000003fffffff] reserved
[STDOUT  ] 2017-10-28T21:42:29.080363943Z: [    0.000000] BIOS-e820: [mem 0x00000000b0000000-0x00000000bfffffff] reserved
[STDOUT  ] 2017-10-28T21:42:29.081011796Z: [    0.000000] BIOS-e820: [mem 0x00000000fed1c000-0x00000000fed1ffff] reserved
[STDOUT  ] 2017-10-28T21:42:29.081448007Z: [    0.000000] BIOS-e820: [mem 0x00000000fffc0000-0x00000000ffffffff] reserved
[STDOUT  ] 2017-10-28T21:42:29.081727177Z: [    0.000000] NX (Execute Disable) protection: active
[STDOUT  ] 2017-10-28T21:42:29.081911819Z: [    0.000000] SMBIOS 2.8 present.
[STDOUT  ] 2017-10-28T21:42:29.082348916Z: [    0.000000] e820: last_pfn = 0x3ffdf max_arch_pfn = 0x400000000
[STDOUT  ] 2017-10-28T21:42:29.082669836Z: [    0.000000] x86/PAT: Configuration [0-7]: WB  WC  UC- UC  WB  WC  UC- WT  
[STDOUT  ] 2017-10-28T21:42:29.083307774Z: [    0.000000] found SMP MP-table at [mem 0x000f6aa0-0x000f6aaf] mapped at [ffff88eec00f6aa0]
[STDOUT  ] 2017-10-28T21:42:29.083492461Z: [    0.000000] RAMDISK: [mem 0x3d4fa000-0x3ffcffff]
[STDOUT  ] 2017-10-28T21:42:29.08381642Z: [    0.000000] ACPI: Early table checksum verification disabled
[STDOUT  ] 2017-10-28T21:42:29.084280748Z: [    0.000000] ACPI: RSDP 0x00000000000F68C0 000014 (v00 BOCHS )
[STDOUT  ] 2017-10-28T21:42:29.084788998Z: [    0.000000] ACPI: RSDT 0x000000003FFE2404 000034 (v01 BOCHS  BXPCRSDT 00000001 BXPC 00000001)
[STDOUT  ] 2017-10-28T21:42:29.085300776Z: [    0.000000] ACPI: FACP 0x000000003FFE22A4 000074 (v01 BOCHS  BXPCFACP 00000001 BXPC 00000001)
[STDOUT  ] 2017-10-28T21:42:29.0857676Z: [    0.000000] ACPI: DSDT 0x000000003FFE0040 002264 (v01 BOCHS  BXPCDSDT 00000001 BXPC 00000001)
[STDOUT  ] 2017-10-28T21:42:29.08596988Z: [    0.000000] ACPI: FACS 0x000000003FFE0000 000040
[STDOUT  ] 2017-10-28T21:42:29.086526497Z: [    0.000000] ACPI: APIC 0x000000003FFE2318 000078 (v01 BOCHS  BXPCAPIC 00000001 BXPC 00000001)
[STDOUT  ] 2017-10-28T21:42:29.087224678Z: [    0.000000] ACPI: HPET 0x000000003FFE2390 000038 (v01 BOCHS  BXPCHPET 00000001 BXPC 00000001)
[STDOUT  ] 2017-10-28T21:42:29.087573419Z: [    0.000000] ACPI: MCFG 0x000000003FFE23C8 00003C (v01 BOCHS  BXPCMCFG 00000001 BXPC 00000001)
[STDOUT  ] 2017-10-28T21:42:29.08785631Z: [    0.000000] Zone ranges:
[STDOUT  ] 2017-10-28T21:42:29.088172051Z: [    0.000000]   DMA      [mem 0x0000000000001000-0x0000000000ffffff]
[STDOUT  ] 2017-10-28T21:42:29.088525533Z: [    0.000000]   DMA32    [mem 0x0000000001000000-0x000000003ffdefff]
[STDOUT  ] 2017-10-28T21:42:29.088723319Z: [    0.000000]   Normal   empty
[STDOUT  ] 2017-10-28T21:42:29.088953902Z: [    0.000000] Movable zone start for each node
[STDOUT  ] 2017-10-28T21:42:29.089308717Z: [    0.000000] Early memory node ranges
[STDOUT  ] 2017-10-28T21:42:29.089773961Z: [    0.000000]   node   0: [mem 0x0000000000001000-0x000000000009efff]
[STDOUT  ] 2017-10-28T21:42:29.090181782Z: [    0.000000]   node   0: [mem 0x0000000000100000-0x000000003ffdefff]
[STDOUT  ] 2017-10-28T21:42:29.090414711Z: [    0.000000] Initmem setup node 0 [mem 0x0000000000001000-0x000000003ffdefff]
[STDOUT  ] 2017-10-28T21:42:29.090796742Z: [    0.000000] ACPI: PM-Timer IO Port: 0x608
[STDOUT  ] 2017-10-28T21:42:29.091096005Z: [    0.000000] ACPI: LAPIC_NMI (acpi_id[0xff] dfl dfl lint[0x1])
[STDOUT  ] 2017-10-28T21:42:29.091572761Z: [    0.000000] IOAPIC[0]: apic_id 0, version 32, address 0xfec00000, GSI 0-23
[STDOUT  ] 2017-10-28T21:42:29.091815777Z: [    0.000000] ACPI: INT_SRC_OVR (bus 0 bus_irq 0 global_irq 2 dfl dfl)
[STDOUT  ] 2017-10-28T21:42:29.092202104Z: [    0.000000] ACPI: INT_SRC_OVR (bus 0 bus_irq 5 global_irq 5 high level)
[STDOUT  ] 2017-10-28T21:42:29.092632623Z: [    0.000000] ACPI: INT_SRC_OVR (bus 0 bus_irq 9 global_irq 9 high level)
[STDOUT  ] 2017-10-28T21:42:29.093028896Z: [    0.000000] ACPI: INT_SRC_OVR (bus 0 bus_irq 10 global_irq 10 high level)
[STDOUT  ] 2017-10-28T21:42:29.093485059Z: [    0.000000] ACPI: INT_SRC_OVR (bus 0 bus_irq 11 global_irq 11 high level)
[STDOUT  ] 2017-10-28T21:42:29.093709834Z: [    0.000000] Using ACPI (MADT) for SMP configuration information
[STDOUT  ] 2017-10-28T21:42:29.094230237Z: [    0.000000] ACPI: HPET id: 0x8086a201 base: 0xfed00000
[STDOUT  ] 2017-10-28T21:42:29.094635176Z: [    0.000000] smpboot: Allowing 1 CPUs, 0 hotplug CPUs
[STDOUT  ] 2017-10-28T21:42:29.09496983Z: [    0.000000] e820: [mem 0x40000000-0xafffffff] available for PCI devices
[STDOUT  ] 2017-10-28T21:42:29.095247183Z: [    0.000000] Booting paravirtualized kernel on bare hardware
[STDOUT  ] 2017-10-28T21:42:29.095703549Z: [    0.000000] clocksource: refined-jiffies: mask: 0xffffffff max_cycles: 0xffffffff, max_idle_ns: 19112604462750000 ns
[STDOUT  ] 2017-10-28T21:42:29.096316785Z: [    0.000000] setup_percpu: NR_CPUS:128 nr_cpumask_bits:128 nr_cpu_ids:1 nr_node_ids:1
[STDOUT  ] 2017-10-28T21:42:29.096812209Z: [    0.000000] percpu: Embedded 35 pages/cpu @ffff88eefd200000 s105112 r8192 d30056 u2097152
[STDOUT  ] 2017-10-28T21:42:29.097465084Z: [    0.000000] Built 1 zonelists in Zone order, mobility grouping on.  Total pages: 257896
[STDOUT  ] 2017-10-28T21:42:29.097693364Z: [    0.000000] Kernel command line: console=ttyS0 page_poison=1
[STDOUT  ] 2017-10-28T21:42:29.097952454Z: [    0.000000] PID hash table entries: 4096 (order: 3, 32768 bytes)
[STDOUT  ] 2017-10-28T21:42:29.098483107Z: [    0.000000] Dentry cache hash table entries: 131072 (order: 8, 1048576 bytes)
[STDOUT  ] 2017-10-28T21:42:29.09879016Z: [    0.000000] Inode-cache hash table entries: 65536 (order: 7, 524288 bytes)
[STDOUT  ] 2017-10-28T21:42:29.100127588Z: [    0.000000] Memory: 970348K/1048052K available (8023K kernel code, 1336K rwdata, 2692K rodata, 1372K init, 564K bss, 77704K reserved, 0K cma-reserved)
[STDOUT  ] 2017-10-28T21:42:29.101082441Z: [    0.000000] Hierarchical RCU implementation.
[STDOUT  ] 2017-10-28T21:42:29.10110818Z: [    0.000000] 	Build-time adjustment of leaf fanout to 64.
[STDOUT  ] 2017-10-28T21:42:29.101488536Z: [    0.000000] 	RCU restricting CPUs from NR_CPUS=128 to nr_cpu_ids=1.
[STDOUT  ] 2017-10-28T21:42:29.101859338Z: [    0.000000] RCU: Adjusting geometry for rcu_fanout_leaf=64, nr_cpu_ids=1
[STDOUT  ] 2017-10-28T21:42:29.101881302Z: [    0.000000] NR_IRQS:8448 nr_irqs:256 16
[STDOUT  ] 2017-10-28T21:42:29.102196371Z: [    0.000000] Console: colour VGA+ 80x25
[STDOUT  ] 2017-10-28T21:42:29.102527723Z: [    0.000000] console [ttyS0] enabled
[STDOUT  ] 2017-10-28T21:42:29.104474424Z: [    0.000000] allocated 2097152 bytes of page_ext
[STDOUT  ] 2017-10-28T21:42:29.108396963Z: [    0.000000] clocksource: hpet: mask: 0xffffffff max_cycles: 0xffffffff, max_idle_ns: 19112604467 ns
[STDOUT  ] 2017-10-28T21:42:29.149656345Z: [    0.000000] tsc: Fast TSC calibration using PIT
[STDOUT  ] 2017-10-28T21:42:29.150512796Z: [    0.000000] tsc: Detected 2599.915 MHz processor
[STDOUT  ] 2017-10-28T21:42:29.152454021Z: [    0.030741] Calibrating delay loop (skipped), value calculated using timer frequency.. 5199.83 BogoMIPS (lpj=25999150)
[STDOUT  ] 2017-10-28T21:42:29.152991518Z: [    0.031882] pid_max: default: 32768 minimum: 301
[STDOUT  ] 2017-10-28T21:42:29.15403821Z: [    0.033067] ACPI: Core revision 20160831
[STDOUT  ] 2017-10-28T21:42:29.197430907Z: [    0.076979] ACPI: 1 ACPI AML tables successfully acquired and loaded
[STDOUT  ] 2017-10-28T21:42:29.20207498Z: [    0.081845] Security Framework initialized
[STDOUT  ] 2017-10-28T21:42:29.202337517Z: [    0.082246] Yama: becoming mindful.
[STDOUT  ] 2017-10-28T21:42:29.204869069Z: [    0.084268] Mount-cache hash table entries: 2048 (order: 2, 16384 bytes)
[STDOUT  ] 2017-10-28T21:42:29.205165172Z: [    0.084774] Mountpoint-cache hash table entries: 2048 (order: 2, 16384 bytes)
[STDOUT  ] 2017-10-28T21:42:29.225592484Z: [    0.104955] Last level iTLB entries: 4KB 0, 2MB 0, 4MB 0
[STDOUT  ] 2017-10-28T21:42:29.22587Z: [    0.105357] Last level dTLB entries: 4KB 0, 2MB 0, 4MB 0, 1GB 0
[STDOUT  ] 2017-10-28T21:42:29.516692262Z: [    0.396148] Freeing SMP alternatives memory: 20K (ffffffffb5ea7000 - ffffffffb5eac000)
[STDOUT  ] 2017-10-28T21:42:29.527306065Z: [    0.406907] ftrace: allocating 35396 entries in 139 pages
[STDOUT  ] 2017-10-28T21:42:29.875955162Z: [    0.575205] smpboot: Max logical packages: 1
[STDOUT  ] 2017-10-28T21:42:29.88441213Z: [    0.584112] ..TIMER: vector=0x30 apic1=0 pin1=2 apic2=-1 pin2=-1
[STDOUT  ] 2017-10-28T21:42:30.101856801Z: [    0.690000] smpboot: CPU0: AMD QEMU Virtual CPU version 2.5+ (family: 0x6, model: 0x6, stepping: 0x3)
[STDOUT  ] 2017-10-28T21:42:30.103526996Z: [    0.690000] Performance Events: PMU not available due to virtualization, using software events only.
[STDOUT  ] 2017-10-28T21:42:30.127209028Z: [    0.705922] NMI watchdog: disabled (cpu0): hardware events not enabled
[STDOUT  ] 2017-10-28T21:42:30.12773314Z: [    0.706399] NMI watchdog: Shutting down hard lockup detector on all cpus
[STDOUT  ] 2017-10-28T21:42:30.131998476Z: [    0.710186] x86: Booted up 1 node, 1 CPUs
[STDOUT  ] 2017-10-28T21:42:30.132435111Z: [    0.710590] smpboot: Total of 1 processors activated (5199.83 BogoMIPS)
[STDOUT  ] 2017-10-28T21:42:30.152809635Z: [    0.731415] devtmpfs: initialized
[STDOUT  ] 2017-10-28T21:42:30.159186502Z: [    0.737994] x86/mm: Memory block size: 128MB
[STDOUT  ] 2017-10-28T21:42:30.228680708Z: [    0.807395] clocksource: jiffies: mask: 0xffffffff max_cycles: 0xffffffff, max_idle_ns: 19112604462750000 ns
[STDOUT  ] 2017-10-28T21:42:30.229320396Z: [    0.808335] futex hash table entries: 256 (order: 2, 16384 bytes)
[STDOUT  ] 2017-10-28T21:42:30.239185675Z: [    0.818274] NET: Registered protocol family 16
[STDOUT  ] 2017-10-28T21:42:30.253959146Z: [    0.832797] cpuidle: using governor ladder
[STDOUT  ] 2017-10-28T21:42:30.254445435Z: [    0.833293] cpuidle: using governor menu
[STDOUT  ] 2017-10-28T21:42:30.256042677Z: [    0.834853] ACPI: bus type PCI registered
[STDOUT  ] 2017-10-28T21:42:30.26007717Z: [    0.838705] PCI: MMCONFIG for domain 0000 [bus 00-ff] at [mem 0xb0000000-0xbfffffff] (base 0xb0000000)
[STDOUT  ] 2017-10-28T21:42:30.260676205Z: [    0.839549] PCI: MMCONFIG at [mem 0xb0000000-0xbfffffff] reserved in E820
[STDOUT  ] 2017-10-28T21:42:30.262612281Z: [    0.841205] PCI: Using configuration type 1 for base access
[STDOUT  ] 2017-10-28T21:42:30.351595456Z: [    0.930340] HugeTLB registered 2 MB page size, pre-allocated 0 pages
[STDOUT  ] 2017-10-28T21:42:30.370375068Z: [    0.949146] ACPI: Added _OSI(Module Device)
[STDOUT  ] 2017-10-28T21:42:30.370457197Z: [    0.949518] ACPI: Added _OSI(Processor Device)
[STDOUT  ] 2017-10-28T21:42:30.370887693Z: [    0.949836] ACPI: Added _OSI(3.0 _SCP Extensions)
[STDOUT  ] 2017-10-28T21:42:30.371303087Z: [    0.950000] ACPI: Added _OSI(Processor Aggregator Device)
[STDOUT  ] 2017-10-28T21:42:30.450869779Z: [    1.029794] ACPI: Interpreter enabled
[STDOUT  ] 2017-10-28T21:42:30.452195283Z: [    1.030530] ACPI: (supports S0 S5)
[STDOUT  ] 2017-10-28T21:42:30.452990753Z: [    1.030954] ACPI: Using IOAPIC for interrupt routing
[STDOUT  ] 2017-10-28T21:42:30.455772603Z: [    1.033691] PCI: Using host bridge windows from ACPI; if necessary, use "pci=nocrs" and report a bug
[STDOUT  ] 2017-10-28T21:42:30.55347195Z: [    1.132401] ACPI: PCI Root Bridge [PCI0] (domain 0000 [bus 00-ff])
[STDOUT  ] 2017-10-28T21:42:30.55466225Z: [    1.133674] acpi PNP0A08:00: _OSC: OS supports [ExtendedConfig ASPM ClockPM Segments MSI]
[STDOUT  ] 2017-10-28T21:42:30.561539103Z: [    1.140611] acpi PNP0A08:00: _OSC: OS now controls [PCIeHotplug PME PCIeCapability]
[STDOUT  ] 2017-10-28T21:42:30.566789896Z: [    1.145967] PCI host bridge to bus 0000:00
[STDOUT  ] 2017-10-28T21:42:30.567614447Z: [    1.146616] pci_bus 0000:00: root bus resource [io  0x0000-0x0cf7 window]
[STDOUT  ] 2017-10-28T21:42:30.567947735Z: [    1.147158] pci_bus 0000:00: root bus resource [io  0x0d00-0xffff window]
[STDOUT  ] 2017-10-28T21:42:30.568630821Z: [    1.147649] pci_bus 0000:00: root bus resource [mem 0x000a0000-0x000bffff window]
[STDOUT  ] 2017-10-28T21:42:30.569232692Z: [    1.148214] pci_bus 0000:00: root bus resource [mem 0xc0000000-0xfebfffff window]
[STDOUT  ] 2017-10-28T21:42:30.569815126Z: [    1.148940] pci_bus 0000:00: root bus resource [bus 00-ff]
[STDOUT  ] 2017-10-28T21:42:30.724899731Z: [    1.302764] pci 0000:00:1f.0: quirk: [io  0x0600-0x067f] claimed by ICH6 ACPI/GPIO/TCO
[STDOUT  ] 2017-10-28T21:42:30.80301495Z: [    1.381470] ACPI: PCI Interrupt Link [LNKA] (IRQs 5 *10 11)
[STDOUT  ] 2017-10-28T21:42:30.805278163Z: [    1.383965] ACPI: PCI Interrupt Link [LNKB] (IRQs 5 *10 11)
[STDOUT  ] 2017-10-28T21:42:30.807575294Z: [    1.386064] ACPI: PCI Interrupt Link [LNKC] (IRQs 5 10 *11)
[STDOUT  ] 2017-10-28T21:42:30.809211676Z: [    1.387911] ACPI: PCI Interrupt Link [LNKD] (IRQs 5 10 *11)
[STDOUT  ] 2017-10-28T21:42:30.811092704Z: [    1.390412] ACPI: PCI Interrupt Link [LNKE] (IRQs 5 *10 11)
[STDOUT  ] 2017-10-28T21:42:30.812793777Z: [    1.392070] ACPI: PCI Interrupt Link [LNKF] (IRQs 5 *10 11)
[STDOUT  ] 2017-10-28T21:42:30.814399731Z: [    1.393754] ACPI: PCI Interrupt Link [LNKG] (IRQs 5 10 *11)
[STDOUT  ] 2017-10-28T21:42:30.816040577Z: [    1.395405] ACPI: PCI Interrupt Link [LNKH] (IRQs 5 10 *11)
[STDOUT  ] 2017-10-28T21:42:30.816988742Z: [    1.396290] ACPI: PCI Interrupt Link [GSIA] (IRQs *16)
[STDOUT  ] 2017-10-28T21:42:30.817701932Z: [    1.397020] ACPI: PCI Interrupt Link [GSIB] (IRQs *17)
[STDOUT  ] 2017-10-28T21:42:30.818486409Z: [    1.397745] ACPI: PCI Interrupt Link [GSIC] (IRQs *18)
[STDOUT  ] 2017-10-28T21:42:30.819125862Z: [    1.398525] ACPI: PCI Interrupt Link [GSID] (IRQs *19)
[STDOUT  ] 2017-10-28T21:42:30.819966012Z: [    1.399252] ACPI: PCI Interrupt Link [GSIE] (IRQs *20)
[STDOUT  ] 2017-10-28T21:42:30.820797609Z: [    1.400190] ACPI: PCI Interrupt Link [GSIF] (IRQs *21)
[STDOUT  ] 2017-10-28T21:42:30.821587259Z: [    1.400888] ACPI: PCI Interrupt Link [GSIG] (IRQs *22)
[STDOUT  ] 2017-10-28T21:42:30.822332909Z: [    1.401630] ACPI: PCI Interrupt Link [GSIH] (IRQs *23)
[STDOUT  ] 2017-10-28T21:42:30.825962937Z: [    1.405423] ACPI: Enabled 2 GPEs in block 00 to 3F
[STDOUT  ] 2017-10-28T21:42:30.831697538Z: [    1.411288] SCSI subsystem initialized
[STDOUT  ] 2017-10-28T21:42:30.833744614Z: [    1.413252] ACPI: bus type USB registered
[STDOUT  ] 2017-10-28T21:42:30.834998091Z: [    1.414450] usbcore: registered new interface driver usbfs
[STDOUT  ] 2017-10-28T21:42:30.83599642Z: [    1.415472] usbcore: registered new interface driver hub
[STDOUT  ] 2017-10-28T21:42:30.836867068Z: [    1.416377] usbcore: registered new device driver usb
[STDOUT  ] 2017-10-28T21:42:30.838368726Z: [    1.417565] pps_core: LinuxPPS API ver. 1 registered
[STDOUT  ] 2017-10-28T21:42:30.838669668Z: [    1.417876] pps_core: Software ver. 5.3.6 - Copyright 2005-2007 Rodolfo Giometti <giometti@linux.it>
[STDOUT  ] 2017-10-28T21:42:30.839164889Z: [    1.418673] PTP clock support registered
[STDOUT  ] 2017-10-28T21:42:30.840525231Z: [    1.420152] wmi: Mapper loaded
[STDOUT  ] 2017-10-28T21:42:30.841892435Z: [    1.421354] PCI: Using ACPI for IRQ routing
[STDOUT  ] 2017-10-28T21:42:30.869425422Z: [    1.448363] NetLabel: Initializing
[STDOUT  ] 2017-10-28T21:42:30.869748929Z: [    1.448668] NetLabel:  domain hash size = 128
[STDOUT  ] 2017-10-28T21:42:30.869770603Z: [    1.448894] NetLabel:  protocols = UNLABELED CIPSOv4
[STDOUT  ] 2017-10-28T21:42:30.872732227Z: [    1.452120] NetLabel:  unlabeled traffic allowed by default
[STDOUT  ] 2017-10-28T21:42:30.873949557Z: [    1.453378] HPET: 3 timers in total, 0 timers will be used for per-cpu timer
[STDOUT  ] 2017-10-28T21:42:30.874786822Z: [    1.454243] hpet0: at MMIO 0xfed00000, IRQs 2, 8, 0
[STDOUT  ] 2017-10-28T21:42:30.875217843Z: [    1.454742] hpet0: 3 comparators, 64-bit 100.000000 MHz counter
[STDOUT  ] 2017-10-28T21:42:30.883462613Z: [    1.462441] clocksource: Switched to clocksource hpet
[STDOUT  ] 2017-10-28T21:42:31.265065121Z: [    1.841625] VFS: Disk quotas dquot_6.6.0
[STDOUT  ] 2017-10-28T21:42:31.265807413Z: [    1.842650] VFS: Dquot-cache hash table entries: 512 (order 0, 4096 bytes)
[STDOUT  ] 2017-10-28T21:42:31.269286651Z: [    1.846320] FS-Cache: Loaded
[STDOUT  ] 2017-10-28T21:42:31.276336436Z: [    1.853303] CacheFiles: Loaded
[STDOUT  ] 2017-10-28T21:42:31.279167658Z: [    1.855959] pnp: PnP ACPI init
[STDOUT  ] 2017-10-28T21:42:31.299078648Z: [    1.873187] pnp: PnP ACPI: found 5 devices
[STDOUT  ] 2017-10-28T21:42:31.373281813Z: [    1.949887] clocksource: acpi_pm: mask: 0xffffff max_cycles: 0xffffff, max_idle_ns: 2085701024 ns
[STDOUT  ] 2017-10-28T21:42:31.377369914Z: [    1.954297] NET: Registered protocol family 2
[STDOUT  ] 2017-10-28T21:42:31.389066432Z: [    1.965745] TCP established hash table entries: 8192 (order: 4, 65536 bytes)
[STDOUT  ] 2017-10-28T21:42:31.389943568Z: [    1.966684] TCP bind hash table entries: 8192 (order: 5, 131072 bytes)
[STDOUT  ] 2017-10-28T21:42:31.390639727Z: [    1.967463] TCP: Hash tables configured (established 8192 bind 8192)
[STDOUT  ] 2017-10-28T21:42:31.393106419Z: [    1.969839] UDP hash table entries: 512 (order: 2, 16384 bytes)
[STDOUT  ] 2017-10-28T21:42:31.3939567Z: [    1.970802] UDP-Lite hash table entries: 512 (order: 2, 16384 bytes)
[STDOUT  ] 2017-10-28T21:42:31.397249554Z: [    1.974078] NET: Registered protocol family 1
[STDOUT  ] 2017-10-28T21:42:31.398663019Z: [    1.975354] pci 0000:00:01.0: Video device with shadowed ROM at [mem 0x000c0000-0x000dffff]
[STDOUT  ] 2017-10-28T21:42:31.411904377Z: [    1.986877] Unpacking initramfs...
[STDOUT  ] 2017-10-28T21:42:44.494692661Z: [   15.070084] Freeing initrd memory: 43864K (ffff88eefd4fa000 - ffff88eefffd0000)
[STDOUT  ] 2017-10-28T21:42:44.524076729Z: [   15.099872] PCLMULQDQ-NI instructions are not detected.
[STDOUT  ] 2017-10-28T21:42:44.525807726Z: [   15.102656] AVX or AES-NI instructions are not detected.
[STDOUT  ] 2017-10-28T21:42:44.526276883Z: [   15.103073] CPU feature 'AVX registers' is not supported.
[STDOUT  ] 2017-10-28T21:42:44.526623274Z: [   15.103439] CPU feature 'AVX registers' is not supported.
[STDOUT  ] 2017-10-28T21:42:44.527006323Z: [   15.103788] CPU feature 'AVX registers' is not supported.
[STDOUT  ] 2017-10-28T21:42:44.527374577Z: [   15.104204] CPU feature 'AVX registers' is not supported.
[STDOUT  ] 2017-10-28T21:42:44.527638702Z: [   15.104564] AVX2 or AES-NI instructions are not detected.
[STDOUT  ] 2017-10-28T21:42:44.528017645Z: [   15.104921] AVX2 instructions are not detected.
[STDOUT  ] 2017-10-28T21:42:44.535867774Z: [   15.112655] audit: initializing netlink subsys (disabled)
[STDOUT  ] 2017-10-28T21:42:44.537697124Z: [   15.114384] audit: type=2000 audit(1509226963.110:1): initialized
[STDOUT  ] 2017-10-28T21:42:44.547034348Z: [   15.123754] workingset: timestamp_bits=46 max_order=18 bucket_order=0
[STDOUT  ] 2017-10-28T21:42:44.556489296Z: [   15.133044] FS-Cache: Netfs 'cifs' registered for caching
[STDOUT  ] 2017-10-28T21:42:44.55769385Z: [   15.134658] fuse init (API version 7.26)
[STDOUT  ] 2017-10-28T21:42:44.560709937Z: [   15.137425] SGI XFS with ACLs, security attributes, no debug enabled
[STDOUT  ] 2017-10-28T21:42:44.565668795Z: [   15.142516] 9p: Installing v9fs 9p2000 file system support
[STDOUT  ] 2017-10-28T21:42:44.566233655Z: [   15.142999] FS-Cache: Netfs '9p' registered for caching
[STDOUT  ] 2017-10-28T21:42:44.613035569Z: [   15.189607] NET: Registered protocol family 38
[STDOUT  ] 2017-10-28T21:42:44.613371287Z: [   15.190264] Key type asymmetric registered
[STDOUT  ] 2017-10-28T21:42:44.61365957Z: [   15.190572] Asymmetric key parser 'x509' registered
[STDOUT  ] 2017-10-28T21:42:44.615530945Z: [   15.192361] Block layer SCSI generic (bsg) driver version 0.4 loaded (major 251)
[STDOUT  ] 2017-10-28T21:42:44.617175721Z: [   15.193861] io scheduler noop registered
[STDOUT  ] 2017-10-28T21:42:44.617383654Z: [   15.194183] io scheduler deadline registered (default)
[STDOUT  ] 2017-10-28T21:42:44.618088883Z: [   15.194853] io scheduler cfq registered
[STDOUT  ] 2017-10-28T21:42:44.62113601Z: [   15.197769] pci_hotplug: PCI Hot Plug PCI Core version: 0.5
[STDOUT  ] 2017-10-28T21:42:44.621676739Z: [   15.198397] pciehp: PCI Express Hot Plug Controller Driver version: 0.4
[STDOUT  ] 2017-10-28T21:42:44.622639798Z: [   15.199246] shpchp: Standard Hot Plug PCI Controller Driver version: 0.4
[STDOUT  ] 2017-10-28T21:42:44.623806111Z: [   15.200546] hv_vmbus: registering driver hyperv_fb
[STDOUT  ] 2017-10-28T21:42:44.62749511Z: [   15.204092] input: Power Button as /devices/LNXSYSTM:00/LNXPWRBN:00/input/input0
[STDOUT  ] 2017-10-28T21:42:44.62843327Z: [   15.205225] ACPI: Power Button [PWRF]
[STDOUT  ] 2017-10-28T21:42:44.63517468Z: [   15.211969] GHES: HEST is not enabled!
[STDOUT  ] 2017-10-28T21:42:44.648266001Z: [   15.224980] ACPI: PCI Interrupt Link [GSIG] enabled at IRQ 22
[STDOUT  ] 2017-10-28T21:42:44.664948277Z: [   15.241522] ACPI: PCI Interrupt Link [GSIH] enabled at IRQ 23
[STDOUT  ] 2017-10-28T21:42:44.670748464Z: [   15.247334] xenfs: not registering filesystem on non-xen platform
[STDOUT  ] 2017-10-28T21:42:44.673266002Z: [   15.249967] Serial: 8250/16550 driver, 4 ports, IRQ sharing disabled
[STDOUT  ] 2017-10-28T21:42:44.698393933Z: [   15.274948] 00:04: ttyS0 at I/O 0x3f8 (irq = 4, base_baud = 115200) is a 16550A
[STDOUT  ] 2017-10-28T21:42:44.714092079Z: [   15.290780] Non-volatile memory driver v1.3
[STDOUT  ] 2017-10-28T21:42:44.722451807Z: [   15.299129] Hangcheck: starting hangcheck timer 0.9.1 (tick is 180 seconds, margin is 60 seconds).
[STDOUT  ] 2017-10-28T21:42:44.781050508Z: [   15.357635] loop: module loaded
[STDOUT  ] 2017-10-28T21:42:44.795851205Z: [   15.372444] nbd: registered device at major 43
[STDOUT  ] 2017-10-28T21:42:44.845049638Z: [   15.421532] lpc_ich 0000:00:1f.0: I/O space for GPIO uninitialized
[STDOUT  ] 2017-10-28T21:42:44.846813546Z: [   15.423667] VMware PVSCSI driver - version 1.0.7.0-k
[STDOUT  ] 2017-10-28T21:42:44.847718568Z: [   15.424484] hv_vmbus: registering driver hv_storvsc
[STDOUT  ] 2017-10-28T21:42:44.862433613Z: [   15.439120] ACPI: PCI Interrupt Link [GSIA] enabled at IRQ 16
[STDOUT  ] 2017-10-28T21:42:44.870975335Z: [   15.447454] ahci 0000:00:1f.2: AHCI 0001.0000 32 slots 6 ports 1.5 Gbps 0x3f impl SATA mode
[STDOUT  ] 2017-10-28T21:42:44.871367401Z: [   15.448064] ahci 0000:00:1f.2: flags: 64bit ncq only 
[STDOUT  ] 2017-10-28T21:42:44.903089385Z: [   15.479356] scsi host0: ahci
[STDOUT  ] 2017-10-28T21:42:44.908011513Z: [   15.484752] scsi host1: ahci
[STDOUT  ] 2017-10-28T21:42:44.91080416Z: [   15.487738] scsi host2: ahci
[STDOUT  ] 2017-10-28T21:42:44.91375138Z: [   15.490667] scsi host3: ahci
[STDOUT  ] 2017-10-28T21:42:44.917138516Z: [   15.493966] scsi host4: ahci
[STDOUT  ] 2017-10-28T21:42:44.919615023Z: [   15.496505] scsi host5: ahci
[STDOUT  ] 2017-10-28T21:42:44.922080516Z: [   15.498799] ata1: SATA max UDMA/133 abar m4096@0xfebd2000 port 0xfebd2100 irq 24
[STDOUT  ] 2017-10-28T21:42:44.922537025Z: [   15.499308] ata2: SATA max UDMA/133 abar m4096@0xfebd2000 port 0xfebd2180 irq 24
[STDOUT  ] 2017-10-28T21:42:44.922995909Z: [   15.499797] ata3: SATA max UDMA/133 abar m4096@0xfebd2000 port 0xfebd2200 irq 24
[STDOUT  ] 2017-10-28T21:42:44.923823382Z: [   15.500166] ata4: SATA max UDMA/133 abar m4096@0xfebd2000 port 0xfebd2280 irq 24
[STDOUT  ] 2017-10-28T21:42:44.924164716Z: [   15.500896] ata5: SATA max UDMA/133 abar m4096@0xfebd2000 port 0xfebd2300 irq 24
[STDOUT  ] 2017-10-28T21:42:44.92460576Z: [   15.501326] ata6: SATA max UDMA/133 abar m4096@0xfebd2000 port 0xfebd2380 irq 24
[STDOUT  ] 2017-10-28T21:42:44.943380385Z: [   15.519948] tun: Universal TUN/TAP device driver, 1.6
[STDOUT  ] 2017-10-28T21:42:44.943612674Z: [   15.520217] tun: (C) 1999-2004 Max Krasnyansky <maxk@qualcomm.com>
[STDOUT  ] 2017-10-28T21:42:44.957667319Z: [   15.534178] VMware vmxnet3 virtual NIC driver - version 1.4.a.0-k-NAPI
[STDOUT  ] 2017-10-28T21:42:44.9582145Z: [   15.535172] hv_vmbus: registering driver hv_netvsc
[STDOUT  ] 2017-10-28T21:42:44.958644439Z: [   15.535496] Fusion MPT base driver 3.04.20
[STDOUT  ] 2017-10-28T21:42:44.958993524Z: [   15.535733] Copyright (c) 1999-2008 LSI Corporation
[STDOUT  ] 2017-10-28T21:42:44.959624638Z: [   15.536340] Fusion MPT SPI Host driver 3.04.20
[STDOUT  ] 2017-10-28T21:42:44.962800386Z: [   15.539410] i8042: PNP: PS/2 Controller [PNP0303:KBD,PNP0f13:MOU] at 0x60,0x64 irq 1,12
[STDOUT  ] 2017-10-28T21:42:44.968512961Z: [   15.545279] serio: i8042 KBD port at 0x60,0x64 irq 1
[STDOUT  ] 2017-10-28T21:42:44.969282232Z: [   15.546026] serio: i8042 AUX port at 0x60,0x64 irq 12
[STDOUT  ] 2017-10-28T21:42:44.97276691Z: [   15.549557] hv_vmbus: registering driver hyperv_keyboard
[STDOUT  ] 2017-10-28T21:42:44.977410977Z: [   15.554112] mousedev: PS/2 mouse device common for all mice
[STDOUT  ] 2017-10-28T21:42:44.985942657Z: [   15.562675] input: PC Speaker as /devices/platform/pcspkr/input/input2
[STDOUT  ] 2017-10-28T21:42:44.988239081Z: [   15.564814] input: AT Translated Set 2 keyboard as /devices/platform/i8042/serio0/input/input1
[STDOUT  ] 2017-10-28T21:42:44.99476065Z: [   15.569467] rtc_cmos 00:00: RTC can wake from S4
[STDOUT  ] 2017-10-28T21:42:44.999590312Z: [   15.576238] rtc_cmos 00:00: rtc core: registered rtc_cmos as rtc0
[STDOUT  ] 2017-10-28T21:42:45.00074205Z: [   15.577460] rtc_cmos 00:00: alarms up to one day, y3k, 114 bytes nvram, hpet irqs
[STDOUT  ] 2017-10-28T21:42:45.001214248Z: [   15.578188] i2c /dev entries driver
[STDOUT  ] 2017-10-28T21:42:45.004473736Z: [   15.581098] device-mapper: ioctl: 4.35.0-ioctl (2016-06-23) initialised: dm-devel@redhat.com
[STDOUT  ] 2017-10-28T21:42:45.011444983Z: [   15.588252] usbcore: registered new interface driver usbhid
[STDOUT  ] 2017-10-28T21:42:45.011661875Z: [   15.588632] usbhid: USB HID core driver
[STDOUT  ] 2017-10-28T21:42:45.012460496Z: [   15.589228] hv_utils: Registering HyperV Utility Driver
[STDOUT  ] 2017-10-28T21:42:45.012773439Z: [   15.589533] hv_vmbus: registering driver hv_util
[STDOUT  ] 2017-10-28T21:42:45.012980431Z: [   15.589806] hv_vmbus: registering driver hv_balloon
[STDOUT  ] 2017-10-28T21:42:45.013850217Z: [   15.590279] oprofile: using NMI interrupt.
[STDOUT  ] 2017-10-28T21:42:45.015036899Z: [   15.591860] GACT probability on
[STDOUT  ] 2017-10-28T21:42:45.015528464Z: [   15.592371] Mirror/redirect action on
[STDOUT  ] 2017-10-28T21:42:45.016634407Z: [   15.593548] Simple TC action Loaded
[STDOUT  ] 2017-10-28T21:42:45.017215024Z: [   15.594139] u32 classifier
[STDOUT  ] 2017-10-28T21:42:45.01740738Z: [   15.594319]     Performance counters on
[STDOUT  ] 2017-10-28T21:42:45.017685434Z: [   15.594543]     input device check on
[STDOUT  ] 2017-10-28T21:42:45.017854965Z: [   15.594761]     Actions configured
[STDOUT  ] 2017-10-28T21:42:45.018639442Z: [   15.595398] Netfilter messages via NETLINK v0.30.
[STDOUT  ] 2017-10-28T21:42:45.019036766Z: [   15.595988] nfnl_acct: registering with nfnetlink.
[STDOUT  ] 2017-10-28T21:42:45.020890905Z: [   15.597723] nf_conntrack version 0.5.0 (8192 buckets, 32768 max)
[STDOUT  ] 2017-10-28T21:42:45.025307999Z: [   15.602143] ctnetlink v0.93: registering with nfnetlink.
[STDOUT  ] 2017-10-28T21:42:45.032130968Z: [   15.606908] nf_tables: (c) 2007-2009 Patrick McHardy <kaber@trash.net>
[STDOUT  ] 2017-10-28T21:42:45.032168302Z: [   15.607906] nf_tables_compat: (c) 2012 Pablo Neira Ayuso <pablo@netfilter.org>
[STDOUT  ] 2017-10-28T21:42:45.034652906Z: [   15.611583] xt_time: kernel timezone is -0000
[STDOUT  ] 2017-10-28T21:42:45.035313819Z: [   15.612145] ip_set: protocol 6
[STDOUT  ] 2017-10-28T21:42:45.036035267Z: [   15.612910] IPVS: Registered protocols (TCP, UDP, SCTP, AH, ESP)
[STDOUT  ] 2017-10-28T21:42:45.036815365Z: [   15.613520] IPVS: Connection hash table configured (size=4096, memory=64Kbytes)
[STDOUT  ] 2017-10-28T21:42:45.038823974Z: [   15.615732] IPVS: Creating netns size=2104 id=0
[STDOUT  ] 2017-10-28T21:42:45.039690064Z: [   15.616685] IPVS: ipvs loaded.
[STDOUT  ] 2017-10-28T21:42:45.040184911Z: [   15.617014] IPVS: [rr] scheduler registered.
[STDOUT  ] 2017-10-28T21:42:45.04060468Z: [   15.617325] IPVS: [wrr] scheduler registered.
[STDOUT  ] 2017-10-28T21:42:45.040833294Z: [   15.617578] IPVS: [lc] scheduler registered.
[STDOUT  ] 2017-10-28T21:42:45.041041342Z: [   15.617830] IPVS: [wlc] scheduler registered.
[STDOUT  ] 2017-10-28T21:42:45.041314047Z: [   15.618096] IPVS: [fo] scheduler registered.
[STDOUT  ] 2017-10-28T21:42:45.041336302Z: [   15.618349] IPVS: [ovf] scheduler registered.
[STDOUT  ] 2017-10-28T21:42:45.041895001Z: [   15.618782] IPVS: [lblc] scheduler registered.
[STDOUT  ] 2017-10-28T21:42:45.042424317Z: [   15.619193] IPVS: [lblcr] scheduler registered.
[STDOUT  ] 2017-10-28T21:42:45.042830956Z: [   15.619500] IPVS: [dh] scheduler registered.
[STDOUT  ] 2017-10-28T21:42:45.042853504Z: [   15.619753] IPVS: [sh] scheduler registered.
[STDOUT  ] 2017-10-28T21:42:45.043239378Z: [   15.620048] IPVS: [sed] scheduler registered.
[STDOUT  ] 2017-10-28T21:42:45.043377361Z: [   15.620197] IPVS: [nq] scheduler registered.
[STDOUT  ] 2017-10-28T21:42:45.044607526Z: [   15.621500] IPVS: ftp: loaded support on port[0] = 21
[STDOUT  ] 2017-10-28T21:42:45.045689578Z: [   15.622506] ipip: IPv4 and MPLS over IPv4 tunneling driver
[STDOUT  ] 2017-10-28T21:42:45.053128545Z: [   15.629907] gre: GRE over IPv4 demultiplexor driver
[STDOUT  ] 2017-10-28T21:42:45.056040495Z: [   15.632918] ip_tables: (C) 2000-2006 Netfilter Core Team
[STDOUT  ] 2017-10-28T21:42:45.063015811Z: [   15.637288] ipt_CLUSTERIP: ClusterIP Version 0.8 loaded successfully
[STDOUT  ] 2017-10-28T21:42:45.063052499Z: [   15.638058] arp_tables: arp_tables: (C) 2002 David S. Miller
[STDOUT  ] 2017-10-28T21:42:45.064807618Z: [   15.641490] NET: Registered protocol family 10
[STDOUT  ] 2017-10-28T21:42:45.078465969Z: [   15.655120] ip6_tables: (C) 2000-2006 Netfilter Core Team
[STDOUT  ] 2017-10-28T21:42:45.087797922Z: [   15.664673] NET: Registered protocol family 17
[STDOUT  ] 2017-10-28T21:42:45.088728488Z: [   15.665762] Bridge firewalling registered
[STDOUT  ] 2017-10-28T21:42:45.089221486Z: [   15.666296] Ebtables v2.0 registered
[STDOUT  ] 2017-10-28T21:42:45.090843005Z: [   15.667718] 8021q: 802.1Q VLAN Support v1.8
[STDOUT  ] 2017-10-28T21:42:45.09260836Z: [   15.669508] 9pnet: Installing 9P2000 support
[STDOUT  ] 2017-10-28T21:42:45.09492079Z: [   15.671820] Key type dns_resolver registered
[STDOUT  ] 2017-10-28T21:42:45.095981459Z: [   15.672812] microcode: AMD CPU family 0x6 not supported
[STDOUT  ] 2017-10-28T21:42:45.101343311Z: [   15.678238] registered taskstats version 1
[STDOUT  ] 2017-10-28T21:42:45.33210427Z: [   15.908669] ata6: SATA link down (SStatus 0 SControl 300)
[STDOUT  ] 2017-10-28T21:42:45.334559194Z: [   15.911377] ata5: SATA link down (SStatus 0 SControl 300)
[STDOUT  ] 2017-10-28T21:42:45.335175807Z: [   15.911908] ata4: SATA link down (SStatus 0 SControl 300)
[STDOUT  ] 2017-10-28T21:42:45.335914094Z: [   15.912759] ata3: SATA link up 1.5 Gbps (SStatus 113 SControl 300)
[STDOUT  ] 2017-10-28T21:42:45.340374378Z: [   15.916955] ata3.00: ATAPI: QEMU DVD-ROM, 2.5+, max UDMA/100
[STDOUT  ] 2017-10-28T21:42:45.340765605Z: [   15.917423] ata3.00: applying bridge limits
[STDOUT  ] 2017-10-28T21:42:45.342527387Z: [   15.919379] ata3.00: configured for UDMA/100
[STDOUT  ] 2017-10-28T21:42:45.344100128Z: [   15.920740] ata2: SATA link down (SStatus 0 SControl 300)
[STDOUT  ] 2017-10-28T21:42:45.34453885Z: [   15.921248] ata1: SATA link down (SStatus 0 SControl 300)
[STDOUT  ] 2017-10-28T21:42:45.361589298Z: [   15.938215] scsi 2:0:0:0: CD-ROM            QEMU     QEMU DVD-ROM     2.5+ PQ: 0 ANSI: 5
[STDOUT  ] 2017-10-28T21:42:45.392415467Z: [   15.969066] sr 2:0:0:0: [sr0] scsi3-mmc drive: 4x/4x cd/rw xa/form2 tray
[STDOUT  ] 2017-10-28T21:42:45.392828332Z: [   15.969707] cdrom: Uniform CD-ROM driver Revision: 3.20
[STDOUT  ] 2017-10-28T21:42:45.412981294Z: [   15.989433] sr 2:0:0:0: Attached scsi generic sg0 type 5
[STDOUT  ] 2017-10-28T21:42:45.464061108Z: [   16.040648] Key type big_key registered
[STDOUT  ] 2017-10-28T21:42:45.504276734Z: [   16.080826] tsc: Refined TSC clocksource calibration: 2599.927 MHz
[STDOUT  ] 2017-10-28T21:42:45.504671233Z: [   16.081299] clocksource: tsc: mask: 0xffffffffffffffff max_cycles: 0x2579f6ee1bc, max_idle_ns: 440795239464 ns
[STDOUT  ] 2017-10-28T21:42:45.528591124Z: [   16.105105] Key type encrypted registered
[STDOUT  ] 2017-10-28T21:42:45.534723712Z: [   16.111404] rtc_cmos 00:00: setting system clock to 2017-10-28 21:42:44 UTC (1509226964)
[STDOUT  ] 2017-10-28T21:42:45.706147151Z: [   16.282533] Freeing unused kernel memory: 1372K (ffffffffb5d50000 - ffffffffb5ea7000)
[STDOUT  ] 2017-10-28T21:42:45.706364536Z: [   16.283119] Write protecting the kernel read-only data: 12288k
[STDOUT  ] 2017-10-28T21:42:45.715255322Z: [   16.291940] Freeing unused kernel memory: 156K (ffff88eed87d9000 - ffff88eed8800000)
[STDOUT  ] 2017-10-28T21:42:45.904193906Z: [   16.480754] Freeing unused kernel memory: 1404K (ffff88eed8aa1000 - ffff88eed8c00000)
[STDOUT  ] 2017-10-28T21:42:46.518562727Z: [   17.095043] clocksource: Switched to clocksource tsc
[STDOUT  ] 2017-10-28T21:43:09.452181769Z: 
[STDOUT  ] 2017-10-28T21:43:09.452797375Z: Welcome to LinuxKitSUCCESS boot
[STDOUT  ] 2017-10-28T21:43:09.453361134Z: 
[STDOUT  ] 2017-10-28T21:43:09.453373217Z: 
[STDOUT  ] 2017-10-28T21:43:09.453391177Z:                         ##         .
[STDOUT  ] 2017-10-28T21:43:09.453401934Z:                   ## ## ##        ==
[STDOUT  ] 2017-10-28T21:43:09.454253435Z:                ## ## ## ## ##    ===
[STDOUT  ] 2017-10-28T21:43:09.454628825Z:            /"""""""""""""""""\___/ ===
[STDOUT  ] 2017-10-28T21:43:09.455043231Z:           {                       /  ===-
[STDOUT  ] 2017-10-28T21:43:09.455350479Z:            \______ O           __/
[STDOUT  ] 2017-10-28T21:43:09.455511322Z:              \    \         __/
[STDOUT  ] 2017-10-28T21:43:09.455762844Z:               \____\_______/
[STDOUT  ] 2017-10-28T21:43:09.455914397Z: 
[STDOUT  ] 2017-10-28T21:43:12.136264261Z: [   42.712884] 8021q: adding VLAN 0 to HW filter on device eth0
[STDOUT  ] 2017-10-28T21:43:12.138155562Z: eth0: waiting for carrier
[STDOUT  ] 2017-10-28T21:43:12.141996056Z: eth0: carrier acquired
[STDOUT  ] 2017-10-28T21:43:12.228204601Z: DUID 00:01:00:01:21:87:b6:6e:92:99:ec:36:d0:81
[STDOUT  ] 2017-10-28T21:43:12.229143663Z: eth0: IAID ec:36:d0:81
[STDOUT  ] 2017-10-28T21:43:12.231040802Z: [   42.807713] random: dhcpcd: uninitialized urandom read (112 bytes read)
[STDOUT  ] 2017-10-28T21:43:12.237049885Z: eth0: adding address fe80::c49f:d0b8:a882:1a4f
[STDOUT  ] 2017-10-28T21:43:12.242457851Z: eth0: soliciting an IPv6 router
[STDOUT  ] 2017-10-28T21:43:12.254834925Z: eth0: soliciting a DHCP lease
[STDOUT  ] 2017-10-28T21:43:12.281358416Z: eth0: offered 10.0.2.15 from 10.0.2.2
[STDOUT  ] 2017-10-28T21:43:12.287273662Z: eth0: leased 10.0.2.15 for 86400 seconds
[STDOUT  ] 2017-10-28T21:43:12.291722464Z: eth0: adding route to 10.0.2.0/24
[STDOUT  ] 2017-10-28T21:43:12.294560373Z: eth0: adding default route via 10.0.2.2
[STDOUT  ] 2017-10-28T21:43:12.640877118Z: exiting due to oneshot
[STDOUT  ] 2017-10-28T21:43:12.647654056Z: dhcpcd exited
[STDOUT  ] 2017-10-28T21:43:13.42128732Z: [34mINFO[0m[0000] starting containerd                           [34mmodule[0m=containerd [34mrevision[0m=a543c937eb0a05e1636714ee2be70819d745b960 [34mversion[0m=v1.0.0-beta.2
[STDOUT  ] 2017-10-28T21:43:13.432155987Z: [34mINFO[0m[0000] loading plugin "io.containerd.content.v1.content"...  [34mmodule[0m=containerd [34mtype[0m=io.containerd.content.v1
[STDOUT  ] 2017-10-28T21:43:13.437719965Z: [34mINFO[0m[0000] loading plugin "io.containerd.snapshotter.v1.btrfs"...  [34mmodule[0m=containerd [34mtype[0m=io.containerd.snapshotter.v1
[STDOUT  ] 2017-10-28T21:43:13.46022182Z: [33mWARN[0m[0000] failed to load plugin io.containerd.snapshotter.v1.btrfs  [33merror[0m="path /var/lib/containerd/io.containerd.snapshotter.v1.btrfs must be a btrfs filesystem to be used with the btrfs snapshotter" [33mmodule[0m=containerd
[STDOUT  ] 2017-10-28T21:43:13.461792244Z: [34mINFO[0m[0000] loading plugin "io.containerd.snapshotter.v1.overlayfs"...  [34mmodule[0m=containerd [34mtype[0m=io.containerd.snapshotter.v1
[STDOUT  ] 2017-10-28T21:43:13.470008625Z: [34mINFO[0m[0000] loading plugin "io.containerd.metadata.v1.bolt"...  [34mmodule[0m=containerd [34mtype[0m=io.containerd.metadata.v1
[STDOUT  ] 2017-10-28T21:43:13.473292678Z: [33mWARN[0m[0000] could not use snapshotter btrfs in metadata plugin  [33merror[0m="path /var/lib/containerd/io.containerd.snapshotter.v1.btrfs must be a btrfs filesystem to be used with the btrfs snapshotter" [33mmodule[0m="containerd/io.containerd.metadata.v1.bolt"
[STDOUT  ] 2017-10-28T21:43:13.495801626Z: [34mINFO[0m[0000] loading plugin "io.containerd.differ.v1.walking"...  [34mmodule[0m=containerd [34mtype[0m=io.containerd.differ.v1
[STDOUT  ] 2017-10-28T21:43:13.498705174Z: [34mINFO[0m[0000] loading plugin "io.containerd.grpc.v1.containers"...  [34mmodule[0m=containerd [34mtype[0m=io.containerd.grpc.v1
[STDOUT  ] 2017-10-28T21:43:13.500772917Z: [34mINFO[0m[0000] loading plugin "io.containerd.grpc.v1.content"...  [34mmodule[0m=containerd [34mtype[0m=io.containerd.grpc.v1
[STDOUT  ] 2017-10-28T21:43:13.502597565Z: [34mINFO[0m[0000] loading plugin "io.containerd.grpc.v1.diff"...  [34mmodule[0m=containerd [34mtype[0m=io.containerd.grpc.v1
[STDOUT  ] 2017-10-28T21:43:13.505152097Z: [34mINFO[0m[0000] loading plugin "io.containerd.grpc.v1.events"...  [34mmodule[0m=containerd [34mtype[0m=io.containerd.grpc.v1
[STDOUT  ] 2017-10-28T21:43:13.506588442Z: [34mINFO[0m[0000] loading plugin "io.containerd.grpc.v1.healthcheck"...  [34mmodule[0m=containerd [34mtype[0m=io.containerd.grpc.v1
[STDOUT  ] 2017-10-28T21:43:13.509248914Z: [34mINFO[0m[0000] loading plugin "io.containerd.grpc.v1.images"...  [34mmodule[0m=containerd [34mtype[0m=io.containerd.grpc.v1
[STDOUT  ] 2017-10-28T21:43:13.510962022Z: [34mINFO[0m[0000] loading plugin "io.containerd.grpc.v1.namespaces"...  [34mmodule[0m=containerd [34mtype[0m=io.containerd.grpc.v1
[STDOUT  ] 2017-10-28T21:43:13.512560387Z: [34mINFO[0m[0000] loading plugin "io.containerd.grpc.v1.snapshots"...  [34mmodule[0m=containerd [34mtype[0m=io.containerd.grpc.v1
[STDOUT  ] 2017-10-28T21:43:13.514674111Z: [34mINFO[0m[0000] loading plugin "io.containerd.monitor.v1.cgroups"...  [34mmodule[0m=containerd [34mtype[0m=io.containerd.monitor.v1
[STDOUT  ] 2017-10-28T21:43:13.532363328Z: [34mINFO[0m[0000] loading plugin "io.containerd.runtime.v1.linux"...  [34mmodule[0m=containerd [34mtype[0m=io.containerd.runtime.v1
[STDOUT  ] 2017-10-28T21:43:13.53713672Z: [34mINFO[0m[0000] loading plugin "io.containerd.grpc.v1.tasks"...  [34mmodule[0m=containerd [34mtype[0m=io.containerd.grpc.v1
[STDOUT  ] 2017-10-28T21:43:13.572795544Z: [34mINFO[0m[0000] loading plugin "io.containerd.grpc.v1.version"...  [34mmodule[0m=containerd [34mtype[0m=io.containerd.grpc.v1
[STDOUT  ] 2017-10-28T21:43:13.57562229Z: [34mINFO[0m[0000] loading plugin "io.containerd.grpc.v1.introspection"...  [34mmodule[0m=containerd [34mtype[0m=io.containerd.grpc.v1
[STDOUT  ] 2017-10-28T21:43:13.59476426Z: [34mINFO[0m[0000] serving...                                    [34maddress[0m="/run/containerd/debug.sock" [34mmodule[0m="containerd/debug"
[STDOUT  ] 2017-10-28T21:43:13.598111314Z: [34mINFO[0m[0000] serving...                                    [34maddress[0m="/run/containerd/containerd.sock" [34mmodule[0m="containerd/grpc"
[STDOUT  ] 2017-10-28T21:43:13.601754196Z: [34mINFO[0m[0000] containerd successfully booted in 0.204822s   [34mmodule[0m=containerd
[STDOUT  ] 2017-10-28T21:43:14.136268766Z: [34mINFO[0m[0000] shim containerd-shim started                  [34maddress[0m="/containerd-shim/default/getty/shim.sock" [34mdebug[0m=false [34mmodule[0m="containerd/tasks" [34mpid[0m=328
[STDOUT  ] 2017-10-28T21:43:18.140227884Z: 
[STDOUT  ] 2017-10-28T21:43:18.142189575Z: linuxkit-9299ec36d081 [   48.718996] random: fast init done
[STDOUT  ] 2017-10-28T21:43:18.151575948Z: login: root
[STDOUT  ] 2017-10-28T21:43:18.17847365Z: Password: 
[STDOUT  ] 2017-10-28T21:43:18.221927738Z: Welcome to LinuxKit!
[STDOUT  ] 2017-10-28T21:43:18.22199201Z: 
[STDOUT  ] 2017-10-28T21:43:18.222354821Z: NOTE: This system is namespaced.
[STDOUT  ] 2017-10-28T21:43:18.222882777Z: The namespace you are currently in may not be the root.
[STDOUT  ] 2017-10-28T21:43:18.227433927Z: login[367]: root login on 'ttyS0'
[STDOUT  ] 2017-10-28T21:43:18.278666151Z: (ns: getty) linuxkit-9299ec36d081:~# [6nctr pull docker.io/library/hello-world@sha2
[STDOUT  ] 2017-10-28T21:43:18.291874646Z: 56:f3b3b28a45160805bb16542c9531888519430e9e6d6ffc09d72261b0d26ff74f
[STDOUT  ] 2017-10-28T21:43:19.031166326Z: docker.io/library/hello-world@sha256:f3b3b28a45160805bb16542c9531888519430e9e6d6ffc09d72261b0d26ff74f: resolving      |[32m[0m--------------------------------------| 
[STDOUT  ] 2017-10-28T21:43:19.032273388Z: elapsed: 0.2 s                                                                                         total:   0.0 B (0.0 B/s)                                         
[STDOUT  ] 2017-10-28T21:43:19.139205168Z: [0A[2K[0A[2Kdocker.io/library/hello-world@sha256:f3b3b28a45160805bb16542c9531888519430e9e6d6ffc09d72261b0d26ff74f: resolving      |[32m[0m--------------------------------------| 
[STDOUT  ] 2017-10-28T21:43:19.140200685Z: elapsed: 0.2 s                                                                                         total:   0.0 B (0.0 B/s)                                         
[STDOUT  ] 2017-10-28T21:43:19.246189873Z: [0A[2K[0A[2Kdocker.io/library/hello-world@sha256:f3b3b28a45160805bb16542c9531888519430e9e6d6ffc09d72261b0d26ff74f: resolving      |[32m[0m--------------------------------------| 
[STDOUT  ] 2017-10-28T21:43:19.246991581Z: elapsed: 0.3 s                                                                                         total:   0.0 B (0.0 B/s)                                         
[STDOUT  ] 2017-10-28T21:43:19.355177952Z: [0A[2K[0A[2Kdocker.io/library/hello-world@sha256:f3b3b28a45160805bb16542c9531888519430e9e6d6ffc09d72261b0d26ff74f: resolving      |[32m[0m--------------------------------------| 
[STDOUT  ] 2017-10-28T21:43:19.356188434Z: elapsed: 0.4 s                                                                                         total:   0.0 B (0.0 B/s)                                         
[STDOUT  ] 2017-10-28T21:43:19.438393886Z: [0A[2K[0A[2Kdocker.io/library/hello-world@sha256:f3b3b28a45160805bb16542c9531888519430e9e6d6ffc09d72261b0d26ff74f: resolving      |[32m[0m--------------------------------------| 
[STDOUT  ] 2017-10-28T21:43:19.439431456Z: elapsed: 0.6 s                                                                                         total:   0.0 B (0.0 B/s)                                         
[STDOUT  ] 2017-10-28T21:43:19.579386055Z: [0A[2K[0A[2Kdocker.io/library/hello-world@sha256:f3b3b28a45160805bb16542c9531888519430e9e6d6ffc09d72261b0d26ff74f: resolving      |[32m[0m--------------------------------------| 
[STDOUT  ] 2017-10-28T21:43:19.580825663Z: elapsed: 0.6 s                                                                                         total:   0.0 B (0.0 B/s)                                         
[STDOUT  ] 2017-10-28T21:43:19.657669005Z: [0A[2K[0A[2Kdocker.io/library/hello-world@sha256:f3b3b28a45160805bb16542c9531888519430e9e6d6ffc09d72261b0d26ff74f: resolving      |[32m[0m--------------------------------------| 
[STDOUT  ] 2017-10-28T21:43:19.65884149Z: elapsed: 0.8 s                                                                                         total:   0.0 B (0.0 B/s)                                         
[STDOUT  ] 2017-10-28T21:43:19.751621643Z: [0A[2K[0A[2Kdocker.io/library/hello-world@sha256:f3b3b28a45160805bb16542c9531888519430e9e6d6ffc09d72261b0d26ff74f: resolving      |[32m[0m--------------------------------------| 
[STDOUT  ] 2017-10-28T21:43:19.752749064Z: elapsed: 0.9 s                                                                                         total:   0.0 B (0.0 B/s)                                         
[STDOUT  ] 2017-10-28T21:43:19.85564503Z: [0A[2K[0A[2Kdocker.io/library/hello-world@sha256:f3b3b28a45160805bb16542c9531888519430e9e6d6ffc09d72261b0d26ff74f: resolving      |[32m[0m--------------------------------------| 
[STDOUT  ] 2017-10-28T21:43:19.856871728Z: elapsed: 1.0 s                                                                                         total:   0.0 B (0.0 B/s)                                         
[STDOUT  ] 2017-10-28T21:43:19.935206336Z: [0A[2K[0A[2Kdocker.io/library/hello-world@sha256:f3b3b28a45160805bb16542c9531888519430e9e6d6ffc09d72261b0d26ff74f: resolving      |[32m[0m--------------------------------------| 
[STDOUT  ] 2017-10-28T21:43:19.936402508Z: elapsed: 1.1 s                                                                                         total:   0.0 B (0.0 B/s)                                         
[STDOUT  ] 2017-10-28T21:43:20.039203895Z: [0A[2K[0A[2Kdocker.io/library/hello-world@sha256:f3b3b28a45160805bb16542c9531888519430e9e6d6ffc09d72261b0d26ff74f: resolving      |[32m[0m--------------------------------------| 
[STDOUT  ] 2017-10-28T21:43:20.040420818Z: elapsed: 1.1 s                                                                                         total:   0.0 B (0.0 B/s)                                         
[STDOUT  ] 2017-10-28T21:43:20.145256377Z: [0A[2K[0A[2Kdocker.io/library/hello-world@sha256:f3b3b28a45160805bb16542c9531888519430e9e6d6ffc09d72261b0d26ff74f: resolving      |[32m[0m--------------------------------------| 
[STDOUT  ] 2017-10-28T21:43:20.14628654Z: elapsed: 1.2 s                                                                                         total:   0.0 B (0.0 B/s)                                         
[STDOUT  ] 2017-10-28T21:43:20.236745957Z: [0A[2K[0A[2Kdocker.io/library/hello-world@sha256:f3b3b28a45160805bb16542c9531888519430e9e6d6ffc09d72261b0d26ff74f: resolving      |[32m[0m--------------------------------------| 
[STDOUT  ] 2017-10-28T21:43:20.237744749Z: elapsed: 1.3 s                                                                                         total:   0.0 B (0.0 B/s)                                         
[STDOUT  ] 2017-10-28T21:43:20.345429379Z: [0A[2K[0A[2Kdocker.io/library/hello-world@sha256:f3b3b28a45160805bb16542c9531888519430e9e6d6ffc09d72261b0d26ff74f: resolving      |[32m[0m--------------------------------------| 
[STDOUT  ] 2017-10-28T21:43:20.346424665Z: elapsed: 1.4 s                                                                                         total:   0.0 B (0.0 B/s)                                         
[STDOUT  ] 2017-10-28T21:43:20.454375486Z: [0A[2K[0A[2Kdocker.io/library/hello-world@sha256:f3b3b28a45160805bb16542c9531888519430e9e6d6ffc09d72261b0d26ff74f: resolving      |[32m[0m--------------------------------------| 
[STDOUT  ] 2017-10-28T21:43:20.455519644Z: elapsed: 1.6 s                                                                                         total:   0.0 B (0.0 B/s)                                         
[STDOUT  ] 2017-10-28T21:43:20.537565843Z: [0A[2K[0A[2Kdocker.io/library/hello-world@sha256:f3b3b28a45160805bb16542c9531888519430e9e6d6ffc09d72261b0d26ff74f: resolving      |[32m[0m--------------------------------------| 
[STDOUT  ] 2017-10-28T21:43:20.538799807Z: elapsed: 1.7 s                                                                                         total:   0.0 B (0.0 B/s)                                         
[STDOUT  ] 2017-10-28T21:43:20.640748365Z: [0A[2K[0A[2Kdocker.io/library/hello-world@sha256:f3b3b28a45160805bb16542c9531888519430e9e6d6ffc09d72261b0d26ff74f: resolving      |[32m[0m--------------------------------------| 
[STDOUT  ] 2017-10-28T21:43:20.641690057Z: elapsed: 1.7 s                                                                                         total:   0.0 B (0.0 B/s)                                         
[STDOUT  ] 2017-10-28T21:43:20.764559676Z: [0A[2K[0A[2Kdocker.io/library/hello-world@sha256:f3b3b28a45160805bb16542c9531888519430e9e6d6ffc09d72261b0d26ff74f: resolving      |[32m[0m--------------------------------------| 
[STDOUT  ] 2017-10-28T21:43:20.765648009Z: elapsed: 1.9 s                                                                                         total:   0.0 B (0.0 B/s)                                         
[STDOUT  ] 2017-10-28T21:43:20.831752068Z: [0A[2K[0A[2Kdocker.io/library/hello-world@sha256:f3b3b28a45160805bb16542c9531888519430e9e6d6ffc09d72261b0d26ff74f: resolving      |[32m[0m--------------------------------------| 
[STDOUT  ] 2017-10-28T21:43:20.832748523Z: elapsed: 2.0 s                                                                                         total:   0.0 B (0.0 B/s)                                         
[STDOUT  ] 2017-10-28T21:43:20.93654373Z: [0A[2K[0A[2Kdocker.io/library/hello-world@sha256:f3b3b28a45160805bb16542c9531888519430e9e6d6ffc09d72261b0d26ff74f: resolving      |[32m[0m--------------------------------------| 
[STDOUT  ] 2017-10-28T21:43:20.937502003Z: elapsed: 2.0 s                                                                                         total:   0.0 B (0.0 B/s)                                         
[STDOUT  ] 2017-10-28T21:43:21.044174662Z: [0A[2K[0A[2Kdocker.io/library/hello-world@sha256:f3b3b28a45160805bb16542c9531888519430e9e6d6ffc09d72261b0d26ff74f: resolving      |[32m[0m--------------------------------------| 
[STDOUT  ] 2017-10-28T21:43:21.045264589Z: elapsed: 2.1 s                                                                                         total:   0.0 B (0.0 B/s)                                         
[STDOUT  ] 2017-10-28T21:43:21.146031092Z: [0A[2K[0A[2Kdocker.io/library/hello-world@sha256:f3b3b28a45160805bb16542c9531888519430e9e6d6ffc09d72261b0d26ff74f: resolving      |[32m[0m--------------------------------------| 
[STDOUT  ] 2017-10-28T21:43:21.147239971Z: elapsed: 2.2 s                                                                                         total:   0.0 B (0.0 B/s)                                         
[STDOUT  ] 2017-10-28T21:43:21.23649062Z: [0A[2K[0A[2Kdocker.io/library/hello-world@sha256:f3b3b28a45160805bb16542c9531888519430e9e6d6ffc09d72261b0d26ff74f: resolving      |[32m[0m--------------------------------------| 
[STDOUT  ] 2017-10-28T21:43:21.237634163Z: elapsed: 2.3 s                                                                                         total:   0.0 B (0.0 B/s)                                         
[STDOUT  ] 2017-10-28T21:43:21.345317356Z: [0A[2K[0A[2Kdocker.io/library/hello-world@sha256:f3b3b28a45160805bb16542c9531888519430e9e6d6ffc09d72261b0d26ff74f: resolving      |[32m[0m--------------------------------------| 
[STDOUT  ] 2017-10-28T21:43:21.346202857Z: elapsed: 2.4 s                                                                                         total:   0.0 B (0.0 B/s)                                         
[STDOUT  ] 2017-10-28T21:43:21.459529916Z: [0A[2K[0A[2Kdocker.io/library/hello-world@sha256:f3b3b28a45160805bb16542c9531888519430e9e6d6ffc09d72261b0d26ff74f: resolving      |[32m[0m--------------------------------------| 
[STDOUT  ] 2017-10-28T21:43:21.460650895Z: elapsed: 2.5 s                                                                                         total:   0.0 B (0.0 B/s)                                         
[STDOUT  ] 2017-10-28T21:43:21.535504525Z: [0A[2K[0A[2Kdocker.io/library/hello-world@sha256:f3b3b28a45160805bb16542c9531888519430e9e6d6ffc09d72261b0d26ff74f: resolving      |[32m[0m--------------------------------------| 
[STDOUT  ] 2017-10-28T21:43:21.536718685Z: elapsed: 2.7 s                                                                                         total:   0.0 B (0.0 B/s)                                         
[STDOUT  ] 2017-10-28T21:43:21.641770393Z: [0A[2K[0A[2Kdocker.io/library/hello-world@sha256:f3b3b28a45160805bb16542c9531888519430e9e6d6ffc09d72261b0d26ff74f: resolving      |[32m[0m--------------------------------------| 
[STDOUT  ] 2017-10-28T21:43:21.642765092Z: elapsed: 2.7 s                                                                                         total:   0.0 B (0.0 B/s)                                         
[STDOUT  ] 2017-10-28T21:43:21.745451565Z: [0A[2K[0A[2Kdocker.io/library/hello-world@sha256:f3b3b28a45160805bb16542c9531888519430e9e6d6ffc09d72261b0d26ff74f: resolving      |[32m[0m--------------------------------------| 
[STDOUT  ] 2017-10-28T21:43:21.746753915Z: elapsed: 2.8 s                                                                                         total:   0.0 B (0.0 B/s)                                         
[STDOUT  ] 2017-10-28T21:43:21.835102787Z: [0A[2K[0A[2Kdocker.io/library/hello-world@sha256:f3b3b28a45160805bb16542c9531888519430e9e6d6ffc09d72261b0d26ff74f: resolving      |[32m[0m--------------------------------------| 
[STDOUT  ] 2017-10-28T21:43:21.836462188Z: elapsed: 2.9 s                                                                                         total:   0.0 B (0.0 B/s)                                         
[STDOUT  ] 2017-10-28T21:43:21.938208923Z: [0A[2K[0A[2Kdocker.io/library/hello-world@sha256:f3b3b28a45160805bb16542c9531888519430e9e6d6ffc09d72261b0d26ff74f: resolving      |[32m[0m--------------------------------------| 
[STDOUT  ] 2017-10-28T21:43:21.939402336Z: elapsed: 3.0 s                                                                                         total:   0.0 B (0.0 B/s)                                         
[STDOUT  ] 2017-10-28T21:43:22.036894446Z: [0A[2K[0A[2Kdocker.io/library/hello-world@sha256:f3b3b28a45160805bb16542c9531888519430e9e6d6ffc09d72261b0d26ff74f: resolving      |[32m[0m--------------------------------------| 
[STDOUT  ] 2017-10-28T21:43:22.038068142Z: elapsed: 3.1 s                                                                                         total:   0.0 B (0.0 B/s)                                         
[STDOUT  ] 2017-10-28T21:43:22.134597355Z: [0A[2K[0A[2Kdocker.io/library/hello-world@sha256:f3b3b28a45160805bb16542c9531888519430e9e6d6ffc09d72261b0d26ff74f: resolving      |[32m[0m--------------------------------------| 
[STDOUT  ] 2017-10-28T21:43:22.135879554Z: elapsed: 3.2 s                                                                                         total:   0.0 B (0.0 B/s)                                         
[STDOUT  ] 2017-10-28T21:43:22.232799193Z: [0A[2K[0A[2Kdocker.io/library/hello-world@sha256:f3b3b28a45160805bb16542c9531888519430e9e6d6ffc09d72261b0d26ff74f: resolving      |[32m[0m--------------------------------------| 
[STDOUT  ] 2017-10-28T21:43:22.23473303Z: elapsed: 3.3 s                                                                                         total:   0.0 B (0.0 B/s)                                         
[STDOUT  ] 2017-10-28T21:43:22.332204351Z: [0A[2K[0A[2Kdocker.io/library/hello-world@sha256:f3b3b28a45160805bb16542c9531888519430e9e6d6ffc09d72261b0d26ff74f: resolving      |[32m[0m--------------------------------------| 
[STDOUT  ] 2017-10-28T21:43:22.334411769Z: elapsed: 3.4 s                                                                                         total:   0.0 B (0.0 B/s)                                         
[STDOUT  ] 2017-10-28T21:43:22.428173409Z: [0A[2K[0A[2Kdocker.io/library/hello-world@sha256:f3b3b28a45160805bb16542c9531888519430e9e6d6ffc09d72261b0d26ff74f: resolving      |[32m[0m--------------------------------------| 
[STDOUT  ] 2017-10-28T21:43:22.429423989Z: elapsed: 3.5 s                                                                                         total:   0.0 B (0.0 B/s)                                         
[STDOUT  ] 2017-10-28T21:43:22.527548485Z: [0A[2K[0A[2Kdocker.io/library/hello-world@sha256:f3b3b28a45160805bb16542c9531888519430e9e6d6ffc09d72261b0d26ff74f: resolving      |[32m[0m--------------------------------------| 
[STDOUT  ] 2017-10-28T21:43:22.528810405Z: elapsed: 3.7 s                                                                                         total:   0.0 B (0.0 B/s)                                         
[STDOUT  ] 2017-10-28T21:43:22.629729876Z: [0A[2K[0A[2Kdocker.io/library/hello-world@sha256:f3b3b28a45160805bb16542c9531888519430e9e6d6ffc09d72261b0d26ff74f: resolving      |[32m[0m--------------------------------------| 
[STDOUT  ] 2017-10-28T21:43:22.631299613Z: elapsed: 3.7 s                                                                                         total:   0.0 B (0.0 B/s)                                         
[STDOUT  ] 2017-10-28T21:43:22.727748852Z: [0A[2K[0A[2Kdocker.io/library/hello-world@sha256:f3b3b28a45160805bb16542c9531888519430e9e6d6ffc09d72261b0d26ff74f: resolving      |[32m[0m--------------------------------------| 
[STDOUT  ] 2017-10-28T21:43:22.729203442Z: elapsed: 3.8 s                                                                                         total:   0.0 B (0.0 B/s)                                         
[STDOUT  ] 2017-10-28T21:43:22.834943231Z: [0A[2K[0A[2Kdocker.io/library/hello-world@sha256:f3b3b28a45160805bb16542c9531888519430e9e6d6ffc09d72261b0d26ff74f: resolving      |[32m[0m--------------------------------------| 
[STDOUT  ] 2017-10-28T21:43:22.836420658Z: elapsed: 3.9 s                                                                                         total:   0.0 B (0.0 B/s)                                         
[STDOUT  ] 2017-10-28T21:43:22.938348383Z: [0A[2K[0A[2Kdocker.io/library/hello-world@sha256:f3b3b28a45160805bb16542c9531888519430e9e6d6ffc09d72261b0d26ff74f: resolving      |[32m[0m--------------------------------------| 
[STDOUT  ] 2017-10-28T21:43:22.93970397Z: elapsed: 4.1 s                                                                                         total:   0.0 B (0.0 B/s)                                         
[STDOUT  ] 2017-10-28T21:43:23.062146109Z: [0A[2K[0A[2Kdocker.io/library/hello-world@sha256:f3b3b28a45160805bb16542c9531888519430e9e6d6ffc09d72261b0d26ff74f: resolved       |[32m++++++++++++++++++++++++++++++++++++++[0m| 
[STDOUT  ] 2017-10-28T21:43:23.065088425Z: manifest-sha256:f3b3b28a45160805bb16542c9531888519430e9e6d6ffc09d72261b0d26ff74f:                      waiting        |[32m[0m--------------------------------------| 
[STDOUT  ] 2017-10-28T21:43:23.066622076Z: elapsed: 4.2 s                                                                                         total:   0.0 B (0.0 B/s)                                         
[STDOUT  ] 2017-10-28T21:43:23.12760529Z: [0A[2K[0A[2K[0A[2Kdocker.io/library/hello-world@sha256:f3b3b28a45160805bb16542c9531888519430e9e6d6ffc09d72261b0d26ff74f: resolved       |[32m++++++++++++++++++++++++++++++++++++++[0m| 
[STDOUT  ] 2017-10-28T21:43:23.129281834Z: manifest-sha256:f3b3b28a45160805bb16542c9531888519430e9e6d6ffc09d72261b0d26ff74f:                      downloading    |[32m[0m--------------------------------------|    0.0 B/524.0 B 
[STDOUT  ] 2017-10-28T21:43:23.130783028Z: elapsed: 4.3 s                                                                                         total:   0.0 B (0.0 B/s)                                         
[STDOUT  ] 2017-10-28T21:43:23.23565692Z: [0A[2K[0A[2K[0A[2Kdocker.io/library/hello-world@sha256:f3b3b28a45160805bb16542c9531888519430e9e6d6ffc09d72261b0d26ff74f: resolved       |[32m++++++++++++++++++++++++++++++++++++++[0m| 
[STDOUT  ] 2017-10-28T21:43:23.237632098Z: manifest-sha256:f3b3b28a45160805bb16542c9531888519430e9e6d6ffc09d72261b0d26ff74f:                      downloading    |[32m[0m--------------------------------------|    0.0 B/524.0 B 
[STDOUT  ] 2017-10-28T21:43:23.23930689Z: elapsed: 4.3 s                                                                                         total:   0.0 B (0.0 B/s)                                         
[STDOUT  ] 2017-10-28T21:43:23.32926127Z: [0A[2K[0A[2K[0A[2Kdocker.io/library/hello-world@sha256:f3b3b28a45160805bb16542c9531888519430e9e6d6ffc09d72261b0d26ff74f: resolved       |[32m++++++++++++++++++++++++++++++++++++++[0m| 
[STDOUT  ] 2017-10-28T21:43:23.330957888Z: manifest-sha256:f3b3b28a45160805bb16542c9531888519430e9e6d6ffc09d72261b0d26ff74f:                      downloading    |[32m[0m--------------------------------------|    0.0 B/524.0 B 
[STDOUT  ] 2017-10-28T21:43:23.332348995Z: elapsed: 4.4 s                                                                                         total:   0.0 B (0.0 B/s)                                         
[STDOUT  ] 2017-10-28T21:43:23.435873591Z: [0A[2K[0A[2K[0A[2Kdocker.io/library/hello-world@sha256:f3b3b28a45160805bb16542c9531888519430e9e6d6ffc09d72261b0d26ff74f: resolved       |[32m++++++++++++++++++++++++++++++++++++++[0m| 
[STDOUT  ] 2017-10-28T21:43:23.437918556Z: manifest-sha256:f3b3b28a45160805bb16542c9531888519430e9e6d6ffc09d72261b0d26ff74f:                      downloading    |[32m[0m--------------------------------------|    0.0 B/524.0 B 
[STDOUT  ] 2017-10-28T21:43:23.439600262Z: elapsed: 4.5 s                                                                                         total:   0.0 B (0.0 B/s)                                         
[STDOUT  ] 2017-10-28T21:43:23.528039127Z: [0A[2K[0A[2K[0A[2Kdocker.io/library/hello-world@sha256:f3b3b28a45160805bb16542c9531888519430e9e6d6ffc09d72261b0d26ff74f: resolved       |[32m++++++++++++++++++++++++++++++++++++++[0m| 
[STDOUT  ] 2017-10-28T21:43:23.529749461Z: manifest-sha256:f3b3b28a45160805bb16542c9531888519430e9e6d6ffc09d72261b0d26ff74f:                      downloading    |[32m[0m--------------------------------------|    0.0 B/524.0 B 
[STDOUT  ] 2017-10-28T21:43:23.53124359Z: elapsed: 4.7 s                                                                                         total:   0.0 B (0.0 B/s)                                         
[STDOUT  ] 2017-10-28T21:43:23.635073796Z: [0A[2K[0A[2K[0A[2Kdocker.io/library/hello-world@sha256:f3b3b28a45160805bb16542c9531888519430e9e6d6ffc09d72261b0d26ff74f: resolved       |[32m++++++++++++++++++++++++++++++++++++++[0m| 
[STDOUT  ] 2017-10-28T21:43:23.636769611Z: manifest-sha256:f3b3b28a45160805bb16542c9531888519430e9e6d6ffc09d72261b0d26ff74f:                      downloading    |[32m[0m--------------------------------------|    0.0 B/524.0 B 
[STDOUT  ] 2017-10-28T21:43:23.63828904Z: elapsed: 4.7 s                                                                                         total:   0.0 B (0.0 B/s)                                         
[STDOUT  ] 2017-10-28T21:43:23.728866201Z: [0A[2K[0A[2K[0A[2Kdocker.io/library/hello-world@sha256:f3b3b28a45160805bb16542c9531888519430e9e6d6ffc09d72261b0d26ff74f: resolved       |[32m++++++++++++++++++++++++++++++++++++++[0m| 
[STDOUT  ] 2017-10-28T21:43:23.731067053Z: manifest-sha256:f3b3b28a45160805bb16542c9531888519430e9e6d6ffc09d72261b0d26ff74f:                      downloading    |[32m[0m--------------------------------------|    0.0 B/524.0 B 
[STDOUT  ] 2017-10-28T21:43:23.73285198Z: elapsed: 4.8 s                                                                                         total:   0.0 B (0.0 B/s)                                         
[STDOUT  ] 2017-10-28T21:43:23.829095009Z: [0A[2K[0A[2K[0A[2Kdocker.io/library/hello-world@sha256:f3b3b28a45160805bb16542c9531888519430e9e6d6ffc09d72261b0d26ff74f: resolved       |[32m++++++++++++++++++++++++++++++++++++++[0m| 
[STDOUT  ] 2017-10-28T21:43:23.830864896Z: manifest-sha256:f3b3b28a45160805bb16542c9531888519430e9e6d6ffc09d72261b0d26ff74f:                      downloading    |[32m[0m--------------------------------------|    0.0 B/524.0 B 
[STDOUT  ] 2017-10-28T21:43:23.832587215Z: elapsed: 4.9 s                                                                                         total:   0.0 B (0.0 B/s)                                         
[STDOUT  ] 2017-10-28T21:43:23.931340119Z: [0A[2K[0A[2K[0A[2Kdocker.io/library/hello-world@sha256:f3b3b28a45160805bb16542c9531888519430e9e6d6ffc09d72261b0d26ff74f: resolved       |[32m++++++++++++++++++++++++++++++++++++++[0m| 
[STDOUT  ] 2017-10-28T21:43:23.934248212Z: manifest-sha256:f3b3b28a45160805bb16542c9531888519430e9e6d6ffc09d72261b0d26ff74f:                      downloading    |[32m[0m--------------------------------------|    0.0 B/524.0 B 
[STDOUT  ] 2017-10-28T21:43:23.936403213Z: elapsed: 5.0 s                                                                                         total:   0.0 B (0.0 B/s)                                         
[STDOUT  ] 2017-10-28T21:43:24.037813881Z: [0A[2K[0A[2K[0A[2Kdocker.io/library/hello-world@sha256:f3b3b28a45160805bb16542c9531888519430e9e6d6ffc09d72261b0d26ff74f: resolved       |[32m++++++++++++++++++++++++++++++++++++++[0m| 
[STDOUT  ] 2017-10-28T21:43:24.039930196Z: manifest-sha256:f3b3b28a45160805bb16542c9531888519430e9e6d6ffc09d72261b0d26ff74f:                      downloading    |[32m[0m--------------------------------------|    0.0 B/524.0 B 
[STDOUT  ] 2017-10-28T21:43:24.041403694Z: elapsed: 5.2 s                                                                                         total:   0.0 B (0.0 B/s)                                         
[STDOUT  ] 2017-10-28T21:43:24.158581148Z: [0A[2K[0A[2K[0A[2Kdocker.io/library/hello-world@sha256:f3b3b28a45160805bb16542c9531888519430e9e6d6ffc09d72261b0d26ff74f: resolved       |[32m++++++++++++++++++++++++++++++++++++++[0m| 
[STDOUT  ] 2017-10-28T21:43:24.160334856Z: manifest-sha256:f3b3b28a45160805bb16542c9531888519430e9e6d6ffc09d72261b0d26ff74f:                      downloading    |[32m++++++++++++++++++++++++++++++++++++++[0m|  524.0 B/524.0 B 
[STDOUT  ] 2017-10-28T21:43:24.161528963Z: elapsed: 5.2 s                                                                                         total:  524.0  (100.0 B/s)                                       
[STDOUT  ] 2017-10-28T21:43:24.30239114Z: [0A[2K[0A[2K[0A[2Kdocker.io/library/hello-world@sha256:f3b3b28a45160805bb16542c9531888519430e9e6d6ffc09d72261b0d26ff74f: resolved       |[32m++++++++++++++++++++++++++++++++++++++[0m| 
[STDOUT  ] 2017-10-28T21:43:24.309703715Z: manifest-sha256:f3b3b28a45160805bb16542c9531888519430e9e6d6ffc09d72261b0d26ff74f:                      done           |[32m++++++++++++++++++++++++++++++++++++++[0m| 
[STDOUT  ] 2017-10-28T21:43:24.311394121Z: elapsed: 5.5 s                                                                                         total:  524.0  (96.0 B/s)                                        
[STDOUT  ] 2017-10-28T21:43:24.435330728Z: [0A[2K[0A[2K[0A[2Kdocker.io/library/hello-world@sha256:f3b3b28a45160805bb16542c9531888519430e9e6d6ffc09d72261b0d26ff74f: resolved       |[32m++++++++++++++++++++++++++++++++++++++[0m| 
[STDOUT  ] 2017-10-28T21:43:24.436844981Z: manifest-sha256:f3b3b28a45160805bb16542c9531888519430e9e6d6ffc09d72261b0d26ff74f:                      done           |[32m++++++++++++++++++++++++++++++++++++++[0m| 
[STDOUT  ] 2017-10-28T21:43:24.438430155Z: layer-sha256:b04784fba78d739b526e27edc02a5a8cd07b1052e9283f5fc155828f4b614c28:                         waiting        |[32m[0m--------------------------------------| 
[STDOUT  ] 2017-10-28T21:43:24.439990212Z: config-sha256:1815c82652c03bfd8644afda26fb184f2ed891d921b20a0703b46768f9755c57:                        waiting        |[32m[0m--------------------------------------| 
[STDOUT  ] 2017-10-28T21:43:24.44158181Z: elapsed: 5.6 s                                                                                         total:  524.0  (93.0 B/s)                                        
[STDOUT  ] 2017-10-28T21:43:24.463417283Z: [0A[2K[0A[2K[0A[2K[0A[2K[0A[2Kdocker.io/library/hello-world@sha256:f3b3b28a45160805bb16542c9531888519430e9e6d6ffc09d72261b0d26ff74f: resolved       |[32m++++++++++++++++++++++++++++++++++++++[0m| 
[STDOUT  ] 2017-10-28T21:43:24.466865503Z: manifest-sha256:f3b3b28a45160805bb16542c9531888519430e9e6d6ffc09d72261b0d26ff74f:                      done           |[32m++++++++++++++++++++++++++++++++++++++[0m| 
[STDOUT  ] 2017-10-28T21:43:24.468801206Z: layer-sha256:b04784fba78d739b526e27edc02a5a8cd07b1052e9283f5fc155828f4b614c28:                         downloading    |[32m[0m--------------------------------------|    0.0 B/972.0 B 
[STDOUT  ] 2017-10-28T21:43:24.470386078Z: config-sha256:1815c82652c03bfd8644afda26fb184f2ed891d921b20a0703b46768f9755c57:                        downloading    |[32m[0m--------------------------------------|    0.0 B/1.5 KiB 
[STDOUT  ] 2017-10-28T21:43:24.471983563Z: elapsed: 5.6 s                                                                                         total:  524.0  (92.0 B/s)                                        
[STDOUT  ] 2017-10-28T21:43:24.528480896Z: [0A[2K[0A[2K[0A[2K[0A[2K[0A[2Kdocker.io/library/hello-world@sha256:f3b3b28a45160805bb16542c9531888519430e9e6d6ffc09d72261b0d26ff74f: resolved       |[32m++++++++++++++++++++++++++++++++++++++[0m| 
[STDOUT  ] 2017-10-28T21:43:24.530093395Z: manifest-sha256:f3b3b28a45160805bb16542c9531888519430e9e6d6ffc09d72261b0d26ff74f:                      done           |[32m++++++++++++++++++++++++++++++++++++++[0m| 
[STDOUT  ] 2017-10-28T21:43:24.531927762Z: layer-sha256:b04784fba78d739b526e27edc02a5a8cd07b1052e9283f5fc155828f4b614c28:                         downloading    |[32m[0m--------------------------------------|    0.0 B/972.0 B 
[STDOUT  ] 2017-10-28T21:43:24.53519757Z: config-sha256:1815c82652c03bfd8644afda26fb184f2ed891d921b20a0703b46768f9755c57:                        downloading    |[32m[0m--------------------------------------|    0.0 B/1.5 KiB 
[STDOUT  ] 2017-10-28T21:43:24.536935289Z: elapsed: 5.7 s                                                                                         total:  524.0  (92.0 B/s)                                        
[STDOUT  ] 2017-10-28T21:43:24.644756951Z: [0A[2K[0A[2K[0A[2K[0A[2K[0A[2Kdocker.io/library/hello-world@sha256:f3b3b28a45160805bb16542c9531888519430e9e6d6ffc09d72261b0d26ff74f: resolved       |[32m++++++++++++++++++++++++++++++++++++++[0m| 
[STDOUT  ] 2017-10-28T21:43:24.647048769Z: manifest-sha256:f3b3b28a45160805bb16542c9531888519430e9e6d6ffc09d72261b0d26ff74f:                      done           |[32m++++++++++++++++++++++++++++++++++++++[0m| 
[STDOUT  ] 2017-10-28T21:43:24.648878709Z: layer-sha256:b04784fba78d739b526e27edc02a5a8cd07b1052e9283f5fc155828f4b614c28:                         downloading    |[32m[0m--------------------------------------|    0.0 B/972.0 B 
[STDOUT  ] 2017-10-28T21:43:24.650725669Z: config-sha256:1815c82652c03bfd8644afda26fb184f2ed891d921b20a0703b46768f9755c57:                        downloading    |[32m[0m--------------------------------------|    0.0 B/1.5 KiB 
[STDOUT  ] 2017-10-28T21:43:24.652167554Z: elapsed: 5.7 s                                                                                         total:  524.0  (91.0 B/s)                                        
[STDOUT  ] 2017-10-28T21:43:24.755901754Z: [0A[2K[0A[2K[0A[2K[0A[2K[0A[2Kdocker.io/library/hello-world@sha256:f3b3b28a45160805bb16542c9531888519430e9e6d6ffc09d72261b0d26ff74f: resolved       |[32m++++++++++++++++++++++++++++++++++++++[0m| 
[STDOUT  ] 2017-10-28T21:43:24.757575639Z: manifest-sha256:f3b3b28a45160805bb16542c9531888519430e9e6d6ffc09d72261b0d26ff74f:                      done           |[32m++++++++++++++++++++++++++++++++++++++[0m| 
[STDOUT  ] 2017-10-28T21:43:24.759335598Z: layer-sha256:b04784fba78d739b526e27edc02a5a8cd07b1052e9283f5fc155828f4b614c28:                         downloading    |[32m[0m--------------------------------------|    0.0 B/972.0 B 
[STDOUT  ] 2017-10-28T21:43:24.761120608Z: config-sha256:1815c82652c03bfd8644afda26fb184f2ed891d921b20a0703b46768f9755c57:                        downloading    |[32m[0m--------------------------------------|    0.0 B/1.5 KiB 
[STDOUT  ] 2017-10-28T21:43:24.76272303Z: elapsed: 5.9 s                                                                                         total:  524.0  (88.0 B/s)                                        
[STDOUT  ] 2017-10-28T21:43:24.848027862Z: [0A[2K[0A[2K[0A[2K[0A[2K[0A[2Kdocker.io/library/hello-world@sha256:f3b3b28a45160805bb16542c9531888519430e9e6d6ffc09d72261b0d26ff74f: resolved       |[32m++++++++++++++++++++++++++++++++++++++[0m| 
[STDOUT  ] 2017-10-28T21:43:24.849851587Z: manifest-sha256:f3b3b28a45160805bb16542c9531888519430e9e6d6ffc09d72261b0d26ff74f:                      done           |[32m++++++++++++++++++++++++++++++++++++++[0m| 
[STDOUT  ] 2017-10-28T21:43:24.851552306Z: layer-sha256:b04784fba78d739b526e27edc02a5a8cd07b1052e9283f5fc155828f4b614c28:                         downloading    |[32m[0m--------------------------------------|    0.0 B/972.0 B 
[STDOUT  ] 2017-10-28T21:43:24.890787554Z: config-sha256:1815c82652c03bfd8644afda26fb184f2ed891d921b20a0703b46768f9755c57:                        downloading    |[32m[0m--------------------------------------|    0.0 B/1.5 KiB 
[STDOUT  ] 2017-10-28T21:43:24.895851943Z: elapsed: 6.0 s                                                                                         total:  524.0  (87.0 B/s)                                        
[STDOUT  ] 2017-10-28T21:43:25.028154966Z: [0A[2K[0A[2K[0A[2K[0A[2K[0A[2Kdocker.io/library/hello-world@sha256:f3b3b28a45160805bb16542c9531888519430e9e6d6ffc09d72261b0d26ff74f: resolved       |[32m++++++++++++++++++++++++++++++++++++++[0m| 
[STDOUT  ] 2017-10-28T21:43:25.029337691Z: manifest-sha256:f3b3b28a45160805bb16542c9531888519430e9e6d6ffc09d72261b0d26ff74f:                      done           |[32m++++++++++++++++++++++++++++++++++++++[0m| 
[STDOUT  ] 2017-10-28T21:43:25.030446141Z: layer-sha256:b04784fba78d739b526e27edc02a5a8cd07b1052e9283f5fc155828f4b614c28:                         downloading    |[32m++++++++++++++++++++++++++++++++++++++[0m|  972.0 B/972.0 B 
[STDOUT  ] 2017-10-28T21:43:25.032257129Z: config-sha256:1815c82652c03bfd8644afda26fb184f2ed891d921b20a0703b46768f9755c57:                        done           |[32m++++++++++++++++++++++++++++++++++++++[0m| 
[STDOUT  ] 2017-10-28T21:43:25.033796919Z: elapsed: 6.2 s                                                                                         total:  2.9 Ki (486.0 B/s)                                       
[STDOUT  ] 2017-10-28T21:43:25.067914899Z: [0A[2K[0A[2K[0A[2K[0A[2K[0A[2Kdocker.io/library/hello-world@sha256:f3b3b28a45160805bb16542c9531888519430e9e6d6ffc09d72261b0d26ff74f: resolved       |[32m++++++++++++++++++++++++++++++++++++++[0m| 
[STDOUT  ] 2017-10-28T21:43:25.070754639Z: manifest-sha256:f3b3b28a45160805bb16542c9531888519430e9e6d6ffc09d72261b0d26ff74f:                      done           |[32m++++++++++++++++++++++++++++++++++++++[0m| 
[STDOUT  ] 2017-10-28T21:43:25.072332142Z: layer-sha256:b04784fba78d739b526e27edc02a5a8cd07b1052e9283f5fc155828f4b614c28:                         done           |[32m++++++++++++++++++++++++++++++++++++++[0m| 
[STDOUT  ] 2017-10-28T21:43:25.084178806Z: config-sha256:1815c82652c03bfd8644afda26fb184f2ed891d921b20a0703b46768f9755c57:                        done           |[32m++++++++++++++++++++++++++++++++++++++[0m| 
[STDOUT  ] 2017-10-28T21:43:25.089920452Z: elapsed: 6.2 s                                                                                         total:  2.9 Ki (483.0 B/s)                                       
[STDOUT  ] 2017-10-28T21:43:25.149114289Z: [0A[2K[0A[2K[0A[2K[0A[2K[0A[2Kdocker.io/library/hello-world@sha256:f3b3b28a45160805bb16542c9531888519430e9e6d6ffc09d72261b0d26ff74f: resolved       |[32m++++++++++++++++++++++++++++++++++++++[0m| 
[STDOUT  ] 2017-10-28T21:43:25.151014223Z: manifest-sha256:f3b3b28a45160805bb16542c9531888519430e9e6d6ffc09d72261b0d26ff74f:                      done           |[32m++++++++++++++++++++++++++++++++++++++[0m| 
[STDOUT  ] 2017-10-28T21:43:25.152535352Z: layer-sha256:b04784fba78d739b526e27edc02a5a8cd07b1052e9283f5fc155828f4b614c28:                         done           |[32m++++++++++++++++++++++++++++++++++++++[0m| 
[STDOUT  ] 2017-10-28T21:43:25.172735609Z: config-sha256:1815c82652c03bfd8644afda26fb184f2ed891d921b20a0703b46768f9755c57:                        done           |[32m++++++++++++++++++++++++++++++++++++++[0m| 
[STDOUT  ] 2017-10-28T21:43:25.17439546Z: elapsed: 6.3 s                                                                                         total:  2.9 Ki (479.0 B/s)                                       
[STDOUT  ] 2017-10-28T21:43:25.189073709Z: [31mERRO[0m[0006] active check failed                           [31merror[0m="context canceled: unknown"
[STDOUT  ] 2017-10-28T21:43:25.235200237Z: [0A[2K[0A[2K[0A[2K[0A[2K[0A[2Kdocker.io/library/hello-world@sha256:f3b3b28a45160805bb16542c9531888519430e9e6d6ffc09d72261b0d26ff74f: resolved       |[32m++++++++++++++++++++++++++++++++++++++[0m| 
[STDOUT  ] 2017-10-28T21:43:25.236962916Z: manifest-sha256:f3b3b28a45160805bb16542c9531888519430e9e6d6ffc09d72261b0d26ff74f:                      done           |[32m++++++++++++++++++++++++++++++++++++++[0m| 
[STDOUT  ] 2017-10-28T21:43:25.238888847Z: layer-sha256:b04784fba78d739b526e27edc02a5a8cd07b1052e9283f5fc155828f4b614c28:                         done           |[32m++++++++++++++++++++++++++++++++++++++[0m| 
[STDOUT  ] 2017-10-28T21:43:25.242150594Z: config-sha256:1815c82652c03bfd8644afda26fb184f2ed891d921b20a0703b46768f9755c57:                        done           |[32m++++++++++++++++++++++++++++++++++++++[0m| 
[STDOUT  ] 2017-10-28T21:43:25.244349749Z: elapsed: 6.4 s                                                                                         total:  2.9 Ki (470.0 B/s)                                       
[STDOUT  ] 2017-10-28T21:43:25.246214537Z: unpacking sha256:f3b3b28a45160805bb16542c9531888519430e9e6d6ffc09d72261b0d26ff74f...
[STDOUT  ] 2017-10-28T21:43:26.022668364Z: done
[STDOUT  ] 2017-10-28T21:43:26.100218091Z: (ns: getty) linuxkit-9299ec36d081:~# [6nSUCCESS ctr pull
[STDOUT  ] 2017-10-28T21:43:26.115522974Z: ctr run -t docker.io/library/hello-world@sh
[STDOUT  ] 2017-10-28T21:43:26.13091761Z: a256:f3b3b28a45160805bb16542c9531888519430e9e6d6ffc09d72261b0d26ff74f test
[STDOUT  ] 2017-10-28T21:43:27.500647658Z: [34mINFO[0m[0014] shim containerd-shim started                  [34maddress[0m="/containerd-shim/default/test/shim.sock" [34mdebug[0m=false [34mmodule[0m="containerd/tasks" [34mpid[0m=385
[STDOUT  ] 2017-10-28T21:43:28.812949805Z: [   59.389439] IPVS: Creating netns size=2104 id=1
[STDOUT  ] 2017-10-28T21:43:28.813194424Z: [   59.390058] IPVS: ftp: loaded support on port[0] = 21
[STDOUT  ] 2017-10-28T21:43:30.906302043Z: 
[STDOUT  ] 2017-10-28T21:43:30.906569135Z: Hello from Docker!
[STDOUT  ] 2017-10-28T21:43:30.906636984Z: SUCCESS ctr run
[STDOUT  ] 2017-10-28T21:43:30.909124693Z: This message shows that your installation appears to be working correctly.
[STDOUT  ] 2017-10-28T21:43:30.909264103Z: 
[STDOUT  ] 2017-10-28T21:43:30.90998187Z: To generate this message, Docker took the following steps:
[STDOUT  ] 2017-10-28T21:43:30.910519618Z:  1. The Docker client contacted the Docker daemon.
[STDOUT  ] 2017-10-28T21:43:30.911321764Z:  2. The Docker daemon pulled the "hello-world" image from the Docker Hub.
[STDOUT  ] 2017-10-28T21:43:30.912124619Z:  3. The Docker daemon created a new container from that image which runs the
[STDOUT  ] 2017-10-28T21:43:30.91287101Z:     executable that produces the output you are currently reading.
[STDOUT  ] 2017-10-28T21:43:30.994756771Z:  4. The Docker daemon streamed that output to the Docker client, which sent it
[STDOUT  ] 2017-10-28T21:43:30.994948252Z:     to your terminal.
[STDOUT  ] 2017-10-28T21:43:30.995153624Z: 
[STDOUT  ] 2017-10-28T21:43:30.995742275Z: To try something more ambitious, you can run an Ubuntu container with:
[STDOUT  ] 2017-10-28T21:43:30.996075997Z:  $ docker run -it ubuntu bash
[STDOUT  ] 2017-10-28T21:43:30.996236977Z: 
[STDOUT  ] 2017-10-28T21:43:30.996860184Z: Share images, automate workflows, and more with a free Docker ID:
[STDOUT  ] 2017-10-28T21:43:30.997107899Z:  https://cloud.docker.com/
[STDOUT  ] 2017-10-28T21:43:30.997242419Z: 
[STDOUT  ] 2017-10-28T21:43:30.997662508Z: For more examples and ideas, visit:
[STDOUT  ] 2017-10-28T21:43:30.997952825Z:  https://docs.docker.com/engine/userguide/
[STDOUT  ] 2017-10-28T21:43:30.997976022Z: 
[STDOUT  ] 2017-10-28T21:43:32.793040215Z: ^C[31mERRO[0m[0006] resize pty                                    [31merror[0m="cannot resize a stopped container: unknown"
[STDOUT  ] 2017-10-28T21:43:34.657938517Z: [34mINFO[0m[0021] shim reaped                                   [34mid[0m=test [34mmodule[0m="containerd/tasks"
[STDOUT  ] 2017-10-28T21:43:34.779123041Z: (ns: getty) linuxkit-9299ec36d081:~# [6npoweroff -f
[STDOUT  ] 2017-10-28T21:43:34.834004995Z: [   65.409624] ACPI: Preparing to enter system sleep state S5
[STDOUT  ] 2017-10-28T21:43:34.83910528Z: [   65.415856] reboot: Power down
[STDOUT  ] 2017-10-28T21:43:34.839159888Z: SUCCESS poweroff
[STDERR  ] 2017-10-28T21:43:35.211800733Z: + exit 0
[STDERR  ] 2017-10-28T21:43:35.211864063Z: + clean_up
[STDERR  ] 2017-10-28T21:43:35.211876962Z: + rm -rf test-ctr-cmdline test-ctr-initrd.img test-ctr-kernel test-ctr-state
[PASS    ] linuxkit.packages.getty-containerd 95.89s
