[INFO    ] 2018-02-28T10:34:10.560897011Z: Running Test linuxkit.build.formats.iso-bios in /tmp/build/test/cases/000_build/000_formats/001_iso-bios
[INFO    ] 2018-02-28T10:34:10.561067821Z: Running command: [/bin/sh -x /tmp/build/test/cases/000_build/000_formats/001_iso-bios/test.sh]
[STDERR  ] 2018-02-28T10:34:10.561773645Z: + set -e
[STDERR  ] 2018-02-28T10:34:10.561835506Z: + . /tmp/build/test/cases/_lib/lib.sh
[STDERR  ] 2018-02-28T10:34:10.561850780Z: + [ -f src/github.com/linuxkit/rtf/lib/lib.sh ]
[STDERR  ] 2018-02-28T10:34:10.561863830Z: + LINUXKIT_TMPDIR=/tmp/build/test/cases/_tmp
[STDERR  ] 2018-02-28T10:34:10.561877710Z: + [ -f /tmp/build/test/cases/_tmp/env.sh ]
[STDERR  ] 2018-02-28T10:34:10.561890913Z: + . /tmp/build/test/cases/_tmp/env.sh
[STDERR  ] 2018-02-28T10:34:10.561903204Z: + export LINUXKIT_EXAMPLES_DIR=/tmp/build/test/cases/../../examples
[STDERR  ] 2018-02-28T10:34:10.561916160Z: + RT_CANCEL=253
[STDERR  ] 2018-02-28T10:34:10.561929727Z: + NAME=check
[STDERR  ] 2018-02-28T10:34:10.561941683Z: + trap clean_up EXIT
[STDERR  ] 2018-02-28T10:34:10.561955633Z: + linuxkit build -format iso-bios -name check ../test.yml
[STDERR  ] 2018-02-28T10:34:10.591614801Z: Extract kernel image: linuxkit/kernel:4.14.22
[STDERR  ] 2018-02-28T10:34:11.770140801Z: time="2018-02-28T10:34:11Z" level=warning msg="certificate with CN avi@atomicinc.com is near expiry"
[STDERR  ] 2018-02-28T10:34:11.770528803Z: time="2018-02-28T10:34:11Z" level=warning msg="certificate with CN Ian Campbell is near expiry"
[STDERR  ] 2018-02-28T10:34:11.771132131Z: time="2018-02-28T10:34:11Z" level=warning msg="certificate with CN Justin Cormack is near expiry"
[STDERR  ] 2018-02-28T10:34:11.771310389Z: time="2018-02-28T10:34:11Z" level=warning msg="certificate with CN  is near expiry"
[STDERR  ] 2018-02-28T10:34:11.771475378Z: time="2018-02-28T10:34:11Z" level=warning msg="certificate with CN  is near expiry"
[STDERR  ] 2018-02-28T10:34:11.828620483Z: time="2018-02-28T10:34:11Z" level=warning msg="certificate with CN Justin Cormack is near expiry"
[STDERR  ] 2018-02-28T10:34:12.247592414Z: Add init containers:
[STDERR  ] 2018-02-28T10:34:12.247649261Z: Process init image: linuxkit/init:d899eee3560a40aa3b4bdd67b3bb82703714b2b9
[STDERR  ] 2018-02-28T10:34:13.271517901Z: time="2018-02-28T10:34:13Z" level=warning msg="certificate with CN Ian Campbell is near expiry"
[STDERR  ] 2018-02-28T10:34:13.271716526Z: time="2018-02-28T10:34:13Z" level=warning msg="certificate with CN Justin Cormack is near expiry"
[STDERR  ] 2018-02-28T10:34:13.271863324Z: time="2018-02-28T10:34:13Z" level=warning msg="certificate with CN  is near expiry"
[STDERR  ] 2018-02-28T10:34:13.271957787Z: time="2018-02-28T10:34:13Z" level=warning msg="certificate with CN  is near expiry"
[STDERR  ] 2018-02-28T10:34:13.272063951Z: time="2018-02-28T10:34:13Z" level=warning msg="certificate with CN avi@atomicinc.com is near expiry"
[STDERR  ] 2018-02-28T10:34:13.278554134Z: time="2018-02-28T10:34:13Z" level=warning msg="certificate with CN Justin Cormack is near expiry"
[STDERR  ] 2018-02-28T10:34:13.280365860Z: time="2018-02-28T10:34:13Z" level=warning msg="certificate with CN Ian Campbell is near expiry"
[STDERR  ] 2018-02-28T10:34:13.280406158Z: time="2018-02-28T10:34:13Z" level=warning msg="certificate with CN  is near expiry"
[STDERR  ] 2018-02-28T10:34:13.448079313Z: Process init image: linuxkit/runc:7c39a68490a12cde830e1922f171c451fb08e731
[STDERR  ] 2018-02-28T10:34:14.482130608Z: time="2018-02-28T10:34:14Z" level=warning msg="certificate with CN avi@atomicinc.com is near expiry"
[STDERR  ] 2018-02-28T10:34:14.482197717Z: time="2018-02-28T10:34:14Z" level=warning msg="certificate with CN Ian Campbell is near expiry"
[STDERR  ] 2018-02-28T10:34:14.482346559Z: time="2018-02-28T10:34:14Z" level=warning msg="certificate with CN Justin Cormack is near expiry"
[STDERR  ] 2018-02-28T10:34:14.482460727Z: time="2018-02-28T10:34:14Z" level=warning msg="certificate with CN  is near expiry"
[STDERR  ] 2018-02-28T10:34:14.482561838Z: time="2018-02-28T10:34:14Z" level=warning msg="certificate with CN  is near expiry"
[STDERR  ] 2018-02-28T10:34:14.485113758Z: time="2018-02-28T10:34:14Z" level=warning msg="certificate with CN Justin Cormack is near expiry"
[STDERR  ] 2018-02-28T10:34:14.486334679Z: time="2018-02-28T10:34:14Z" level=warning msg="certificate with CN  is near expiry"
[STDERR  ] 2018-02-28T10:34:14.486427969Z: time="2018-02-28T10:34:14Z" level=warning msg="certificate with CN Ian Campbell is near expiry"
[STDERR  ] 2018-02-28T10:34:14.631577266Z: Add onboot containers:
[STDERR  ] 2018-02-28T10:34:14.631649119Z:   Create OCI config for linuxkit/dhcpcd:v0.2
[STDERR  ] 2018-02-28T10:34:15.666026761Z: time="2018-02-28T10:34:15Z" level=warning msg="certificate with CN Justin Cormack is near expiry"
[STDERR  ] 2018-02-28T10:34:15.666104121Z: time="2018-02-28T10:34:15Z" level=warning msg="certificate with CN  is near expiry"
[STDERR  ] 2018-02-28T10:34:15.666265596Z: time="2018-02-28T10:34:15Z" level=warning msg="certificate with CN  is near expiry"
[STDERR  ] 2018-02-28T10:34:15.666296515Z: time="2018-02-28T10:34:15Z" level=warning msg="certificate with CN avi@atomicinc.com is near expiry"
[STDERR  ] 2018-02-28T10:34:15.666346594Z: time="2018-02-28T10:34:15Z" level=warning msg="certificate with CN Ian Campbell is near expiry"
[STDERR  ] 2018-02-28T10:34:15.667729294Z: time="2018-02-28T10:34:15Z" level=warning msg="certificate with CN Justin Cormack is near expiry"
[STDERR  ] 2018-02-28T10:34:15.668371207Z: time="2018-02-28T10:34:15Z" level=warning msg="certificate with CN  is near expiry"
[STDERR  ] 2018-02-28T10:34:15.668463461Z: time="2018-02-28T10:34:15Z" level=warning msg="certificate with CN Ian Campbell is near expiry"
[STDERR  ] 2018-02-28T10:34:15.808832030Z: Create outputs:
[STDERR  ] 2018-02-28T10:34:15.808895372Z:   check.iso
[STDERR  ] 2018-02-28T10:34:46.532608540Z: + [ -f check.iso ]
[STDERR  ] 2018-02-28T10:34:46.532671747Z: + exit 0
[STDERR  ] 2018-02-28T10:34:46.532687558Z: + clean_up
[STDERR  ] 2018-02-28T10:34:46.532701390Z: + rm -f check.iso
[PASS    ] linuxkit.build.formats.iso-bios 35.98s
