[INFO    ] 2017-07-28T21:17:22.663631041Z: Running Test linuxkit.platforms.qemu.run_qcow in /tmp/build/test/cases/010_platforms/000_qemu/030_run_qcow
[INFO    ] 2017-07-28T21:17:22.663728984Z: Running command: [/bin/sh -x /tmp/build/test/cases/010_platforms/000_qemu/030_run_qcow/test.sh]
[STDERR  ] 2017-07-28T21:17:22.668097802Z: + set -e
[STDERR  ] 2017-07-28T21:17:22.668174592Z: + . /tmp/build/test/cases/_lib/lib.sh
[STDERR  ] 2017-07-28T21:17:22.668188449Z: + [ -f src/github.com/linuxkit/rtf/lib/lib.sh ]
[STDERR  ] 2017-07-28T21:17:22.668199962Z: + LINUXKIT_TMPDIR=/tmp/build/test/cases/_tmp
[STDERR  ] 2017-07-28T21:17:22.668220945Z: + [ -f /tmp/build/test/cases/_tmp/env.sh ]
[STDERR  ] 2017-07-28T21:17:22.668232065Z: + . /tmp/build/test/cases/_tmp/env.sh
[STDERR  ] 2017-07-28T21:17:22.668244712Z: + export LINUXKIT_EXAMPLES_DIR=/tmp/build/test/cases/../../examples
[STDERR  ] 2017-07-28T21:17:22.668257867Z: + export LINUXKIT_BLUEPRINTS_DIR=/tmp/build/test/cases/../../blueprints
[STDERR  ] 2017-07-28T21:17:22.668268765Z: + RT_CANCEL=253
[STDERR  ] 2017-07-28T21:17:22.668278845Z: + NAME=qemu-qcow2
[STDERR  ] 2017-07-28T21:17:22.668289163Z: + trap clean_up EXIT
[STDERR  ] 2017-07-28T21:17:22.668299325Z: + moby build -output qcow2 -name qemu-qcow2 test.yml
[STDERR  ] 2017-07-28T21:17:22.697774448Z: Extract kernel image: linuxkit/kernel:4.9.39
[STDERR  ] 2017-07-28T21:17:24.522378531Z: Add init containers:
[STDERR  ] 2017-07-28T21:17:24.522473114Z: Process init image: linuxkit/init:4dcee04c04c900a5796dc719f8d16fea7e771059
[STDERR  ] 2017-07-28T21:17:26.009386641Z: Process init image: linuxkit/runc:f5960b83a8766ae083efc744fa63dbf877450e4f
[STDERR  ] 2017-07-28T21:17:27.248391063Z: Add onboot containers:
[STDERR  ] 2017-07-28T21:17:27.248457137Z:   Create OCI config for linuxkit/poweroff:3845c4d64d47a1ea367806be5547e44594b0fa91
[STDERR  ] 2017-07-28T21:17:28.465326395Z: Create outputs:
[STDERR  ] 2017-07-28T21:17:28.465389693Z:   qemu-qcow2.qcow2
[STDERR  ] 2017-07-28T21:19:00.520334385Z: + [ -f qemu-qcow2.qcow2 ]
[STDERR  ] 2017-07-28T21:19:00.520409734Z: + grep -q Welcome to LinuxKit
[STDERR  ] 2017-07-28T21:19:00.520525138Z: + linuxkit run qemu qemu-qcow2.qcow2
[STDERR  ] 2017-07-28T21:19:00.536568628Z: Unable to find qemu-system-x86_64 within the $PATH. Using a container
[STDERR  ] 2017-07-28T21:19:00.53663234Z: Using existing disk [qemu-qcow2.qcow2] format 
[STDERR  ] 2017-07-28T21:19:17.265198017Z: write /dev/stdout: broken pipe
[STDERR  ] 2017-07-28T21:19:17.267427905Z: time="2017-07-28T21:19:17Z" level=fatal msg="exit status 1" 
[STDERR  ] 2017-07-28T21:19:17.269069841Z: + exit 0
[STDERR  ] 2017-07-28T21:19:17.269112732Z: + clean_up
[STDERR  ] 2017-07-28T21:19:17.269134542Z: + rm -rf qemu-qcow2.qcow2
[PASS    ] linuxkit.platforms.qemu.run_qcow 114.61s
