[INFO    ] 2018-02-03T17:14:14.255765707Z: Running Test linuxkit.build.formats.gcp in /tmp/with_clone29983563/test/cases/000_build/000_formats/003_gcp
[INFO    ] 2018-02-03T17:14:14.255895421Z: Running command: [/bin/sh -x /tmp/with_clone29983563/test/cases/000_build/000_formats/003_gcp/test.sh]
[STDERR  ] 2018-02-03T17:14:14.256773807Z: + set -e
[STDERR  ] 2018-02-03T17:14:14.256910563Z: + . /tmp/with_clone29983563/test/cases/_lib/lib.sh
[STDERR  ] 2018-02-03T17:14:14.257063041Z: + [ -f src/github.com/linuxkit/rtf/lib/lib.sh ]
[STDERR  ] 2018-02-03T17:14:14.257160281Z: + LINUXKIT_TMPDIR=/tmp/with_clone29983563/test/cases/_tmp
[STDERR  ] 2018-02-03T17:14:14.257292964Z: + [ -f /tmp/with_clone29983563/test/cases/_tmp/env.sh ]
[STDERR  ] 2018-02-03T17:14:14.257426956Z: + . /tmp/with_clone29983563/test/cases/_tmp/env.sh
[STDERR  ] 2018-02-03T17:14:14.257524442Z: + export LINUXKIT_EXAMPLES_DIR=/tmp/with_clone29983563/test/cases/../../examples
[STDERR  ] 2018-02-03T17:14:14.257617729Z: + RT_CANCEL=253
[STDERR  ] 2018-02-03T17:14:14.257680394Z: + NAME=check
[STDERR  ] 2018-02-03T17:14:14.25779071Z: + trap clean_up EXIT
[STDERR  ] 2018-02-03T17:14:14.257942338Z: + linuxkit build -format gcp -name check ../test.yml
[STDERR  ] 2018-02-03T17:14:14.300569132Z: Extract kernel image: linuxkit/kernel:4.9.78
[STDERR  ] 2018-02-03T17:14:15.470633222Z: time="2018-02-03T17:14:15Z" level=warning msg="certificate with CN Ian Campbell is near expiry"
[STDERR  ] 2018-02-03T17:14:15.471656546Z: time="2018-02-03T17:14:15Z" level=warning msg="certificate with CN Justin Cormack is near expiry"
[STDERR  ] 2018-02-03T17:14:15.472098065Z: time="2018-02-03T17:14:15Z" level=warning msg="certificate with CN  is near expiry"
[STDERR  ] 2018-02-03T17:14:15.472210339Z: time="2018-02-03T17:14:15Z" level=warning msg="certificate with CN  is near expiry"
[STDERR  ] 2018-02-03T17:14:15.56155245Z: time="2018-02-03T17:14:15Z" level=warning msg="certificate with CN Justin Cormack is near expiry"
[STDERR  ] 2018-02-03T17:14:18.957439269Z: Add init containers:
[STDERR  ] 2018-02-03T17:14:18.957490258Z: Process init image: linuxkit/init:e650be6c21ef9ecb33534858fc63fb8bc5028c6e
[STDERR  ] 2018-02-03T17:14:19.928987243Z: time="2018-02-03T17:14:19Z" level=warning msg="certificate with CN  is near expiry"
[STDERR  ] 2018-02-03T17:14:19.929220354Z: time="2018-02-03T17:14:19Z" level=warning msg="certificate with CN  is near expiry"
[STDERR  ] 2018-02-03T17:14:19.929550805Z: time="2018-02-03T17:14:19Z" level=warning msg="certificate with CN Ian Campbell is near expiry"
[STDERR  ] 2018-02-03T17:14:19.929868894Z: time="2018-02-03T17:14:19Z" level=warning msg="certificate with CN Justin Cormack is near expiry"
[STDERR  ] 2018-02-03T17:14:19.938721545Z: time="2018-02-03T17:14:19Z" level=warning msg="certificate with CN Justin Cormack is near expiry"
[STDERR  ] 2018-02-03T17:14:19.941575548Z: time="2018-02-03T17:14:19Z" level=warning msg="certificate with CN  is near expiry"
[STDERR  ] 2018-02-03T17:14:19.9417839Z: time="2018-02-03T17:14:19Z" level=warning msg="certificate with CN Ian Campbell is near expiry"
[STDERR  ] 2018-02-03T17:14:20.856229854Z: Process init image: linuxkit/runc:52ecfdef1ae051e7fd5ac5f1d0b7dd859adff015
[STDERR  ] 2018-02-03T17:14:21.814579324Z: time="2018-02-03T17:14:21Z" level=warning msg="certificate with CN Justin Cormack is near expiry"
[STDERR  ] 2018-02-03T17:14:21.815028842Z: time="2018-02-03T17:14:21Z" level=warning msg="certificate with CN  is near expiry"
[STDERR  ] 2018-02-03T17:14:21.815228727Z: time="2018-02-03T17:14:21Z" level=warning msg="certificate with CN  is near expiry"
[STDERR  ] 2018-02-03T17:14:21.815553329Z: time="2018-02-03T17:14:21Z" level=warning msg="certificate with CN Ian Campbell is near expiry"
[STDERR  ] 2018-02-03T17:14:21.819983834Z: time="2018-02-03T17:14:21Z" level=warning msg="certificate with CN Justin Cormack is near expiry"
[STDERR  ] 2018-02-03T17:14:21.822680199Z: time="2018-02-03T17:14:21Z" level=warning msg="certificate with CN Ian Campbell is near expiry"
[STDERR  ] 2018-02-03T17:14:21.822848731Z: time="2018-02-03T17:14:21Z" level=warning msg="certificate with CN  is near expiry"
[STDERR  ] 2018-02-03T17:14:22.48220994Z: Add onboot containers:
[STDERR  ] 2018-02-03T17:14:22.482260826Z:   Create OCI config for linuxkit/dhcpcd:v0.2
[STDERR  ] 2018-02-03T17:14:23.468669639Z: time="2018-02-03T17:14:23Z" level=warning msg="certificate with CN Ian Campbell is near expiry"
[STDERR  ] 2018-02-03T17:14:23.469014858Z: time="2018-02-03T17:14:23Z" level=warning msg="certificate with CN Justin Cormack is near expiry"
[STDERR  ] 2018-02-03T17:14:23.469323603Z: time="2018-02-03T17:14:23Z" level=warning msg="certificate with CN  is near expiry"
[STDERR  ] 2018-02-03T17:14:23.469529395Z: time="2018-02-03T17:14:23Z" level=warning msg="certificate with CN  is near expiry"
[STDERR  ] 2018-02-03T17:14:23.47237895Z: time="2018-02-03T17:14:23Z" level=warning msg="certificate with CN Justin Cormack is near expiry"
[STDERR  ] 2018-02-03T17:14:23.473870228Z: time="2018-02-03T17:14:23Z" level=warning msg="certificate with CN Ian Campbell is near expiry"
[STDERR  ] 2018-02-03T17:14:23.47405171Z: time="2018-02-03T17:14:23Z" level=warning msg="certificate with CN  is near expiry"
[STDERR  ] 2018-02-03T17:14:24.204773552Z: Create outputs:
[STDERR  ] 2018-02-03T17:14:30.809932243Z:   check.img.tar.gz
[STDERR  ] 2018-02-03T17:15:20.74360313Z: + [ -f check.img.tar.gz ]
[STDERR  ] 2018-02-03T17:15:20.743675049Z: + exit 0
[STDERR  ] 2018-02-03T17:15:20.743706112Z: + clean_up
[STDERR  ] 2018-02-03T17:15:20.743720947Z: + rm -f check.img.tar.gz
[PASS    ] linuxkit.build.formats.gcp 66.51s
