[INFO    ] 2018-02-27T19:31:13.864145389Z: Running Test linuxkit.build.formats.vmdk in /tmp/with_clone1007c5e9/test/cases/000_build/000_formats/007_vmdk
[INFO    ] 2018-02-27T19:31:13.864253071Z: Running command: [/bin/sh -x /tmp/with_clone1007c5e9/test/cases/000_build/000_formats/007_vmdk/test.sh]
[STDERR  ] 2018-02-27T19:31:13.864829674Z: + set -e
[STDERR  ] 2018-02-27T19:31:13.864967949Z: + . /tmp/with_clone1007c5e9/test/cases/_lib/lib.sh
[STDERR  ] 2018-02-27T19:31:13.865095738Z: + [ -f src/github.com/linuxkit/rtf/lib/lib.sh ]
[STDERR  ] 2018-02-27T19:31:13.865191305Z: + LINUXKIT_TMPDIR=/tmp/with_clone1007c5e9/test/cases/_tmp
[STDERR  ] 2018-02-27T19:31:13.865377929Z: + [ -f /tmp/with_clone1007c5e9/test/cases/_tmp/env.sh ]
[STDERR  ] 2018-02-27T19:31:13.865504461Z: + . /tmp/with_clone1007c5e9/test/cases/_tmp/env.sh
[STDERR  ] 2018-02-27T19:31:13.865599954Z: + export LINUXKIT_EXAMPLES_DIR=/tmp/with_clone1007c5e9/test/cases/../../examples
[STDERR  ] 2018-02-27T19:31:13.865705081Z: + RT_CANCEL=253
[STDERR  ] 2018-02-27T19:31:13.865780435Z: + NAME=check
[STDERR  ] 2018-02-27T19:31:13.865890521Z: + trap clean_up EXIT
[STDERR  ] 2018-02-27T19:31:13.866030300Z: + linuxkit build -format vmdk -name check ../test.yml
[STDERR  ] 2018-02-27T19:31:13.894322019Z: Extract kernel image: linuxkit/kernel:4.14.22
[STDERR  ] 2018-02-27T19:31:14.921758802Z: time="2018-02-27T19:31:14Z" level=warning msg="certificate with CN Justin Cormack is near expiry"
[STDERR  ] 2018-02-27T19:31:14.921992982Z: time="2018-02-27T19:31:14Z" level=warning msg="certificate with CN  is near expiry"
[STDERR  ] 2018-02-27T19:31:14.922162482Z: time="2018-02-27T19:31:14Z" level=warning msg="certificate with CN  is near expiry"
[STDERR  ] 2018-02-27T19:31:14.922335275Z: time="2018-02-27T19:31:14Z" level=warning msg="certificate with CN avi@atomicinc.com is near expiry"
[STDERR  ] 2018-02-27T19:31:14.922509930Z: time="2018-02-27T19:31:14Z" level=warning msg="certificate with CN Ian Campbell is near expiry"
[STDERR  ] 2018-02-27T19:31:14.978864204Z: time="2018-02-27T19:31:14Z" level=warning msg="certificate with CN Justin Cormack is near expiry"
[STDERR  ] 2018-02-27T19:31:18.686095850Z: Add init containers:
[STDERR  ] 2018-02-27T19:31:18.686171281Z: Process init image: linuxkit/init:d899eee3560a40aa3b4bdd67b3bb82703714b2b9
[STDERR  ] 2018-02-27T19:31:19.625614159Z: time="2018-02-27T19:31:19Z" level=warning msg="certificate with CN  is near expiry"
[STDERR  ] 2018-02-27T19:31:19.625869449Z: time="2018-02-27T19:31:19Z" level=warning msg="certificate with CN  is near expiry"
[STDERR  ] 2018-02-27T19:31:19.626026124Z: time="2018-02-27T19:31:19Z" level=warning msg="certificate with CN avi@atomicinc.com is near expiry"
[STDERR  ] 2018-02-27T19:31:19.626193927Z: time="2018-02-27T19:31:19Z" level=warning msg="certificate with CN Ian Campbell is near expiry"
[STDERR  ] 2018-02-27T19:31:19.626426206Z: time="2018-02-27T19:31:19Z" level=warning msg="certificate with CN Justin Cormack is near expiry"
[STDERR  ] 2018-02-27T19:31:19.631199967Z: time="2018-02-27T19:31:19Z" level=warning msg="certificate with CN Justin Cormack is near expiry"
[STDERR  ] 2018-02-27T19:31:19.632900728Z: time="2018-02-27T19:31:19Z" level=warning msg="certificate with CN  is near expiry"
[STDERR  ] 2018-02-27T19:31:19.633060651Z: time="2018-02-27T19:31:19Z" level=warning msg="certificate with CN Ian Campbell is near expiry"
[STDERR  ] 2018-02-27T19:31:21.073832660Z: Process init image: linuxkit/runc:7c39a68490a12cde830e1922f171c451fb08e731
[STDERR  ] 2018-02-27T19:31:22.018142450Z: time="2018-02-27T19:31:22Z" level=warning msg="certificate with CN  is near expiry"
[STDERR  ] 2018-02-27T19:31:22.018322991Z: time="2018-02-27T19:31:22Z" level=warning msg="certificate with CN  is near expiry"
[STDERR  ] 2018-02-27T19:31:22.018426604Z: time="2018-02-27T19:31:22Z" level=warning msg="certificate with CN avi@atomicinc.com is near expiry"
[STDERR  ] 2018-02-27T19:31:22.018526629Z: time="2018-02-27T19:31:22Z" level=warning msg="certificate with CN Ian Campbell is near expiry"
[STDERR  ] 2018-02-27T19:31:22.018748644Z: time="2018-02-27T19:31:22Z" level=warning msg="certificate with CN Justin Cormack is near expiry"
[STDERR  ] 2018-02-27T19:31:22.025826840Z: time="2018-02-27T19:31:22Z" level=warning msg="certificate with CN Justin Cormack is near expiry"
[STDERR  ] 2018-02-27T19:31:22.029172920Z: time="2018-02-27T19:31:22Z" level=warning msg="certificate with CN  is near expiry"
[STDERR  ] 2018-02-27T19:31:22.029858340Z: time="2018-02-27T19:31:22Z" level=warning msg="certificate with CN Ian Campbell is near expiry"
[STDERR  ] 2018-02-27T19:31:23.037131555Z: Add onboot containers:
[STDERR  ] 2018-02-27T19:31:23.037311057Z:   Create OCI config for linuxkit/dhcpcd:v0.2
[STDERR  ] 2018-02-27T19:31:24.024246994Z: time="2018-02-27T19:31:24Z" level=warning msg="certificate with CN Ian Campbell is near expiry"
[STDERR  ] 2018-02-27T19:31:24.024496978Z: time="2018-02-27T19:31:24Z" level=warning msg="certificate with CN Justin Cormack is near expiry"
[STDERR  ] 2018-02-27T19:31:24.024697397Z: time="2018-02-27T19:31:24Z" level=warning msg="certificate with CN  is near expiry"
[STDERR  ] 2018-02-27T19:31:24.024836832Z: time="2018-02-27T19:31:24Z" level=warning msg="certificate with CN  is near expiry"
[STDERR  ] 2018-02-27T19:31:24.025005047Z: time="2018-02-27T19:31:24Z" level=warning msg="certificate with CN avi@atomicinc.com is near expiry"
[STDERR  ] 2018-02-27T19:31:24.026458955Z: time="2018-02-27T19:31:24Z" level=warning msg="certificate with CN Justin Cormack is near expiry"
[STDERR  ] 2018-02-27T19:31:24.027149804Z: time="2018-02-27T19:31:24Z" level=warning msg="certificate with CN  is near expiry"
[STDERR  ] 2018-02-27T19:31:24.027324948Z: time="2018-02-27T19:31:24Z" level=warning msg="certificate with CN Ian Campbell is near expiry"
[STDERR  ] 2018-02-27T19:31:24.692876626Z: Create outputs:
[STDERR  ] 2018-02-27T19:31:31.015561282Z:   check.vmdk
[STDERR  ] 2018-02-27T19:32:16.637929692Z: + [ -f check.vmdk ]
[STDERR  ] 2018-02-27T19:32:16.638011033Z: + exit 0
[STDERR  ] 2018-02-27T19:32:16.638030051Z: + clean_up
[STDERR  ] 2018-02-27T19:32:16.638047779Z: + rm -f check.vmdk
[PASS    ] linuxkit.build.formats.vmdk 62.79s
