[INFO    ] 2018-10-29T00:55:25.978108738Z: Running Test linuxkit.build.formats.raw_efi in /tmp/build/test/cases/000_build/000_formats/009_raw_efi
[INFO    ] 2018-10-29T00:55:25.978271977Z: Running command: [/bin/sh -x /tmp/build/test/cases/000_build/000_formats/009_raw_efi/test.sh]
[STDERR  ] 2018-10-29T00:55:25.979277883Z: + set -e
[STDERR  ] 2018-10-29T00:55:25.979346520Z: + . /tmp/build/test/cases/_lib/lib.sh
[STDERR  ] 2018-10-29T00:55:25.979375108Z: + [ -f src/github.com/linuxkit/rtf/lib/lib.sh ]
[STDERR  ] 2018-10-29T00:55:25.979389078Z: + LINUXKIT_TMPDIR=/tmp/build/test/cases/_tmp
[STDERR  ] 2018-10-29T00:55:25.979406449Z: + [ -f /tmp/build/test/cases/_tmp/env.sh ]
[STDERR  ] 2018-10-29T00:55:25.979445597Z: + . /tmp/build/test/cases/_tmp/env.sh
[STDERR  ] 2018-10-29T00:55:25.979460324Z: + export LINUXKIT_EXAMPLES_DIR=/tmp/build/test/cases/../../examples
[STDERR  ] 2018-10-29T00:55:25.979480914Z: + RT_CANCEL=253
[STDERR  ] 2018-10-29T00:55:25.979491246Z: + NAME=check
[STDERR  ] 2018-10-29T00:55:25.979504469Z: + trap clean_up EXIT
[STDERR  ] 2018-10-29T00:55:25.979517960Z: + linuxkit build -format raw-efi -name check ../test.yml
[STDERR  ] 2018-10-29T00:55:26.010458704Z: Extract kernel image: linuxkit/kernel:4.14.78
[STDERR  ] 2018-10-29T00:55:27.774562209Z: Add init containers:
[STDERR  ] 2018-10-29T00:55:27.774632837Z: Process init image: linuxkit/init:6eb0158059b056a1567236280880cb87f03ff008
[STDERR  ] 2018-10-29T00:55:28.928545126Z: Process init image: linuxkit/runc:6cf26a0403376de3b5396cb676b88eea4f37aff8
[STDERR  ] 2018-10-29T00:55:30.032013952Z: Add onboot containers:
[STDERR  ] 2018-10-29T00:55:30.032085540Z:   Create OCI config for linuxkit/dhcpcd:v0.6
[STDERR  ] 2018-10-29T00:55:31.151965313Z: Create outputs:
[STDERR  ] 2018-10-29T00:55:36.197859516Z:   check-efi.img
[STDERR  ] 2018-10-29T00:55:50.466077181Z: + [ -f check-efi.img ]
[STDERR  ] 2018-10-29T00:55:50.466167337Z: + exit 0
[STDERR  ] 2018-10-29T00:55:50.466182683Z: + clean_up
[STDERR  ] 2018-10-29T00:55:50.466209578Z: + rm -f check-efi.img
[PASS    ] linuxkit.build.formats.raw_efi 24.50s
