[INFO    ] 2017-11-07T11:47:27.428254496Z: Running Test linuxkit.build.examples.wireguard in /tmp/build/test/cases/000_build/100_examples/070_wireguard
[INFO    ] 2017-11-07T11:47:27.428362186Z: Running command: [/bin/sh -x /tmp/build/test/cases/000_build/100_examples/070_wireguard/test.sh]
[STDERR  ] 2017-11-07T11:47:27.442873267Z: + set -e
[STDERR  ] 2017-11-07T11:47:27.442953272Z: + . /tmp/build/test/cases/_lib/lib.sh
[STDERR  ] 2017-11-07T11:47:27.44296713Z: + [ -f src/github.com/linuxkit/rtf/lib/lib.sh ]
[STDERR  ] 2017-11-07T11:47:27.442979193Z: + LINUXKIT_TMPDIR=/tmp/build/test/cases/_tmp
[STDERR  ] 2017-11-07T11:47:27.442990096Z: + [ -f /tmp/build/test/cases/_tmp/env.sh ]
[STDERR  ] 2017-11-07T11:47:27.443000183Z: + . /tmp/build/test/cases/_tmp/env.sh
[STDERR  ] 2017-11-07T11:47:27.44301564Z: + export LINUXKIT_EXAMPLES_DIR=/tmp/build/test/cases/../../examples
[STDERR  ] 2017-11-07T11:47:27.443026726Z: + export LINUXKIT_BLUEPRINTS_DIR=/tmp/build/test/cases/../../blueprints
[STDERR  ] 2017-11-07T11:47:27.443039983Z: + RT_CANCEL=253
[STDERR  ] 2017-11-07T11:47:27.443050405Z: + NAME=wireguard
[STDERR  ] 2017-11-07T11:47:27.443061432Z: + trap clean_up EXIT
[STDERR  ] 2017-11-07T11:47:27.443070779Z: + moby build /tmp/build/test/cases/../../examples/wireguard.yml
[STDERR  ] 2017-11-07T11:47:27.478024055Z: Extract kernel image: linuxkit/kernel:4.9.60
[STDERR  ] 2017-11-07T11:47:29.378244613Z: Add init containers:
[STDERR  ] 2017-11-07T11:47:29.378305906Z: Process init image: linuxkit/init:42a92119e1ca10380e0d33e26c0cbcf85b9b3558
[STDERR  ] 2017-11-07T11:47:31.425894195Z: Process init image: linuxkit/runc:817fdc592eac6cb7804fa1721a43a7f6e23fb50f
[STDERR  ] 2017-11-07T11:47:32.630296985Z: Process init image: linuxkit/containerd:82be2bbb7cf83bab161ffe2a64624ba1107725ff
[STDERR  ] 2017-11-07T11:47:34.177577587Z: Process init image: linuxkit/ca-certificates:af4880e78edc28743f7c5e262678c67c6add4c26
[STDERR  ] 2017-11-07T11:47:35.360708515Z: Add onboot containers:
[STDERR  ] 2017-11-07T11:47:35.360764675Z:   Create OCI config for linuxkit/sysctl:a9ad57ed738a31ea9380cd73236866c312b35489
[STDERR  ] 2017-11-07T11:47:36.592557146Z:   Create OCI config for linuxkit/dhcpcd:48831507404049660b960e4055f544917d90378e
[STDERR  ] 2017-11-07T11:47:37.841312299Z:   Create OCI config for linuxkit/ip:e6f92b663e004be58c5d1fb43830d9155d625d28
[STDERR  ] 2017-11-07T11:47:39.937696107Z: Pull image: docker.io/linuxkit/ip:e6f92b663e004be58c5d1fb43830d9155d625d28@sha256:4fd83f8e302634788246360630ecce0de18b6cd83d00892c54291a703037630e
[STDERR  ] 2017-11-07T11:47:42.901181684Z:   Create OCI config for linuxkit/ip:e6f92b663e004be58c5d1fb43830d9155d625d28
[STDERR  ] 2017-11-07T11:47:44.265174677Z: Add service containers:
[STDERR  ] 2017-11-07T11:47:44.265224129Z:   Create OCI config for linuxkit/getty:6af22c32c98536a79230eef000e9abd06b037faa
[STDERR  ] 2017-11-07T11:47:45.696117256Z:   Create OCI config for linuxkit/rngd:842e5e8ece7934f0cab9fd0027b595ff3471e5b9
[STDERR  ] 2017-11-07T11:47:46.870626246Z:   Create OCI config for nginx:alpine
[STDERR  ] 2017-11-07T11:47:48.076495321Z: Add files:
[STDERR  ] 2017-11-07T11:47:48.076545335Z:   etc/wireguard/wg0.conf
[STDERR  ] 2017-11-07T11:47:48.076554018Z:   etc/wireguard/wg1.conf
[STDERR  ] 2017-11-07T11:47:48.076563006Z: Create outputs:
[STDERR  ] 2017-11-07T11:47:59.061795454Z:   wireguard-kernel wireguard-initrd.img wireguard-cmdline
[STDERR  ] 2017-11-07T11:47:59.159362041Z: + exit 0
[STDERR  ] 2017-11-07T11:47:59.159412311Z: + clean_up
[STDERR  ] 2017-11-07T11:47:59.159423531Z: + rm -f wireguard-cmdline wireguard-initrd.img wireguard-kernel
[PASS    ] linuxkit.build.examples.wireguard 31.74s
