[INFO    ] 2017-09-25T16:12:38.367821513Z: Running Test linuxkit.build.outputs.kernel+initrd in /tmp/build/test/cases/000_build/000_outputs/000_kernel+initrd
[INFO    ] 2017-09-25T16:12:38.367921237Z: Running command: [/bin/sh -x /tmp/build/test/cases/000_build/000_outputs/000_kernel+initrd/test.sh]
[STDERR  ] 2017-09-25T16:12:38.378642575Z: + set -e
[STDERR  ] 2017-09-25T16:12:38.378739789Z: + . /tmp/build/test/cases/_lib/lib.sh
[STDERR  ] 2017-09-25T16:12:38.378755044Z: + [ -f src/github.com/linuxkit/rtf/lib/lib.sh ]
[STDERR  ] 2017-09-25T16:12:38.378763863Z: + LINUXKIT_TMPDIR=/tmp/build/test/cases/_tmp
[STDERR  ] 2017-09-25T16:12:38.37877224Z: + [ -f /tmp/build/test/cases/_tmp/env.sh ]
[STDERR  ] 2017-09-25T16:12:38.378780371Z: + . /tmp/build/test/cases/_tmp/env.sh
[STDERR  ] 2017-09-25T16:12:38.378793073Z: + export LINUXKIT_EXAMPLES_DIR=/tmp/build/test/cases/../../examples
[STDERR  ] 2017-09-25T16:12:38.378811551Z: + export LINUXKIT_BLUEPRINTS_DIR=/tmp/build/test/cases/../../blueprints
[STDERR  ] 2017-09-25T16:12:38.378823553Z: + RT_CANCEL=253
[STDERR  ] 2017-09-25T16:12:38.378831782Z: + NAME=check
[STDERR  ] 2017-09-25T16:12:38.378839449Z: + trap clean_up EXIT
[STDERR  ] 2017-09-25T16:12:38.378847996Z: + moby build -format kernel+initrd -name check ../test.yml
[STDERR  ] 2017-09-25T16:12:38.381524411Z: Extract kernel image: linuxkit/kernel:4.9.51
[STDERR  ] 2017-09-25T16:12:40.182531967Z: Add init containers:
[STDERR  ] 2017-09-25T16:12:40.182594176Z: Process init image: linuxkit/init:7804129bd06218b72c298139a25698a748d253c6
[STDERR  ] 2017-09-25T16:12:41.467304259Z: Process init image: linuxkit/runc:a1b564248a0d0b118c11e61db9f84ecf41dd2d2a
[STDERR  ] 2017-09-25T16:12:42.806213092Z: Add onboot containers:
[STDERR  ] 2017-09-25T16:12:42.806285416Z:   Create OCI config for linuxkit/dhcpcd:d4408777ed6b6e6e562a5d4938fd09804324b33e
[STDERR  ] 2017-09-25T16:12:44.018772713Z: Create outputs:
[STDERR  ] 2017-09-25T16:12:48.3947993Z:   check-kernel check-initrd.img check-cmdline
[STDERR  ] 2017-09-25T16:12:48.446950084Z: + [ -f check-kernel ]
[STDERR  ] 2017-09-25T16:12:48.447060611Z: + [ -f check-initrd.img ]
[STDERR  ] 2017-09-25T16:12:48.447070109Z: + [ -f check-cmdline ]
[STDERR  ] 2017-09-25T16:12:48.447078724Z: + exit 0
[STDERR  ] 2017-09-25T16:12:48.447088725Z: + clean_up
[STDERR  ] 2017-09-25T16:12:48.447099179Z: + rm -f check-cmdline check-initrd.img check-kernel
[PASS    ] linuxkit.build.outputs.kernel+initrd 10.12s
