[INFO    ] 2018-04-18T11:00:09.918767129Z: Running Test linuxkit.build.formats.iso-bios in /tmp/build/test/cases/000_build/000_formats/001_iso-bios
[INFO    ] 2018-04-18T11:00:09.918947203Z: Running command: [/bin/sh -x /tmp/build/test/cases/000_build/000_formats/001_iso-bios/test.sh]
[STDERR  ] 2018-04-18T11:00:09.919663145Z: + set -e
[STDERR  ] 2018-04-18T11:00:09.919737959Z: + . /tmp/build/test/cases/_lib/lib.sh
[STDERR  ] 2018-04-18T11:00:09.919759099Z: + [ -f src/github.com/linuxkit/rtf/lib/lib.sh ]
[STDERR  ] 2018-04-18T11:00:09.919771805Z: + LINUXKIT_TMPDIR=/tmp/build/test/cases/_tmp
[STDERR  ] 2018-04-18T11:00:09.919785087Z: + [ -f /tmp/build/test/cases/_tmp/env.sh ]
[STDERR  ] 2018-04-18T11:00:09.919797582Z: + . /tmp/build/test/cases/_tmp/env.sh
[STDERR  ] 2018-04-18T11:00:09.919811495Z: + export LINUXKIT_EXAMPLES_DIR=/tmp/build/test/cases/../../examples
[STDERR  ] 2018-04-18T11:00:09.919825759Z: + RT_CANCEL=253
[STDERR  ] 2018-04-18T11:00:09.919844618Z: + NAME=check
[STDERR  ] 2018-04-18T11:00:09.919860366Z: + trap clean_up EXIT
[STDERR  ] 2018-04-18T11:00:09.919873261Z: + linuxkit build -format iso-bios -name check ../test.yml
[STDERR  ] 2018-04-18T11:00:09.947376236Z: Extract kernel image: linuxkit/kernel:4.14.34
[STDERR  ] 2018-04-18T11:00:11.581116040Z: Add init containers:
[STDERR  ] 2018-04-18T11:00:11.581186127Z: Process init image: linuxkit/init:d0bf64f4cea42bea71e7d8f8832ba497bb822e89
[STDERR  ] 2018-04-18T11:00:12.773636749Z: Process init image: linuxkit/runc:acba8886e4b1318457c711700f695a02fef9493d
[STDERR  ] 2018-04-18T11:00:13.965523614Z: Add onboot containers:
[STDERR  ] 2018-04-18T11:00:13.965604193Z:   Create OCI config for linuxkit/dhcpcd:v0.3
[STDERR  ] 2018-04-18T11:00:15.162378818Z: Create outputs:
[STDERR  ] 2018-04-18T11:00:15.162438390Z:   check.iso
[STDERR  ] 2018-04-18T11:00:30.321673302Z: + [ -f check.iso ]
[STDERR  ] 2018-04-18T11:00:30.321738115Z: + exit 0
[STDERR  ] 2018-04-18T11:00:30.321751531Z: + clean_up
[STDERR  ] 2018-04-18T11:00:30.321766623Z: + rm -f check.iso
[PASS    ] linuxkit.build.formats.iso-bios 20.42s
