[INFO    ] 2017-05-22T18:06:53.184478394Z: Running Test linuxkit.build.examples.minimal in /tmp/build/test/cases/000_build/100_examples/000_minimal
[INFO    ] 2017-05-22T18:06:53.184542443Z: Running command: [/bin/sh -x /tmp/build/test/cases/000_build/100_examples/000_minimal/test.sh]
[STDERR  ] 2017-05-22T18:06:53.185047058Z: + set -e
[STDERR  ] 2017-05-22T18:06:53.185074546Z: + . /tmp/build/test/cases/_lib/lib.sh
[STDERR  ] 2017-05-22T18:06:53.18512944Z: + [ -f src/github.com/linuxkit/rtf/lib/lib.sh ]
[STDERR  ] 2017-05-22T18:06:53.185155392Z: + LINUXKIT_TMPDIR=/tmp/build/test/cases/_tmp
[STDERR  ] 2017-05-22T18:06:53.185192275Z: + [ -f /tmp/build/test/cases/_tmp/env.sh ]
[STDERR  ] 2017-05-22T18:06:53.185208847Z: + . /tmp/build/test/cases/_tmp/env.sh
[STDERR  ] 2017-05-22T18:06:53.185244901Z: + export LINUXKIT_EXAMPLES_DIR=/tmp/build/test/cases/../../examples
[STDERR  ] 2017-05-22T18:06:53.185266011Z: + RT_CANCEL=253
[STDERR  ] 2017-05-22T18:06:53.185287911Z: + IMAGE_NAME=minimal
[STDERR  ] 2017-05-22T18:06:53.185311629Z: + trap clean_up EXIT
[STDERR  ] 2017-05-22T18:06:53.185343033Z: + moby build /tmp/build/test/cases/../../examples/minimal.yml
[STDERR  ] 2017-05-22T18:06:53.347472907Z: Extract kernel image: linuxkit/kernel:4.9.x
[STDERR  ] 2017-05-22T18:06:53.879219241Z: Add init containers:
[STDERR  ] 2017-05-22T18:06:53.879277575Z: Process init image: linuxkit/init:cbd7ae748f0a082516501a3e914fa0c924ee941e
[STDERR  ] 2017-05-22T18:06:53.88055038Z: Pull image: linuxkit/init:cbd7ae748f0a082516501a3e914fa0c924ee941e
[STDERR  ] 2017-05-22T18:06:56.110796856Z: Process init image: linuxkit/runc:24dfe632ed3ff53a026ee3fac046fd544434e2d6
[STDERR  ] 2017-05-22T18:06:56.111959282Z: Pull image: linuxkit/runc:24dfe632ed3ff53a026ee3fac046fd544434e2d6
[STDERR  ] 2017-05-22T18:06:58.306808561Z: Process init image: linuxkit/containerd:f1130450206d4f64f0ddc13d15bb68435aa1ff61
[STDERR  ] 2017-05-22T18:06:58.758529459Z: Add onboot containers:
[STDERR  ] 2017-05-22T18:06:58.758576833Z:   Create OCI config for linuxkit/dhcpcd:cb96c09a33c166eca6530f166f0f79927c3e83b0
[STDERR  ] 2017-05-22T18:06:58.87683596Z: Create outputs:
[STDERR  ] 2017-05-22T18:07:05.364477814Z:   minimal-kernel minimal-initrd.img minimal-cmdline
[STDERR  ] 2017-05-22T18:07:05.409917484Z: + exit 0
[STDERR  ] 2017-05-22T18:07:05.409927781Z: + clean_up
[STDERR  ] 2017-05-22T18:07:05.409934821Z: + rm -rf minimal-cmdline minimal-initrd.img minimal-kernel
[PASS    ] linuxkit.build.examples.minimal 12.24s
