[INFO    ] 2019-04-17T23:13:42.865794705Z: Running Test linuxkit.build.examples.redis in /tmp/with_clone3bb05763/test/cases/000_build/100_examples/030_redis
[INFO    ] 2019-04-17T23:13:42.866129690Z: Running command: [/bin/sh -x /tmp/with_clone3bb05763/test/cases/000_build/100_examples/030_redis/test.sh]
[STDERR  ] 2019-04-17T23:13:42.867359114Z: + set -e
[STDERR  ] 2019-04-17T23:13:42.867499550Z: + . /tmp/with_clone3bb05763/test/cases/_lib/lib.sh
[STDERR  ] 2019-04-17T23:13:42.867529783Z: + [ -f src/github.com/linuxkit/rtf/lib/lib.sh ]
[STDERR  ] 2019-04-17T23:13:42.867552320Z: + LINUXKIT_TMPDIR=/tmp/with_clone3bb05763/test/cases/_tmp
[STDERR  ] 2019-04-17T23:13:42.867575490Z: + [ -f /tmp/with_clone3bb05763/test/cases/_tmp/env.sh ]
[STDERR  ] 2019-04-17T23:13:42.867597593Z: + . /tmp/with_clone3bb05763/test/cases/_tmp/env.sh
[STDERR  ] 2019-04-17T23:13:42.867623201Z: + export LINUXKIT_EXAMPLES_DIR=/tmp/with_clone3bb05763/test/cases/../../examples
[STDERR  ] 2019-04-17T23:13:42.867648194Z: + RT_CANCEL=253
[STDERR  ] 2019-04-17T23:13:42.867671811Z: + NAME=redis-os
[STDERR  ] 2019-04-17T23:13:42.867693652Z: + trap clean_up EXIT
[STDERR  ] 2019-04-17T23:13:42.867718284Z: + linuxkit build /tmp/with_clone3bb05763/test/cases/../../examples/redis-os.yml
[STDERR  ] 2019-04-17T23:13:42.919715724Z: Extract kernel image: linuxkit/kernel:4.19.34
[STDERR  ] 2019-04-17T23:13:48.035462178Z: Add init containers:
[STDERR  ] 2019-04-17T23:13:48.035620514Z: Process init image: linuxkit/init:v0.7
[STDERR  ] 2019-04-17T23:13:49.979564493Z: Process init image: linuxkit/runc:v0.7
[STDERR  ] 2019-04-17T23:13:51.735431965Z: Process init image: linuxkit/containerd:v0.7
[STDERR  ] 2019-04-17T23:13:54.231418832Z: Add onboot containers:
[STDERR  ] 2019-04-17T23:13:54.231532221Z:   Create OCI config for linuxkit/dhcpcd:v0.7
[STDERR  ] 2019-04-17T23:13:55.927785697Z: Add service containers:
[STDERR  ] 2019-04-17T23:13:55.927878208Z:   Create OCI config for linuxkit/getty:v0.7
[STDERR  ] 2019-04-17T23:13:57.919706672Z:   Create OCI config for redis:4.0.5-alpine
[STDERR  ] 2019-04-17T23:14:00.023950572Z: Create outputs:
[STDERR  ] 2019-04-17T23:14:12.083329218Z:   redis-os-kernel redis-os-initrd.img redis-os-cmdline
[STDERR  ] 2019-04-17T23:14:12.240957611Z: + exit 0
[STDERR  ] 2019-04-17T23:14:12.241074136Z: + clean_up
[STDERR  ] 2019-04-17T23:14:12.241145759Z: + rm -f redis-os-cmdline redis-os-initrd.img redis-os-kernel
[PASS    ] linuxkit.build.examples.redis 29.39s
