[INFO    ] 2018-03-07T20:06:03.019407954Z: Running Test linuxkit.build.formats.raw_bios in /tmp/build/test/cases/000_build/000_formats/008_raw_bios
[INFO    ] 2018-03-07T20:06:03.019545622Z: Running command: [/bin/sh -x /tmp/build/test/cases/000_build/000_formats/008_raw_bios/test.sh]
[STDERR  ] 2018-03-07T20:06:03.020237233Z: + set -e
[STDERR  ] 2018-03-07T20:06:03.020297005Z: + . /tmp/build/test/cases/_lib/lib.sh
[STDERR  ] 2018-03-07T20:06:03.020313525Z: + [ -f src/github.com/linuxkit/rtf/lib/lib.sh ]
[STDERR  ] 2018-03-07T20:06:03.020328789Z: + LINUXKIT_TMPDIR=/tmp/build/test/cases/_tmp
[STDERR  ] 2018-03-07T20:06:03.020343994Z: + [ -f /tmp/build/test/cases/_tmp/env.sh ]
[STDERR  ] 2018-03-07T20:06:03.020358728Z: + . /tmp/build/test/cases/_tmp/env.sh
[STDERR  ] 2018-03-07T20:06:03.020375446Z: + export LINUXKIT_EXAMPLES_DIR=/tmp/build/test/cases/../../examples
[STDERR  ] 2018-03-07T20:06:03.020395347Z: + RT_CANCEL=253
[STDERR  ] 2018-03-07T20:06:03.020410199Z: + NAME=check
[STDERR  ] 2018-03-07T20:06:03.020425516Z: + trap clean_up EXIT
[STDERR  ] 2018-03-07T20:06:03.020440187Z: + linuxkit build -format raw-bios -name check ../test.yml
[STDERR  ] 2018-03-07T20:06:03.046787568Z: Extract kernel image: linuxkit/kernel:4.14.23
[STDERR  ] 2018-03-07T20:06:04.644249458Z: Add init containers:
[STDERR  ] 2018-03-07T20:06:04.644307126Z: Process init image: linuxkit/init:b212cfeb4bb6330e0a7547d8010fe2e8489b677a
[STDERR  ] 2018-03-07T20:06:05.874520989Z: Process init image: linuxkit/runc:7c39a68490a12cde830e1922f171c451fb08e731
[STDERR  ] 2018-03-07T20:06:07.093905967Z: Add onboot containers:
[STDERR  ] 2018-03-07T20:06:07.093974841Z:   Create OCI config for linuxkit/dhcpcd:v0.2
[STDERR  ] 2018-03-07T20:06:08.285976673Z: Create outputs:
[STDERR  ] 2018-03-07T20:06:12.664253066Z:   check-bios.img
[STDERR  ] 2018-03-07T20:06:25.579876128Z: + [ -f check-bios.img ]
[STDERR  ] 2018-03-07T20:06:25.579946751Z: + exit 0
[STDERR  ] 2018-03-07T20:06:25.579963167Z: + clean_up
[STDERR  ] 2018-03-07T20:06:25.579978237Z: + rm -f check-bios.img
[PASS    ] linuxkit.build.formats.raw_bios 22.57s
