[INFO    ] 2017-08-24T19:24:09.793619485Z: Running Test linuxkit.build.examples.redis in /tmp/with_clone11e18d6c/test/cases/000_build/100_examples/030_redis
[INFO    ] 2017-08-24T19:24:09.793726359Z: Running command: [/bin/sh -x /tmp/with_clone11e18d6c/test/cases/000_build/100_examples/030_redis/test.sh]
[STDERR  ] 2017-08-24T19:24:09.794858934Z: + set -e
[STDERR  ] 2017-08-24T19:24:09.794920624Z: + . /tmp/with_clone11e18d6c/test/cases/_lib/lib.sh
[STDERR  ] 2017-08-24T19:24:09.794935443Z: + [ -f src/github.com/linuxkit/rtf/lib/lib.sh ]
[STDERR  ] 2017-08-24T19:24:09.794970892Z: + LINUXKIT_TMPDIR=/tmp/with_clone11e18d6c/test/cases/_tmp
[STDERR  ] 2017-08-24T19:24:09.794990106Z: + [ -f /tmp/with_clone11e18d6c/test/cases/_tmp/env.sh ]
[STDERR  ] 2017-08-24T19:24:09.795003225Z: + . /tmp/with_clone11e18d6c/test/cases/_tmp/env.sh
[STDERR  ] 2017-08-24T19:24:09.795018156Z: + export LINUXKIT_EXAMPLES_DIR=/tmp/with_clone11e18d6c/test/cases/../../examples
[STDERR  ] 2017-08-24T19:24:09.795032923Z: + export LINUXKIT_BLUEPRINTS_DIR=/tmp/with_clone11e18d6c/test/cases/../../blueprints
[STDERR  ] 2017-08-24T19:24:09.795044491Z: + RT_CANCEL=253
[STDERR  ] 2017-08-24T19:24:09.795055863Z: + IMAGE_NAME=redis-os
[STDERR  ] 2017-08-24T19:24:09.795072732Z: + trap clean_up EXIT
[STDERR  ] 2017-08-24T19:24:09.795084236Z: + moby build /tmp/with_clone11e18d6c/test/cases/../../examples/redis-os.yml
[STDERR  ] 2017-08-24T19:24:09.809098093Z: Extract kernel image: linuxkit/kernel:4.9.44
[STDERR  ] 2017-08-24T19:24:17.793481632Z: Add init containers:
[STDERR  ] 2017-08-24T19:24:17.793599889Z: Process init image: linuxkit/init:438d377802498afb3a6ed2a86175ab4beb07a31a
[STDERR  ] 2017-08-24T19:24:20.522514397Z: Process init image: linuxkit/runc:a1b564248a0d0b118c11e61db9f84ecf41dd2d2a
[STDERR  ] 2017-08-24T19:24:22.525683485Z: Process init image: linuxkit/containerd:8e4aa6c09e9bceee8300a315c23e0333e187f5fa
[STDERR  ] 2017-08-24T19:24:28.450696831Z: Add onboot containers:
[STDERR  ] 2017-08-24T19:24:28.450811062Z:   Create OCI config for linuxkit/dhcpcd:f3f5413abb78fae9020e35bd4788fa93df4530b7
[STDERR  ] 2017-08-24T19:24:30.083768083Z: Add service containers:
[STDERR  ] 2017-08-24T19:24:30.08384054Z:   Create OCI config for linuxkit/getty:797cb79e0a229fcd16ebf44a0da74bcec03968ec
[STDERR  ] 2017-08-24T19:24:32.452859231Z:   Create OCI config for redis:3.0.7-alpine
[STDERR  ] 2017-08-24T19:24:34.509449201Z: Create outputs:
[STDERR  ] 2017-08-24T19:24:43.361993835Z:   redis-os-kernel redis-os-initrd.img redis-os-cmdline
[STDERR  ] 2017-08-24T19:24:43.69698656Z: + exit 0
[STDERR  ] 2017-08-24T19:24:43.697053519Z: + clean_up
[STDERR  ] 2017-08-24T19:24:43.697067175Z: + rm -rf redis-os-cmdline redis-os-initrd.img redis-os-kernel
[PASS    ] linuxkit.build.examples.redis 33.93s
