[INFO    ] 2017-06-29T10:57:54.118427984Z: Running Test linuxkit.build.outputs in /tmp/build/test/cases/000_build/000_outputs
[INFO    ] 2017-06-29T10:57:54.118504641Z: Running command: [/bin/sh -x /tmp/build/test/cases/000_build/000_outputs/test.sh]
[STDERR  ] 2017-06-29T10:57:54.119208965Z: + set -e
[STDERR  ] 2017-06-29T10:57:54.119222749Z: + . /tmp/build/test/cases/_lib/lib.sh
[STDERR  ] 2017-06-29T10:57:54.119232493Z: + [ -f src/github.com/linuxkit/rtf/lib/lib.sh ]
[STDERR  ] 2017-06-29T10:57:54.119241944Z: + LINUXKIT_TMPDIR=/tmp/build/test/cases/_tmp
[STDERR  ] 2017-06-29T10:57:54.11925199Z: + [ -f /tmp/build/test/cases/_tmp/env.sh ]
[STDERR  ] 2017-06-29T10:57:54.119264178Z: + . /tmp/build/test/cases/_tmp/env.sh
[STDERR  ] 2017-06-29T10:57:54.119274604Z: + export LINUXKIT_EXAMPLES_DIR=/tmp/build/test/cases/../../examples
[STDERR  ] 2017-06-29T10:57:54.119303338Z: + export LINUXKIT_BLUEPRINTS_DIR=/tmp/build/test/cases/../../blueprints
[STDERR  ] 2017-06-29T10:57:54.119314121Z: + RT_CANCEL=253
[STDERR  ] 2017-06-29T10:57:54.119325545Z: + NAME=check
[STDERR  ] 2017-06-29T10:57:54.119334366Z: + trap clean_up EXIT
[STDERR  ] 2017-06-29T10:57:54.119345796Z: + moby build -output kernel+initrd,iso-bios,iso-efi,gcp,raw,qcow2,vmdk -name check test.yml
[STDERR  ] 2017-06-29T10:57:54.129188546Z: Building LinuxKit image mkimage to generate output formats
[STDERR  ] 2017-06-29T10:57:54.129973564Z: Extract kernel image: linuxkit/kernel:4.9.x
[STDERR  ] 2017-06-29T10:57:56.472398227Z: Pull image: docker.io/linuxkit/kernel:4.9.x@sha256:4e75a4717ea3adb578e611076a38722d27c98676e90f84c8ae7edccce359b5ba
[STDERR  ] 2017-06-29T10:58:03.493948567Z: Add init containers:
[STDERR  ] 2017-06-29T10:58:03.493977969Z: Process init image: linuxkit/init:1b8a7e394d2ec2f1fdb4d67645829d1b5bdca037
[STDERR  ] 2017-06-29T10:58:05.73603161Z: Pull image: docker.io/linuxkit/init:1b8a7e394d2ec2f1fdb4d67645829d1b5bdca037@sha256:8e80db5f2ccd7214ccbee3ea1d2cf3b844d668676a2352c3739fa891942fe1df
[STDERR  ] 2017-06-29T10:58:10.431684239Z: Process init image: linuxkit/runc:3a4e6cbf15470f62501b019b55e1caac5ee7689f
[STDERR  ] 2017-06-29T10:58:12.570873576Z: Pull image: docker.io/linuxkit/runc:3a4e6cbf15470f62501b019b55e1caac5ee7689f@sha256:e8603bafe28d72887a2db01886d326a6e309e6ad3b2ad88bb7cee9be260d2fc7
[STDERR  ] 2017-06-29T10:58:15.363358094Z: Process init image: linuxkit/containerd:b1766e4c4c09f63ac4925a6e4612852a93f7e73b
[STDERR  ] 2017-06-29T10:58:17.559256514Z: Pull image: docker.io/linuxkit/containerd:b1766e4c4c09f63ac4925a6e4612852a93f7e73b@sha256:d081ed43b48948ae1ba4a913d8ade115b6052ac2b00934bc28306f9176c3844a
[STDERR  ] 2017-06-29T10:58:23.659965354Z: Add onboot containers:
[STDERR  ] 2017-06-29T10:58:23.659982348Z:   Create OCI config for linuxkit/mkimage:5ad60299be03008f29c5caec3c5ea4ac0387aae6
[STDERR  ] 2017-06-29T10:58:25.441067991Z: Pull image: docker.io/linuxkit/mkimage:5ad60299be03008f29c5caec3c5ea4ac0387aae6@sha256:5fc18c2a1e9035404568ce04e8f7917458c4403e5e13d2867423d0ec416f05c7
[STDERR  ] 2017-06-29T10:58:31.84688145Z:   Create OCI config for linuxkit/poweroff:a8f1e4ad8d459f1fdaad9e4b007512cb3b504ae8
[STDERR  ] 2017-06-29T10:58:33.42593138Z: Pull image: docker.io/linuxkit/poweroff:a8f1e4ad8d459f1fdaad9e4b007512cb3b504ae8@sha256:1c553c4d6b3d63eb45f5710ed31a63d77ebfb7c44b818f0be8b0c813c6e55d52
[STDERR  ] 2017-06-29T10:58:45.997798264Z: Extract kernel image: linuxkit/kernel:4.9.34
[STDERR  ] 2017-06-29T10:58:47.883275856Z: Add init containers:
[STDERR  ] 2017-06-29T10:58:47.883383736Z: Process init image: linuxkit/init:36c56f0664d49c5a6adc1120d1bf5ba6ac30b389
[STDERR  ] 2017-06-29T10:58:49.413468477Z: Process init image: linuxkit/runc:291131ec026430371e7c36165c3f43734fbc2541
[STDERR  ] 2017-06-29T10:58:51.556846518Z: Pull image: docker.io/linuxkit/runc:291131ec026430371e7c36165c3f43734fbc2541@sha256:0cadf177b083e0afa25a14056b5de19a82d2e20a0dc5c571c1570c7662d81070
[STDERR  ] 2017-06-29T10:58:54.452927538Z: Process init image: linuxkit/containerd:1e3e8f207421de8deac8cedc26a138d6b1661a0d
[STDERR  ] 2017-06-29T10:58:56.433875782Z: Add onboot containers:
[STDERR  ] 2017-06-29T10:58:56.433928391Z:   Create OCI config for linuxkit/dhcpcd:6c1ca76dbf808d5c27d10cbf22a8d4399be5c8ae
[STDERR  ] 2017-06-29T10:58:58.021174238Z: Create outputs:
[STDERR  ] 2017-06-29T10:59:07.059327941Z:   check-kernel check-initrd.img check-cmdline
[STDERR  ] 2017-06-29T10:59:16.965161034Z:   check.iso
[STDERR  ] 2017-06-29T10:59:37.097054796Z:   check-efi.iso
[STDERR  ] 2017-06-29T10:59:56.900574432Z:   check.img.tar.gz
[STDERR  ] 2017-06-29T11:00:52.988622741Z:   check.raw
[STDERR  ] 2017-06-29T11:01:05.169758831Z: Unable to find image 'linuxkit/qemu:c9691f5c50dd191e62b77eaa2f3dfd05ed2ed77c' locally
[STDERR  ] 2017-06-29T11:01:06.535548783Z: c9691f5c50dd191e62b77eaa2f3dfd05ed2ed77c: Pulling from linuxkit/qemu
[STDERR  ] 2017-06-29T11:01:06.535668549Z: 3014af544048: Pulling fs layer
[STDERR  ] 2017-06-29T11:01:07.79544855Z: 3014af544048: Verifying Checksum
[STDERR  ] 2017-06-29T11:01:07.79558018Z: 3014af544048: Download complete
[STDERR  ] 2017-06-29T11:01:09.825328522Z: 3014af544048: Pull complete
[STDERR  ] 2017-06-29T11:01:09.94691351Z: Digest: sha256:8b757177c06d0bbc9b78356b7cb56a5aecaf2a0601ee06a3f4af9a5278a077ac
[STDERR  ] 2017-06-29T11:01:10.011855454Z: Status: Downloaded newer image for linuxkit/qemu:c9691f5c50dd191e62b77eaa2f3dfd05ed2ed77c
[STDERR  ] 2017-06-29T11:02:40.203631099Z:   check.qcow2
[STDERR  ] 2017-06-29T11:04:28.595680675Z:   check.vmdk
[STDERR  ] 2017-06-29T11:05:18.79886871Z: + [ -f check-kernel ]
[STDERR  ] 2017-06-29T11:05:18.7988807Z: + [ -f check-initrd.img ]
[STDERR  ] 2017-06-29T11:05:18.79890163Z: + [ -f check-cmdline ]
[STDERR  ] 2017-06-29T11:05:18.798906378Z: + [ -f check.iso ]
[STDERR  ] 2017-06-29T11:05:18.798921304Z: + [ -f check-efi.iso ]
[STDERR  ] 2017-06-29T11:05:18.798931418Z: + [ -f check.img.tar.gz ]
[STDERR  ] 2017-06-29T11:05:18.798936706Z: + [ -f check.raw ]
[STDERR  ] 2017-06-29T11:05:18.798950939Z: + [ -f check.qcow2 ]
[STDERR  ] 2017-06-29T11:05:18.798955969Z: + [ -f check.vmdk ]
[STDERR  ] 2017-06-29T11:05:18.798970856Z: + exit 0
[STDERR  ] 2017-06-29T11:05:18.798975919Z: + clean_up
[STDERR  ] 2017-06-29T11:05:18.798991892Z: + find . -depth -iname check* -exec rm -rf {} ;
[PASS    ] linuxkit.build.outputs 445.00s
