[INFO    ] 2017-06-29T17:02:00.43736399Z: Running Test linuxkit.platforms.qemu.run_raw in /tmp/build/test/cases/010_platforms/000_qemu/040_run_raw
[INFO    ] 2017-06-29T17:02:00.437475841Z: Running command: [/bin/sh -x /tmp/build/test/cases/010_platforms/000_qemu/040_run_raw/test.sh]
[STDERR  ] 2017-06-29T17:02:00.449765214Z: + set -e
[STDERR  ] 2017-06-29T17:02:00.449842582Z: + . /tmp/build/test/cases/_lib/lib.sh
[STDERR  ] 2017-06-29T17:02:00.449950294Z: + [ -f src/github.com/linuxkit/rtf/lib/lib.sh ]
[STDERR  ] 2017-06-29T17:02:00.469580388Z: + LINUXKIT_TMPDIR=/tmp/build/test/cases/_tmp
[STDERR  ] 2017-06-29T17:02:00.469709699Z: + [ -f /tmp/build/test/cases/_tmp/env.sh ]
[STDERR  ] 2017-06-29T17:02:00.469775095Z: + . /tmp/build/test/cases/_tmp/env.sh
[STDERR  ] 2017-06-29T17:02:00.469873633Z: + export LINUXKIT_EXAMPLES_DIR=/tmp/build/test/cases/../../examples
[STDERR  ] 2017-06-29T17:02:00.469932562Z: + export LINUXKIT_BLUEPRINTS_DIR=/tmp/build/test/cases/../../blueprints
[STDERR  ] 2017-06-29T17:02:00.469974492Z: + RT_CANCEL=253
[STDERR  ] 2017-06-29T17:02:00.470017161Z: + NAME=qemu-raw
[STDERR  ] 2017-06-29T17:02:00.47008257Z: + trap clean_up EXIT
[STDERR  ] 2017-06-29T17:02:00.470179129Z: + moby build -output raw -name qemu-raw test.yml
[STDERR  ] 2017-06-29T17:02:00.513446698Z: Extract kernel image: linuxkit/kernel:4.9.34
[STDERR  ] 2017-06-29T17:02:02.564932192Z: Add init containers:
[STDERR  ] 2017-06-29T17:02:02.564993602Z: Process init image: linuxkit/init:36c56f0664d49c5a6adc1120d1bf5ba6ac30b389
[STDERR  ] 2017-06-29T17:02:04.145588697Z: Process init image: linuxkit/runc:291131ec026430371e7c36165c3f43734fbc2541
[STDERR  ] 2017-06-29T17:02:05.810349715Z: Process init image: linuxkit/containerd:1e3e8f207421de8deac8cedc26a138d6b1661a0d
[STDERR  ] 2017-06-29T17:02:07.871670419Z: Add onboot containers:
[STDERR  ] 2017-06-29T17:02:07.871790103Z:   Create OCI config for linuxkit/poweroff:7404cf2295df89ccfa2dda41997a28307a90cf28
[STDERR  ] 2017-06-29T17:02:09.515416885Z: Create outputs:
[STDERR  ] 2017-06-29T17:02:09.515439209Z:   qemu-raw.raw
[STDERR  ] 2017-06-29T17:03:43.884306465Z: + [ -f qemu-raw.raw ]
[STDERR  ] 2017-06-29T17:03:43.884481015Z: + linuxkit run qemu qemu-raw.raw
[STDERR  ] 2017-06-29T17:03:43.884737208Z: + grep -q Welcome to LinuxKit
[STDERR  ] 2017-06-29T17:03:43.901914234Z: Unable to find qemu-system-x86_64 within the $PATH. Using a container
[STDERR  ] 2017-06-29T17:03:43.901930311Z: Using existing disk [qemu-raw.raw] format 
[STDERR  ] 2017-06-29T17:03:44.775742219Z: WARNING: Image format was not specified for 'qemu-raw.raw' and probing guessed raw.
[STDERR  ] 2017-06-29T17:03:44.794038661Z:          Automatically detecting the format is dangerous for raw images, write operations on block 0 will be restricted.
[STDERR  ] 2017-06-29T17:03:44.794056601Z:          Specify the 'raw' format explicitly to remove the restrictions.
[STDERR  ] 2017-06-29T17:04:11.012955822Z: write /dev/stdout: broken pipe
[STDERR  ] 2017-06-29T17:04:11.014242604Z: time="2017-06-29T17:04:11Z" level=fatal msg="exit status 1" 
[STDERR  ] 2017-06-29T17:04:11.01646663Z: + exit 0
[STDERR  ] 2017-06-29T17:04:11.016491838Z: + clean_up
[STDERR  ] 2017-06-29T17:04:11.01654783Z: + rm -rf qemu-raw.raw
[PASS    ] linuxkit.platforms.qemu.run_raw 130.58s
