[INFO    ] 2017-07-20T13:47:38.163681548Z: Running Test linuxkit.build.examples.minimal in /tmp/build/test/cases/000_build/100_examples/000_minimal
[INFO    ] 2017-07-20T13:47:38.163764739Z: Running command: [/bin/sh -x /tmp/build/test/cases/000_build/100_examples/000_minimal/test.sh]
[STDERR  ] 2017-07-20T13:47:38.17088933Z: + set -e
[STDERR  ] 2017-07-20T13:47:38.170970759Z: + . /tmp/build/test/cases/_lib/lib.sh
[STDERR  ] 2017-07-20T13:47:38.17098363Z: + [ -f src/github.com/linuxkit/rtf/lib/lib.sh ]
[STDERR  ] 2017-07-20T13:47:38.170995053Z: + LINUXKIT_TMPDIR=/tmp/build/test/cases/_tmp
[STDERR  ] 2017-07-20T13:47:38.171006047Z: + [ -f /tmp/build/test/cases/_tmp/env.sh ]
[STDERR  ] 2017-07-20T13:47:38.171016676Z: + . /tmp/build/test/cases/_tmp/env.sh
[STDERR  ] 2017-07-20T13:47:38.171030162Z: + export LINUXKIT_EXAMPLES_DIR=/tmp/build/test/cases/../../examples
[STDERR  ] 2017-07-20T13:47:38.171042982Z: + export LINUXKIT_BLUEPRINTS_DIR=/tmp/build/test/cases/../../blueprints
[STDERR  ] 2017-07-20T13:47:38.171055397Z: + RT_CANCEL=253
[STDERR  ] 2017-07-20T13:47:38.171066363Z: + IMAGE_NAME=minimal
[STDERR  ] 2017-07-20T13:47:38.171076897Z: + trap clean_up EXIT
[STDERR  ] 2017-07-20T13:47:38.171087447Z: + moby build /tmp/build/test/cases/../../examples/minimal.yml
[STDERR  ] 2017-07-20T13:47:38.188544543Z: Extract kernel image: linuxkit/kernel:4.9.38
[STDERR  ] 2017-07-20T13:47:39.869683891Z: Add init containers:
[STDERR  ] 2017-07-20T13:47:39.869746727Z: Process init image: linuxkit/init:d049e7b2074da5cd699a27defb47eb101142455d
[STDERR  ] 2017-07-20T13:47:41.125790147Z: Process init image: linuxkit/runc:d5cbeb95bdafedb82ad2cf11cff1a5da7fcae630
[STDERR  ] 2017-07-20T13:47:42.335402117Z: Process init image: linuxkit/containerd:b6ffbb669248e3369081a6c4427026aa968a2385
[STDERR  ] 2017-07-20T13:47:43.937123457Z: Add onboot containers:
[STDERR  ] 2017-07-20T13:47:43.937184014Z:   Create OCI config for linuxkit/dhcpcd:4b7b8bb024cebb1bbb9c8026d44d7cbc8e202c41
[STDERR  ] 2017-07-20T13:47:45.201452318Z: Add service containers:
[STDERR  ] 2017-07-20T13:47:45.201516415Z:   Create OCI config for linuxkit/getty:0a2955f3d7a10a0e71972791c3ba6400118f327e
[STDERR  ] 2017-07-20T13:47:47.04841124Z: Pull image: docker.io/linuxkit/getty:0a2955f3d7a10a0e71972791c3ba6400118f327e@sha256:6f02aa26cc05adf01723b17b6f8c64ff8e53016035ff6238544eaaf4e25fb842
[STDERR  ] 2017-07-20T13:47:51.178122988Z: Create outputs:
[STDERR  ] 2017-07-20T13:48:00.034524146Z:   minimal-kernel minimal-initrd.img minimal-cmdline
[STDERR  ] 2017-07-20T13:48:00.106720814Z: + exit 0
[STDERR  ] 2017-07-20T13:48:00.106783741Z: + clean_up
[STDERR  ] 2017-07-20T13:48:00.106793442Z: + rm -rf minimal-cmdline minimal-initrd.img minimal-kernel
[PASS    ] linuxkit.build.examples.minimal 21.95s
