[INFO    ] 2017-10-12T15:45:27.377247299Z: Running Test linuxkit.build.outputs.kernel+initrd in /tmp/with_clone22af0f70/test/cases/000_build/000_outputs/000_kernel+initrd
[INFO    ] 2017-10-12T15:45:27.377405095Z: Running command: [/bin/sh -x /tmp/with_clone22af0f70/test/cases/000_build/000_outputs/000_kernel+initrd/test.sh]
[STDERR  ] 2017-10-12T15:45:27.383291799Z: + set -e
[STDERR  ] 2017-10-12T15:45:27.383352889Z: + . /tmp/with_clone22af0f70/test/cases/_lib/lib.sh
[STDERR  ] 2017-10-12T15:45:27.383366383Z: + [ -f src/github.com/linuxkit/rtf/lib/lib.sh ]
[STDERR  ] 2017-10-12T15:45:27.38337893Z: + LINUXKIT_TMPDIR=/tmp/with_clone22af0f70/test/cases/_tmp
[STDERR  ] 2017-10-12T15:45:27.383393325Z: + [ -f /tmp/with_clone22af0f70/test/cases/_tmp/env.sh ]
[STDERR  ] 2017-10-12T15:45:27.383405366Z: + . /tmp/with_clone22af0f70/test/cases/_tmp/env.sh
[STDERR  ] 2017-10-12T15:45:27.383436489Z: + export LINUXKIT_EXAMPLES_DIR=/tmp/with_clone22af0f70/test/cases/../../examples
[STDERR  ] 2017-10-12T15:45:27.383453438Z: + export LINUXKIT_BLUEPRINTS_DIR=/tmp/with_clone22af0f70/test/cases/../../blueprints
[STDERR  ] 2017-10-12T15:45:27.3834666Z: + RT_CANCEL=253
[STDERR  ] 2017-10-12T15:45:27.383478505Z: + NAME=check
[STDERR  ] 2017-10-12T15:45:27.383489579Z: + trap clean_up EXIT
[STDERR  ] 2017-10-12T15:45:27.383501367Z: + moby build -format kernel+initrd -name check ../test.yml
[STDERR  ] 2017-10-12T15:45:27.42114193Z: Extract kernel image: linuxkit/kernel:4.9.54
[STDERR  ] 2017-10-12T15:45:28.586206694Z: time="2017-10-12T15:45:28Z" level=warning msg="certificate with CN Moby CI is near expiry" 
[STDERR  ] 2017-10-12T15:45:28.586621607Z: time="2017-10-12T15:45:28Z" level=warning msg="certificate with CN Rolf Neugebauer is near expiry" 
[STDERR  ] 2017-10-12T15:45:28.655420406Z: time="2017-10-12T15:45:28Z" level=warning msg="certificate with CN Rolf Neugebauer is near expiry" 
[STDERR  ] 2017-10-12T15:45:35.724015957Z: Add init containers:
[STDERR  ] 2017-10-12T15:45:36.761105286Z: time="2017-10-12T15:45:36Z" level=warning msg="certificate with CN Moby CI is near expiry" 
[STDERR  ] 2017-10-12T15:45:36.761370044Z: time="2017-10-12T15:45:36Z" level=warning msg="certificate with CN Rolf Neugebauer is near expiry" 
[STDERR  ] 2017-10-12T15:45:36.765916223Z: time="2017-10-12T15:45:36Z" level=warning msg="certificate with CN Rolf Neugebauer is near expiry" 
[STDERR  ] 2017-10-12T15:45:39.090926729Z: time="2017-10-12T15:45:39Z" level=warning msg="certificate with CN Moby CI is near expiry" 
[STDERR  ] 2017-10-12T15:45:39.091494092Z: time="2017-10-12T15:45:39Z" level=warning msg="certificate with CN Rolf Neugebauer is near expiry" 
[STDERR  ] 2017-10-12T15:45:39.09771586Z: time="2017-10-12T15:45:39Z" level=warning msg="certificate with CN Rolf Neugebauer is near expiry" 
[STDERR  ] 2017-10-12T15:45:39.905211996Z: Add onboot containers:
[STDERR  ] 2017-10-12T15:45:39.905289098Z:   Create OCI config for linuxkit/dhcpcd:aa685261ceb2557990dcfe9dd8824c6b9ec416e2
[STDERR  ] 2017-10-12T15:45:40.928222576Z: time="2017-10-12T15:45:40Z" level=warning msg="certificate with CN Rolf Neugebauer is near expiry" 
[STDERR  ] 2017-10-12T15:45:40.928540983Z: time="2017-10-12T15:45:40Z" level=warning msg="certificate with CN Moby CI is near expiry" 
[STDERR  ] 2017-10-12T15:45:40.930123505Z: time="2017-10-12T15:45:40Z" level=warning msg="certificate with CN Rolf Neugebauer is near expiry" 
[STDERR  ] 2017-10-12T15:45:41.886446042Z: Create outputs:
[STDERR  ] 2017-10-12T15:45:47.388740181Z:   check-kernel check-initrd.img check-cmdline
[STDERR  ] 2017-10-12T15:45:47.624283024Z: + [ -f check-kernel ]
[STDERR  ] 2017-10-12T15:45:47.624326509Z: + [ -f check-initrd.img ]
[STDERR  ] 2017-10-12T15:45:47.624333829Z: + [ -f check-cmdline ]
[STDERR  ] 2017-10-12T15:45:47.62435218Z: + exit 0
[STDERR  ] 2017-10-12T15:45:47.624359555Z: + clean_up
[STDERR  ] 2017-10-12T15:45:47.624366263Z: + rm -f check-cmdline check-initrd.img check-kernel
[PASS    ] linuxkit.build.outputs.kernel+initrd 20.26s
