[INFO    ] 2018-05-01T19:55:43.093981294Z: Running Test linuxkit.platforms.qemu.run_kernel+initrd in /tmp/build/test/cases/010_platforms/000_qemu/000_run_kernel+initrd
[INFO    ] 2018-05-01T19:55:43.094104136Z: Running command: [/bin/sh -x /tmp/build/test/cases/010_platforms/000_qemu/000_run_kernel+initrd/test.sh]
[STDERR  ] 2018-05-01T19:55:43.094594055Z: + set -e
[STDERR  ] 2018-05-01T19:55:43.094634427Z: + . /tmp/build/test/cases/_lib/lib.sh
[STDERR  ] 2018-05-01T19:55:43.094650810Z: + [ -f src/github.com/linuxkit/rtf/lib/lib.sh ]
[STDERR  ] 2018-05-01T19:55:43.094667831Z: + LINUXKIT_TMPDIR=/tmp/build/test/cases/_tmp
[STDERR  ] 2018-05-01T19:55:43.094683637Z: + [ -f /tmp/build/test/cases/_tmp/env.sh ]
[STDERR  ] 2018-05-01T19:55:43.094699031Z: + . /tmp/build/test/cases/_tmp/env.sh
[STDERR  ] 2018-05-01T19:55:43.094721461Z: + export LINUXKIT_EXAMPLES_DIR=/tmp/build/test/cases/../../examples
[STDERR  ] 2018-05-01T19:55:43.094743931Z: + RT_CANCEL=253
[STDERR  ] 2018-05-01T19:55:43.094758455Z: + NAME=qemu-kernel
[STDERR  ] 2018-05-01T19:55:43.094775928Z: + trap clean_up EXIT
[STDERR  ] 2018-05-01T19:55:43.094791533Z: + linuxkit build -format kernel+initrd -name qemu-kernel test.yml
[STDERR  ] 2018-05-01T19:55:43.150453047Z: Extract kernel image: linuxkit/kernel:4.14.35
[STDERR  ] 2018-05-01T19:55:44.920348531Z: Add init containers:
[STDERR  ] 2018-05-01T19:55:44.920416432Z: Process init image: linuxkit/init:d0bf64f4cea42bea71e7d8f8832ba497bb822e89
[STDERR  ] 2018-05-01T19:55:46.159145126Z: Process init image: linuxkit/runc:acba8886e4b1318457c711700f695a02fef9493d
[STDERR  ] 2018-05-01T19:55:47.333889519Z: Add onboot containers:
[STDERR  ] 2018-05-01T19:55:47.333958728Z:   Create OCI config for linuxkit/poweroff:5740687bf0a6a0480922c0f59b3a4ca77c866cae
[STDERR  ] 2018-05-01T19:55:48.546918244Z: Create outputs:
[STDERR  ] 2018-05-01T19:55:53.393383526Z:   qemu-kernel-kernel qemu-kernel-initrd.img qemu-kernel-cmdline
[STDERR  ] 2018-05-01T19:55:53.442480425Z: + [ -f qemu-kernel-kernel ]
[STDERR  ] 2018-05-01T19:55:53.442545404Z: + [ -f qemu-kernel-initrd.img ]
[STDERR  ] 2018-05-01T19:55:53.442560572Z: + [ -f qemu-kernel-cmdline ]
[STDERR  ] 2018-05-01T19:55:53.442577251Z: + linuxkit run qemu -kernel qemu-kernel
[STDERR  ] 2018-05-01T19:55:53.442812875Z: + grep -q Welcome to LinuxKit
[STDERR  ] 2018-05-01T19:55:53.467542202Z: Unable to find qemu-system-x86_64 within the $PATH. Using a container
[STDERR  ] 2018-05-01T19:56:06.516464874Z: write /dev/stdout: broken pipe
[STDERR  ] 2018-05-01T19:56:06.517432842Z: time="2018-05-01T19:56:06Z" level=fatal msg="exit status 1"
[STDERR  ] 2018-05-01T19:56:06.520173265Z: + exit 0
[STDERR  ] 2018-05-01T19:56:06.520206678Z: + clean_up
[STDERR  ] 2018-05-01T19:56:06.520235429Z: + rm -rf qemu-kernel-cmdline qemu-kernel-initrd.img qemu-kernel-kernel qemu-kernel-state
[PASS    ] linuxkit.platforms.qemu.run_kernel+initrd 23.44s
