[INFO    ] 2019-09-15T12:22:28.385699864Z: Running Test linuxkit.platforms.qemu.run_qcow_bios in /tmp/with_clone1bd53a76/test/cases/010_platforms/000_qemu/030_run_qcow_bios
[INFO    ] 2019-09-15T12:22:28.386006010Z: Running command: [/bin/sh -x /tmp/with_clone1bd53a76/test/cases/010_platforms/000_qemu/030_run_qcow_bios/test.sh]
[STDERR  ] 2019-09-15T12:22:28.386810850Z: + set -e
[STDERR  ] 2019-09-15T12:22:28.386904969Z: + . /tmp/with_clone1bd53a76/test/cases/_lib/lib.sh
[STDERR  ] 2019-09-15T12:22:28.386935178Z: + [ -f src/github.com/linuxkit/rtf/lib/lib.sh ]
[STDERR  ] 2019-09-15T12:22:28.386971468Z: + LINUXKIT_TMPDIR=/tmp/with_clone1bd53a76/test/cases/_tmp
[STDERR  ] 2019-09-15T12:22:28.387001921Z: + [ -f /tmp/with_clone1bd53a76/test/cases/_tmp/env.sh ]
[STDERR  ] 2019-09-15T12:22:28.387036630Z: + . /tmp/with_clone1bd53a76/test/cases/_tmp/env.sh
[STDERR  ] 2019-09-15T12:22:28.387068250Z: + export LINUXKIT_EXAMPLES_DIR=/tmp/with_clone1bd53a76/test/cases/../../examples
[STDERR  ] 2019-09-15T12:22:28.387103212Z: + RT_CANCEL=253
[STDERR  ] 2019-09-15T12:22:28.387134733Z: + NAME=qemu-qcow2
[STDERR  ] 2019-09-15T12:22:28.387166010Z: + trap clean_up EXIT
[STDERR  ] 2019-09-15T12:22:28.387220691Z: + linuxkit build -format qcow2-bios -name qemu-qcow2 test.yml
[STDERR  ] 2019-09-15T12:22:28.441128398Z: Building LinuxKit image mkimage to generate output formats
[STDERR  ] 2019-09-15T12:22:28.443162852Z: Extract kernel image: linuxkit/kernel:4.9.39
[STDERR  ] 2019-09-15T12:22:31.827554503Z: Add init containers:
[STDERR  ] 2019-09-15T12:22:31.827674553Z: Process init image: linuxkit/init:1d8e0532ca588c5ad0d9ca6038349a70bb7ac626
[STDERR  ] 2019-09-15T12:22:33.562364267Z: Process init image: linuxkit/runc:c1f0db27e71d948f3134b31ce76276f843849b0a
[STDERR  ] 2019-09-15T12:22:35.191460484Z: Add onboot containers:
[STDERR  ] 2019-09-15T12:22:35.191570436Z:   Create OCI config for linuxkit/mkimage:v0.7
[STDERR  ] 2019-09-15T12:22:37.015465669Z:   Create OCI config for linuxkit/poweroff:b498d30dd9660090565537fceb9e757618737a85
[STDERR  ] 2019-09-15T12:22:43.425149161Z: Extract kernel image: linuxkit/kernel:4.19.56
[STDERR  ] 2019-09-15T12:22:48.347423457Z: Add init containers:
[STDERR  ] 2019-09-15T12:22:48.347555030Z: Process init image: linuxkit/init:1d8e0532ca588c5ad0d9ca6038349a70bb7ac626
[STDERR  ] 2019-09-15T12:22:50.114331957Z: Process init image: linuxkit/runc:c1f0db27e71d948f3134b31ce76276f843849b0a
[STDERR  ] 2019-09-15T12:22:51.735485703Z: Add onboot containers:
[STDERR  ] 2019-09-15T12:22:51.735598070Z:   Create OCI config for linuxkit/poweroff:b498d30dd9660090565537fceb9e757618737a85
[STDERR  ] 2019-09-15T12:22:53.291691888Z: Create outputs:
[STDERR  ] 2019-09-15T12:22:53.291789179Z:   qemu-qcow2.qcow2
[STDERR  ] 2019-09-15T12:24:19.028036364Z: + [ -f qemu-qcow2.qcow2 ]
[STDERR  ] 2019-09-15T12:24:19.028321945Z: + linuxkit run qemu qemu-qcow2.qcow2
[STDERR  ] 2019-09-15T12:24:19.028509382Z: + grep -q Welcome to LinuxKit
[STDERR  ] 2019-09-15T12:24:19.076618960Z: Using existing disk [qemu-qcow2.qcow2] format 
[STDERR  ] 2019-09-15T12:25:15.045118854Z: + exit 0
[STDERR  ] 2019-09-15T12:25:15.045264524Z: + clean_up
[STDERR  ] 2019-09-15T12:25:15.045293912Z: + rm -rf qemu-qcow2.qcow2 qemu-qcow2.qcow2-state
[PASS    ] linuxkit.platforms.qemu.run_qcow_bios 166.67s
