[INFO    ] 2017-10-10T18:26:56.005273984Z: Running Test linuxkit.platforms.qemu.run_raw in /tmp/build/test/cases/010_platforms/000_qemu/040_run_raw
[INFO    ] 2017-10-10T18:26:56.005451818Z: Running command: [/bin/sh -x /tmp/build/test/cases/010_platforms/000_qemu/040_run_raw/test.sh]
[STDERR  ] 2017-10-10T18:26:56.015615717Z: + set -e
[STDERR  ] 2017-10-10T18:26:56.015724687Z: + . /tmp/build/test/cases/_lib/lib.sh
[STDERR  ] 2017-10-10T18:26:56.015786198Z: + [ -f src/github.com/linuxkit/rtf/lib/lib.sh ]
[STDERR  ] 2017-10-10T18:26:56.015824502Z: + LINUXKIT_TMPDIR=/tmp/build/test/cases/_tmp
[STDERR  ] 2017-10-10T18:26:56.015862693Z: + [ -f /tmp/build/test/cases/_tmp/env.sh ]
[STDERR  ] 2017-10-10T18:26:56.015907501Z: + . /tmp/build/test/cases/_tmp/env.sh
[STDERR  ] 2017-10-10T18:26:56.015947039Z: + export LINUXKIT_EXAMPLES_DIR=/tmp/build/test/cases/../../examples
[STDERR  ] 2017-10-10T18:26:56.015980014Z: + export LINUXKIT_BLUEPRINTS_DIR=/tmp/build/test/cases/../../blueprints
[STDERR  ] 2017-10-10T18:26:56.0160079Z: + RT_CANCEL=253
[STDERR  ] 2017-10-10T18:26:56.016032429Z: + NAME=qemu-raw
[STDERR  ] 2017-10-10T18:26:56.016066126Z: + trap clean_up EXIT
[STDERR  ] 2017-10-10T18:26:56.016118561Z: + moby build -format raw -name qemu-raw test.yml
[STDERR  ] 2017-10-10T18:26:56.033090895Z: Extract kernel image: linuxkit/kernel:4.9.52
[STDERR  ] 2017-10-10T18:26:57.144119536Z: time="2017-10-10T18:26:57Z" level=warning msg="certificate with CN Moby CI is near expiry" 
[STDERR  ] 2017-10-10T18:26:57.144521917Z: time="2017-10-10T18:26:57Z" level=warning msg="certificate with CN Rolf Neugebauer is near expiry" 
[STDERR  ] 2017-10-10T18:26:57.175397213Z: time="2017-10-10T18:26:57Z" level=warning msg="certificate with CN Rolf Neugebauer is near expiry" 
[STDERR  ] 2017-10-10T18:26:58.00264819Z: Add init containers:
[STDERR  ] 2017-10-10T18:26:58.002705357Z: Process init image: linuxkit/init:7804129bd06218b72c298139a25698a748d253c6
[STDERR  ] 2017-10-10T18:26:59.094783689Z: time="2017-10-10T18:26:59Z" level=warning msg="certificate with CN Moby CI is near expiry" 
[STDERR  ] 2017-10-10T18:26:59.095013719Z: time="2017-10-10T18:26:59Z" level=warning msg="certificate with CN Rolf Neugebauer is near expiry" 
[STDERR  ] 2017-10-10T18:26:59.100405767Z: time="2017-10-10T18:26:59Z" level=warning msg="certificate with CN Rolf Neugebauer is near expiry" 
[STDERR  ] 2017-10-10T18:26:59.285718729Z: Process init image: linuxkit/runc:a1b564248a0d0b118c11e61db9f84ecf41dd2d2a
[STDERR  ] 2017-10-10T18:27:00.345298026Z: time="2017-10-10T18:27:00Z" level=warning msg="certificate with CN Rolf Neugebauer is near expiry" 
[STDERR  ] 2017-10-10T18:27:00.345623395Z: time="2017-10-10T18:27:00Z" level=warning msg="certificate with CN Moby CI is near expiry" 
[STDERR  ] 2017-10-10T18:27:00.349605672Z: time="2017-10-10T18:27:00Z" level=warning msg="certificate with CN Rolf Neugebauer is near expiry" 
[STDERR  ] 2017-10-10T18:27:00.567565136Z: Add onboot containers:
[STDERR  ] 2017-10-10T18:27:00.567621217Z:   Create OCI config for linuxkit/poweroff:1e9876c682c74d0602b7647c628bb0875fb13998
[STDERR  ] 2017-10-10T18:27:01.639212036Z: time="2017-10-10T18:27:01Z" level=warning msg="certificate with CN Moby CI is near expiry" 
[STDERR  ] 2017-10-10T18:27:01.639458155Z: time="2017-10-10T18:27:01Z" level=warning msg="certificate with CN Rolf Neugebauer is near expiry" 
[STDERR  ] 2017-10-10T18:27:01.641588169Z: time="2017-10-10T18:27:01Z" level=warning msg="certificate with CN Rolf Neugebauer is near expiry" 
[STDERR  ] 2017-10-10T18:27:01.788852328Z: Create outputs:
[STDERR  ] 2017-10-10T18:27:01.788919587Z:   qemu-raw.raw
[STDERR  ] 2017-10-10T18:28:37.901972891Z: + [ -f qemu-raw.raw ]
[STDERR  ] 2017-10-10T18:28:37.902043395Z: + linuxkit run qemu qemu-raw.raw
[STDERR  ] 2017-10-10T18:28:37.902135859Z: + grep -q Welcome to LinuxKit
[STDERR  ] 2017-10-10T18:28:37.918650122Z: Unable to find qemu-system-x86_64 within the $PATH. Using a container
[STDERR  ] 2017-10-10T18:28:37.918716701Z: Using existing disk [qemu-raw.raw] format 
[STDERR  ] 2017-10-10T18:28:38.359869407Z: WARNING: Image format was not specified for 'qemu-raw.raw' and probing guessed raw.
[STDERR  ] 2017-10-10T18:28:38.359929646Z:          Automatically detecting the format is dangerous for raw images, write operations on block 0 will be restricted.
[STDERR  ] 2017-10-10T18:28:38.359944542Z:          Specify the 'raw' format explicitly to remove the restrictions.
[STDERR  ] 2017-10-10T18:28:57.836036726Z: write /dev/stdout: broken pipe
[STDERR  ] 2017-10-10T18:28:57.8373108Z: time="2017-10-10T18:28:57Z" level=fatal msg="exit status 1" 
[STDERR  ] 2017-10-10T18:28:57.839666708Z: + exit 0
[STDERR  ] 2017-10-10T18:28:57.83969332Z: + clean_up
[STDERR  ] 2017-10-10T18:28:57.839704534Z: + rm -rf qemu-raw.raw qemu-raw.raw-state
[PASS    ] linuxkit.platforms.qemu.run_raw 121.84s
