[INFO    ] 2017-12-15T22:37:20.020390881Z: Running Test linuxkit.build.formats.iso-bios in /tmp/build/test/cases/000_build/000_formats/001_iso-bios
[INFO    ] 2017-12-15T22:37:20.020509747Z: Running command: [/bin/sh -x /tmp/build/test/cases/000_build/000_formats/001_iso-bios/test.sh]
[STDERR  ] 2017-12-15T22:37:20.021171453Z: + set -e
[STDERR  ] 2017-12-15T22:37:20.021218867Z: + . /tmp/build/test/cases/_lib/lib.sh
[STDERR  ] 2017-12-15T22:37:20.02123089Z: + [ -f src/github.com/linuxkit/rtf/lib/lib.sh ]
[STDERR  ] 2017-12-15T22:37:20.021241622Z: + LINUXKIT_TMPDIR=/tmp/build/test/cases/_tmp
[STDERR  ] 2017-12-15T22:37:20.021255196Z: + [ -f /tmp/build/test/cases/_tmp/env.sh ]
[STDERR  ] 2017-12-15T22:37:20.021266654Z: + . /tmp/build/test/cases/_tmp/env.sh
[STDERR  ] 2017-12-15T22:37:20.0212782Z: + export LINUXKIT_EXAMPLES_DIR=/tmp/build/test/cases/../../examples
[STDERR  ] 2017-12-15T22:37:20.021291159Z: + export LINUXKIT_BLUEPRINTS_DIR=/tmp/build/test/cases/../../blueprints
[STDERR  ] 2017-12-15T22:37:20.021302496Z: + RT_CANCEL=253
[STDERR  ] 2017-12-15T22:37:20.021313641Z: + NAME=check
[STDERR  ] 2017-12-15T22:37:20.021324114Z: + trap clean_up EXIT
[STDERR  ] 2017-12-15T22:37:20.021335849Z: + linuxkit build -format iso-bios -name check ../test.yml
[STDERR  ] 2017-12-15T22:37:20.04929401Z: Extract kernel image: linuxkit/kernel:4.9.69
[STDERR  ] 2017-12-15T22:37:21.1941761Z: time="2017-12-15T22:37:21Z" level=warning msg="certificate with CN Justin Cormack is near expiry" 
[STDERR  ] 2017-12-15T22:37:21.194241748Z: time="2017-12-15T22:37:21Z" level=warning msg="certificate with CN  is near expiry" 
[STDERR  ] 2017-12-15T22:37:21.194314841Z: time="2017-12-15T22:37:21Z" level=warning msg="certificate with CN  is near expiry" 
[STDERR  ] 2017-12-15T22:37:21.235572139Z: time="2017-12-15T22:37:21Z" level=warning msg="certificate with CN Justin Cormack is near expiry" 
[STDERR  ] 2017-12-15T22:37:21.799435223Z: Add init containers:
[STDERR  ] 2017-12-15T22:37:21.799496879Z: Process init image: linuxkit/init:fb1e34662dc92a45f8e92c91adbee094e22feb55
[STDERR  ] 2017-12-15T22:37:22.831549948Z: time="2017-12-15T22:37:22Z" level=warning msg="certificate with CN  is near expiry" 
[STDERR  ] 2017-12-15T22:37:22.831608516Z: time="2017-12-15T22:37:22Z" level=warning msg="certificate with CN  is near expiry" 
[STDERR  ] 2017-12-15T22:37:22.831905634Z: time="2017-12-15T22:37:22Z" level=warning msg="certificate with CN Justin Cormack is near expiry" 
[STDERR  ] 2017-12-15T22:37:22.835486559Z: time="2017-12-15T22:37:22Z" level=warning msg="certificate with CN Justin Cormack is near expiry" 
[STDERR  ] 2017-12-15T22:37:22.837019362Z: time="2017-12-15T22:37:22Z" level=warning msg="certificate with CN  is near expiry" 
[STDERR  ] 2017-12-15T22:37:23.082994116Z: Process init image: linuxkit/runc:abc3f292653e64a2fd488e9675ace19a55ec7023
[STDERR  ] 2017-12-15T22:37:24.126379225Z: time="2017-12-15T22:37:24Z" level=warning msg="certificate with CN  is near expiry" 
[STDERR  ] 2017-12-15T22:37:24.126439098Z: time="2017-12-15T22:37:24Z" level=warning msg="certificate with CN  is near expiry" 
[STDERR  ] 2017-12-15T22:37:24.126757648Z: time="2017-12-15T22:37:24Z" level=warning msg="certificate with CN Justin Cormack is near expiry" 
[STDERR  ] 2017-12-15T22:37:24.128943328Z: time="2017-12-15T22:37:24Z" level=warning msg="certificate with CN Justin Cormack is near expiry" 
[STDERR  ] 2017-12-15T22:37:24.130323355Z: time="2017-12-15T22:37:24Z" level=warning msg="certificate with CN  is near expiry" 
[STDERR  ] 2017-12-15T22:37:24.286159555Z: Add onboot containers:
[STDERR  ] 2017-12-15T22:37:24.286263417Z:   Create OCI config for linuxkit/dhcpcd:0d59a6cc03412289ef4313f2491ec666c1715cc9
[STDERR  ] 2017-12-15T22:37:25.325520765Z: time="2017-12-15T22:37:25Z" level=warning msg="certificate with CN  is near expiry" 
[STDERR  ] 2017-12-15T22:37:25.325852303Z: time="2017-12-15T22:37:25Z" level=warning msg="certificate with CN Justin Cormack is near expiry" 
[STDERR  ] 2017-12-15T22:37:25.326022559Z: time="2017-12-15T22:37:25Z" level=warning msg="certificate with CN  is near expiry" 
[STDERR  ] 2017-12-15T22:37:25.327676704Z: time="2017-12-15T22:37:25Z" level=warning msg="certificate with CN Justin Cormack is near expiry" 
[STDERR  ] 2017-12-15T22:37:25.328497588Z: time="2017-12-15T22:37:25Z" level=warning msg="certificate with CN  is near expiry" 
[STDERR  ] 2017-12-15T22:37:25.471875712Z: Create outputs:
[STDERR  ] 2017-12-15T22:37:25.471926403Z:   check.iso
[STDERR  ] 2017-12-15T22:37:52.837018065Z: + [ -f check.iso ]
[STDERR  ] 2017-12-15T22:37:52.837072466Z: + exit 0
[STDERR  ] 2017-12-15T22:37:52.837095188Z: + clean_up
[STDERR  ] 2017-12-15T22:37:52.837107054Z: + rm -f check.iso
[PASS    ] linuxkit.build.formats.iso-bios 32.83s
