[INFO    ] 2018-10-18T07:17:02.075703297Z: Running Test linuxkit.build.examples.swap in /tmp/with_clone1b466172/test/cases/000_build/100_examples/040_swap
[INFO    ] 2018-10-18T07:17:02.075955922Z: Running command: [/bin/sh -x /tmp/with_clone1b466172/test/cases/000_build/100_examples/040_swap/test.sh]
[STDERR  ] 2018-10-18T07:17:02.076933147Z: + set -e
[STDERR  ] 2018-10-18T07:17:02.077047758Z: + . /tmp/with_clone1b466172/test/cases/_lib/lib.sh
[STDERR  ] 2018-10-18T07:17:02.077073005Z: + [ -f src/github.com/linuxkit/rtf/lib/lib.sh ]
[STDERR  ] 2018-10-18T07:17:02.077102896Z: + LINUXKIT_TMPDIR=/tmp/with_clone1b466172/test/cases/_tmp
[STDERR  ] 2018-10-18T07:17:02.077126377Z: + [ -f /tmp/with_clone1b466172/test/cases/_tmp/env.sh ]
[STDERR  ] 2018-10-18T07:17:02.077148681Z: + . /tmp/with_clone1b466172/test/cases/_tmp/env.sh
[STDERR  ] 2018-10-18T07:17:02.077168499Z: + export LINUXKIT_EXAMPLES_DIR=/tmp/with_clone1b466172/test/cases/../../examples
[STDERR  ] 2018-10-18T07:17:02.077207297Z: + RT_CANCEL=253
[STDERR  ] 2018-10-18T07:17:02.077230112Z: + NAME=swap
[STDERR  ] 2018-10-18T07:17:02.077253145Z: + trap clean_up EXIT
[STDERR  ] 2018-10-18T07:17:02.077271700Z: + linuxkit build /tmp/with_clone1b466172/test/cases/../../examples/swap.yml
[STDERR  ] 2018-10-18T07:17:02.116234106Z: Extract kernel image: linuxkit/kernel:4.14.74
[STDERR  ] 2018-10-18T07:17:06.831417079Z: Add init containers:
[STDERR  ] 2018-10-18T07:17:06.831523943Z: Process init image: linuxkit/init:6eb0158059b056a1567236280880cb87f03ff008
[STDERR  ] 2018-10-18T07:17:08.511286881Z: Process init image: linuxkit/runc:6cf26a0403376de3b5396cb676b88eea4f37aff8
[STDERR  ] 2018-10-18T07:17:10.005323834Z: Process init image: linuxkit/containerd:d955db7cd28dbd7be8a17d7063cc6b7f1bf91f0a
[STDERR  ] 2018-10-18T07:17:12.005644255Z: Process init image: linuxkit/ca-certificates:v0.6
[STDERR  ] 2018-10-18T07:17:13.487304497Z: Add onboot containers:
[STDERR  ] 2018-10-18T07:17:13.487402376Z:   Create OCI config for linuxkit/sysctl:v0.6
[STDERR  ] 2018-10-18T07:17:14.975732472Z:   Create OCI config for linuxkit/dhcpcd:v0.6
[STDERR  ] 2018-10-18T07:17:16.495582581Z:   Create OCI config for linuxkit/format:v0.6
[STDERR  ] 2018-10-18T07:17:18.175717626Z:   Create OCI config for linuxkit/mount:v0.6
[STDERR  ] 2018-10-18T07:17:19.795191352Z:   Create OCI config for linuxkit/swap:v0.6
[STDERR  ] 2018-10-18T07:17:21.459752472Z: Add service containers:
[STDERR  ] 2018-10-18T07:17:21.459831368Z:   Create OCI config for linuxkit/getty:v0.6
[STDERR  ] 2018-10-18T07:17:23.117106609Z:   Create OCI config for linuxkit/rngd:v0.6
[STDERR  ] 2018-10-18T07:17:24.583035015Z: Create outputs:
[STDERR  ] 2018-10-18T07:17:35.414502612Z:   swap-kernel swap-initrd.img swap-cmdline
[STDERR  ] 2018-10-18T07:17:35.521986620Z: + exit 0
[STDERR  ] 2018-10-18T07:17:35.522094416Z: + clean_up
[STDERR  ] 2018-10-18T07:17:35.522120418Z: + rm -f swap-cmdline swap-initrd.img swap-kernel
[PASS    ] linuxkit.build.examples.swap 33.46s
