[INFO    ] 2017-06-12T14:20:48.37397701Z: Running Test linuxkit.platforms.qemu.run_efi in /tmp/build/test/cases/010_platforms/000_qemu/020_run_efi
[INFO    ] 2017-06-12T14:20:48.374060056Z: Running command: [/bin/sh -x /tmp/build/test/cases/010_platforms/000_qemu/020_run_efi/test.sh]
[STDERR  ] 2017-06-12T14:20:48.397502199Z: + set -e
[STDERR  ] 2017-06-12T14:20:48.397514478Z: + . /tmp/build/test/cases/_lib/lib.sh
[STDERR  ] 2017-06-12T14:20:48.39753183Z: + [ -f src/github.com/linuxkit/rtf/lib/lib.sh ]
[STDERR  ] 2017-06-12T14:20:48.397538233Z: + LINUXKIT_TMPDIR=/tmp/build/test/cases/_tmp
[STDERR  ] 2017-06-12T14:20:48.397543952Z: + [ -f /tmp/build/test/cases/_tmp/env.sh ]
[STDERR  ] 2017-06-12T14:20:48.397549245Z: + . /tmp/build/test/cases/_tmp/env.sh
[STDERR  ] 2017-06-12T14:20:48.397556368Z: + export LINUXKIT_EXAMPLES_DIR=/tmp/build/test/cases/../../examples
[STDERR  ] 2017-06-12T14:20:48.397562509Z: + RT_CANCEL=253
[STDERR  ] 2017-06-12T14:20:48.397567903Z: + NAME=qemu-efi
[STDERR  ] 2017-06-12T14:20:48.39757098Z: + trap clean_up EXIT
[STDERR  ] 2017-06-12T14:20:48.397576482Z: + command -v qemu-system-x86_64
[STDERR  ] 2017-06-12T14:20:48.397592753Z: + moby build -output iso-efi -name qemu-efi test.yml
[STDERR  ] 2017-06-12T14:20:48.416575206Z: Extract kernel image: linuxkit/kernel:4.9.x
[STDERR  ] 2017-06-12T14:20:50.136960588Z: Add init containers:
[STDERR  ] 2017-06-12T14:20:50.137006801Z: Process init image: linuxkit/init:2599bcd5013ce5962aa155ee8929c26160de13bd
[STDERR  ] 2017-06-12T14:20:51.484306907Z: Process init image: linuxkit/runc:3a4e6cbf15470f62501b019b55e1caac5ee7689f
[STDERR  ] 2017-06-12T14:20:52.745725975Z: Process init image: linuxkit/containerd:b50181bc6e0084e5fcd6b6ad3cf433c4f66cae5a
[STDERR  ] 2017-06-12T14:20:54.32347373Z: Add onboot containers:
[STDERR  ] 2017-06-12T14:20:54.323508627Z:   Create OCI config for linuxkit/poweroff:7404cf2295df89ccfa2dda41997a28307a90cf28
[STDERR  ] 2017-06-12T14:20:55.657143496Z: Create outputs:
[STDERR  ] 2017-06-12T14:21:01.694063408Z:   qemu-efi-efi.iso
[STDERR  ] 2017-06-12T14:21:05.723696486Z: + [ -f qemu-efi-efi.iso ]
[STDERR  ] 2017-06-12T14:21:05.723882014Z: + grep -q Welcome to LinuxKit
[STDERR  ] 2017-06-12T14:21:05.724770423Z: + linuxkit run qemu -iso -uefi qemu-efi-efi.iso
[STDERR  ] 2017-06-12T14:21:05.740317325Z: Unable to find qemu-system-x86_64 within the $PATH. Using a container
[STDERR  ] 2017-06-12T14:21:06.084401748Z: WARNING: Image format was not specified for '/usr/share/ovmf/bios.bin' and probing guessed raw.
[STDERR  ] 2017-06-12T14:21:06.084431248Z:          Automatically detecting the format is dangerous for raw images, write operations on block 0 will be restricted.
[STDERR  ] 2017-06-12T14:21:06.084438905Z:          Specify the 'raw' format explicitly to remove the restrictions.
[STDERR  ] 2017-06-12T14:21:32.429533031Z: write /dev/stdout: broken pipe
[STDERR  ] 2017-06-12T14:21:32.431760069Z: time="2017-06-12T14:21:32Z" level=fatal msg="exit status 1" 
[STDERR  ] 2017-06-12T14:21:32.431766972Z: + exit 0
[STDERR  ] 2017-06-12T14:21:32.43178225Z: + clean_up
[STDERR  ] 2017-06-12T14:21:32.431797395Z: + rm -rf qemu-efi-efi.iso
[PASS    ] linuxkit.platforms.qemu.run_efi 44.06s
